76142750
73127232
76099515
74227839
76719194
74977237
72743556
72317417
73454607
77873367
73797120
74512363
73378523
70208768
73923857
73124436
72885100
74983839
74189424
76811371
79584369
73469481
73638122
73335247
73943470
74379371
78663328
73589796
73313074
74395606
73610500
73439973
73168241
73228059
73350174
73579231
74133218
73704654
72792275
74355937
75199488
74001663
73496455
74720654
73982351
73895636
78299658
73784367
74220255
72941749
73224055
77963441
73368383
72471949
73819022
73218574
76192315
76863958
73664224
75161293
73915207
77465638
77872802
74613652
74383256
72826260
73410179
73464172
73837842
73769969
74357436
74820336
74215175
74048859
73754722
74063090
77246655
76816466
74126252
76423412
73788026
73624487
73562515
76181141
73238313
76622975
74041238
76658892
79491411
73461885
74353400
74142271
73106418
77372538
76775754
72627851
72698324
74957898
73715386
75748191
74060142
73164879
73365938
74369567
77093005
73279427
73732733
73472180
73917886
74000344
74186310
72732522
74487142
73125252
74348899
74289271
73866216
73917490
74153678
74235245
73245924
74074545
74480100
74228410
73639895
74241126
74511865
74956249
72721739
73466831
73411285
75004685
73850695
73608339
76531078
77821077
77607808
73686484
74023756
73871239
73280867
73323335
74132578
74363699
73966383
73625935
73780830
74316574
76896375
77960944
73178750
74912654
73632698
73938810
73508285
74640369
73116705
74279692
74399145
78724072
80517232
119984743
156711372
191522799
261828886
326607628
375773394
356999455
350077776
331189094
368036464
326854520
313066519
354361984
334917053
333071023
332547699
317375853
303099538
336736657
298325362
296078264
332968396
309456765
322979586
318011260
295019799
295856209
294313946
275201834
283481814
260827518
269272190
263745959
257571783
236450225
289326594
208485049
255483914
193471934
279991579
166023473
203179847
164388013
145789462
300047017
114295202
147629511
106091842
292707089
122303893
282729380
115917470
74702945
93678740
73786741
296513001
90204312
271558231
134808654
314237894
223265511
406597698
311502026
381969762
504457571
483746017
398368259
383913210
444589444
354413435
387559298
312964501
350500646
445152560
332006353
470018154
356258263
452540325
344753788
401513342
380343864
326461462
278539660
387788136
420805023
337370587
323227166
301676938
296714157
282659296
496161255
245233471
283022184
206932921
400762386
479175708
336456950
285520578
150543970
121339758
287797586
388638109
265734099
90909776
250705073
82067546
227971710
74175932
463261275
209163099
460981605
393931715
324496058
73534191
180256619
160761982
127938440
403595544
216827436
251198371
591682758
370105202
537461783
623848871
383037544
550031982
475436097
400013188
526894036
468569843
389117722
359705958
453278468
410640245
576858837
327050541
374722375
559319405
498431552
322874940
494175074
327677477
431570517
491800481
306515343
424541295
274018769
410555302
254504027
353097588
547185153
320384041
238464654
522327069
450949623
220963181
449076350
364042776
201416982
173790249
437583106
354459682
155696990
330867455
295643939
143501450
491212390
112435498
288241620
401562418
478085971
91816631
262647244
392863248
239858108
235201885
150306022
462340378
309111135
552121247
288222931
528336581
459698075
450588200
438575910
432429903
388142716
390990284
354937044
494419057
549619502
313951114
507688084
468972538
405351022
490014804
444680433
353260507
412098218
391320599
445392318
353612897
307735704
266537873
497190930
454549443
416149192
297237994
472443570
354291751
448250585
388598131
305207006
370532922
248800017
349515210
406193550
237901326
223084298
199878219
466729569
421359405
175125764
435203344
403302949
150873615
402973077
331953159
129036052
413192641
326104956
120121068
415163153
382330658
422195300
434317769
258672522
431368210
392715245
374532269
451562609
379190481
403063863
503069737
389727067
407391327
396774546
342392775
383539125
560719425
321307425
354657180
572577921
315844834
559496910
295292232
406475344
526389672
294406821
412655979
511835126
264988497
402430387
334183413
241919710
515372186
300363467
235669198
524789588
324522726
239447291
500070795
469100679
327654769
452524843
308563460
312533608
282495777
464711184
258944327
347742747
474145535
249984480
443047676
334545489
232113010
400442920
314821303
220238885
402708780
293656042
194598392
286638712
420343977
252728257
237414124
429751701
237833541
225582874
215752306
480531737
419884936
202119367
394400334
181254069
163070010
535769882
138267001
108568102
503562658
476948203
91258599
615610092
456904720
73629959
413778205
616950125
396015420
75111552
598872909
532074954
545940775
453961443
155298721
420905954
566042107
403193914
344092137
562155810
318349779
237940546
532885178
464046315
228395747
372048828
205787090
480875616
329394604
179436179
297827880
157565756
503265579
286254444
132615813
498378702
105477331
281177229
475638787
400853378
251572565
85838239
228080747
73916998
425116326
209263124
75119384
455657793
242098960
78832575
451439511
73425554
377250373
468865858
74070048
74037645
406700061
74027047
488692725
75142087
520714489
520229893
81684498
507174091
490164245
455598391
393604600
74220081
469843415
445044097
74277590
428886307
416068744
75367805
467239071
72677709
466840701
452170553
439657170
331060692
404550326
74949044
408779977
74438260
385227319
376029255
364535335
74159591
76572144
402450043
417162834
391099914
374419740
77624578
335189795
306849199
371878750
74034392
348641104
317521021
71903556
320580924
333942773
75157468
342136217
317122179
295891648
269223183
295416568
143164564
264135767
288334693
242824383
271330000
241518585
231947995
219266603
229576735
196890992
220412913
205709640
166951807
191582643
185330951
164556493
152149471
168926220
145971290
145477754
120268225
148775323
113882264
91279896
135391258
88918435
81409443
107568442
79969344
88818592
74779878
76993671
79086939
73449372
74626231
73125449
72819495
73685497
76277537
73515982
73981404
74173276
101034391
75401048
80422083
73554709
76968308
212212552
74041396
187451580
213691277
185957890
75180410
161219296
224971984
75578517
177292591
144032524
161917809
112339213
75329017
138594333
91150570
73543214
104514865
79877982
91365186
73607958
73751262
79636751
72907550
74633220
72989724
77623280
73485241
74430494
77027453
73956697
73850677
76486716
74232779
73940577
73562083
73837305
73092985
73466969
74622971
74114402
75345516
73986517
74432283
77554170
81785361
77551659
73565902
74555488
76827495
73861566
75621599
78777055
77934079
73942064
74152199
73238518
77462505
74723775
73348461
73166272
73434528
74480932
73634042
74653207
73937354
77941228
74287551
77137262
73470342
73627731
77525780
73266180
73952242
74181240
76714052
73115777
72769262
73432057
73061058
72575512
73692668
73164136
73423687
73541646
76351696
73726296
73844566
73938772
77332434
73460722
74514307
74451666
77390814
79162778
73859041
76333715
73591886
72976479
78440416
74143182
73527924
75855152
73286719
75705072
73102067
77693445
72981758
72998229
74759942
75241180
73362471
74513015
73460307
73866450
74254689
75965502
73034919
75356064
74212461
73543190
73572885
73857377
70117967
73287399
80223163
73451937
75527682
78790414
74382365
73838975
73399728
107423478
73958636
73434083
140488164
77672114
119602769
79249103
96054504
74483771
73705096
79629117
73158700
74238939
73497571
74269326
73535509
73613120
74012004
75444587
73541269
75555861
76002138
73000731
73874275
74087731
74296499
73609065
73522203
72818845
73917629
73531029
73135947
76152036
72937093
72222083
73199009
74359862
72902818
74119302
74741568
73128131
77660320
73288348
73547671
73673799
73220322
73481783
80400190
75137851
73066206
76474384
75365773
77531825
74521037
73181264
76840857
74483703
76119796
73765997
74656318
77911200
73343079
74253124
77723293
73388316
75109339
78693420
73797434
74403665
74332653
73213321
73541738
73887427
73834823
74001919
74055149
72869184
77257578
73384274
73921648
73344185
73437923
77804005
74704834
73753224
74632381
74021532
74065041
74420434
79000853
74267141
74335552
73886746
73606411
77434096
74350404
73937165
74506683
74683039
74250797
73965026
73577242
73327780
76576437
74467842
77122287
74269294
74081511
74911484
74588711
72576358
73873115
73241607
73219425
73367731
73711278
73167775
73801107
73403573
73287226
74442781
75079152
73856324
73553038
75393616
74153507
73597481
73626798
74246392
73428250
73690377
75864088
73125673
73639885
73711914
73505970
78328648
73512178
73969176
74428215
73251991
73385775
74499693
73063279
74127465
73411159
73647223
76784803
75610340
73494533
73994069
74337778
74303659
73870877
73428470
72630051
73706253
74226818
74267685
74272031
73816019
73859168
74261046
74776883
73516052
74556960
74004583
73317217
74714468
74014488
74162932
76094513
74389472
78208906
74232070
74171849
73902833
76731564
77540673
74229573
76003370
76788021
73623962
73166406
74064807
74996663
75753234
73910491
75172317
78258438
75871792
73529467
73386208
74154737
74068316
73829750
73818230
74766428
74068596
75102643
73925398
74593152
75069334
74096751
76521266
74980262
75706586
74721190
74844666
73438072
74311825
74129798
75124880
73941947
73213907
74235300
74106228
74047539
77474286
73822508
74149827
75384209
73385539
77936654
73940517
73822134
74085588
73745898
76665658
74408484
76210427
74186857
74366723
72785413
80156990
73767203
73582530
77264483
73803984
73916768
74446790
78046558
74222824
77530202
77699540
112594278
77977462
75855998
145727604
74385373
75466525
122485897
74017334
97739423
74168820
86540099
72569701
73874177
81237477
73149763
75731999
73695474
74018136
77304198
76657583
75331304
73705364
73081744
73701966
75135000
74137301
74470487
74121691
73753673
74411195
73988329
73108862
74451006
73953691
73997371
80219316
76020592
76207382
75227453
74692383
79740717
79160400
77615574
73834556
74075642
74579790
73905143
75162139
76922358
73579317
77536701
73446508
73760179
77167982
75160390
77546823
75287551
73932550
79988722
76173541
77267401
73329326
77285305
74085842
77425083
75840974
73492068
74075365
78964648
73943451
73992994
73840435
73986279
73721141
73545407
73938557
73510688
74174478
75548410
74418418
74753187
74838728
74186149
74539356
74158471
73585015
74165836
73481443
74607031
75065737
77903321
74621624
76993559
110723442
76949504
76463225
140374302
77803987
116711929
74149631
89613266
73369984
73592396
86324993
74639589
73602573
75627493
73907389
74382812
74000781
75966093
72124253
73712753
73746933
72674585
73644828
74166856
74529262
73522244
74174254
73440701
79847020
73523406
75376579
77551045
74679886
75553038
74669551
75235403
74069569
74337140
73939056
78279431
74306118
76673990
79206984
72984606
73471772
74268187
77371152
77304114
73281868
74195313
73616760
72601318
79090234
73444871
79147417
73354418
73796622
74883532
73011086
77881478
72539861
73478734
73503448
74163791
73332103
73745313
71116115
73359351
74306724
71998925
72433354
73735099
75726412
74986865
74201261
74745576
74131396
74201716
71706260
73752197
73588851
73374637
73373563
73373388
74044884
73669199
74424590
75601143
73270928
74749853
72596558
74014583
75432307
74809580
73858242
73951867
73193693
73824291
73172253
73251593
74740695
73633438
74921407
72999015
73211992
73341384
73255165
74349763
76335825
74633873
73574811
78328167
75360424
74887697
73006015
74374083
73828258
73477443
73702265
73094178
72826974
73856688
73260246
75359188
73276938
74653001
74051534
73924436
77124152
73397098
72767521
74536838
73393991
73270567
77406765
77842153
73322438
73911271
74961144
77905886
73593470
73370778
73083821
76059426
77645868
73685067
74450719
72028201
77690704
73380217
73418194
102702526
73949689
87697785
73532273
74114019
78410967
72939024
74326855
72100434
73733825
74597978
76358456
72997706
73470863
78238389
79096903
86427596
85890234
77127721
77856475
77319424
74241411
77147086
74773006
77577986
73638559
72859804
74580077
72937303
78210180
73797271
76183191
73419388
73499484
73408862
74091075
74185204
73858168
73014233
74127750
73444938
72986789
74094103
76092863
73913140
74153880
73130737
73721256
78584357
90142159
136945194
174982718
191506143
210928345
198595979
195832368
164120958
167257689
305979489
150824199
149267594
125718324
289855851
128428728
108531479
284679604
109589250
87788045
89083641
75048684
317261892
75914666
308710941
76190539
256918407
73157560
240591477
74273341
73008413
222786049
180032825
111077133
74016264
150775621
144521593
108391220
73446231
123374326
88010727
74092053
97929753
79613287
76180091
74257330
74765255
74650840
72868422
73202292
113953769
73492096
143469146
74035586
207202122
105678973
227289238
210918401
172497990
231378500
158642490
215075289
193791860
137875074
196630990
183102162
103563526
165443295
156470070
83353035
143001661
140313181
76589321
122294389
122218982
98874613
95037546
76778999
85128335
81563345
74033421
75151646
73878521
73491452
74328446
74076418
73662999
79139010
73734672
76776315
111551691
75579641
76785916
140015420
72721026
116854650
74266352
93794008
75414605
81289380
87780318
73656543
76810618
186491234
80280749
215380229
200005041
169078282
229465925
204247318
155435467
194061311
171253275
130214583
99064567
154705972
237322362
127723432
88257150
214537180
107005144
78619796
191216009
86341752
164625084
76968111
73453953
146604715
74624743
122550858
75961298
72840472
99436682
74416102
83395935
80891069
75624554
73461106
73669550
73818863
73867132
74613523
74812179
74238290
74463735
73408288
76837158
76800195
73750570
73619421
73235344
143226231
131036273
73155740
239761612
138092695
239597453
229029355
236109913
208562008
217814783
199671692
237989234
201540690
165174287
219872752
179190224
150257676
198331660
154236519
130802168
166323507
137996584
110363588
152671148
119924615
89982580
129843650
96250405
81111502
112475053
82269005
88474182
80026653
75122017
73629526
74495790
75007497
77853654
74113927
79137708
75334117
82030653
75243628
75196474
73021560
73583801
74809560
95793464
81768746
73467048
74052013
171081720
198645570
80519103
201041244
164123481
210832040
176019487
158781857
187630208
161926167
145483744
142618555
210587181
124944099
165438297
119175906
102645671
101271952
152804299
84766008
82970415
138369639
73608004
73430385
121412796
74217227
108991674
73293543
96797889
75612592
77310778
78820974
72344101
72776433
73637978
72931316
74691715
73873723
77242169
73626490
76740177
72864803
73881763
73556291
73012496
84157739
78890586
96211906
83134834
73391104
80253549
195234055
209519681
212703973
172190417
230542884
183590292
207754735
172470247
184057614
147789715
172430911
127038058
253036993
110480341
173374476
234773171
88709939
163359714
210282972
73729502
152533996
211885655
170861077
124239906
75976935
97165536
154339902
73654784
84137356
140090469
78695762
115543496
77286590
92423762
80824857
73885921
79985070
74205296
74639054
76685381
73715376
74124271
78246204
77362172
73012428
74690740
81136949
75635633
121507880
74025281
166324371
77441415
235405641
81633491
251177804
77266590
263015790
237541285
235695808
73118735
204691918
218208687
190103218
73307090
200199598
162553117
74771524
169980214
152782040
155551342
73689005
130646105
143249452
108665799
73174474
123435930
100727615
74239559
101274530
84220327
83224495
73783757
74384380
73875199
72569339
73041326
74613509
72795834
73612965
73920101
73870596
75344079
74515360
72964400
75801692
74463736
80769432
74398538
75246392
76627769
84182749
73886899
194526058
75980600
73477469
79360296
202314920
164500963
73818869
73871595
160806773
78455278
73484304
144214911
73244723
73805297
124522771
77324660
99825059
72878265
84272536
74395662
74766106
74770606
73261194
74291008
73049283
73644703
74050538
73570132
74074042
74559424
76625872
73258227
74206986
73892121
74661760
73762372
77520580
73568031
111523047
75046484
77023303
75562130
171851201
205408372
75505908
199255941
173871826
229050532
78172549
152171976
199083625
170433201
74020273
128327931
156781444
111379519
75355500
93355471
143629100
73378741
120488764
83933586
74088838
99964436
77047638
86030169
74026884
72939520
74298679
72888946
73874908
75393939
73478777
73649809
78428608
73083383
74936249
73511829
74467178
74181144
73945717
73872406
74405348
74215712
77056390
74105063
73173193
73985386
75363596
80884851
74524435
73881470
76982957
73298787
74295266
74286160
76365811
77113639
73818546
76180895
77231475
73533706
73909268
74757691
73410732
74609810
73881069
73950892
72995485
74113856
74541420
73774904
74273341
74203297
73243166
73709932
75269826
74382163
74913819
75179240
74038130
73901574
72925514
73749695
74413379
74763254
73408035
76113578
74361497
75017460
73080045
74601261
73722630
73815028
73944652
72897498
73994938
76976288
73758771
73706595
76895116
74005944
73891825
73900037
73063005
83208330
74464397
73851665
73942353
73476356
73160011
73344407
74570427
74616291
74984625
74692781
73016286
78519571
76770396
74786018
74445723
75522836
72828852
74531065
74411841
74935314
75148461
74335153
74075659
72752030
74381086
74491694
76059343
77096164
73299986
73606566
75331045
73932950
74576548
73622926
73129513
73777872
73627082
73775857
73933913
74067443
73669377
77163452
73951616
78116729
76603231
75702439
74060157
74451903
74367877
73750631
75040123
74387068
73731083
73407806
73631441
74707810
76226035
76843494
73322847
74207264
74203594
97605760
75545806
72947857
84032922
73924813
74345923
78991953
75557099
74921538
74101175
73714086
77135181
73796071
74713144
73263693
74069612
74001268
73862907
73917748
74781734
74136967
73714863
77776065
73579316
73801645
73924351
72998946
72594847
73579787
77846241
73826160
73830969
74381722
73163681
75172428
77119938
73113911
76437261
74785210
72815227
74552633
73839487
73481135
73985035
69923525
74291458
74436975
73977536
86037694
73287951
77306963
73056798
72889419
79052079
82910178
73656491
75640029
73938176
75746809
75284154
73266302
73395894
75210056
73495217
77284821
74135578
73927922
74169372
77714653
73412377
78968197
73478525
73654061
73445787
73296537
73482932
74230278
73313277
77257105
74089967
73302948
74050592
73183846
73597298
73553976
72813429
73521827
73859847
74470079
74022954
75320588
78606813
73708411
73813632
74594974
73985854
73546120
74658249
74026979
73483863
73816617
73384712
75393442
78022281
73108498
74054848
76460588
72745991
75340368
74183975
73823287
73278012
78330968
73395566
73472296
75305861
73302850
73565473
75076541
72950029
74101728
75129741
73309306
74017657
73913112
73260468
74032606
74537254
72893086
76565319
73745167
74233086
80555094
73225955
72637401
73144345
74387527
77003744
73462006
73439037
72710199
73129511
73030616
72843005
73638200
72603995
73297080
73119094
77013642
74290040
76507850
73816542
73740135
73541900
74244438
72838651
73210620
74018165
72570364
73249646
75399193
74051820
74341783
74199768
71266080
75140625
73552830
74925741
73760375
73788236
72744788
73553671
73099650
70078173
73119446
74204822
72693827
74148394
73646958
73526081
73164309
73549542
74418668
73344007
76865236
73159966
72749249
76321503
73016376
73494873
73100696
72479076
73306911
75899929
73345253
75687008
73744334
73531882
87077345
89441842
91273725
91744058
73891067
80205066
82726638
72417845
73753879
74198329
74021720
73546022
74731236
73670049
75073658
74174533
73129964
74465582
73834343
76584223
77329399
74690125
73500054
73369231
73875902
78052110
73684491
74293932
73657301
73385980
73904382
74150468
73256881
73313707
73803766
73135417
78205809
73086064
75139108
73240033
74182477
73313706
73413618
73721011
75774805
74019441
73572060
73780670
74399940
73939065
76411764
76461142
73916256
74225727
74776097
74211282
73893348
78551257
73644517
73831937
73781311
74293848
78666404
73857274
73067461
73537815
74137040
77549312
75045417
74250781
73321481
73437735
74832818
81312644
74003399
73227854
74515040
72762328
78271828
73765821
73642287
73241738
73343877
74095517
75068130
74375191
75987120
79848258
79469118
74479686
73870745
73817126
74103942
73229329
76406140
73620339
76328067
74739613
76291042
77310390
75612834
73885257
73968233
72782411
74237838
75712255
72933933
77327921
76366150
72960868
73304164
75944053
74339611
73883644
76245410
73499809
73562749
74085040
73847752
74481888
73579503
72801969
73138798
77369609
73989032
73714668
73060886
73123952
72718610
74306494
73754399
74079946
73312312
74420137
72615185
73507119
72977047
72089055
73332410
73779286
76825678
74337284
73767195
76106595
73702080
73233587
74286690
73972215
74099104
76162106
74942267
76969312
72826749
72915385
80996599
72323049
72550323
73798349
72984538
73247090
76025223
73153948
73841761
73825081
73132469
78687227
78038506
73565558
74393980
74034919
74728758
75730216
74954205
74319215
74292067
74627014
73940647
74184667
73838710
74204748
75452373
74271282
75825243
76855940
73811224
74182878
73214685
72987904
73940351
75082660
98617122
76627780
85232348
75699622
74071260
75203876
77141462
73138063
74626421
73169781
73624125
73712996
73309041
73998678
73265765
73730430
74294096
77848269
72671927
77694286
76912026
74051375
74267301
73069653
75887190
76985710
76145735
76157373
74289617
74146906
73718979
73071136
75666834
73637839
73773928
74402530
73220453
73646982
73618282
73736555
74470605
74041261
73708148
76840963
74807827
73279274
76522755
74261520
77168661
73534469
73933070
76520520
74920970
75674399
74354112
73516178
72871661
74180562
75466777
78682964
75831109
73510538
73589641
73551473
77028062
74184641
73801765
73876919
76003773
74054128
73924514
73591153
73435789
73525217
73594731
76696074
73374346
80395451
74231654
73346401
73602600
73768232
73492771
73138860
74165774
77747578
74361171
74272445
73339123
74150201
78116290
73794109
74202551
73532676
74064077
76507512
75182538
73528528
73417181
73680289
75127600
77230438
73622826
75165794
77187676
76954370
73647502
73503329
73756898
73521951
76168762
75850373
73919273
73250239
72856654
74052699
74041019
74533544
73017625
73613272
73202390
73943152
73798538
72942876
74130193
77801907
73955079
75625493
73145763
72631443
73640690
74143204
77279004
77421033
75885643
74066182
78831325
73872948
77015793
72912369
74641207
73853660
73719358
76145463
73234514
74030024
77967987
73530793
74277196
73779977
73535350
73713816
73716395
74756033
73553278
73985176
76393056
74168652
74246046
72750954
76333243
73906776
73599393
73357003
74779716
73021581
73743835
73571426
72481189
73890917
73686650
72991399
73472687
78010549
77566765
74224489
74015338
73433369
78944360
80293936
122544424
154562865
180991824
199234648
215087964
201788717
185925061
172662311
162648873
160992295
163453769
144549122
142246281
130862481
118663598
116428880
112674948
103764441
96707407
96785400
89381567
83341169
82900786
80340135
73580317
73356818
74039032
72890076
73997328
74583521
75960366
74029614
73685904
73961256
73030145
74863238
73804058
73721533
74532786
73407563
75404686
74086529
74536730
74248301
74604716
73490316
73721299
73637979
73723113
82845650
135887543
154986207
185546925
217554547
214097797
196477992
198738702
156946825
196123488
171406139
149281278
172216431
156596773
121577059
152992838
137231262
98487752
128904116
106832670
99061363
81390488
87448066
88657599
73726625
73462882
76520551
75738706
77919153
79375361
73244038
74346830
72970344
73683906
74154354
72936249
73562158
73721054
74696875
75645834
74399018
73092788
73857972
74514065
74257647
74094820
77708735
73400687
74004880
85446984
81321362
168537151
184140045
186595972
205710549
203868893
172009436
201814440
165612698
163288001
163179321
157142882
155351342
141291485
133881632
132470181
120778251
114847623
111586857
94420460
88939901
98412960
79585872
75102167
78882997
76493585
76432485
73557197
73738725
76612355
74179619
74120400
77840773
73916861
73931715
75799432
73192726
73984266
74192138
72849494
73600418
73835932
77771664
77854047
74002349
73032658
74658342
73870945
73422009
103148978
147925614
171105700
221384839
236539242
245351709
222680518
232197167
199864762
233702503
207439174
175254889
208455034
190713823
157587001
196759090
168401741
164165220
145783129
158735143
132103981
157163837
142581907
111185209
142085863
137156252
90758223
120567746
118879927
96850276
79265541
99538358
84304405
76761300
86304131
76381879
73667852
76712020
74143718
73269668
73913914
73133439
74376725
76912689
74521020
107118257
74744917
72975440
136367578
82020654
81636744
154869833
175117666
192257085
256210663
212522207
242712749
217201418
173016682
221198077
180976301
164517446
200371710
167418755
148077309
176232882
148598722
118446948
159728841
111220849
98185821
131928679
84746233
94692493
80019611
76168653
75604061
75550271
73887959
74605829
74197481
73431393
73118271
74345685
74907671
73727425
76241508
73636990
74858409
76410289
75959527
73505413
76614427
74137483
77340277
74163082
73131042
74582794
75959550
77585724
129224596
156400397
147131966
204440136
223671409
188982595
212458904
203519461
182136704
159995934
175171993
159339784
139003504
99996305
153984256
130774794
94380160
121048070
81157517
102340445
81921790
74319275
86447455
74446552
74716374
73925724
73798158
73673284
73276228
73962269
74419958
75435208
73987283
74644824
74642723
73638137
77524543
74356762
73766408
74476868
73638394
76763275
73413303
73437111
74793251
75476019
73810191
74179113
80798600
80803351
82997983
198494537
196108678
204289298
240346010
251281305
247646998
225069982
226901800
200094106
226993742
192963424
193958191
172757733
185144255
153460910
181385468
150896175
128742761
153839409
127548858
95877180
125692077
103766513
97888318
79180768
82809289
85984590
77355175
73176683
72749530
73433044
73188594
75548281
76269313
73239633
74439253
82964243
73109882
76228533
73384177
75233090
74142247
73478486
77215571
73846583
73542505
73887165
74304672
81389695
80030665
78072333
76868872
73225857
74924400
73743565
73416954
72806975
74183756
73822758
74388915
73095978
73822819
76136378
76735874
75001776
73775463
73904983
74244475
73527445
80291116
75675036
73769887
73667469
74394280
76937238
73884130
73894984
73405517
73724134
73665284
73298541
73811214
74108122
73204423
73863439
77676936
73917871
73656412
73385474
77478687
130575337
122817566
119290629
209649500
215869008
212501524
201261318
209398835
169734504
206836857
181614639
176543837
175010291
165625958
160687759
162427734
148715526
144005628
146580928
128719172
113630291
127040358
106397581
89473586
102671317
85577533
80812240
83411588
76793370
74199636
73999454
73550212
74524930
74326807
73741473
73715477
73562723
80251897
74282598
72769008
73549166
76672593
74691240
74400531
73648310
73099123
74535728
75227649
72824434
73953560
71596192
74564950
76324009
76249011
74114726
75245566
71451204
74406924
77321960
75298026
73253922
74437390
73695095
77424941
74552255
74839338
72561568
74848643
78139431
74376657
72871127
74010378
74834279
74466122
72596878
72558319
73462255
72117309
73223349
78023082
71394569
73655156
74264354
72698266
72905191
86504466
73060341
72796418
74054272
74006419
73478925
73129476
72654460
78161880
74573194
72277134
74268184
74129441
73883248
73950747
74182138
72947361
74867938
74197450
72842837
77521090
74388335
72148550
73321859
73646829
78132322
77604635
73939839
72926469
73124459
75321360
72713215
76438938
77170812
74730612
74067949
77612080
72219089
74056010
73932724
73153388
73438635
74419171
73932100
74058788
74819161
72972729
73787128
74002860
72524961
73927411
74123367
73872142
73649480
74574297
76988548
74318773
74435785
73441088
75585268
77596234
74024462
77489628
73921045
75036715
73377672
76974070
76922032
73279813
73480664
74343948
74032510
86470438
75150522
74688450
75984005
73242534
73988942
78620809
75700102
73757971
73989250
76807522
74154674
74356195
73740506
74081211
78143679
72248015
73867139
73320366
75276654
73615275
74467262
73942380
74117494
74852084
72506774
73601003
77923915
76639578
73579815
72863661
73867486
77377701
75576489
74173224
74281909
74629047
81086462
72840954
72684872
74085768
75996937
74160411
74006022
73109823
73207138
73587159
73387110
76746216
72760867
73190714
73739344
73417753
77650332
77224342
75724273
75780952
76309005
73360760
73160089
73879612
73726195
74744576
73628335
72558165
73802881
77678705
75047657
74919595
73301728
74617148
74269912
74118758
74008164
74548770
73824488
73545408
72423113
75462744
73632088
77604179
73530539
74551551
74389489
74407521
73222144
74096280
74633768
72851234
76118482
73673885
71159601
77797127
77249594
73217455
73816808
71954918
73615543
73149788
71967780
74318819
72576217
71830342
71381415
72678473
73011420
73429497
74743193
74280235
73573258
72269675
72910440
73489598
72633568
74003360
71862446
72671242
73376624
75603318
76098298
76229831
75912210
77401916
74756736
77744473
72108598
72086673
73333822
73392500
74549744
77259854
73420334
72590001
77692696
73766327
76108820
73472967
73119672
73401273
74390321
73699889
79067498
73257449
73601524
72687663
76707624
73759042
72710138
72294836
76688731
73187899
74195217
73492564
72852185
73626297
74041565
72496902
73283691
73763750
72730689
76961537
77700039
73413481
73062844
73570108
74446016
89085822
78892278
91447270
86276641
72489511
80999139
74614895
73815939
72859674
73038784
77541947
73911636
73520725
74621505
73072302
74178395
75321993
72969518
73212944
73690390
73952342
73779050
73752457
72561417
73427205
78028541
72101625
73670764
75541960
73315176
73716347
73677314
72067590
73805925
75768235
76545834
76180209
73473530
74980946
72919385
74001335
78342741
72751938
73187101
73731985
71499156
74407900
74827628
74929869
73091874
72390296
72485175
79827339
72995394
73293884
73423487
72825721
73315198
72526943
72413833
72212872
74083615
74567738
73034723
73866948
74321839
72655906
73897438
72688419
74897849
76894160
73883264
72798400
74770920
74546879
72138243
73178240
74250100
74349862
72766882
72108446
73891563
72755866
72359374
72772196
74092637
74778675
73165145
73632274
76143759
73625730
74947782
73839001
76021497
75807418
73876854
72683811
77578974
74401109
73968101
75060479
72511463
74225198
74034939
73005963
72871009
72979989
73169427
72903047
72940772
72651387
76391488
74012049
74105279
74238585
74395839
73631656
73337932
73454612
73207970
75039001
74214384
74331789
86872848
78174212
74959736
76095271
72563399
76767382
78395446
92110384
77161648
76273139
81997591
76425886
72476301
74456683
72229146
72725328
76548129
73789684
76674141
74799594
73898964
74709285
73046247
73941027
74955853
74740083
73601670
73497321
71077952
73611890
72871123
77605875
76688583
76648615
75185922
73963052
74047025
73661514
76433397
77406942
73227603
76424255
77098382
74546847
74924506
72039086
73379491
78805568
73837533
77019199
74949727
73774771
73960729
74114949
73343103
74491184
73550609
74373965
77904192
76262140
73825573
75647323
74503477
76212986
75364049
75643305
76009854
74722708
75046312
79207066
73328117
78594119
73969574
73551718
74400651
74309912
81655713
73507672
77356739
73019542
73743503
74203907
74426716
74273311
77271134
74026256
78137707
76420023
74947457
76874716
73797221
73080469
73692657
74864677
74800102
74429996
74228925
74036823
73304931
74070248
77645061
78593409
76431906
87336298
73312040
74593212
72904435
74081240
74172988
72111410
72986402
73979938
75357727
73608478
73312381
73396798
74391584
73476469
73768432
74659799
73614849
76957048
75884379
74240371
71984752
73945141
76721951
75597919
74453659
73129800
72421163
77265155
74198575
73491302
73440630
73257868
73579599
74266047
78769028
74895293
73838529
73746161
87220446
73426239
72934524
77640165
76273563
73636454
73394045
73698091
72566341
72293364
74370172
74948218
74111501
72564261
72722869
74433110
74250751
73115627
73850090
75138278
74222924
72844755
74265155
74609754
72746437
73983237
76817676
73419965
73825595
73730936
73195815
76675500
74015000
74886797
73813464
72905171
75000693
77616603
73202881
73592171
74813217
74180357
77683310
73960392
73146831
75204790
73581625
73601967
74832928
73991369
73944004
70723839
74337392
73948218
74087239
76030160
77363565
73479045
74412540
77031255
74059099
74663163
74164105
77513319
73345640
73386001
74739059
74450717
79988460
73938158
75447715
73779575
78911109
78746359
73691293
78242980
74612284
73871826
75069963
74078100
73572363
74198058
74168842
73875969
78282093
73885230
74071968
76145479
75376106
73116983
72893113
73558610
74028597
73815279
92703029
74078628
73711299
81083880
73380886
74860270
73323667
74819958
74398243
73681459
73271790
72643602
74374669
73481214
73964345
74441439
77756827
74187278
72875423
72901783
73385074
76728620
73537014
72564563
74417482
78681352
72851550
74379064
74384407
73457250
73490437
73482394
78703740
73953263
73823832
77231814
73571408
76525784
75152452
74130540
74009071
73198774
74161756
74294761
73879092
78430995
73022413
74435612
73620627
72703247
72927197
73964328
72977832
74045922
72868070
75677980
73836617
75603960
76059704
74171444
74068940
74763230
73226710
77038171
72811195
77705521
81111502
97298688
164483375
186883635
171595226
204122264
164580714
167031097
143093945
157072856
122811582
290881136
138024448
98953577
288987149
118933023
83258288
275124125
91029971
73290573
263116276
78314776
73470090
264516939
76962719
244732056
78740160
71752129
227609977
74827543
74623366
222444170
79582712
74913812
206252172
75046443
179775638
73368401
164668438
74276543
72954523
149310676
73191055
74286904
124651660
73709416
110691047
72549196
86810415
113196091
105639165
87654604
79176442
207739683
193661147
222077718
182055217
253370908
147731138
142726205
247385359
244808093
123154748
94189526
236138734
219288774
81595389
221734593
202922235
73867217
176415838
203744944
172807241
161607931
77375297
160276755
142188598
74613463
116211483
142696558
113811469
95565482
73455801
87132831
78794631
71959902
75811270
73474276
73947957
73493089
73307441
72647092
78067666
74851203
72709252
74895181
73859578
72797926
79383969
73593404
78326074
155629128
169684929
73654633
196944847
186947480
159377713
114350923
152201023
145970139
141779259
125246924
119549221
100376118
95751993
222466606
89306324
80453850
230940226
78542799
77020069
218995320
74016286
184989444
72555766
169716814
74980478
73764389
144212363
73193774
73880744
127822314
77972729
103863425
76633093
85912289
73371455
72236438
76140334
75030504
73827344
73292887
73717594
74821368
77217778
75925622
77209697
73230526
74502049
122648938
160834694
75079033
76316305
226472212
252639308
202920549
172554869
178935311
162032591
375683081
147458737
232721364
129037537
382001826
211698277
113836713
364596473
184333763
315919555
92381492
174796346
331461422
98062457
166242402
100579687
337310749
161523194
87394964
313219814
155144768
258640219
78296818
151453864
218976048
74644832
126886146
190325789
101863702
165874297
74814572
85309109
152049026
73972597
74181207
134146467
77394683
103997790
73942747
87835339
73571897
76690696
172770077
73540605
73066552
78023042
72763841
212792192
174265868
161648136
150156334
169792028
151192477
134057037
220818026
115621594
199120404
97867465
166666927
87385537
151564870
349490015
73888881
131184702
96601775
371528503
76961631
76235860
370071139
75372901
333982553
72770990
74784903
324094448
74352458
73534615
325853749
72703041
78466993
317135407
74167922
281116095
75664767
257449398
74314847
250836554
94686245
80795760
230369125
74160749
214785166
190936576
74434943
202623151
161216690
82244685
154692211
208814497
130780843
189041786
105301001
168247576
176626915
84996536
147358416
81227233
126689135
110566428
250822876
88566093
229910806
80082461
199103216
206325337
74563478
206651725
160825074
74142389
156196026
73562890
128657761
102520684
375490714
74864405
86777927
73177057
394867155
77398663
75042967
388308871
74309189
378335519
78448338
321650258
74683205
301608454
72047281
300452163
77265952
281858481
187182661
237264492
74070535
225775148
73497585
212618914
271903445
192477437
82154726
253940004
168911868
226905619
73448456
150759626
218662873
73634970
139046340
202329621
119034251
74297531
172317327
94531848
159342324
76362951
83017013
146894654
74271210
126606074
83433628
97830596
75810355
78490932
126733230
172790682
143491491
74579791
136597844
76234578
106309087
87711785
75784559
82110015
74892324
349481477
73807996
74341892
367764871
81478817
362500065
76471510
329523937
154846003
319937106
75067406
74656419
323525789
222350486
190837680
317787824
78214228
274305405
164474649
73551330
243289002
147896101
238194054
123359159
74026681
96321057
217626816
73112280
192118351
87318773
73838256
175484183
76978706
156908927
75299014
73739350
140604098
74790176
74134027
122936317
74254095
103054296
74705980
86024003
76959426
73588208
74404005
73750875
118794365
81717392
73653613
74895966
74844742
75945902
204235485
76698072
199453672
74363696
163722989
75342953
75287227
143190719
74483465
111749450
72991725
86820124
73845785
74287572
77813267
74225894
74177699
73939923
78398369
74229279
73896574
73591391
73582555
75016242
75344485
75662174
74582393
78330746
74241420
74093215
74939396
74829749
76683889
74266551
73772104
73747349
144099710
74068097
75534527
74562877
75360600
219885913
76515767
74838856
196743975
73367807
169225331
75926065
152690582
74427534
75950597
133465637
73793037
102338019
74003593
92286231
74913677
75111059
81193005
73333725
74529334
78425714
74690470
74468912
75447895
73251538
74045120
76154935
73624192
74974394
73545479
75731014
74254959
76365526
73656546
74356457
74147469
75603290
74358145
75796864
74797284
76782076
76045870
73395871
75204479
73888709
74201658
73842428
74216357
78132494
74182193
73437688
73804224
77252036
74216886
74799215
74020070
74836492
74402424
74648717
77649395
74460805
76376101
75512786
75000245
82702269
75693056
73906714
75483396
76099546
73646196
106688428
73869684
78949826
130864793
74399204
116171599
74725953
93301898
74154789
73286799
79731799
73309874
72811021
76210415
74144946
72955659
74518272
73881046
73287732
74775210
73499581
73432405
74304604
73101272
74439466
73799987
74824941
73028334
75436497
78779033
74859528
73982271
73524019
72123015
77413718
73743559
72328155
75866796
73580465
73066443
74002042
74514442
74253070
75309596
74338493
78468373
73765413
77469690
74144993
75006701
74354515
73215274
73361874
77104773
73367350
72371160
108393879
73763065
71606836
142494133
73399123
122428130
76276810
99909545
78690371
76509390
81593535
74322363
72975509
74966138
77893002
73734160
79192805
73751992
73752441
73804360
71911074
77334205
72718020
73236260
72465125
73187594
74521291
73893617
73348757
73860801
73835021
74000452
77558238
73299470
74806590
74665489
72558420
74241234
74288866
73380001
76835303
75173747
73626143
74321361
72234917
74734477
74615996
73808124
76989224
73828983
72631565
73430855
74862565
78782850
71939737
75752110
77137019
73705045
77991386
73605683
72147028
76524799
73950511
76262670
73871088
73887776
72665363
76438043
75542205
74535138
73746935
78323835
74205183
73891632
81505476
73390875
73213996
78803928
73888556
73693151
76131696
74128805
77262202
74043292
75236200
74228505
75142626
74042917
73261358
73660060
77374410
73424766
74795893
73212939
85504173
85890410
88927559
90605453
74993192
79335592
76337771
73923466
73702250
76971471
78110775
78884825
80813897
85341027
84036603
74387771
75174210
91974359
74183215
73594819
76618388
74056699
73993910
77942887
73665391
75048916
75671534
74069068
74146782
74724599
74252717
73616104
73368965
75494306
73904482
74384135
73451937
74269680
77247886
73864541
73124269
75281799
75059831
79810715
86573258
88351705
89075008
74810191
77619944
79514254
74728984
74373834
74245304
78193815
73759600
75119195
73793391
75327038
73851149
74197080
73260143
73740451
74274512
73557238
77746439
74613933
76274173
75509775
74499962
74035354
73318032
74360560
74559109
73967022
74611589
73581782
75124763
74497846
76860669
74283513
77253619
73538051
73303251
77180733
73909871
75071286
77050535
73757015
74270314
74624579
77918947
76431389
74503636
74600902
74088699
77954445
74480026
74238066
73813822
73608966
72889838
74321926
73494393
73158780
74238454
76201098
74238868
76544038
73184755
73220807
74636550
74587749
73337824
73463199
73451547
75254668
74971153
76311948
77778345
75179829
74196772
74752326
74496437
74215246
78735788
74916592
73815543
73995371
73891231
73901729
73826750
111934130
77640669
73767496
137991987
73059500
114606116
74108829
73488073
100496927
74696460
83404950
73430456
76467055
75137832
73330195
75685123
75263527
73987356
78135510
73896525
76930907
75754652
74860397
73405843
74546662
74014683
74146854
73997977
75106103
73795605
73957960
73422509
72887789
74015261
73186614
73185572
74092930
73778802
73352661
74704616
74055590
74470892
73587273
73832241
80008239
73985611
72878535
73205805
76044254
76864222
77237094
76670534
75884404
77256891
77171382
74143982
73249852
73258175
73161427
72965900
78103857
74659163
74355949
74064351
74590536
74390366
73852359
73407477
73768239
73571604
79640270
74374048
75675561
74860656
75552946
78037214
72742458
74261330
73754457
74124516
73805791
74848401
76200738
74516528
74747089
74151952
77354840
73253115
72978208
73581713
72959727
77850156
75088949
75148425
73149004
74018197
73923052
75042964
75001999
75142113
72838450
75749432
77707778
75932402
77227493
74456448
72001723
74657271
72940321
73404748
73258333
75705959
76375891
74245127
77625845
73102927
73234515
73383775
73782503
74087282
74494217
75538049
73961613
72542878
91510991
77844889
75384660
76379051
77585445
72569061
71934361
73734058
73094593
77002149
73451863
73196880
72765324
72958900
73195386
73097846
73636123
74365262
74550603
73594739
72960301
76325262
73111828
77897731
72766333
73457867
74049722
73601674
73146251
73477162
77452190
75822533
74854061
71618760
74390264
73637886
72935814
72904896
74163738
75526365
74800597
78777337
74549257
73892364
74933896
73132578
74218282
76842527
74848534
76285931
74385873
74286454
73307608
73568173
77208263
72809755
73563376
73005976
75406257
74286631
74168056
74028066
74664155
73883758
74133849
77783459
74685466
73625649
72944855
73872534
74003567
76617716
74961226
77414869
73473140
74648255
76254801
72650076
74176953
76254887
76742491
73752685
73432986
73437783
74253881
75535834
74674485
74159921
73835158
74555848
74456193
77349402
73820585
76771009
77706060
72685578
76568604
75066715
78217661
74154174
73994212
76438144
74161187
74172067
72912192
73191790
74757223
76459551
77177578
75381625
79058908
73230806
74338304
73045894
73599859
73405680
73295265
73828250
72744000
73626571
73296386
79610889
88115804
86567785
88649575
73337439
74676678
76031076
73513908
73949371
72553141
73824924
76564236
76196932
73356462
73163264
76287310
81446935
76679412
72663820
72930391
74195996
74142344
73671779
73266531
73204526
72592001
77769456
78965497
72756144
73499598
74976387
73583822
74382763
74260030
74560753
74876698
77807390
73604127
73572995
73916580
72727292
73641866
74627210
74147744
74351304
78538660
73326178
73612310
73788036
74005535
74639646
73947021
73892580
77643882
73342328
72984375
76376058
73634768
76824335
73526867
74028581
73114942
73417436
74187484
73637885
74319278
72526243
73560047
73650326
77387739
73347627
73333889
74701800
73979610
78785658
78124365
73242294
73267707
74396132
78056025
73620852
77165087
73687186
72802307
78142212
73639186
73309409
73172174
73111546
72852708
73459190
76583590
77176556
73524366
74032888
77659426
74225989
75035658
73966261
73021533
77766381
73777920
75635471
75963041
76352575
74057789
74126912
73666898
73565111
72815869
73415884
76835650
73319079
75101191
72723434
72838826
73484764
74025714
73662327
73490575
71785667
73801679
74316435
73543885
72830431
74297478
76237078
73134705
73397442
73540615
74598806
80232167
78408347
80834376
77787418
111748257
189820675
178912411
176452348
164764970
187926348
213493215
154141740
177957731
138893207
135880162
160835475
116212006
115150569
93245307
142613283
87517267
117724455
83388691
90772574
73425121
72846276
76640654
76632223
73478258
73560048
74101823
73080437
73882801
73502488
75815611
74454809
72972519
73687154
72896651
73116034
73449959
73544216
82440343
73169821
73689561
77485989
73982258
73304814
77054488
74225245
73246359
73268251
75999518
98299725
154644144
159185983
204083128
219396997
209083952
211300565
198489987
178030530
184627703
177055457
173307598
168684730
160628343
154358635
148189179
140898943
129191313
113063722
100016702
94780095
87045901
76075312
75487444
73683468
75634000
74111034
73725522
76182965
72271427
73480794
73315761
73411152
73739262
73192267
74752783
73729131
78032192
73731277
73134872
74146834
77719949
76974078
74089251
76148647
73305535
76179181
74043948
73037112
81355012
92205950
152434687
179272152
199498919
226515003
213341650
211126259
167639724
205468465
171290079
179789750
159008549
154726424
157141407
140399537
135987448
113345049
142406238
118251863
90443650
119106091
94948304
91456373
75372403
76549181
77217909
76458820
73499553
77068879
77909729
74673790
73797940
76312370
74793245
77994406
74275877
74706734
72980402
72375272
74316747
75119083
75384686
73022834
73899076
74004317
77135860
73107301
76576100
73932090
81301737
132038832
152554392
203894005
226618337
227051813
239146011
226849867
213293840
220150523
182399609
210195069
134263133
198252718
199103741
73405861
203449769
194491694
74801895
201489023
186510178
176141418
72582507
170704965
164209407
151668402
74668027
153074161
136031440
73181829
134633523
116775275
113465824
73414916
97635704
89875976
84529722
72270837
82209045
75659671
77308650
74785957
73258527
75353064
72334036
73496690
72258729
76693920
73843941
72822650
73283115
93325596
138611202
162468815
205454017
213540859
227578895
211031468
189334580
180411703
207932379
163613391
187798758
171470923
153012079
167328814
154601618
142166524
107301264
156537842
140030041
106147180
81741974
144001506
103421380
86059637
77785626
84355917
73292269
72633418
74580814
74377159
76057516
73774875
73570743
74434545
73668483
73308569
76394346
74895312
72174889
73359227
73950776
74129051
73153483
73280610
74626162
73240862
74308640
77427002
79716917
81364308
164628139
192327649
188486838
234862395
219906090
224677636
181918348
216482070
194237457
186058258
170573338
178597150
165544814
152533370
156458394
150883168
136014445
147493910
108128832
143341662
105695844
73939837
75752323
163650047
162760596
75395497
77117835
155554366
72405436
116655783
74399647
88086860
75659962
74049356
77912822
76346025
73825467
73250949
72583254
75355590
74558023
76041240
76706991
73258379
72940242
75512601
78538017
78666501
74036052
93268091
166660509
159564055
218480244
243697370
263987707
243244378
224254769
242111167
220408444
201933163
214080702
197488265
197879219
177649683
222459999
175310744
159822516
192391199
162517868
164739986
144086302
144403373
120574036
152619256
126208179
99278517
141036884
108986867
85690876
117104318
90441932
93241157
76004715
75296591
81103499
73422933
73820548
74387638
78772004
74234445
77061092
74863018
73728421
78293652
76606719
77192936
75595885
74078198
74752858
74183753
74424714
80731864
83091501
74590834
73808132
74001563
73374554
74423404
76121924
74381447
75250490
77733255
79145797
74728603
74142936
74157994
75170390
75024239
73596833
86418058
88520833
95488865
89247722
74466772
79319731
74885803
74670173
74445540
75101373
74607053
74215984
73968058
75827212
75373970
79608830
76026593
75686759
74403476
73832845
80449185
76983561
107439273
156894301
229545993
196324961
265247182
161965473
238712597
219621170
142912367
194054846
117743056
241339784
172447972
92534651
235161969
155979907
81910544
205647691
133893553
188292932
75046793
104361626
164300630
84368287
73872174
146501481
74918285
74055489
124436833
74638345
107331574
79573784
88108662
74043759
73522949
75891681
78654764
74074777
76058762
75792928
73260014
74002931
75102899
78276040
75121594
74312790
78360767
78332940
77159106
77153553
76779681
78402395
74293743
74082358
73852085
73728936
72259293
74277784
74235752
73010373
73866275
73771227
73062227
74383065
74284584
75369683
77496990
76396987
74279798
74278148
74833293
75051389
74976535
73582409
73629596
73416542
76820696
74380084
73751285
77239273
74477329
74692974
74013834
73842620
74620133
74408312
75585983
76061030
74442937
74841662
73989588
74170780
78388338
74704536
74185009
73423799
74033668
74248176
73982021
74234940
74098407
91435938
74423497
76319927
79000317
73411702
74052591
73607753
74391867
73774105
78794183
75011210
75084984
73866861
73453830
75212952
76380523
73486652
73921469
74436555
75379857
74377572
73937682
74149544
73809553
75474297
73958989
73555887
73128678
74114269
74406912
77590703
74146281
74835754
75304549
74465982
73518891
75748422
76441974
74413690
73473906
74518423
77830785
73638271
74634524
75068318
73369913
74794548
77098199
75012814
73172021
73726492
73728867
75182774
73591999
73741575
74526192
78853967
78442464
75887193
72828889
73921297
78030278
73378186
73056980
76295316
74266727
74354464
74639858
73948663
73186636
77783766
74578653
73558341
73713838
73567271
74229996
73759644
74028910
74073970
72955761
73403136
73344017
77563378
75498521
75184797
74302715
74736193
74898524
76207389
73464525
73598208
74569374
73519951
75855328
75110915
74714092
74746029
73635833
78275817
73381192
74449187
78391309
73995378
78072385
73481825
73685050
75202063
73544660
73009603
73687442
74236071
76378850
74478813
73838813
73995878
74151405
75532580
73475904
73003402
74563310
76915559
74956030
73610334
73504022
73716816
74092849
76002682
74439557
77191275
77103841
78686433
73326647
73882119
75689141
74289727
74536815
73110260
73728377
75231136
74752782
75401028
73468367
74333481
73426538
74597797
74309335
74680211
74172100
74227714
75378522
78379633
73896539
74157902
73748865
74057005
75790256
74496877
75000407
73456351
81866229
73683691
76850902
74471666
74705045
73821570
74391977
73558404
74672102
75333913
74134737
77693446
75317417
73997989
74206143
74503282
74470461
74456940
74797699
74597048
74637766
73512769
73953491
73428953
74331882
73788136
75527127
74029834
73782742
74474265
76033301
74864882
74314384
72947420
74319416
73603973
74363230
75068535
74328962
74835342
75101367
74402741
76430178
73981846
74687557
74913820
73489238
72921533
73568517
73726794
74379683
74215120
73631408
75301324
75337749
77862801
73753530
74703316
74203982
74587865
74854663
73691098
74462263
73273476
73493453
74413512
73587661
73260204
72684942
78166109
73145494
75188455
73947068
72851982
73322194
85318565
71285274
74987415
76393603
71801874
76888349
72681601
83293631
74690299
77736323
71917295
74353755
76360087
75625332
73489542
74113506
72991226
73473507
74263022
73416508
74259526
75990139
72601464
73994803
74101547
73345934
73510507
75265784
72574171
74045787
72990460
73337607
74760614
76289784
73636055
78420231
73829452
73084850
73418375
72403901
76606554
76775506
77232762
76867068
73783811
74736272
73767346
73401071
75405991
73687202
77025893
77317347
76667745
73887570
73752647
71957510
75842295
74585266
73924461
73590291
75900569
75844512
97877687
73804232
82740914
73565706
75355893
73105049
74360350
73983379
76545664
77363179
72279525
73837026
73423678
72857196
77102303
79127349
75564480
74486754
73543375
73542637
77082556
73628215
75695138
76370198
73738098
82470086
72328425
74112942
72384102
73224357
73627207
77575055
73430686
74151734
77886403
73594870
73927534
82613803
80355500
87162936
85620707
73702819
75492585
73196004
84188176
74034506
73710486
74125407
73239791
77280594
80534271
80495469
76571342
74253151
74512555
73866453
78702524
73742487
74138109
73568018
73923212
79316583
75042035
73620122
74347461
73721073
74537011
74148269
74584219
74437374
73906852
73722038
79332285
73402954
75739469
76137781
76986089
74370212
76128795
74134512
74121186
79251371
72161991
73637364
74738736
71735961
74908481
75392138
72907147
74051456
75623556
74372343
73886870
74644241
73689517
76929685
74564389
73207201
79490143
75233305
75260193
74331708
73392784
77817539
73521518
74619169
75684368
76001925
76773560
75406103
74228557
73652492
72610997
76191644
78223873
72498276
73476621
74267487
72558404
75094604
75791408
74112677
78411170
73696234
77307538
74590760
72461224
73192605
73947969
73695303
73339589
73726596
76150558
74303481
75625457
72735064
73262892
73615681
74877202
72480633
80110389
74570821
73378332
73709221
72230394
76812569
74214812
72587397
72675555
73864712
73299120
72072074
73885089
74874612
72829167
73381398
77214957
74563790
74123553
77690494
74203107
74524185
77488787
73743882
72998064
73172419
72254735
73644969
73502280
72181850
74161780
73976589
76814147
73482991
74972982
74009172
73673279
74904721
72844072
74356395
73720871
73028817
80369677
72990528
73725807
73904113
74539299
77457955
73856499
74662168
72867846
76794302
83386169
73350752
73794114
75684212
72328501
74755899
76754820
72939851
73540833
72690472
72942197
74373676
73213999
74370731
74639399
74377118
73842908
73665549
75325143
72207778
73809701
73720227
71935065
74869519
74296187
72503586
74099362
73245506
73348656
75056992
74130755
72985254
97083840
76256842
72106628
81225133
73842387
76917013
74697878
74813131
74261095
73458580
73931343
72842863
75122371
79969613
72418157
74010600
78578953
76053246
74211043
77477122
73599877
74399306
73756669
73661216
74075828
73616731
73652307
74347277
75637253
72230696
74260750
74841662
72075758
74411309
75164502
74993859
73894871
76751779
74136486
74537753
73495997
72304412
75688302
73303281
72845035
75648959
73195702
73866403
77196005
73311193
74068215
74992042
72354222
74425923
74884273
74694488
73871111
74031762
74873745
73525154
73796169
78581725
75059842
73940451
74023500
74194551
74743501
73749133
74459693
74461441
74187956
72799949
73690766
72933445
72808917
73585114
73586789
75431965
73938693
74876550
73492384
74567262
73460330
76042325
73853176
72749109
74385195
74826371
72821818
72790335
74349231
72069609
73730462
74130547
72964703
73814565
73505309
74563037
73754472
73743419
72824150
72628402
78914701
103335698
117730455
168346419
206293887
192641759
213696927
209654237
194746775
192949313
175765835
165204716
172601087
159600187
149355533
157842144
145921357
125826533
140986260
128746456
106376706
119690095
106419192
88029280
100128681
86010035
78906532
90779481
76669949
72773928
79092824
72695900
76289008
73427402
78388989
73550441
77926336
77991933
72909109
73690415
75665957
72620935
76769906
76929434
72218040
74609078
76756338
77287810
73785652
74206878
74176542
80869437
120421241
148560200
165761627
203473122
211444894
212662837
209547177
166140465
197082517
176031310
175197162
162330886
162122870
161527546
151375451
150297746
142862122
126572003
134629850
114441279
99020391
106083417
94518731
84170855
91369762
80455447
74041374
76310554
77569076
77610784
74594816
74550670
74012936
79950105
73798746
74874759
75071626
73646147
74048144
74479117
75011817
73848500
73100184
73569621
77390949
73462148
73880620
74914156
77408941
81939666
108460355
154234651
188297843
196523886
193927401
207377705
172145585
201657438
172730718
127877042
180218427
165776617
72709624
153845400
182882371
171606912
157709095
73663465
157046036
146915850
74271332
146140545
125383811
118331912
74132173
107544684
96657110
91915132
75879380
83112675
76050012
73802275
74394182
72701573
73759505
75246188
74084539
72377939
74278163
73619306
76562751
78158091
74752283
76455058
74804106
73063222
76406424
77723504
74106744
76625810
150131649
182234201
173537149
261103692
243024939
256808868
213927789
238948298
225880085
192355782
224465797
200403878
211904557
198661486
188641596
211416031
168844333
170882061
163887966
154023201
157084041
147843810
134472968
136277272
102784498
127212377
108762359
94207839
80254335
82591221
78949171
73841195
73028949
73939813
73923218
74158717
73912772
73550615
73525911
74685122
74320077
74740561
77849614
73499053
73409230
78498114
78491347
77940813
74883290
91383746
82431631
196375441
203560123
192034989
226938601
219980437
215315018
201687191
194953810
180551436
179542560
171068039
164411274
161107255
151623018
149460548
144396068
137094854
133272113
118679462
111766215
102942475
98339836
92520899
87200465
85395267
79310041
75158455
74700520
76371108
73139493
77128085
73696480
73656742
78873713
73293596
73197508
74622763
72572768
80348857
75005382
77301208
75780388
77568601
74550569
105549165
74320502
81349187
139430737
125720835
123372490
169106938
212284467
235911588
215979278
173559684
197369558
249414109
166556862
160564630
230423310
155265773
146626928
201654381
128516902
109956928
195229589
98594772
85470028
159420840
83792159
77843634
143126342
74876002
76032923
125177972
94532941
78157359
74357172
81243682
76915314
73439669
77361392
73066361
76255537
73240387
78613106
74859401
73374365
75167363
73510250
73489833
73186170
77706988
74481379
74197074
73667000
72907226
74609113
92447754
74060008
167460665
155967870
196411364
243568647
234572513
224846538
255753407
212292590
204382972
227776687
190009689
205642659
202405568
186707497
165540105
204220453
171243563
168183755
151819693
145986361
111567029
146555211
109255420
85293516
118014955
89010845
91340464
74548262
77487877
81673677
73450098
76007825
74700777
74422466
77193890
74712230
73662650
73899674
74451505
74659154
76042301
74399682
107798962
73327607
74253578
134541628
78036952
105479477
73160425
98720508
81887696
82018914
77938951
74235441
73387597
75710276
73393051
74654440
78049630
74142405
72452140
74262393
78875578
80633383
73473915
73787142
73771797
73239255
72679720
75747846
74058014
73825901
73273385
73191009
78284545
73611475
74624369
72663963
73346129
74388273
78040773
73919045
74800718
72658551
72537775
73516697
76401420
73150700
80588135
81052396
108524500
193641855
202964901
186847068
220400889
198986944
168120796
218319711
197494195
187152399
158346488
190211920
176650553
164754822
147576356
159002023
150184030
129746888
142865480
97240245
132003842
107587812
102701116
81601437
85688284
81124336
77999922
72944767
74392421
72983489
73181967
75311993
74867838
76571516
72614538
74350802
74238942
74209104
74621240
72101935
72531431
75005460
73115537
72915041
73767505
73560821
73162751
73862524
74569667
77397208
78983500
77519048
77359170
73502987
72798737
73110362
74377709
76588470
73252545
73119620
74479101
73371893
73706772
72732113
74331193
75907318
75143634
73621685
76955682
71767183
73018068
73888924
72085400
74372399
74733297
76192766
77538990
73447317
74095171
73665138
73231100
72870118
73954400
74630532
73462406
74159058
74754422
74687752
72769251
75636955
72995614
74194240
73926359
73830299
77885434
72312283
73318694
73607323
73544702
76132884
76124122
73895360
73477315
72802307
74801021
73780324
74564911
73652282
74354865
74410285
78846574
72722065
73453699
78475307
73370286
74254804
73339777
74505652
76782825
75007977
72698379
73506577
74765851
72280128
73500849
75290013
72672368
73734278
78290932
74010809
84040664
73628524
72562486
73535764
73445451
77861590
73665542
73766602
75391711
73319819
75475990
76929973
74052717
72308817
72949746
74155960
74777110
72571166
77075170
73387623
72431913
74133802
76097767
74511490
74269699
75972254
72833210
76049286
72343284
75519662
73628746
75866139
71954720
75228515
73523620
74177899
73807466
72736213
72326658
73922106
73671476
75061972
74291347
74545215
73875758
73860712
74889590
74514116
73205420
73243615
74060059
77178060
76710650
73654300
74853199
73587633
77768014
74948188
74502821
72843895
73131363
74167527
74361821
74944269
73753499
74338211
74373323
77456521
74249420
73958234
73682794
73576593
74241234
73309394
73908828
73757779
73116365
74896451
73821155
75227307
74086959
73933516
74010326
73706805
73895818
73441468
78013838
74107773
74431345
75697951
74650821
74817743
76467680
80351488
78640028
84981700
80620378
76844573
112813449
116046891
90335508
95040655
84242399
306778195
207405255
438363343
555092120
490621716
552184324
486377491
396604274
606153727
714943492
566404579
481110809
570592217
623895082
558907347
778892953
654908104
990972485
676156054
896259717
873479849
925371636
1030878234
833017132
903510558
1000445287
1157688398
828854520
871297290
971290037
1002090553
963306986
819870105
895832359
840978888
1059188129
987129236
965662045
889355418
909123749
994670639
859346631
922852593
928067910
895444317
834984328
779053689
899976788
882988888
803861766
992211235
933031989
910914198
841306732
946198187
884382080
824165209
880460095
838401280
884627621
783927715
727482166
855568852
822593857
755436918
954448997
888199000
870552467
792866636
893828854
822351021
755522986
822352586
779117532
712055677
837449058
663321204
809685216
770528698
710580235
900996156
844494392
734078034
819572932
782454596
852587057
715004930
787031193
662193852
735778343
792325814
621463599
777174938
733416230
660888953
862097940
793725346
752242574
708427038
732124843
811465313
675268656
736744036
680408385
605928756
765181553
582842186
729206335
681177588
610721728
828624873
754334802
704646171
659612349
619038069
691208984
759658788
690603865
631534636
558346512
516045844
719175937
670757822
636832683
567549360
772333713
709612550
663583444
614847998
546408875
704348817
628704237
634885985
499278145
569808390
470412584
671368640
613159364
580536490
511913932
712500323
653059827
596612471
554116462
580939336
654062369
513940962
593035526
524419616
455919696
416761056
628499700
581317910
534022345
468453597
678396402
620741877
552834968
522745461
592919266
456493726
531465112
393813679
477357936
553751199
355949090
596097267
521047509
485834448
396850509
635258921
561485169
486721174
457781304
534577032
464781089
390978891
466762138
400643844
327887104
303767808
531265832
305580577
474878087
422441070
423936071
568573268
499434605
425529148
381176091
306184226
495400494
353102635
428104922
270341744
247023752
485891062
231343017
427074511
357776558
204064460
509195856
444629245
374560639
190546627
170097855
369576104
431753041
360501858
322264167
160034767
146117717
437074958
121238023
361163205
316141362
92627562
447861095
316174017
390952839
78103056
306477164
357733014
296764202
74060114
289997067
345374895
79836686
260893720
235784344
77755073
368212732
294313892
225926829
77287511
278115750
206173370
250380830
74442041
177219804
237984666
160615130
79163540
225250446
150707919
74329726
201418375
120261762
170505499
95504889
75281017
153283143
78406194
74335160
132770712
74836754
116699954
73620376
74782212
98468431
73793249
83122166
76144465
73343903
73694925
74314298
73637070
73848181
74116628
74472905
74507639
74175160
73424050
73329355
77735992
74005716
74803993
77326701
77233504
73629261
75687027
78156650
77224207
73263290
73369670
77428020
80389407
75201289
74490184
74123471
74301553
73928830
75997786
74031263
74032192
75293628
106948065
77574500
74578945
136946750
73800387
116778752
73446268
92008695
74967031
75199418
77910904
74292919
76412669
73825083
73000898
74378417
74029417
78267894
74175786
74291344
75365210
75329246
74290559
78726560
74003615
75727046
73771507
75472974
80947764
75677258
74318641
73277001
73938441
77940481
73034335
74750218
73635397
75367766
76190902
73961030
74953452
73653142
74902312
73963185
79650501
73842003
73518282
74814020
73679441
74811112
77020797
73498832
74678554
73306526
74367716
73634850
73535058
73488083
73743419
74543367
74271892
73877518
75055351
74141806
73900275
74751973
74327366
73902161
75082814
74855986
77906822
74464869
74416730
75484765
74605898
78194764
75815472
78098112
73493416
73467158
76069095
73714245
73963790
75398233
74443730
76061912
79400808
76544073
73820281
74743980
75471283
75332097
74102950
74657893
75288244
76113804
73626259
74039889
75930855
75644967
74638690
75996427
76355696
76169867
74413527
74354814
74615808
74834230
73594262
74005165
75761442
76034146
77422787
75376478
79161450
73767574
74064114
78854478
73960494
74352326
73838961
74332258
74356798
74717685
72752338
76116266
74406943
76601116
78354113
73686621
73495182
73558641
74577637
77764101
74109573
74657132
73928518
74523476
76040309
76350750
74363573
74052052
73983055
73230881
75278173
73554217
75261215
74521151
73943574
74344005
73714270
73993809
73902489
74775933
76833016
73975758
74808561
74479129
73658886
78337467
73199581
74973720
74120406
74230695
73763683
74332059
73256397
74162075
74070929
73098308
77336906
73939658
73154558
73315479
74402500
76142947
77203102
74814199
73753363
73924907
77602169
73402520
74508423
75794633
76477744
75448518
74998718
73133004
75920323
73396898
73850585
74196420
74126924
73194933
74124930
75119123
77830945
73613471
73764444
73674583
73427409
78372601
77817946
91310795
129490108
161465614
189240523
212474651
210319845
207727857
175781791
202820508
164325268
174687432
162497201
159131829
118627442
174414168
157190731
73530094
165959496
156265996
160872415
73560205
136946764
149882138
115294314
76780499
111303798
91253604
86154612
78601862
75024925
72955584
74421629
74049548
73814841
77317378
73355130
74390820
77972409
73578155
81800188
73416943
73302588
73883296
74724045
73138035
73915025
73764601
74774636
73687156
80521826
176693713
182407167
187149254
222323067
224083779
211661723
195125042
170450553
208323815
188894621
159320901
195402679
158951274
168797993
147498384
147912184
119368827
151825296
122438463
92552523
127323635
90554119
97984121
78174909
76155236
82926782
77587507
72731385
75767572
75784271
72971841
78599308
74079331
72575626
73854340
73484214
75043742
74133138
73351970
76824711
74180896
73889490
78080988
74855060
75191168
74381111
74336671
73740455
92485535
93455993
173312193
178026585
202373914
215370481
194608259
160133042
209580537
185735200
171617554
158945395
139012160
156584119
142997285
122975876
107817525
93848795
149874591
77486871
75129945
162078826
170571273
77104523
76407628
165663071
122918936
109289483
75180097
84717464
137772018
73474595
114616187
76042285
93009974
80353629
76131971
76610867
73642390
74769943
75548523
73998727
73731644
74615663
73871776
73659573
75743609
76759025
73961869
81226668
112847018
102628562
167376332
245474165
226440278
232352647
244853331
230766298
219090048
232316749
222576634
197333899
176607037
223435074
201739261
157985188
210171697
187320194
162211179
188174996
142268797
115029666
170621179
149063974
87106414
117241981
153693552
88946893
74973924
128517654
94978493
73662911
74218871
80040096
73463081
74076460
73818896
74184503
73907247
82842147
78820178
88874767
85685951
73779203
77231578
73869077
73518980
74647428
74037608
83572783
120774407
153332391
201580341
210088445
211002360
207954185
191417157
167559033
207883640
163600235
170743863
159475236
149138846
135698315
158971456
123471376
108016808
140770210
102613178
86870395
118950735
85376444
88925339
74601779
74861280
75935788
73112503
73929364
76574391
74394056
74401047
74617731
73427794
73510428
76158037
73033047
75233158
73870519
73836173
73809704
72945479
73018313
74799648
76384097
77615398
75946271
74239391
73218103
93519421
77472147
180494116
181363251
170608494
222365253
215535178
219894678
201976019
181706987
179588541
179685354
163512781
164241768
155516547
145423284
143539672
124817298
105928428
105692102
92218469
83764792
78318745
74132668
73759192
74243815
75279040
74531936
73972769
74352815
81254438
74096809
74050745
74625949
73467714
73133430
75772484
76647451
77461666
75536957
74652572
76294384
73340717
78152808
73331605
74751814
73679663
74522548
79452546
87391808
140923511
214081246
181351704
251188717
278333798
300132519
232732022
282220234
282933959
203588427
258886428
255931794
182057130
233585132
226883828
213294190
164830627
213254149
190808755
146415474
189805596
117374940
174163019
164526225
85658781
153722463
136432173
108660260
98409807
77577707
86389120
75780695
73663679
74422131
75466479
72974115
74431292
75626141
74412431
74984933
73369300
74481919
75402633
72929024
75197657
80094024
72131977
75181940
77731860
72488005
81176033
84754175
82879182
74043103
76274793
72333807
73737997
74307318
72028214
74893627
74716546
73423049
73591614
75291583
74809274
75163275
73629263
72823951
73279816
74439502
74393679
78113094
74247228
72830159
74270838
78767335
77362563
74397627
81675250
73634065
74200644
75440833
72485408
74433277
74557496
74717906
73873283
77224605
73221280
74169604
80554578
77059445
153537317
186666374
168793395
212173659
207087293
179456730
168323968
221597457
184772528
161237569
153217828
140343866
164847709
125936104
100251694
136696466
93008388
99837069
83189930
76685756
83774357
74830017
73302077
76975172
106778909
73464360
74083841
132317869
75037328
110919586
74447524
87201786
74308004
76778175
77880105
81048051
74002583
74323126
73646045
73883690
74135638
74710285
75655046
74374240
74389875
73309786
74138224
76306908
73057900
73625424
73855225
74809121
77399781
75871234
74316684
74536481
78391774
76919772
73105223
73755031
74296287
77962435
74361871
73803797
73976710
74454157
78442274
77845894
74377457
73345874
73775580
74519959
76721996
74133135
76223786
75511856
76733993
77509139
74066255
73792808
74869887
73264125
74672637
78351395
73613976
73643686
73734640
74022063
73946252
74600865
72109643
74560750
74514299
72978334
73410060
74869118
75235579
109687104
79437162
73683489
129198925
109134805
92823144
90625166
91059822
79433771
78767268
74502565
80017350
78282580
74391098
72811422
73851579
73957352
74308574
73860673
73610606
75411800
75662906
73128790
78493397
72629802
73233343
75289323
75315818
74753779
74580928
74049708
77691918
73406570
72210362
74259554
76473287
72378690
75172820
73446569
74936543
73379374
75098932
74516310
75310218
73968372
73209994
73953278
105042538
74125883
74784925
131166134
82816408
106205732
74526871
90516210
72556646
74096620
76498219
73892609
74389150
73632113
73638581
74334188
76764520
72259741
72991586
74557005
74634959
74027276
74816753
72896484
74311843
74284700
72410739
74213499
74779040
74288772
75448031
74731749
74055076
75929183
74326020
73979584
79361978
73973587
73399242
73499754
74648736
73978276
78042996
74794385
73297587
74311438
74352004
78067898
74329568
73849830
73125713
73294181
74458339
73052180
74462436
74376276
73567786
74485107
77357581
73045300
76428548
75573770
73385878
74536358
74078227
73500466
74275246
79033156
72013798
74823080
74464956
71559067
76052229
76050398
72804253
74174943
74352686
72892620
75257420
75613694
74682454
73802727
75817323
74683487
80607280
74125550
73606423
73303215
73421919
79412812
74155796
76004691
75042860
74062414
76751207
73345413
79625587
74328147
74668822
76148708
77782625
71632944
73316616
74738304
73989133
73746441
73984388
71930193
73715576
73521348
73236036
73312359
74258814
71235453
75362241
73296676
71449827
73721719
76613560
73686829
75928297
75314698
73130801
74347978
73650808
72673910
77987696
75219294
73610772
73327480
73931200
79636489
73881749
73486434
74451640
78715961
74790926
73843654
74754943
76488352
78034116
77747856
76678299
74188980
74336404
73532297
74664431
74198341
73896354
72755021
73968757
73505204
73528576
74752309
73544463
77309230
74408418
74298740
74279712
74360515
75435593
74498628
73725415
74181904
73129144
74297140
73633957
72561336
77473286
73037936
73375330
73002709
72128482
73223602
74194010
75893598
77662743
73723364
73782114
74519672
73658943
74061008
74273350
75005373
77928867
73386137
73603837
76195484
74777601
79688483
74485219
73914692
74452410
74155061
74916357
73602769
73934975
73767345
73479937
73703322
73082338
74525409
74506538
74280433
73110569
76733042
84160432
73160182
76816777
73613843
77338952
74100678
73661122
74459908
74401868
77621425
74130285
73664797
73676522
73122013
74748312
73818526
73792349
74683951
76177947
73550429
81972629
74965186
74153114
76294967
74933123
75779000
73859711
75076727
75828291
75731600
74111983
73911062
74040782
74126849
91682614
74640222
74534814
79840291
73529946
74710039
75849863
74410279
75563890
74095828
76419147
74545432
78082207
74513151
76561655
74046028
74497763
77886626
73974595
74288009
73971640
73491984
74074487
73543735
74061113
73645064
74776533
74038058
79152127
72619247
72897073
75448821
73018144
75811216
76286626
75455644
74713515
73636788
76235251
74060287
74667977
72936935
74874592
73782642
72732485
73586743
73209729
74110591
74588703
76082070
76363340
75231197
74266190
75499386
78644950
75800052
77697874
74018510
77668398
82534961
73036141
74320312
75503352
81548634
79075243
82237656
73982158
78330269
76040175
73441198
77581623
73051507
73836392
75986531
77355954
74266111
73440555
73898049
74375540
74854170
73915325
75006563
74756730
74330920
73700620
74208740
77537699
75961817
74263601
74418539
74273562
76753581
72710768
73253722
102818177
73304365
78278473
133005169
74015373
103832581
74024481
89555732
77078876
74040900
74836316
72616089
73977702
74652416
74844355
73696700
77442562
72950292
73815173
78086792
73072244
73746770
74126900
74560557
74392858
75354523
74749400
77762588
74292996
74743000
74032836
76668236
73629054
74015837
74763229
73604300
73991756
74122415
77582320
73804575
82648976
74489602
75440463
73861421
74650469
78049675
73830283
74534172
73497162
77400180
79042836
74659442
74442887
74381727
76282950
75624048
76245671
73541858
73181629
75304020
74636451
76938002
73621691
72990415
74162392
78359879
74050992
74630648
77132734
74988454
76148507
73896866
76346435
73948042
74236301
73606040
77655238
73791253
74042294
73710840
77016616
78513880
74150250
73917299
74219084
73253369
76958478
78289700
74991539
75484509
73687098
77138535
79702958
74544708
76174324
73926740
76337295
74359289
73269984
73742947
73866076
75211837
74151581
77805277
73937558
73554204
79811607
75837568
73380641
78923225
75179978
73983443
73540762
75123259
73660342
73925002
73703740
73746335
75504779
76195365
73818834
75289637
73941944
74178381
73615114
74461476
74295406
75661195
74270819
78275750
74454278
74917882
74540748
76102633
81144966
74000316
73689420
74754722
74280390
74448427
73391097
73604248
74042695
74181604
74659446
77069991
73310783
74585729
74072796
75088801
77735574
77810483
74041218
73277511
74567220
73106264
73765016
74283945
73289274
74178712
73725562
73917764
74450394
75431624
74887266
75138041
75171717
73148031
76467641
74254400
81209543
90895360
87795998
92166601
72591215
79788237
80010351
74280255
73273678
73396494
74451097
74147879
79319235
74255570
74367543
75386735
77199938
73710593
79042303
75516585
73902740
73688071
75325772
74078288
74013507
75069049
74968419
73984725
73863643
73747336
74575532
74463664
76166204
74010882
74157338
75379010
74183185
74963723
73211875
75021903
73981262
74707599
78485608
73508769
74815680
76283432
74729090
79818515
74122383
75776189
76628708
74026464
75459750
75772173
74230212
75245729
75554043
77947489
77296688
74307957
74320619
74164483
74025539
74498918
76448961
77286550
76834570
73851154
74425869
73782577
73974642
78592318
73472735
75472150
74531912
74785435
74016120
77643906
74758131
75453929
74911004
73652232
76426892
75340579
77974232
74695420
74628127
75535325
73924271
78171541
74357024
74643854
79039066
81261237
146879817
185052769
186255721
212548787
210421561
260464064
199113856
178559163
234457485
172131286
204854399
168222372
159740246
151768587
220302928
136380546
123828071
183308678
101154836
100111021
161986559
80883436
80405021
137797076
74328929
74846296
120356860
96326531
73078133
75637549
80385166
73979647
78594815
72997104
77328366
80803092
77389963
78337524
77249253
73575577
73220992
73581612
73646178
73120446
74528733
73901305
74027877
73577895
78018098
81313042
104237653
156101493
156935895
184376063
197348832
186463863
179871791
166983509
155022461
150465911
151323944
143690953
133894148
128742778
122961725
109612138
109300980
93976501
90228792
88335721
80121374
76605886
75008667
73820113
78235216
74421859
73053223
74964547
73540415
78340991
73588305
73757733
73857125
73072468
74364072
72843546
73404954
73694975
74162667
74054415
80891063
74322528
73262533
75312588
74308692
73824329
74285885
72965515
73723641
81088388
92647728
129440104
187947232
181155042
192093714
214838683
200384264
180080297
177663086
162877568
158383287
165275606
153240607
147589656
140387674
127708107
124480722
105767959
98965323
91908268
85041592
82207811
74959666
73379494
73107650
73673566
74481864
78206863
74283905
73880349
75589865
73259143
78330042
73424198
74574377
73946252
73401899
75133383
75091226
73794222
73427109
74108044
74046874
75344647
74193030
73043831
77123495
74054453
73987186
84254844
132123621
153383953
212647633
238179457
251708729
235275646
234072768
207262241
232460677
179703185
227013211
205790849
197919755
171363535
203790316
179186342
165472084
144658267
156073550
122229505
148894008
147472526
100758569
129451249
97753327
121252645
84803203
89893646
75929288
75259940
75739261
75789136
74527765
74163169
73461624
74367664
74164260
74373913
74005339
74335526
76004456
75121939
75414636
73133530
75165944
74023971
74504018
87983662
83789968
117459834
186450075
194106889
227718592
220501820
208114486
182239882
169070730
224008197
166953443
195748909
161283652
167137098
151188164
140279060
150643368
127307928
112480141
97071430
126165003
90858772
96719503
81863532
79286749
83694594
74497366
76932162
73675003
73898639
72668979
74605109
73171353
73586844
74599406
73354077
74909846
73360707
73749304
76598259
75079194
77455779
73576262
74717105
72893077
73405652
79513478
73438177
75157080
74941010
118019556
168546284
195933181
192832940
223933942
174008423
225361833
196129684
152992094
195276680
172106962
143511247
172616134
157994486
114902127
159120128
132658485
87249806
133505393
97792244
74829752
101760399
82198917
82757898
74389440
74174512
74526406
75186043
75177525
76344124
73574198
73909663
74386236
81612977
74734416
73884118
74726032
73313481
78478551
73826981
76026743
73514440
77924203
73731457
74435233
70057133
74300464
74068717
80738146
84686508
120561299
174815231
227095366
211655523
233051048
236777149
246164950
223813090
228351410
187520615
227996155
201688207
171186634
198510512
173049324
148948482
193545825
153243233
133024116
160571364
139608783
101846994
148770262
103454813
111029459
89282923
83378836
84745722
73156411
72920910
73965463
103078709
77024830
86157500
74677368
75158340
73873532
75006449
74203978
74399451
74335880
78488389
76317466
74409374
73912111
73931094
77764926
73490567
75270883
75256174
83139931
75857592
74042834
73532838
78740524
74190463
74671735
73603477
76232941
73789888
75641092
75127612
74379200
73060881
74679100
76058487
74068009
78551235
76643955
73758624
74031596
74393027
77767575
74288248
74695525
73829766
75507808
75302518
74146511
73819293
74792588
74290057
74455032
78250863
73289178
74307452
73727993
72891432
73377703
74684524
74383528
120329455
135469690
182940133
204286014
222348746
202133983
225651315
198526334
170422093
203524154
171459291
156634994
180337293
154792009
127674637
164366192
124344504
95194869
136525210
92433249
103613718
81223861
75413555
91066400
74857771
73992073
75645360
74225098
75652811
74503144
74172693
74659840
74383111
74487554
77724399
73893585
74423899
79868269
76148231
76785856
74929472
76122094
74327177
77963768
73267055
73651683
73954182
75260631
77042810
77815347
79068606
81091370
76280879
74499646
74732762
78481513
76443335
74350141
74748053
73865447
79232404
75281444
73521285
73642526
73711192
78264202
74949541
74745493
73898526
77102867
75165821
74037570
74392122
73796859
74426522
74858967
77733849
73583340
75552070
79893484
74362553
75076491
73890925
74333620
73910332
76009311
75332743
77843894
76191754
73386912
73334266
74360495
73957871
73143936
73955642
74535537
75101693
73616735
73457505
74851700
74271614
73940799
78269084
74490299
77491767
73675758
77244779
82300223
72896017
73588747
74747101
73987722
74030055
73954781
74320836
73124977
74232372
74037431
77662582
73692529
74511005
74139390
74131375
74124604
73562955
74017303
73898246
72872421
74395329
74509131
77855649
74130113
77030181
75107291
73809602
75049846
74471699
74495289
74420701
74419407
74307396
75123034
74581043
74342996
77340370
74490716
74545262
75617828
75139471
77593736
73997953
74251689
73660352
74378737
75106024
73041060
73996218
73687982
73607793
74394762
80215311
72687845
73947577
75890632
73319649
75912304
75267446
73741038
74283933
74407362
72650941
73693302
74698939
74251512
73646967
74985064
73685327
74803190
73501051
74781051
73144662
73600101
72891635
74178808
75868038
74062932
78625114
74380111
72833354
74020738
74990955
77414644
76230193
74123289
73303608
75439182
75227247
71707066
74018391
78139950
74504043
73114675
78196688
72712200
73636937
74347148
74046835
74653667
73392498
74551081
70793251
74096483
73570823
79380165
75167985
73762252
72975780
74055526
73708236
73444951
76793448
72381211
73672870
76055317
72773124
73569941
74552173
73919354
77860042
76227963
72247134
73787347
73224324
78230712
74800197
73060296
74120747
73389852
73497631
74171481
73811845
74141611
73636063
75098806
76903277
82564072
78619080
86015806
86287453
74469627
76033405
73504908
73921033
74162592
73436805
73483597
73886311
74344024
74619780
73839389
73624727
74322404
74010080
73306412
74212727
74559731
74161215
75867238
74092779
73800142
76201375
73939342
73454191
74346458
74190960
73912484
73384070
72275893
76738637
73109373
74581245
74574757
75278774
74143882
74213556
73032930
74239776
74394765
78811947
73913856
73901331
74654211
73652439
74400250
73787293
74125167
74082281
74960023
73050156
75106247
74295524
73057204
74114592
77402041
72498664
74033850
74640949
73136399
73784459
74645194
73890607
73832840
74246657
75004117
77969170
73153387
72735176
73879175
73135535
77075770
73386131
74612235
73988369
74653996
74968403
73371528
74377963
77186414
73639061
76423517
77902197
73785588
74845200
74457882
74183286
74756562
73833085
73292389
73490107
78818000
73531653
74498214
72491045
73182649
73525722
73495055
76330603
73594949
73859609
74968886
74074284
74423927
73518361
73755202
73596916
76265079
78137664
74556309
75136220
74224846
72841591
79279431
73925673
77337939
74187296
74793015
76155132
73705863
73962782
74494469
74539973
73402258
78458881
74764110
74378260
74243980
73505773
74691372
74578743
75103412
74278528
73982241
74486123
74050488
74510495
75600925
73988089
76469232
74097561
74389166
75485548
75204615
74317186
77069942
73463212
73824607
74113851
74466133
77643301
74200813
74555806
74352984
73225882
77044291
73625568
75074863
71604282
74147739
75225299
73735675
74697597
73500584
73131712
74858431
77369891
78451804
75291053
75136948
74477992
74056161
80044787
73988151
73300463
74137876
72948244
74074978
73336468
71997401
73944989
73839936
72947677
73320827
74064878
75397725
73779982
73745977
73932498
75609068
74287209
76685045
77079200
74678210
74716122
73096963
73876589
78343005
73254689
73207533
76886164
79782896
78409081
76675070
75230254
73493989
74116057
73693812
79000775
74344289
73218241
73537304
74794070
75879437
78199812
75421559
74265152
73285921
73551903
75335900
75705329
73642926
73529574
74307373
73766722
74337025
73672725
76332689
74439978
74470378
74073627
73704615
74385176
74312886
78362161
74874850
74471219
73342736
74130875
79135548
77954648
73237296
74125894
74624133
77750577
73985055
74914901
74915604
76706669
73840176
89503571
76979397
75037737
77505367
73914456
74835455
75060337
75782192
74309080
72699351
74415892
73854279
74097004
74053642
74472791
78818917
74481758
74533875
74727347
74971922
74193605
74242466
74545576
74144261
73504083
75900287
77901440
76656264
74024021
74126416
74731145
79026761
73954291
73109668
73960114
73630980
76218853
74317094
75129266
76680202
74712444
74459502
80074144
77786411
74287496
74896255
74699088
76982889
73850012
74606554
73900360
73706593
74952531
74350013
74038620
74345986
73754882
75025132
74797567
74812796
77490606
75128229
73932521
76670905
74526798
74238299
74138469
74808272
79247689
75487416
75138989
74475636
74026402
78671668
73661349
72324695
74341773
73391299
74717330
74415830
74173864
76488048
75097822
73759308
77979777
74237237
73216939
76179582
77582692
74401813
77394759
74548936
73950979
73961652
74087654
73575399
75204353
73936015
73345261
74054259
74430494
74948782
74185322
76455817
74235243
92260605
74028316
73334551
81051885
74591419
78054650
75560956
75568517
74151853
77961234
79831554
78796777
73630950
75783350
74223618
76623266
73596978
73654675
75419208
76861529
73923239
77955904
77942955
74311453
76203777
73564351
73756165
74402615
74028150
73755722
74043243
76626211
74230974
73915234
74059811
74092695
73604205
74147845
74275143
74275766
74305492
74321696
76943605
74108228
75434742
78853388
79610297
87197332
85248978
73683931
76100321
79202720
73727338
75809195
73987003
74026075
74912579
73923369
75201362
76131115
74124953
74293279
77962305
74097048
73927212
73481536
74872620
75895271
76255934
77977448
77231183
77417021
74638495
74318457
74166042
73990428
77711904
73536615
77109541
73941854
75229160
74050580
76189572
77209055
73773420
74233257
74410222
74422282
80974670
75651917
73999112
73606675
76712812
79527304
74679613
73998811
74712269
73301368
74012888
73960743
74795018
74922132
77593520
74936777
77916204
73676246
73556833
75646647
74744697
74637271
74651889
77388135
75494725
74726190
74485762
73988960
76131370
74169038
76690449
74664432
75108315
74677337
74348905
74324766
73844109
75691823
73926678
73165178
74117833
75706164
76356254
74942750
73778206
73182153
74312759
78782194
74631681
74327101
74620703
73901012
74020175
75011646
76392185
74516926
74201929
73555711
76886961
73671015
74600196
74621640
73499461
77282821
75211465
75888642
73586982
73883266
74009375
73325421
74782545
73800476
74498062
74255061
73406208
73390344
74178118
74891907
73938486
73543997
74426312
73738236
76706332
74568117
77323538
75076161
73751076
77364141
76266987
81232547
74243902
75433009
75799488
79092140
131568654
161574347
194718857
215185998
226974203
218728244
206102131
200827865
189118619
177430621
177146786
167679440
157695296
154296881
139337068
127926884
120942853
114261957
100621597
98533620
89646872
109839919
106897048
114203344
74556476
111405380
101174436
92084780
73109590
78130929
76106199
73549193
75266872
73694510
74960760
74704772
78612543
77260709
77919687
73895316
73667334
73726331
75131986
73639796
76464836
74200771
74989404
78168088
77282166
80989254
152557281
133913512
186498776
218244060
219660535
199769065
185220219
159631765
203918582
169842251
170633040
144740598
145860612
105520339
146825596
118679308
86553893
124281975
90269821
92470781
73574007
75134789
76789452
77039351
75632313
74384974
73701964
74542849
79866595
73775407
74378168
75023048
79007230
77787996
74770050
73758811
75610182
74207325
77925327
77829559
75165014
75845402
77396574
74096794
75786083
73695282
76677106
74449621
103306053
90464803
164969693
210748464
209055866
219515808
213326833
188720422
218988857
178742601
185214172
171252915
166335720
166517059
158976669
147347025
153361008
151538042
130879972
119150621
107039442
96047740
83250860
76184959
135544348
73100564
113613702
74682000
90649448
74251829
73229744
77262425
74590633
77008027
74347781
74754230
75823736
73831852
76383518
74093131
73656635
74459203
73219759
74824695
73694732
74062719
73996775
74474762
74500132
73546974
102078041
173808711
161382238
213903794
238881102
228213025
265498885
218563400
207150214
194757243
241870952
176259786
179262941
226113044
159488306
162047745
211447314
138521843
180529680
134198702
106313817
103412240
160809712
86199791
129695596
87637068
77018151
101828085
73820117
83050169
74442449
73964633
75539539
73559186
73735803
74671424
73310762
84665867
83983208
73059340
74008297
74314503
74070343
74121208
74255659
74106292
74228377
75264925
93903887
115775351
150517383
188639036
216791799
204267270
229238053
194735436
165202175
167613691
224054213
152038861
146558755
195515809
123829983
165700180
126578219
89947028
142095766
98334850
75125382
111685839
80038031
89585629
73182590
73792248
76760198
72996277
76102056
73632557
74514271
75134894
74532711
76035059
77724235
74739792
74057110
74483624
73901626
74149151
77934296
75026203
91741401
73907748
73359216
81580104
74995030
78611813
73508456
80825352
74111218
157036697
155776811
183765244
208205178
208723577
179766554
167854885
219765927
155656600
205515450
155457340
125158854
164239823
122628285
97093249
135613658
95403230
78891714
110732113
73811490
89616608
73666826
74945466
78590137
74002110
73967857
73968688
74744540
77874104
73771277
74005513
73451065
74872509
77611107
73806365
74367884
75343653
74673758
78509469
74507314
74987355
73421041
73766460
73229783
74116853
74250711
73427861
73530364
92711153
81238101
193952284
235850412
195273814
267067907
241596214
265227515
208685831
249534732
280200736
216051611
252342931
227038757
225055050
202504576
191230436
178606423
212544487
174545190
160147313
190322667
151707837
164352440
148304451
136613137
151976290
131567808
117530598
110393003
126986437
120389183
77807993
131186151
116014423
104839134
94723945
77685194
82907465
77952441
73121544
73598124
72833331
73889249
73857488
77409639
77657608
73345464
73582904
74460005
73818838
75033612
73599244
81310655
77499965
82511601
73395681
73789578
74244593
73733301
75793892
75538252
73033798
77622841
73601622
73349391
75062990
73636269
73230456
73021532
79031839
77404888
75854618
74501943
73729643
74570253
76926923
73264521
73091926
73164439
72790397
74986256
73509961
73890017
73358471
74346547
73981678
77450703
73516146
74329489
75775524
72957658
80682663
73277230
130197230
175890786
193204863
195639118
196089594
178225915
157472831
155562160
231826167
161612039
139368898
200082996
112444862
148768038
174837872
84316144
111821762
148462642
87339155
121055450
73556331
96005567
73351093
74865879
74673506
73658590
74038348
73861464
74072150
73515046
74622614
77286425
75299959
73762021
74456127
76512644
74018994
73865035
73621404
74697373
73799220
73211512
74249046
73485228
73179885
74517234
76119912
76584818
73731240
76283160
76031366
77574834
74388454
74315701
74025955
74755665
77010390
73969729
74455391
75968532
73942104
77839212
74161646
76118486
76312809
73247619
74793493
75717214
73455698
73652690
74003853
75529203
74115572
73157645
73831836
73107148
74504916
76934318
75803504
74316453
76993052
73454584
75109779
73611494
73468307
73683428
74076605
74388626
73896759
73596470
72716980
73372397
74831970
74768824
74073059
75027225
74856504
74584320
74389664
77261055
73616177
73403512
76590715
76156329
74196287
74603601
73717581
73855878
74607110
73964226
74781415
73991348
74627561
77067648
73511669
74589526
75516882
74023304
74082689
81606139
74773474
73965508
74621296
73668723
73709346
72759273
73721728
76548682
73959821
73846190
74474206
73971244
75784713
73746885
74954284
74065904
74802729
74244654
73798511
78450352
75166219
74338832
73987707
74533226
73595871
77224527
72868182
73540738
75335192
76520992
76675575
73474276
73535646
77608249
73457399
75599668
74418231
73193295
72957720
73076798
73409168
77649059
72236615
74090079
73712771
73634426
74580445
77034055
73650564
73502572
73655154
76048075
74100867
75657716
76730758
73008785
76750041
76745562
73481056
73189268
72482952
74210094
72714310
73422849
75184264
72893616
74176856
76644105
73623211
79422648
74450022
78815689
73710170
72656369
72845493
74028329
75293393
89574872
82193818
89335872
73777632
72837560
82333897
73978471
74634586
75138869
77765516
77799324
78497915
74046542
73770426
73676697
74137767
74211721
73670344
73921367
74909055
74286118
73685587
76695591
74762239
74430171
74450885
74471024
73544289
73668802
73797564
73978257
77039097
75618932
73031119
74222256
74585005
76717196
73950649
73660492
74064717
74242909
73848375
73481022
73496145
72711178
73650197
77066564
78164324
73170110
73467623
74792183
73349379
74050210
77252156
74949428
74114223
74182902
74501972
73825588
80830945
73771107
73356550
74289926
74097430
73532738
73676423
74517662
74127905
73412129
74053744
76857061
74837916
72771711
75201363
74231636
77416420
75020976
77141271
73302528
74039588
73898159
73353710
73162308
74848676
76568661
74189096
80932096
74599865
73885991
74025565
74778070
74819306
80135401
77864433
75337979
74132827
74546493
78008377
74543899
74028412
72958836
74546428
75525203
74644721
73764196
74189860
73575768
74039576
76128831
73626918
73202688
73670214
79897531
76588893
77302201
74275306
72854880
78057572
73890503
75744881
74669125
74985601
74182660
74212779
74093392
76270181
74736995
73977666
80377320
75221084
73769279
74652042
74631059
73512111
73591126
73976622
73931726
73918012
74192886
74185613
73752471
