73359545
73575795
75066136
76480988
73699067
76074526
73297688
73357050
73963698
75341034
73208423
74251015
76279976
107821009
73768955
79811336
138894316
72901833
114604441
77470471
89652876
76915739
74153910
77575577
74446051
76109423
75519151
73582177
74049841
73170730
76776705
72549879
73105167
73069441
76579659
73900244
74137223
74528924
73547282
73500728
74097932
73488320
73625167
73446749
73528160
75476751
75011590
76988550
73681156
74940304
90278253
75024460
74268679
79857762
73832461
73034392
77616905
78208755
72965813
73184201
73712527
82892730
73241640
73319095
73900441
74276162
74263617
73547547
75063260
73667580
73856284
73331510
77976823
73401591
73994122
73194924
74457692
74046262
73743043
73695937
73931623
73607212
74522407
73594938
73683662
73238920
73837963
73969639
73715873
74018411
74083155
73713361
73753707
74764657
72920783
77813205
75889127
75180315
78040976
77206397
73596749
73545370
73846972
76887646
74779101
73990564
72990025
75844036
74014395
73812434
73813374
73972635
74173607
77348507
76908369
72955021
74030426
73764029
73380188
74050249
73613127
74194947
74357967
74027202
72904947
76322809
73743040
73631392
69813357
72961905
73199220
73071876
73548263
75069680
74454948
73930627
74035703
74644318
74388818
74196681
78585620
75060565
76553003
73472740
74011662
76602266
73462578
77255764
73860373
74175451
79358509
73167139
73500064
73614792
74115373
75916253
77702973
73337060
73024181
74274547
73938573
76917611
73207542
73606167
75081975
74183400
74890963
74021286
74045566
74138576
73387443
74282928
73589775
74256791
74309426
74026293
75098438
75811654
73529499
74644444
73519695
73874796
78744576
74469163
74309562
76325432
76783356
77135775
73982244
74862895
78518079
90959080
112380601
163734270
219256517
302648134
317132733
339631066
366799917
343785092
327348567
313694884
294996561
364915951
317747801
358431241
316017225
337678110
313924433
298095291
265007021
288865763
362311351
284506800
328406792
285385248
277984080
308025826
272664278
252804640
235765971
248024227
353037213
256490112
335664408
248925205
234036803
297571391
196475060
228849010
212598238
207335864
189461604
171338222
163285463
407456389
343444931
162256063
285447514
155271450
143405712
301309514
142580992
125286812
105388007
102532242
85088267
101892949
301009705
96897858
455445185
369082355
237315080
234703677
465339669
389874794
390178947
378368267
574134028
351798504
554626104
408479723
504120583
324750992
384378847
371705514
350033370
324822671
364191783
623796116
305366633
308942274
608573516
537536611
308704133
290271751
446406101
276782884
264405156
249974652
251247325
227446591
620821377
230311024
211189572
210923729
556420570
188292710
514589684
189669664
459237262
159805069
158397417
141819887
468298643
143536978
110318768
110703342
84007274
87145971
72222518
80519885
516684908
463509001
77854608
614378148
415808856
100969751
426278773
203043478
219563492
387012289
728508973
383979784
401647498
673712951
392138240
391932392
658719151
775916721
366611675
335972488
382574640
685105847
354052640
338838097
339357948
353974731
751325464
355572467
303714750
265578699
669375217
605412933
399204919
752962261
248089552
389157234
363510942
243288803
325011470
677037445
206984205
179298564
318480109
705829262
159139065
310125737
133267885
606700252
534590174
283547210
99601068
249993998
742095640
79948852
232418007
201263759
622151923
76496232
167460310
75931060
629741836
618795788
80495390
219616198
636876127
172279302
633863427
380774423
653142158
342803296
491597300
477000053
394268842
453898854
429983210
377525850
930998775
848642193
406359291
783396324
367362269
744875469
735615148
388334592
451461457
435510781
412486607
343610047
416170259
346384146
392660441
333458019
818898099
306203694
687732089
779759787
926054923
300844788
400098100
739820508
301582392
247255887
374071911
226202341
352105033
301370952
215969213
298505448
185594490
741502709
671414395
881492092
162317734
290063565
251764200
142765496
693930320
911359874
118920108
277980461
90674049
335625972
190928320
841155035
915208575
371694154
840060289
235740510
369886089
203978462
327698152
769356354
168469597
301792073
864408780
274023148
152760048
134821405
252148677
99968450
225790938
893035411
816602233
85356635
213513818
180323395
826713976
70854130
162292513
750050745
831576029
72596309
142229310
119287764
72150204
94401855
73504693
829774504
759943079
82863315
73750657
80834365
752046786
687235858
75427781
840283679
74201946
79001315
88473827
73997931
696167270
849474027
101559416
195700726
816159127
206580184
712062637
172824049
207153421
162434907
891960873
215289474
148066082
192568111
129889223
170321921
102570568
872333058
153578509
88034957
126519488
877300948
811127375
758411508
77182029
101073943
85090300
74729753
769639265
72890319
74816429
73939789
78680521
862603259
73697837
815592106
74100507
712104713
792321032
76819198
73067846
72824643
759511221
73521497
75139334
75192706
75284110
853811800
784565946
75662092
683194678
142687883
772963266
705139255
150964214
247041002
247173632
258346787
242253905
216620090
254289293
199849356
834330212
906142844
245248968
767576827
166746613
1002745545
208126845
146877672
182258953
116171268
156164227
824701803
94469376
134437912
102913038
82095604
89370437
73724946
928569883
858971468
74366028
758191342
830921938
77374493
73135372
74075262
822093889
73991928
73893192
73050167
73717764
891788553
73236190
855661439
708585109
76410205
74613619
866964406
81444396
74075342
73636494
787761864
82003240
74066361
824425157
77630921
74786039
738999653
74383661
74099181
887098426
734793817
73717598
74652744
718263186
74683672
78507245
74436015
760509712
73327377
77801518
75291164
74586504
755093269
827000499
72345518
703377575
74201826
73322563
710102660
75124169
74077760
699216097
73778030
73625312
73876187
692271287
780285460
91627674
75951792
697183888
102972367
699007882
650349645
182958525
192987590
152985445
199816158
144076519
210087957
125661793
822125093
184288169
782423144
109643958
159734137
93257314
797738158
148451342
801418900
76212413
746080134
153606785
151332740
76209415
773659121
141297546
716242655
74575337
112927084
90047517
76011363
749199352
75635330
73097278
73954920
793554414
727974719
74055660
73563763
724900673
666886937
74482421
73945659
74252137
74184141
76919366
741725937
73718425
73962615
769315634
76373578
74225950
691716320
771922414
73612051
76099009
722751582
73697610
77469813
703248715
73372074
73426970
77293230
750663247
73878177
694955438
653740955
73191279
75943241
673334524
74398261
77131343
653500607
74187401
73714450
73422831
77232935
665274377
75526546
614721403
77415496
784068292
73914241
73796855
629284315
73728659
73856111
650114591
74327322
74047371
73104080
679325410
611889419
75616932
73115788
74265448
631062526
72297856
73667759
641701584
74107063
77652408
656852003
73643589
76175984
572194890
78542200
679414604
76056237
577351312
73024042
74377489
74234364
73642619
636810172
588597268
74124306
74123856
74284617
601575482
74119127
77067754
603710033
73726498
551940074
78045356
77829632
578530898
74061067
76256782
73342253
540873981
614658583
76733957
72867205
76212383
502728595
579511235
73989119
74166693
528462053
72065299
72910671
78198110
561035668
492905715
77625383
73148725
76104735
447238666
76459412
75100159
565814328
73087680
74334111
495069546
73546859
75276705
493138765
72874834
468334169
73992747
73088417
470138785
73925400
75178434
467529760
73755688
460029077
73368242
74102042
457276651
73824785
74256482
424784567
73491165
73752525
74285621
74004055
411535265
499947575
74195238
74200466
72914807
467001267
397927786
76880466
370666997
73733610
78903335
72706948
73930616
426930152
76273723
73283788
413220614
73015989
74180172
431522289
73732900
324071040
393961780
73678875
74336728
73945831
369658725
75438061
75236706
74356077
392117776
73624804
74543173
405388850
75007319
351699081
314120709
74410281
73703997
303140147
75516111
73450641
304705073
76607061
73950422
76054251
76066243
359035244
73227721
320920000
77074524
281529263
73708870
78747719
312626116
74053682
74258152
309009403
73312444
98498194
297805100
85367263
262102946
73394885
77566731
247492239
73519357
223301239
74956155
75469136
237595190
73183443
76001715
206500233
75660557
77339526
203570410
160807676
73693908
75299368
154880039
73087443
76985338
150497956
75893122
73460307
126053262
73810609
121075460
76324681
93004282
76631511
74351351
87966267
109390120
77363651
76721724
129588257
95519157
73970681
72559745
82693833
72886116
75740232
76725504
74379499
74805776
76522007
72869756
73072145
74283228
74114441
76130910
73094103
73365250
78545434
73071365
74398580
73791777
73894396
72507654
74687855
76179611
73110116
73070523
73210720
72715103
73838648
73994475
72828898
74202921
74452219
73718562
73323307
73785353
73833755
74848826
75306483
77600894
73881778
73385652
73403806
73782288
78181973
72967682
75134522
74104424
76717087
73717844
73543141
73300238
73200345
73275084
73217978
77170986
73699563
73091399
75791505
73485828
77574329
73906511
73566968
73297156
73484810
73753790
73321002
77196264
74217614
74244693
73634014
73086887
72758460
74045120
73973300
74087981
75461301
73938205
73359512
75718495
76619324
78198602
73106336
72512745
75225365
73617345
77180035
73989259
74457357
72244628
76038143
76232875
72756703
76747392
75621327
73700958
74111338
76931821
76680896
73106835
77950739
72777833
78442384
76474715
72908861
74332812
73871055
73576032
73935962
74071673
72836459
73923849
74806325
73923256
73591729
73242299
74658326
73123659
74828131
77764172
82714483
90315066
92627457
75516826
75870651
78574600
74269621
77810402
73730159
73169401
73155123
96296186
76734396
73299440
88104508
76983221
75757726
76858399
77546514
73266775
73358183
73348211
73120469
74826116
75472226
73772183
74166006
75745496
73884272
73873439
74195373
74325181
74470265
74539025
74076590
75033406
75256790
74524162
76189973
73449581
73926536
73685763
74374665
73347583
80641216
73340979
73543967
74046591
74803786
77599216
73734739
74121597
73283022
74421446
74264632
74983197
73736928
73601660
73940443
72990670
77236517
75266101
74131792
74298364
73833736
74389129
73712975
72812127
73962301
74300549
73031713
73982571
73946558
72208537
73204621
74819431
76072002
73757628
73136938
72899594
76312854
74365595
72396835
72861796
73951157
76869284
76943267
73908447
73791344
73523716
72837196
78764039
73169485
73631354
72237488
73830956
72855250
73205498
73342882
75991287
73147555
73816608
74648394
75802924
76766122
74224467
74183850
74123032
77825984
72329090
73652829
74368617
73998500
73975366
74182364
72918149
74246568
73567838
73670689
73774354
75432634
73893044
73551997
73818490
76370671
73783636
75145994
74193828
78347830
74214522
72784748
75518970
74802246
77322714
75576020
77898332
76486874
75956048
73194287
74548992
74187594
73938050
72510641
74251303
78258968
74306548
77446772
73569408
75289569
73992683
76089970
73070184
74455055
72954332
72825892
74388033
74312799
73153058
74982426
75699041
73396342
75494834
74188609
73452843
73734667
73886200
73318276
73979762
77106439
73904475
77513315
73816827
74538844
74302012
73745194
76332646
74279814
72984794
73559723
73433854
73609406
72896863
74347361
75582346
75444337
75503808
73933828
72844248
74528144
73335927
73731818
73683845
74672475
74350313
73399508
73103879
74319238
72554498
73588742
73784744
76719863
72798790
74105375
73802742
74801179
74416792
76315049
74411187
74424033
73347378
73194718
73623997
73449231
73076741
73538193
73334872
73988947
73044874
73089812
74012516
76953587
72625090
72861714
73326390
72992605
74998342
73734456
73676110
72943159
73890984
73680490
77218707
75933061
73292568
73903434
74777357
73411581
73917436
74131880
73483483
73472364
72714435
73163566
74233281
74010712
73082284
73099618
74071079
73423801
73464829
73466845
74071736
73760280
74356167
72759084
76988643
73448681
73464703
74276385
74368175
76167854
75193241
76142019
73020543
74225861
73916300
73947874
73988273
77984851
73988876
73976665
73277318
73070056
74773007
74802871
74306962
72662103
73551920
73292247
73371033
73201707
73729688
75176428
73711956
73252709
73769624
73833973
73590666
74002496
76021514
72770048
76879277
73990024
73166768
73455455
74045369
73824939
74643788
79078328
135706526
147453700
204712059
215625586
284150239
179302815
291611137
161737313
324743003
145566642
344070132
131017291
339854185
96764833
314263045
258521867
382616538
318605046
79491753
251960624
72929968
325742478
254041673
72557028
319342272
222220787
73931743
204511011
288369402
368471719
178357082
74058763
158432880
321726061
80966130
135471720
303062245
115392895
73672049
94645256
77119083
321113666
262978897
80716868
234605443
74606318
73677323
73248118
290986344
225265115
145428863
73210827
213862104
219669332
218452102
142221372
193172285
165418324
272949768
123531273
85097153
241941886
74136241
371630606
255516555
312231232
242166602
74158111
232668312
285505719
240240230
74338573
223453311
74020344
206064025
282616268
171806691
73580897
156980075
291618962
224965928
73503775
142721570
218505334
77208775
123848564
95454000
217825696
76575938
81860904
218217384
74666251
76031883
193841253
169738721
73930445
74091738
167896138
76101154
101529813
159512544
73995740
138425196
131706428
205771412
114246153
129977612
205562904
172775413
157326526
208748679
144153365
214439976
123529604
290032988
179713706
95019447
159659109
285130056
83643522
153768323
276569662
73856844
144117853
263627230
119865880
240164979
81551225
99847917
76011701
256502759
81816517
222458008
76204821
74730458
227239823
74261842
189629697
75095411
74527586
75771893
221929413
172071503
73840373
73996528
156684921
74052772
76048352
151108024
73479252
144506764
121071039
175038681
80471917
123887533
253524019
197836511
229226754
201432633
219621814
284723173
201681987
182853831
165555237
279180959
166762811
155788769
147615202
297079349
123791335
235880341
114077523
102036615
92039111
252442435
85249313
78652166
226441447
77685456
75602821
221514845
74061278
73906039
240072581
75010117
73439388
227518143
78092099
75685993
222667933
74400754
73497718
223246745
74942701
186049183
77603686
167440153
94418977
74544212
168701261
75010974
138578386
125456617
193600227
159672834
204774303
168352715
212534698
153241869
223110264
111110939
180998094
260988415
85401704
156991704
122836941
75868453
270209472
89666770
244211640
74949376
74914848
210142342
74721946
179192939
79526456
169598873
74214001
73318893
153843446
74541428
74697469
139566382
73742736
118438817
74904078
75536618
101956979
74364963
94081801
75049684
76103562
90046932
75177530
77359415
80529072
86012008
77461742
85186962
74684002
74382519
160421936
104451360
170032211
155187059
143052989
118215066
89828436
228823985
78920821
220593256
297452589
191689260
74565022
273893304
167677363
74213960
152819086
279430895
238516501
80091400
129465394
101870784
73942439
88127490
294658521
74744251
266389257
77448475
230038311
74524870
76195524
221475142
74157536
78637061
227395310
73204560
184612806
75429682
77197668
73904565
230423558
76157246
171495324
74607910
166525574
74458287
141093026
157083782
73380120
129711762
112688031
80726932
107363367
248752734
113797692
82385036
235759266
137875737
203006118
73780644
112231359
168370463
90362396
76460163
144162169
77631052
76145252
128087553
74386226
98731236
74631973
82235394
73560081
74276501
75661729
73228972
75424279
74490037
78277225
74205438
73990430
73306654
74676633
77649262
75893001
73909378
74038568
74443041
74901590
73864394
73832786
73451277
73526644
95645281
76070279
187021234
82610621
73872279
217870477
181525660
236028564
77000732
167450115
74572065
252041669
147943295
210211275
74013522
130140298
98361691
243381929
74977694
201162085
81058107
74317064
74520607
214567566
74099668
77051975
205526059
73906003
172649365
74457833
163266834
81554607
73370634
160643095
73510681
73562051
153190925
73262666
75671944
131410799
74384828
73602166
127642372
91906871
75791816
123382180
120669361
75700532
75416605
121905115
201179865
101045681
74585032
211485764
92052024
73376459
166798546
88619669
158629778
73639062
73744421
130949620
74378843
106098677
76268836
86195118
73498843
74139892
74192535
76886463
79419819
73800537
73339805
75974572
78599972
75918035
73205279
75902599
73535814
79179779
74184307
74511638
75714172
74375080
73374760
78763623
74955436
73775781
74246099
74544256
73994976
74985282
73535172
73645415
78076923
78228276
76668888
73057872
74667707
74024043
73493528
74829057
73441053
73397636
73843207
74455395
76753489
74214423
73674182
74233273
73809819
78188972
73641419
73759878
73601207
76807396
79886159
91972764
88903133
73683156
84657344
76142133
75414393
82506454
73539194
73815830
76530017
73690640
73370094
73561318
74730222
73967179
73111483
76442621
74554689
74764304
76578353
73903058
72753393
74807208
73791278
75882023
73934580
73472408
73852763
74857650
74576443
79553164
74226995
73781217
74242173
92578941
77616384
74384984
80862372
74473572
73328880
76748451
73049234
73170768
73026532
74604764
74500025
76195726
73434692
74980623
72988127
74002207
77342851
73363289
74093668
75733929
73784390
76297487
74072194
73654959
74060902
74383825
73384037
73352250
73822717
75012120
75392189
75651663
75602427
73510694
74293706
74165695
74544097
73342340
73678498
73854591
73978516
73398252
78404368
73870307
77335409
75331176
73888519
77254851
73450730
73496441
77193247
73660221
73842707
73142106
73428872
78828117
73398947
73703332
77674132
73671757
74267692
73321739
73277198
74592716
75078934
73106736
74306458
75535542
73676089
73083855
74569909
73362925
73862942
76740786
77603228
73417621
74681747
74704761
75085848
110726108
74059257
78320394
140091227
73840079
73884368
129983859
77733908
118403530
74422269
73293657
103243930
75304641
99860015
75135549
73214731
83096595
75155344
73945690
84986167
73833568
73767936
74108977
73357600
74292397
74651375
74349820
74448334
74539767
75677822
74780341
76200155
73354518
74074982
76178609
73942151
74219450
76529681
75882277
73032896
74686257
74472991
74957183
74326740
73862660
77360085
73305056
74091602
74004129
74501760
77548902
73845957
72341500
74256635
74292782
74442961
73545137
74725251
73371740
73473097
74194170
76984307
72607550
73732755
72736121
73863777
74519137
74170080
72902001
73931393
74147362
73927227
75206238
74938511
73847804
73894122
75308368
73822347
74054360
75052416
73150847
74188365
74709750
73571212
74127948
74714659
79382141
92489853
81676042
92355045
73884217
76781971
81174379
73365788
76583052
75516368
74915624
72744275
74016402
74090964
73911238
75071942
77550336
76577728
73917426
73268401
73784052
75110951
73476945
74274012
73521286
74768853
73926155
73809215
73779560
73558222
74397508
73391706
73685954
73764074
74808911
73529993
75748303
74358704
74435102
73588074
74165255
77423719
94204723
74711623
73425730
79639518
72864308
76742082
78676084
78630809
73982988
73577354
76256887
73537890
74016424
74371554
73689724
74217834
80934803
73543767
73230313
82234326
75380410
73755558
93399950
73622525
73463432
79123654
75237261
73207087
74177093
76453756
73626721
75382341
77448669
73846477
75381692
73779444
74050767
74779662
76391143
73458938
77822724
78043037
77404292
74048873
75905321
75517140
74189363
77808875
76938821
74057362
73317359
75981120
74318371
74798044
74170030
76107505
75744569
73620214
82618994
77256773
76947289
75322959
73866803
75274536
76786966
75840033
73156738
73058612
75128698
74325213
75038579
72944623
73595440
74136779
74160557
73779637
73986837
73789581
76027736
73324658
74689939
73706841
76196795
73882144
78072035
73758844
73778402
74139453
74222679
77657179
73831765
75563105
74163084
73402126
77975903
75843552
73794846
73760173
74143929
73518381
76559309
73705014
74185942
74276893
73460018
77491069
74019945
73153263
73672124
74058061
74848921
75104873
75719735
76443400
73305392
74930253
73667259
74586471
76458311
74000910
74105091
77620773
73742728
74086933
75702949
76332151
79847729
78038524
77392026
77307794
77908620
79631928
76071109
74080887
74238964
75683323
74492009
74334881
73380885
74887280
74134250
74996330
80651945
74062102
72972444
73018857
73632579
74292880
72955008
74236904
73720583
74096782
74660849
74277559
73734152
73945451
74119334
81194826
73973946
74549525
74299584
73668222
74185872
73929224
73941118
74106138
77007859
74681187
77786566
77043102
73359029
73997503
73573678
78274330
73527803
73424658
73804280
116052430
74149877
76578940
152133759
74044958
154605844
77557795
73709241
132527473
75652209
108711565
76493985
91339783
117875166
74097048
73785952
160865792
73486295
73549370
144166347
75487881
74492902
125844104
94938730
74043518
73685951
84377599
74028692
74224848
74880708
76789521
76048069
74055452
74160055
74552790
73925783
77325567
74312123
75551103
75599909
74343988
76453322
77788972
73685109
74679204
74153250
74269138
73552563
73703524
74022794
74187532
75129653
76883527
73623259
74809584
73681856
73282409
74751212
75144260
73988505
77119303
75975587
74976699
75307824
74782203
73725259
75230642
75249940
74567248
73578781
77834604
74623858
74402648
76749976
73582651
73717949
74531201
73819253
78599629
73663344
73726848
76025784
74250503
74199374
78309149
79462036
79909639
84315841
96714228
73697444
74622176
83584831
75113777
73970369
82653573
74596541
75559521
74245710
73943196
73718858
75317202
73827081
76707789
79249235
74557266
73616941
73756469
74320239
73653323
75381061
74315833
73143957
74924876
74245418
73277101
73819916
74181158
77650900
73701194
73836684
74688340
75640623
77136079
74039434
74143839
77906003
77882874
76488262
76645490
73525132
74778772
74245095
73818299
76453938
75207535
73804298
73613669
78883715
74870501
73708217
74769882
73901671
74778561
73535824
73882721
73017895
73551713
74204747
74087749
76414498
76606556
76607346
74563014
75019463
74123437
76550940
74483156
75076069
73225309
76931604
73870419
73776961
73755225
74002612
77451268
73494639
74632934
73529629
73629769
74746895
73950815
77612043
76157496
74008575
75023985
76622692
73778413
74135018
78341145
76225865
73835969
74901589
75645083
73536251
75449537
75008271
77332405
74768439
73673119
74928526
74422884
74754027
72393959
76884705
77657343
72754508
78551086
72934561
73513751
74962836
74888016
75843387
73699977
73831587
74667371
75116202
77815741
72915694
78721561
73331160
73148557
73638681
73346630
73517672
74051047
75120102
74181425
76978255
74230819
74129964
75873772
77047358
78664963
75196191
73143211
77582821
92079269
74797746
75129655
85522786
73537562
73727609
76606196
75443720
77003079
73878156
75407959
75221978
74287944
74413482
73108795
73996304
73837089
77585452
74364258
76260421
73526243
73571236
76632197
74775068
74109124
74192513
73960531
74743324
73444956
73910052
75369840
73622183
73932354
79431012
72566097
73562693
73715342
73702749
73795288
78666327
73688697
73602075
73769590
74061996
74443108
77915930
78631591
99552969
137279041
190637958
214722138
213691175
220798498
196477882
187243885
170140980
229647455
166322156
159656421
218935153
157111980
184172335
137389416
108199968
135561145
189602856
103466533
87825530
158367669
83536149
75528377
163163026
75634976
75295150
142165552
72968748
74251609
129871877
97324005
72866833
73862809
85310152
73469686
76516993
76307119
74400425
73389776
76014644
73259102
73819583
77309749
73844543
74236392
75071177
76834326
114576014
92962795
165069979
203404132
216394711
192977218
218847868
162422330
194887475
241168926
151821260
176678196
208358964
129575779
156062055
179505374
103346159
136232307
180200313
104393730
86075281
166815989
82681710
77262967
145628390
73329616
74014241
137177485
103382387
75812841
74296475
88545827
73845060
73804435
74219411
77095533
74203671
74528583
74042916
74127228
74013740
73893041
74381979
73687587
75385376
78240153
75165100
74046834
80807697
75304181
146447063
193574458
218759797
211437017
237902393
173997115
215734490
159784188
282544012
193690783
164521181
139709424
299822227
229508905
114312733
147265465
90137999
123984862
224279282
97084769
78273963
224035934
81566472
179886321
74243074
74471110
180714685
74187857
156270627
74258193
78184457
154321688
76049490
129205833
74776339
73509495
103197209
78130390
87412579
73607332
73604018
84172877
75119210
74769045
75056037
73540861
79758110
78758796
90254038
103944143
170124478
179321039
213577030
171446116
241330128
217136376
158765866
183393521
163372032
139655493
110014230
244826136
147092219
317322765
86726547
116153510
237890602
91064115
77243757
220364084
80350060
72706608
228221849
74108047
77307582
199435214
73091528
74609662
211352126
77642872
78795269
200407516
73058124
176152280
73043346
78219217
77701795
204240869
159772000
73840273
75808889
164221246
73209504
74157621
155847268
74922883
131977166
157880853
139148668
162420050
205586152
166834783
221382861
257501821
140078410
179496041
96903461
247136974
152493525
81252463
125437056
73596756
99517456
298751126
218924612
84802444
76206219
215658448
73174121
197239535
75757119
76562999
73458560
193680128
73398726
183040335
74993993
154865840
73964753
74443022
154474013
73372718
73799228
138029133
75400980
73491395
131353599
76858380
116967546
72966917
76074678
116210012
73470975
73166206
118277833
86169293
129969249
104348264
81849793
205722590
193007232
185050906
205270951
161006758
194410816
167118677
153247194
230969871
155042338
133098990
207704187
102977666
128000338
204508446
81465339
107450954
87312304
189455087
73168365
74089670
188141624
75067847
157516396
73367486
73450620
73353412
171018831
76467283
73225919
170372481
73802443
75368204
170877624
73648889
145437262
77378526
73925324
132117155
73724954
73774491
131815576
103129860
74728096
80363202
88805010
74107918
82992692
168557348
104605165
171717551
242640706
250165130
225881559
204013760
236109542
275751783
178887248
215101669
154685691
281209135
203797765
129187382
163010837
266482230
109877998
152985134
88365681
287495633
133821706
238731661
78982647
104198621
85683450
258278937
74006409
228002603
73311414
74285490
221874563
74388387
190499479
73812781
164926846
74221632
74354624
168145685
73297809
73637612
157941929
75801389
77309659
161556285
89949516
76776370
143188041
75941832
80007431
139550063
85420147
110297393
72925501
74099098
116243983
74092269
92650793
74620800
75754374
74385029
72970101
73883893
73995504
73079871
74083896
77296047
76375052
75942384
73974470
77512140
75445809
72811821
73945837
75001057
74899808
73538602
73316675
75299022
73974004
74846322
73696269
74338750
74265172
74375556
74140190
84429335
76641986
74178643
73658082
80858353
192157183
183729248
209134043
166636285
228012150
192561583
152770660
184292546
112885909
161688957
85079848
121749442
232776165
171701489
87915046
74401966
168272068
78926408
73839759
144699570
74184660
77008443
153824499
74357110
74174752
133249125
73624375
73912393
125966515
74715429
101197499
73734124
75048580
99663663
74903700
80926666
74303191
77693825
74008497
74343959
74443462
73786898
80104739
73746218
73353273
74262126
73323239
76423403
77420938
73894455
75314362
74395603
73574958
79901504
73922048
73799685
73800275
74767167
74273391
74878269
73982705
75206655
74143005
76002777
74552323
73863123
74147528
75084107
73881425
74533671
73249354
73823081
73629954
74666715
77223496
75120589
73927718
73571427
74457295
77063950
74112537
77779180
76371165
72569935
77818419
75733186
73113972
74667519
74516321
73792525
74298763
73632705
74008840
74398082
74578738
77915600
74939667
74120474
75235886
74028235
78772622
74460355
74066612
73647755
73720552
73727656
74034498
74456596
75254809
73709189
73498171
74419974
73768199
74280304
74362139
75497861
73729817
73625677
74155905
73330444
74096228
77045759
74345720
76976708
73910021
73720520
75459464
73171050
73891849
73579136
92798437
74996439
75113788
79112308
74256886
73691416
73360011
76882157
74361570
74161590
73025220
74269309
73982660
73789508
74270049
73534478
73624811
75001937
73536575
74272894
73779917
74671061
73787396
73860790
73164297
75236184
73828874
73667471
74710894
74543987
77567761
73926058
74588471
81317145
74236201
74232988
73901258
74380802
77639957
73939599
74409363
73518347
76446241
74551775
74067941
73203834
81134702
74133201
73426720
77372640
74524091
75613770
77788370
73536755
74128845
79026381
74394371
75060447
75565278
73059800
74267040
74168206
75934633
74078380
73266720
74378357
74097906
75753775
77515832
73910523
75049834
74514622
76967532
73700963
74974920
77258440
77477236
76772375
74186274
74294172
73757876
73768912
75600031
76611745
74066036
73735824
74652601
73653224
77323505
77045407
74213564
73855589
73979734
75759481
73343096
73508001
73310744
75280548
74849492
74580283
74783423
74483366
73712511
73907316
73625993
74281658
77623281
73312475
73235979
74227227
73490391
77056948
73910278
74528642
78230834
73758160
74042736
73994704
74432941
77325586
76980561
72971361
74164196
74324431
74634734
73650112
73362386
74152123
74904275
74610606
77977056
73639825
73679553
79225119
76006214
74700724
74325548
73888930
74263410
73820643
75134419
79766291
74772871
73817886
73962494
74603865
76294086
77105790
74875484
74034486
74222030
73322327
74164488
75534701
74460844
75113728
77550938
76735190
74027311
75741394
74334812
77711902
73447105
73353439
73860870
73628379
75386719
73976378
75096307
73802076
73595916
73735873
79712856
75567085
77290668
73584211
75398259
74301892
76056269
74139180
75128965
74415269
74018428
76302013
75175478
74829327
74199811
75802730
73974047
78264299
74986302
73833518
73867231
73736509
74654103
73239504
78124896
74902719
77969694
74370258
73779187
74658659
73877133
76583911
73836686
75461278
73340826
73971523
73781907
74453558
73883207
73272826
74729309
74597994
77793507
74241316
74389410
74728197
73692221
75066718
74868850
73416781
75430965
74975517
74274677
74310507
78771682
75048437
74085538
77611237
74173299
74314535
74636278
73243051
73953112
73952385
73650170
74704010
75393102
73698754
77084109
74945276
74860313
77773484
77783878
77702317
75500798
75480597
73126376
75211974
74955925
73929476
75530288
73554787
73096636
74159500
77992605
73064491
73315965
73709892
73224487
74763140
73763033
73646429
72880160
74771481
73012378
73967335
73205872
81565555
77551828
86061746
88934370
73485557
75852455
74581160
76386042
73545221
73054015
74386644
75573309
77919090
78358160
75720937
73820155
74075911
81696081
73768920
73983849
73809745
77757326
77047374
73575535
73725411
74713107
73672774
75780572
76906880
74051364
73229078
75546651
73616960
75128766
100942042
73747157
73678629
124255609
73591890
75348611
126537209
73111642
78125002
128893680
77756993
73598479
123309411
75423645
106315951
74151645
98256125
79427828
73023862
92071503
73255902
74595034
80364669
74163772
74392607
77478036
73417185
73314018
73992864
77607083
74418918
74189294
75097563
76952412
74117646
74451583
78355996
76826231
77685689
74680480
73435975
76063813
74819749
73682404
74490382
74509485
75611325
75211776
74190626
72964202
78611668
73687250
73391493
75215395
74682161
73949653
73932915
74168592
74020173
74147842
73942405
74876628
76580777
73975634
73533146
80123334
73656733
74705514
74362447
74100307
76040973
74671507
74201057
73953447
74026554
74410818
77328740
74429385
73892498
73809969
74233384
74189272
74102712
74549949
73428224
74844072
76010694
74696169
73956827
73670915
74188315
73918083
76912583
74926362
78919558
74298871
74085983
74708998
74239697
74465010
73856615
74679332
77012558
74079896
74517945
74391664
77991539
78551941
74338524
77637163
73810964
74269934
93619433
74073072
74835441
88026301
73745156
74250602
77622768
74446601
78959602
73711419
77609106
74025156
73249761
74129595
72799223
74509494
74721727
73211910
74057660
74242026
78204406
76559352
74794134
75643233
75722797
77420501
74717077
75207443
73964041
73841747
74503836
73628794
77615715
74118093
74217921
74267351
75564514
77889792
74388667
75341258
76006304
73824704
75100736
74379599
74169685
77637552
73510164
75831433
78310325
73994583
73895451
73523153
74285812
74609919
77424267
73441740
74026711
73080740
74214752
74534516
74663964
73930332
73382833
75829998
74087908
73785983
74219368
76806245
78683597
78787658
75870171
76150865
73735484
78917034
76938506
73356350
74582942
75238855
78514556
77837291
74340903
74216945
74170441
73554222
73517993
75238174
77428701
74337811
75599709
73915030
77597637
77345766
74180431
72444319
74368670
77355533
77343885
75413028
74248085
75580729
78177434
73824960
74212704
74243282
73848523
75166383
73670564
74177764
73753448
75168836
74538004
80545783
73932659
73141726
75198267
75114521
77544341
73565545
73326117
75001886
75428229
78342036
77178577
73883425
74171461
73949788
73807888
74584807
74530034
76549206
73951465
74453897
78315125
73985917
75027082
75537983
77717947
77769581
73913148
74570428
74114731
73457244
74648465
75635204
73190260
74407190
77946096
76805399
74343109
78532309
77004853
78491422
74828944
73963421
76071386
73892475
75212761
74475831
77284382
73640710
73702349
77519364
73227494
80116914
73931412
73794131
74605874
74246984
74515782
73348370
74229387
74271447
74176385
73880420
77859432
73716395
73376509
73414459
73692356
73443456
74268300
74136622
75697420
76973982
74371560
74445806
74137099
73413214
73196035
73552926
75031628
73813493
75065882
74988882
74022166
73611389
80058848
135141595
127866417
169586000
200207246
188560521
174527426
201129366
163722961
149430515
214132567
165488460
147875430
128591114
96658520
127349952
196451491
97532104
79931097
157272605
84086935
73865672
169758981
73600170
73556093
141970351
74133476
77496342
133510043
74457968
121453977
74874826
76835285
119618393
75083967
97208163
76129323
75788062
92702492
74370996
73754882
91338061
74699168
74339406
79538121
73734076
72917434
74464343
74970588
79773192
74841892
116603206
191086843
207456583
218163046
201081593
160506953
201816617
132529666
172223301
199153762
275945529
100069189
147885433
201871521
81707065
120891364
175210443
91493182
72996784
174801110
81112106
74161019
149078976
73681368
73495456
140336948
76307213
73228762
124030262
74230532
114910824
74196316
91015907
74074661
76778802
91691611
73753488
72823806
89418605
77925053
73814144
78181167
73921651
73856146
74596497
74534973
73421422
74347255
74793956
174245372
157816781
169369599
200496477
159589092
216239599
146927555
274034686
201960244
178936388
122272200
160973150
204751929
92986732
145100750
80633039
122636573
233217840
181352218
100559810
79315319
170030547
79576164
74121908
166715926
74484987
77534197
146339801
73867934
73486826
127668741
98436297
78031904
77113855
92170077
74610142
74347633
84716227
73367508
74595177
75493621
73579983
77529321
78575728
76205646
73873735
77671982
72758354
92064558
169213582
146258072
226844105
238351135
208168310
236432674
177842201
240652764
223120170
157959844
187964813
128910084
164425875
265685207
203757383
104298790
162057285
85307236
219618964
153923221
74673553
123702249
229894966
171830082
88625463
76162991
155664126
73852948
78305312
142739388
74169112
74307113
133836109
76711986
74885471
124968525
74591043
102989591
75364233
94090857
73328403
74578949
80570492
73135417
73266477
76775360
75243249
80227444
165574539
130766298
218067810
205389171
204164552
191083623
213048416
173895620
198878928
165579153
206053440
163406359
159539361
184301849
146750460
145785014
123767127
183173395
112067239
96742437
169702768
82659054
75919839
144530953
73549710
73797831
129029205
73781556
74586953
129471062
75199978
103794966
76133594
97094536
75803072
74044464
93075965
77478712
73619637
78671038
72495764
76049044
76828470
73254729
74831845
73941120
73788016
75807079
102853458
82242016
156987668
203177887
176988725
210780351
171455850
219383137
255227626
205040650
158302353
185462074
146178415
170969565
212770780
111773567
146556928
105660392
84232155
226722629
168440119
84969635
73836964
73195239
168948518
74868703
73149988
180435036
73947957
149022058
73467033
75061273
138532687
73750758
75838864
125392084
75986962
118192125
74219938
74128729
111045836
73421111
88196941
76665063
73903162
81939747
78547531
84507301
73787817
74756079
80502091
126131973
200481435
243640505
222020906
248746921
284769702
196675662
252030886
192023627
318635598
244888685
269520651
159737661
210048890
136185852
186747056
285390868
243336673
154901733
129845822
95681940
127504826
259904906
103795181
81786786
218705723
84291665
73570883
221402024
75069567
179233725
74179219
161771028
77981034
74731604
151056769
75245143
75419901
134953144
78699810
117940603
73494852
73746033
105205724
73300571
99140027
75827282
81014276
85928427
74024890
74935814
85478519
84294027
73300265
73869386
75666924
75698523
76109907
74076798
73749012
74556669
74081369
73391161
73882929
73673586
75496734
74043526
78696896
73533887
73334529
77908520
78111274
74509567
75696145
73222151
73541430
76481053
77554310
74284008
73602293
73646243
73863515
78324702
74216221
74558204
75423160
83410423
76449835
74303037
81636031
97045061
196273050
207986991
193984952
173156739
214961346
154707044
113490302
224929134
257143067
184045254
200640674
80714519
179763256
115855760
74217356
215927463
219016404
92736949
77091609
182700093
73455715
158449768
75117508
74279791
138542213
73574697
107105717
77901953
87491621
73192753
74872888
77890312
75800557
74072619
74049650
73803389
76317670
74177367
73598488
74520341
74548008
73477241
77034868
73351429
76963944
74626336
75088346
74969896
81934613
77097828
73803512
77788623
76615034
73947939
75065166
73515764
74009251
74714874
73566912
73974688
73796921
73992091
74242000
74475931
75173604
75810926
74106959
74999835
77691313
74018393
73988602
73925984
75268770
81906485
73190759
75626400
73984646
73874825
74231556
75522546
73599196
74637232
75239870
74684729
78216192
76435190
73618622
73584772
75769908
73377342
74098926
77400288
74201671
73760990
76532610
74176183
74048249
79788381
75011772
80800055
74436666
73065598
74097974
74447125
74648223
74681021
73872035
73729814
74866876
75816035
77084086
74071489
74689757
74639977
74597217
78147187
73632502
74369252
74039754
106988422
76978680
119519718
73931502
93653763
75547861
74515554
80857209
78688350
74221335
74634906
75690748
73748653
74205892
73096922
73746660
74696661
73954008
73865646
73184220
75887368
73692916
73976710
75476610
74059374
73451132
75275226
74620313
75009258
74394151
73930875
76169850
73300784
75732788
77975159
76766967
77671277
73778641
73952665
73838533
74008728
73272680
74613890
77520256
73654420
75034198
74690821
77254768
76289691
74382074
73728882
74594193
73886222
74363426
78278801
73686712
73721995
75725107
74534774
74645173
75776507
74030459
74766346
76477443
74614827
75361239
75521559
73743438
75282856
74584326
74108586
76992597
74059997
78312076
77102791
74244367
74405573
74311412
78753290
73456258
73382357
73885543
76220126
74070584
77862564
75143713
74019537
74285575
75087445
78616521
74646168
74203646
74690984
79578704
74596611
74273866
76403425
73985763
73671146
74411593
77092019
75121967
76532277
74456522
73479907
74231332
76532324
74479215
74031669
74857578
75477305
74882839
74700419
74876675
75212872
77783167
74774620
75963385
76155500
77214916
79140832
78113596
74343433
73694364
75417941
78184147
73912822
74526579
74378870
73750102
76284262
76872551
74421923
74756607
73304735
74121723
75314234
73222782
73424640
75637300
76742960
74341430
74777171
74493556
75263471
74611353
73697413
74268161
75099821
75301575
73908836
74723348
75549108
73873236
77221971
74259781
77340729
76707082
77932432
73831251
76082843
77825791
78209721
74161603
76787813
73035368
73259696
75691576
74202475
73074644
75080643
75096007
73955874
78707663
74069356
74060256
74213514
74112619
73663102
75050701
74316060
74965879
73844442
74710915
73933418
74008733
74219616
74568350
74430164
73748509
74203046
74520564
76283298
74300839
74109231
74440650
74312925
73880022
73742317
74413766
74758353
77925956
73556455
73518440
73919726
74513726
73744356
73656772
73803559
75139081
74360449
74123257
73942140
75140251
75082550
73848388
73868413
73921918
79078159
77557738
73636125
73977146
74936192
76323592
74696795
74795960
73799545
74530403
74650027
77253966
74008925
74188584
73456768
75522600
74442496
77996845
75064207
77936167
77210159
78789453
77689283
73848341
75142497
78546816
75777886
74345854
75349295
74169313
73975883
73506425
74164860
75039509
74176528
73788911
79188179
73385497
74082679
74312601
73592274
74030836
73979992
73039618
74113384
74982518
73334847
74401045
77910287
74185974
73445577
76089841
74010024
80006999
76230838
73685810
76543827
76136437
75315167
74034230
74771367
78136981
77444750
73739825
73846051
75515017
73815428
77944408
73438975
73648099
73548514
74579643
77737678
74239661
78310364
74832095
74060073
73886222
81066993
75665429
74365411
74881247
74856452
75212711
74597150
75263941
74015615
78858389
75049704
74482585
86764650
73967088
74225448
76018485
78074880
77611754
113125971
74045237
74445587
154210984
75318055
77297589
146907143
80142603
79364591
151429182
79291645
76308576
126456508
98746477
77252013
73808171
90288973
75245452
74188303
76420895
73271398
74770041
76605587
73730087
75121126
76290396
73216286
75591957
76298864
74647897
76175801
73269149
73841115
74153170
73823840
75273522
74370881
82005987
75099707
73573818
76954718
73628164
73758751
75584126
73592373
74778398
75608651
75078040
78264372
73135510
73536730
73150302
73779434
77004738
73948272
74625847
74484478
73935092
78399477
76435466
74030073
73136933
74345406
74981878
75887595
73669689
74473160
73877134
74342722
74162291
74363303
74768066
73999249
74490590
74299682
74612587
72803284
74354674
74248052
73423198
79116763
74336103
73193080
73874701
73254886
73655086
75747855
77109628
76719373
74721475
77205865
73439419
73395626
74212768
73290290
78026370
74600456
74337838
73374642
74132269
77678584
74309560
77239962
74494796
74015439
73973000
77970845
74777839
73878487
73881784
73166628
74094546
75786548
77991035
73921201
73602090
74244495
73013515
73211175
74686630
73816824
73254043
73637010
75764517
73494454
77089912
74026068
73639292
74980196
76117199
73605468
74400195
77736849
73425271
74183869
76091308
77301874
77677050
76246910
73237657
75751751
73649485
73425792
74065473
74580947
73457291
73713590
77101578
77200435
74765134
73870307
76479525
73700453
74198490
74772083
73762039
74536542
74947474
73919934
74454375
74945922
75042513
74472821
75689156
73907362
73401880
74852690
74694920
74527476
73295802
75141953
73779337
78423167
75001607
80766233
73451920
75207115
73867401
76033250
77505054
74132144
73635217
73311740
73149490
73501652
74171525
75179365
73394226
76523952
73348077
73487565
73604698
73803474
78669833
75187609
74983386
74189599
74175886
74291059
72844752
74045260
73900193
73906569
73842355
74138136
73781223
73791335
73970408
73859834
73654165
73920706
73913168
74448858
73743818
73624944
74187517
76988022
74964712
73787626
73293227
73335391
78845707
74095480
74184374
73709800
73801176
73368231
75873145
73563471
74735224
73943311
76427064
73269787
73678015
73534661
73691086
73847794
75095015
77432857
76258109
74880262
73988635
73512949
74961205
73789444
73998110
73422980
73329969
73844202
74310800
73719920
73996155
74162634
74310863
75578543
73394097
76358879
74105167
76634758
74099765
73836290
73969216
74402938
77018524
75019710
74280807
73666547
74090065
74221033
73651587
76018568
74590384
73871299
73616163
77557547
73535830
74048100
73040871
74675685
74360788
73648011
73554893
74162399
77124315
75457494
73452179
74183702
76786762
74787542
74415732
73523521
75926540
78201095
74070584
73925112
74061989
74231932
74479002
74844560
94791631
77520973
74894259
77102992
73952465
74043071
77218113
73542343
76475385
72993388
74289520
79662288
85054660
96015686
89862822
73897766
80159877
76406388
73866199
82850136
73501738
74146246
78713647
82431214
109647218
164866739
192253142
177809092
175174602
204956093
255190777
181209511
164000118
144347813
166475307
150400359
128570992
95208400
127348512
171636651
99209176
86691792
146240744
85040052
75742665
147556080
77533087
77473293
136585440
77052239
109585578
76137212
92380709
73575242
77319057
90819383
74016525
74241963
81143190
75006606
74309307
72983393
75524411
74318172
78470225
73427736
73855129
72794435
74731561
74138642
74350799
76986227
81911627
136894466
183101816
193234217
236294855
232832172
212096125
177811513
203849628
238165597
177510025
164857099
237448174
163103003
141507879
203146949
105137758
140472172
171675228
102247949
77328599
160111306
81859232
76126023
129780392
73761709
78657167
128332423
73040968
122798353
74775934
91284921
73988149
73920033
86200059
73728159
72883811
77960311
74696395
73942170
74003454
73696264
72821694
73842253
74816673
72890177
73556369
74439511
77153074
80603325
107714055
171713793
182882109
215668476
217707430
179266420
238711921
225337657
204552941
162911323
202978547
145860113
173469612
207315182
121646658
169984198
154650800
88942954
132872546
155542174
77264049
109543311
161103166
88224072
76426183
153343711
76185909
73958161
128534484
74804615
73183006
120042893
96183160
74947334
75270674
90673125
73933656
73310478
79840751
73433506
75392210
74725233
74590136
73690364
74493676
77733603
73560954
100230883
74566264
95290185
128602221
166458487
240442903
225106780
235698457
265074819
243587293
219442387
285293889
223008840
203808311
279807696
195720981
173850466
224389257
171239153
156138106
237863596
128386102
153327434
200379705
102327982
135522628
187971738
105756518
84726265
82120078
74787427
205957667
158193352
74068962
73926834
162952131
75607191
76499758
141321998
74462490
77625251
133762082
73985903
76339997
121776980
78168192
74883678
120848161
73970086
99872741
74490945
94896030
74827672
170083161
153271887
179151261
228996677
199116669
224082561
180969356
168474107
293447191
161503977
146761784
286779597
239364300
132098788
111428293
101876275
212427258
85383438
81772378
77246528
210891016
74278908
186926746
73924185
162926644
76662651
73075043
158248492
73897859
77744314
146088247
73804855
114763730
74245332
73797926
98834699
73559282
90124543
75515150
73866369
89770903
77725764
74162400
92853170
73146680
74608638
75187134
74451912
73758262
128388728
170811411
190758970
196974144
171168958
223065816
155596913
201819939
226609342
136396175
175483461
221529541
106528748
173183128
155105436
84569801
126079906
176749910
92800284
77138881
166313879
82818593
74560768
151585329
77664617
74039970
148480531
73806166
75676382
125037599
74145250
119416728
74962349
92619456
74314979
77625417
92409305
73780486
73832299
75861961
73736862
73625610
73287641
73650884
73977604
73391906
74639044
73217554
103109193
122486182
122204448
223927030
236305971
238977483
224581605
272789894
267633477
200751556
247124829
292719635
179379977
220379867
160395675
212552963
319959241
146740768
183572168
281575241
115685580
248959638
162324544
88282289
229579740
135235909
74520978
106020022
248201717
87291443
203556575
77581693
76806260
74931561
230250764
75943963
176248609
74532304
75708975
192462189
74085798
156186682
77303780
74784895
147455007
74940411
74233656
141152129
73728854
123907033
81788428
82484038
114849193
73603194
73994426
101614047
77290014
73793769
106083609
73907429
89608115
78819771
75505619
84492677
75410437
76662970
75432397
73513115
73626105
76718021
74664737
75891682
76694851
73107424
73748051
73139644
75616283
74180683
75348578
74810713
73420733
75495984
74432176
73617163
75014610
74059998
73940638
73947719
73919745
79625674
73307623
76117907
74798585
183646531
183779029
162625905
208897276
167511591
232589345
154662222
218829328
202402390
130813429
184252121
213534887
104644287
158520069
83679760
206404708
134995664
168907156
74565287
110252821
170801873
87706026
74612701
157135067
74437621
75788105
166167962
74507767
75923929
193007225
73852138
170461896
73933218
74419270
181038784
74048575
150523181
76944982
73731541
147321997
74585363
122697344
77040438
101749331
75642724
79622218
88468077
74539006
73994205
77334601
78067624
77634544
76663966
74126979
74132765
73693717
74075044
73834034
73904291
74207452
77731702
85539858
74329690
73803874
82394050
74231267
73864109
74566114
73375007
76366167
73420590
75115315
74378396
73164548
73542844
73336022
73442940
74220351
73731075
74805384
75799594
74834381
75474239
77155294
77549891
78057800
74402332
77145798
74702045
74284409
87839819
78815017
77773953
74341287
74238937
73799795
76196227
74273481
76815598
73912720
73938143
74105202
74225656
79791985
73433300
74881102
74447611
73316398
74242343
73423062
72915815
73626046
77522707
73798282
76669556
73827244
73914254
73282760
76607376
73090227
74573240
73540888
73490390
73366703
73597108
81544424
79569378
85465545
89471413
74646650
73508941
76065036
74105692
73573937
74526397
74221514
73695844
75797758
74228285
73610954
75301501
75282518
74407368
73260608
73120756
73724447
73875214
76303463
76215842
74106096
74573921
73607974
75540181
76340862
73208949
75543732
77538461
73582465
74514613
73546963
74589214
73665888
75158716
75423190
76837545
74364170
73528293
74177057
75418007
74301619
77718632
75164715
75019179
73632324
73619228
77514963
74635243
74606098
73679990
77931178
75237488
73767101
74618581
73693464
74147752
73593309
78017048
73857870
77526892
74574905
76299783
74484275
74345849
73759396
73846008
77921731
73821115
74295977
74820005
74676633
74572728
73919297
75653081
77457062
74911238
73899452
74768306
74577285
75860800
75111076
74762039
73975530
76965717
75881012
75457232
73401430
74646464
77267519
74165849
74769212
73411145
73698188
75811435
74079264
77778282
76365189
73983917
73482168
80158420
74231998
74482034
74963432
74126017
76803801
74012293
76637879
76748486
73672566
74353770
74128021
75719082
73082790
74265190
79469670
74260761
73847016
76431091
73768789
73530285
74087745
79603821
73970658
74456832
74790850
81739210
74482043
77352636
76110580
73812411
78134357
74478025
75384740
73218734
74750802
92226420
73491265
73978483
89486605
74447898
73654512
82597148
74856010
76672252
75819144
76492489
76113465
75815271
76738190
76840695
74621753
74823060
73626592
74069850
73666856
74795557
73764357
74402172
72862749
75389653
74006290
74854907
74280053
74151347
73562401
74650651
74277394
76606483
74610034
73471174
72883714
73839042
77833093
74406704
75129036
73586091
73342617
73432009
73562151
73854597
78708534
74680665
76501907
76838790
74735845
76828715
75293777
74026449
86082129
74304710
73511093
75632919
73751691
73919105
74014593
74230338
75420290
74149551
74546034
73670389
74936817
74253492
73770328
74925118
78160914
77416841
74638678
74286746
74693348
76327553
75440796
74265142
74270259
73782414
75746800
73598857
73173340
74545015
74717312
74035187
73241902
74478562
73479011
76273842
73861603
75745106
74843341
75156514
73379723
74286746
74546969
74765314
75298581
74108464
73901217
74443057
76416529
73620549
73921268
74470398
73739407
74130475
74313428
73362311
73849813
74108930
73415326
73789066
74977618
74808001
74513514
75992706
74715473
74994975
75245021
78128392
73605277
75602496
73646822
74056221
73286888
74329121
74414949
74545819
74773293
74605308
74531550
73821476
73483235
75929234
73686161
73820749
73888815
74669098
75571092
73616818
74938287
78202806
74301518
74400035
73260746
74488130
75005733
77885548
73630410
74418696
73488798
74111006
74754479
74753487
77210890
75133131
75021050
74135224
74293262
78329283
74380922
74280221
74124258
75221830
76441475
75766352
75003209
76434309
73624986
75481284
74193261
74028653
73685317
73842681
73781012
77929054
79413822
80443757
76531125
81364426
74624193
74185460
73591102
74131437
73961176
76341981
74417851
74740671
74236565
75090825
74642329
74303152
87933121
85787998
89333890
94399760
76999443
75933595
74287224
74730202
74124396
73788254
75194711
73191199
76989528
73470738
74272117
73056949
75555323
73152716
73946690
75002459
73083821
75266188
74210025
73813874
74606303
73965086
73778099
74376602
73413178
73127497
74608739
74080559
77591298
74533737
75398135
73408706
76583272
74166763
74119739
74313321
75034042
76830418
74017530
74806276
75796291
77744268
74794587
73660818
73899394
74239350
80653918
73806532
74149444
73272880
73501304
75513695
73887106
74195427
74353073
73872916
77933342
73595123
73929752
75211108
79082118
73100620
73635627
76806657
74129547
73787823
74190045
73674284
74253521
76854070
73287390
73832993
78038419
73090056
74535550
74213983
73388847
73216421
74565226
72724463
77267994
73678543
90536842
77470708
80449166
81034096
74489958
77885120
78121206
73557460
74050713
73608289
73724638
74235077
73216407
73567992
77084523
73194989
73881975
76362482
74532227
73755103
77535410
74819856
75190565
74900310
73732766
74357951
74249710
73656700
73946618
75533213
74368345
73314361
73553326
77458319
77585487
73886925
74202284
74243598
77164797
73538902
74142011
73665233
78253339
77119892
74047788
74365650
73624463
73734327
78754936
73354803
75386292
73396687
73603719
74246213
73498775
74115895
74542886
77682042
76939414
80086112
73570403
78800192
73418770
76013818
73687644
74417038
73412973
74328848
73620077
75517756
76438273
74163261
74819040
76035385
73532361
73435372
74493982
77068617
76880287
74380363
73645741
76565733
74821199
78262811
73624697
78101298
79258955
77229821
73869880
74683201
78339933
75511765
75340752
77146432
74397557
74889755
78310530
75022293
76349922
74927097
74807514
84715090
74696678
74448770
74946239
74004233
74469711
73837641
76422936
77472058
74177878
74399783
76512471
73871890
74284912
74901313
73392028
73942974
73249371
73389544
73693529
76547647
74327280
73844915
73735242
77541783
74534578
78076640
74307256
74885275
74912673
73752712
77340507
74426160
73968994
73424188
73697008
77928199
74308926
75434180
75214723
73542992
73662172
78419351
76429665
73983924
77677750
77121383
74746222
76532096
76803045
73949972
79796677
79132717
74616102
99264618
74361201
81540677
74869450
74784027
73623169
73279507
74535161
73954901
73015537
78943403
74241886
77393101
76065265
78827029
73210005
73754879
76722679
75223593
79749160
75390070
73158341
74376139
74139847
78027157
73955132
73886779
73710965
74106232
74340414
76020598
75408973
74414562
76192723
74761851
75778555
74102488
74571871
73819905
73407115
73953746
75416057
74058790
75085967
74464828
75926124
73609308
76214770
73969300
73337341
78923796
89093523
141649873
167791666
241220638
220259845
220669336
213009254
216667890
195302192
195519391
183522018
171295506
165564089
155755578
229161097
151800800
174890633
137841014
126744483
115673764
184323491
102750137
91359417
170803145
84140834
77191086
149655202
73813456
74295079
133010031
74019687
122739034
75884645
76102621
105011374
75688722
86411892
74317246
75382241
74088300
74235927
74468117
78590591
74467966
73909912
74773348
73997904
73769758
80291660
107479009
145512320
185766106
221979755
218213713
223023356
203398886
254249261
171701151
196044192
237056348
168037862
157350552
211125545
150696740
145519422
224330889
133302889
122400175
182390846
107189268
90945145
87086056
184929887
75109381
152302530
73071363
74523510
145396007
73354733
74583827
144866299
75934433
74151365
129257143
74990540
74017464
121484287
73023131
115654932
74229026
93230051
77050443
74192056
97619467
75079030
73412285
81649213
73435610
76335767
81283812
155157202
155097702
193136393
207490323
192312094
160439702
187325158
160876266
142787622
206049065
276374821
138086517
111589613
187325815
105988358
88584298
155382793
86681381
78190053
160508166
80034405
75978159
131311693
74091949
111079511
74689133
78309344
103927491
78888918
79102664
73967522
74794954
73491089
79442129
73677263
73475163
78232490
74867399
73857103
74528677
74088503
72827811
73519066
73777280
76511733
73067174
73205011
73157475
108351669
170746211
178064717
198598081
230323284
211091824
196096054
166151432
295172950
170335672
231030225
155301566
151495744
131202930
232875838
132410932
105066603
211217282
107373323
84939559
87778236
232469201
72818369
179750941
76603904
161790176
76944015
74569065
145835415
73716239
73989712
161869215
74144262
74356884
140211623
75007429
73668803
132110141
73482766
116538886
77530428
73750829
103370295
76909000
73096402
99793775
75584653
95574610
78049553
138744463
116365342
165946750
214283740
215173725
201885543
273135517
180467908
178664056
256107266
166821869
162514525
228739234
149344555
144628510
131112275
114685460
270723239
100166792
205563425
89516397
83730685
190459696
80368164
73749016
179672189
73720789
74056526
73662843
190557518
161725715
73767302
74661055
154061793
74046147
74026704
144392265
73250749
73478687
133701194
78099044
74859480
130807369
74583344
119838683
73963884
73549226
100837047
75154888
101026815
82693099
171885323
187445723
212667763
221764488
207935160
179573528
171072190
157875591
291531393
231118163
156515525
143499294
136907656
123064307
249755583
91640358
117104756
88479470
258917508
80018766
217794736
73901841
75288133
224480929
171683570
73584637
74417967
74732732
174102048
74078035
144622780
73432055
74142274
145663688
73943285
73548336
131262656
73519985
111968580
73776462
95604054
75585504
73981408
84184666
74235073
83053787
81798936
74094559
83299590
133134109
195547839
211838140
239505759
263914590
241339807
207622906
242389135
297319232
211370110
193009645
273905914
170370502
237388840
216412403
152444861
183974494
237940111
126604845
163433573
207803741
95165990
148141204
80893472
128323064
241454623
193476122
74977578
99043588
82773768
74906579
201302656
159636044
73689634
74741699
161102157
77175494
79058171
155088109
74481088
121239589
74401172
100198283
81623446
75000775
80166555
73819256
74184705
75213016
73180650
81981923
78257624
83523918
73416380
77035057
77026673
73904834
77776956
74292442
74672511
74720773
73692319
74028752
74376409
73955631
73996079
78334653
75781074
105133903
73306750
86063488
74566674
72596101
76687355
74549135
73896101
74500708
75515752
78649786
74530910
78737539
73577354
73755545
73902944
73259938
78579529
76179872
77122601
73613443
94278603
78145130
148560734
187015214
191266104
186252077
227806023
150526041
209357396
115682712
268610452
170014979
86790102
239882333
150543818
72654018
130900611
228644688
73727707
103691463
201096686
84589139
73233230
211832341
72764905
172738436
78553231
182792841
76186713
148640210
78411693
76365392
165756730
74071827
74130902
144207069
78176255
72933003
133175247
73519348
73309387
126536114
74074004
109156900
72904902
93823950
76459253
79740958
87128768
74179591
74229468
76718704
73694679
73628672
73600931
74237542
74970460
73691656
74654317
73401810
73805920
73951196
74916359
72884606
73995150
74821586
73652735
74367393
74816198
74662230
74428949
73827107
75453964
74091800
75987410
74055573
73569250
74503502
73266788
74047894
74344490
76214677
73831673
75002080
77540574
76838498
74106753
77564611
74027097
73742285
73473704
74527244
75049687
74888570
73335390
73254001
73740567
73799526
75179770
91281483
75364651
73570174
86214672
73546118
73776216
81707104
73391278
74203022
73858270
74877414
73358873
73373490
74267748
78526041
73658811
75282856
76671119
77393335
77829633
73946784
77362628
73194981
76396564
75577913
75818905
74030627
74416001
72933136
73811976
83083967
72584436
76803221
81636674
72550852
74998877
75679814
72913464
74357786
73334634
73918690
73672011
73824450
72625428
73730285
74999794
73606946
74690019
75053009
76186324
73739419
75548276
74256363
76149344
73844916
74550816
77591498
77584551
73729668
74529667
73954469
81783369
77838565
73641733
74319058
74297815
73726794
75950645
77276998
73358349
73775496
73539981
81443256
76238304
99343364
83496871
75527292
78778000
76835590
74333886
75625364
76160842
74260772
73320175
76076694
74479642
73324352
77053864
74147991
73221008
74017784
74297768
74687601
75880913
76691000
77234299
79794551
78009744
73901439
75947848
75617511
74224846
82049594
74143225
74637195
74988046
75364214
78784340
76603603
74791331
76763748
75202736
78339513
79390858
74892500
73952892
74101598
75001606
73591460
73317123
74291001
73572093
75919468
74915720
75786415
74102290
74201905
74520083
75620357
75267636
73496064
75244800
75672925
73716795
73877502
75067761
73969398
74736134
74836421
78468509
75610927
74551053
75103609
75159577
79140168
73906414
74007936
75689068
73803722
77727704
77632314
75454910
74017788
74696947
73779370
77419445
74365798
75627946
78635394
77776829
74616995
75432493
74723526
74880679
73919010
74671047
73760744
76448825
74529986
74429534
79427358
77498415
74443819
76219726
76320871
73961385
73515035
73941816
73634454
74585336
74041556
78162106
73940153
73889878
74609356
75595382
78465466
73170450
73816330
75817398
73483292
75516458
77134605
73337884
73580864
74613126
73943884
79634062
74192002
73699399
72994385
75697794
77747563
73569315
74502541
75297718
76077897
74369899
76216783
73919605
73827799
73817862
73679887
74189921
73816954
73559582
73950524
72961273
74998995
74225937
73722350
75339793
73592012
72865410
77856767
73573362
74152228
73861583
74644079
76420291
75206318
74219453
77490745
74341713
73797040
73299841
75609399
73630520
73147226
77015414
77477800
73910049
74399933
74527197
73561060
73548519
74770737
74267017
73696083
73831536
73463332
75180135
74017907
75963729
75622004
73998101
74175143
74205695
74019889
74733505
73022224
74118472
75239226
76953391
73626028
73688807
73355773
78507029
75199023
73595249
74094997
73662310
73814954
73575617
75024019
73403524
76109926
74438764
73878499
73624067
77249369
75508330
74541018
74784324
74875177
75112217
74376007
74674505
79986827
90637904
88479804
89720389
73877245
74659432
74359734
74798383
75126973
73883594
74415193
74701256
76987295
75450664
73876849
75700064
73545011
74689560
77291603
74791416
74375496
73105270
73761353
79147186
73791177
79587550
75636056
74157893
74169467
74714164
73677002
73538345
74594351
73729572
78610821
75622575
75417373
74526016
74000300
74523512
78033705
73729787
76617154
74762552
74984668
73802382
74441394
75684099
73389069
73457449
74545084
74520465
78268078
76558590
77843302
79663857
78400313
102430921
78309899
87899431
78993087
73967329
74269679
75308713
74344308
79500670
73979906
75850047
73245899
74950057
74230782
75485457
74369396
74637956
74267840
73499305
76820841
73486656
75066430
78014721
73537621
74571977
73768770
74247015
73194170
72872319
74850219
74547483
74868825
73730727
74115352
75293783
76637674
73471033
73906577
75057847
73825330
73878847
74670635
73722498
76261730
74580194
75887198
73538131
74637764
75779771
75424177
75699423
75439443
73833712
74449001
73884487
74196623
74288381
78449517
73569644
75612189
74259559
80426162
74054134
73104753
73801280
75536361
74353936
74857667
73731804
74301172
74015919
74608225
74740504
74025430
74624792
73561025
75364151
75167820
73526987
74069290
76175001
91440176
73858201
77485978
79805465
74109583
75189910
76483769
73086523
74694211
75295955
74075765
80728881
74443650
72918900
74701338
74393246
73385237
74025901
73640339
74008679
74730318
74029675
77792130
74132985
74182964
73662355
75249325
75946635
73621907
75248793
76109064
74522177
74263322
78181398
76994749
74870447
75101592
75972101
75561783
73934864
74283463
73594726
74742284
73922203
74478641
74935398
74659707
74326943
73936633
74917268
75316163
75252895
73163761
75504655
74387915
73535854
74318307
75637816
74326703
74474834
73631356
79410593
74476148
74430930
76314272
75004891
73461739
78382608
74974296
74838586
74560628
74444478
73546197
74889800
74461531
73473620
73968558
73806506
74508571
74142873
75233128
73968496
76565414
74207232
72912952
73247727
80269801
76455529
74760867
75545921
75797231
74315927
79100683
73600149
77202670
74634048
73128373
74473102
74061673
72979724
73034754
75840797
77195892
80996653
74352467
73225122
77134171
76856940
74494962
74159144
79873503
73284885
73570268
74298451
74165072
76149385
75323578
74046881
74053564
75683859
74070664
74217866
77703811
78906504
74552078
74682248
74130457
74438720
75193073
77032513
74493570
74497683
78349746
73753569
78140535
74298394
73395600
73712250
73215650
74277235
77659518
74076023
73575897
74679812
74756989
77288391
74522776
74640400
74222950
77079674
74564607
73846384
73978617
73807594
74185550
74915807
73941280
74114621
76784822
76935501
72897819
76171588
74354073
74115969
74626451
74222430
74162082
75088000
75210851
75169933
75365751
81103348
74234453
74127006
73573388
73703367
78323056
74644257
74162138
73631942
74283885
74560378
74282461
74091312
75866563
73912852
73547831
77293797
74369605
74739588
74809371
75403981
74267088
74394113
74262290
73603664
74522223
77620000
73854656
78062787
74897924
74043416
74415028
74921590
74359099
74168097
74634164
83449334
113535728
155837148
182047870
192792054
191212758
174596692
139607356
170040705
243832494
118458497
167948601
149262206
111761340
90018688
179661329
85534330
73418115
145814085
73919718
76343031
149592985
74502798
105085291
106715384
77975142
74367219
135327594
76689311
108547258
74097479
87321627
73916223
74428305
77011168
73337442
74129021
73386004
75892442
74134461
74857233
74567417
73803561
75617737
73547830
74471654
77401649
75139870
74362638
87384699
82525466
168524750
181696182
203727384
184367763
237364796
155576137
214220429
242267218
182607353
127792572
186388035
100121664
154650046
82645824
211451668
138811228
180209380
73449047
116379074
160959155
92413680
74451383
151086551
76698807
75436530
126681429
74456089
75191813
122488676
99823967
76504276
75558875
96602487
75649191
73349026
78087331
75658214
77635640
75012821
77751738
75027620
74357252
78947124
74160835
76956386
74102945
83423318
76113330
83673490
178698968
191268641
192299796
214253830
172397204
225032035
212834017
194198339
180641861
159300268
135848184
162428941
195669480
103792370
144046197
176955131
102608886
86331940
150135474
83993923
74373582
142828064
74481191
111093396
74873451
93639602
75269888
74554479
73972298
73905306
74106883
73739544
77923101
76009699
74036797
77057519
77968361
74528187
78244114
73869390
74439913
73490301
76746039
78032815
74372224
76225767
78243652
77107259
172586576
173925018
202501401
232792864
250467107
211450023
237414899
171090527
236504884
218705502
158639577
183681900
231909922
129401867
162125901
91919855
225772395
134689484
96711732
202673781
78318524
181463988
81228254
73631084
150699134
78208368
77949067
141354161
73794162
118408634
75865134
74364269
114370669
74822795
91529832
75424755
73931872
98791348
75162256
82360498
86867910
74792207
74544411
75346269
73651254
74491815
74171183
74237479
128677463
171372154
156145392
221538151
236718657
194595939
223926128
169939314
221027708
201717042
168628255
154132363
219050222
150727571
178873320
134312142
106928775
143297904
180310328
91252479
121425475
156260649
96379074
75339709
144129005
80990270
74039789
131697838
99017652
75835251
75431174
75023508
99311680
75502357
89276838
75288413
74289078
85162837
74133774
74100914
76176781
78804383
75263816
74299290
73322987
74837267
74111028
74814761
93015083
77495560
82312141
151927047
199224790
154721902
203398882
173333043
223577079
214423065
193989916
182187132
161173061
164471105
143302228
194217846
113443313
143526821
177255319
90889230
124102793
182231705
91081603
74550600
157262477
75018275
74007051
131479687
72804583
118098196
73543668
83750310
121610598
87823563
75638537
146613842
76949116
75041847
146560239
77930365
74090005
125446073
77806169
114815708
74344621
90739285
72047567
76876992
83163373
75794825
74188239
81516530
172698320
219153525
212401613
263763835
236118841
211821992
258911072
289200631
209143049
243058703
280135120
165123377
216087158
252346298
150960993
192181623
132806177
254827500
160305571
94347871
228377719
137470587
103605377
77077329
218548754
83657966
76430889
76257271
261853232
76737747
193427391
74060689
75221598
204623343
72933123
176248638
73771649
74182587
192106276
77824018
155799334
74614090
128593967
76296742
73244120
104910979
74447832
81993976
73172219
73513083
89011188
83447680
74667301
82790766
75356675
75471292
74755494
73579749
74345933
76722062
73822507
73857403
75752036
74477674
74716000
74054640
73755204
82350099
76034564
77070691
74713282
74225394
74326648
74736675
73769867
74105082
74400270
74815384
111113182
78203509
74754992
136199313
75575571
112064964
73532067
89398863
76036143
111934333
73603896
156722905
195144815
168781061
192053762
160281294
231263790
148244445
281268773
218273558
202265625
119810763
173452599
90385066
232757522
181959125
165380299
89849942
140750682
153168430
89170625
91754964
150158770
74307690
73978371
124749889
75986203
101133805
73471520
83944017
74209969
76785268
75125057
78438681
76176122
76177018
74242559
74750092
74291169
75033807
73519678
73540558
73926147
74858382
74249665
74068764
74122022
75095789
73709068
75773984
77011772
74857592
77722658
75104257
73021180
107948772
79943812
73270305
149276985
76205897
120247894
77876444
93979146
74517874
75375108
91758386
78396831
74688679
85601577
75647176
75465255
78546287
74999769
77904784
73208651
74021425
73807095
74113874
78027827
77959234
73012395
73954249
76286738
78457314
75005340
74199426
73989331
73824289
74456961
82148351
76344365
76815431
72995927
74236151
77382601
73038612
74382048
73875479
73024941
74548766
74354257
75031499
77758249
74502450
73488559
77698774
77870395
78118457
77950816
73528801
75360534
74698833
111898469
76850395
73858814
140874843
76385971
118937010
73986713
92384579
72846993
73515687
79923626
74169673
77212972
73505836
74793441
78429282
73676777
77596671
75520699
74849459
75184059
74513849
73680682
74554658
74711431
74327973
74207550
73977457
75550174
73736870
73946720
74342683
74905110
73810858
76001758
76904319
73495263
75338266
75902159
74333335
73622604
78032742
75292860
74219364
73529593
73933608
73740615
73336430
74564056
74526384
76482905
75324028
73511692
74327231
74262184
77595769
75174206
75142085
74755058
77398527
73846811
74685065
79840011
73982852
74389137
75414037
73545077
74937325
75985860
74992116
73593031
73744617
74121889
77749458
74283104
73296267
74029871
74720264
74631192
73544396
74937017
74923818
74452894
74112805
74430049
74702901
74236229
74476965
76092658
74006642
73600480
74546834
73908860
75477220
74119755
74354034
73486945
75709187
74367524
74848221
74656798
74559569
73823736
73893420
75813019
73529444
74001538
74606661
73911798
73821992
75732922
74882730
73754185
74199297
77566398
75373389
78830528
75603286
73693566
73185483
73574491
74195122
74956264
75608826
73951585
76213862
74617779
73566603
77082632
74508065
73936994
73546221
78303732
78393794
73131668
75011689
74245040
76845372
75072959
74036491
74827613
74503371
74606254
74033335
73718006
74316005
73714839
73913846
73745107
74387419
73870229
73425916
73417458
73810499
75557115
78102944
76829393
73920777
76308006
75406298
74572296
73635581
73779849
75236002
78339721
91966701
73247476
74003124
78512838
77113934
74662391
72185103
75171715
73833739
77916242
74730388
74518983
72916134
78135867
76744417
75252313
74310812
74616147
73373297
73816484
79247613
72610462
76240370
73078094
74419842
74639332
74440381
73711351
74680573
74112557
73008492
74147894
77831659
73277821
74177848
73653054
71918952
74015927
73819473
72278969
74543571
74358954
73446461
73308104
72867361
74435288
80343329
78417334
74079527
73897399
73484901
77391263
73533479
73713914
72415638
74177874
74100479
75222412
73275685
75826452
74031784
74536073
77089842
72460983
75014056
73275948
76956146
73607766
73353403
73882559
74529575
74289448
73206698
74265200
74641324
73410474
78033520
73555730
73917577
74785691
74848158
75086159
74974274
74738482
72860998
74107503
73715984
73712127
81018469
73795706
73669114
73754069
73548518
77740842
75009927
74630962
74292980
73084112
73713372
73705980
74563043
75189752
73975280
75981854
77944312
76201680
75266009
77214355
73623807
74168387
77521141
73871721
74405700
74627254
76748880
73857013
74510080
73607934
74052580
74634657
74615050
73940979
74679818
73650397
73644334
75310455
78738269
74303918
74479881
74856480
77023322
74564145
76571474
74290874
74711702
76136127
74848787
76580749
74107592
73835343
75572087
72390484
74830806
74826469
74170333
74025513
77790222
74461000
74394162
74394473
73789072
74267479
73723182
74549989
74617958
76082985
74869512
73873414
75115915
75761083
73743987
74903518
74660900
74426151
73613808
73525153
79405225
102560397
79297518
88575169
76695652
74169351
77745373
75050593
73108976
75950316
75400438
78459221
74017306
75130259
73241829
74826965
75598553
77571827
73367488
73168978
74095510
74571478
76907808
71441461
74468806
72765469
72042203
74469566
74009350
77276474
77419719
77390318
72349830
73998878
75965724
75753658
73455410
74828604
74801650
74189191
74200068
73665032
74263324
73504027
72697891
73696694
72904939
74658042
78095414
74928782
72934408
77130076
80004004
77117834
76788080
81897260
83011428
74823883
73299864
74817146
73128093
73569038
73878187
78609637
77356953
74121627
78108552
75461441
74947279
74445851
73341992
73748659
75064973
73665524
74029586
74723140
73190929
74078761
73710899
73888712
74337024
74122349
76106904
74228019
74064770
73792842
75280295
76463341
74781476
79767382
73830151
74207837
74072524
73354010
78090662
74338490
73118340
75339170
73048336
73409922
75467589
74882189
74175734
73544784
75234649
76743580
73752785
74512928
74517731
75057313
74578545
73743271
77204203
73899012
74437561
73967017
75932224
76579566
73800801
73973104
74094542
73733858
72975903
73985966
73739272
75503118
76930355
77863988
73712984
74191117
74628412
77224964
75440951
82551013
90928761
91452465
77869269
77866567
74478101
76987082
73204438
74355663
74175433
75588215
74052991
73613809
81993197
75249228
74004581
81807232
75660039
75214166
73910994
75644509
74637076
74940629
76710981
73900922
73925216
74093346
74681200
77633499
75041343
74066644
74044693
73773939
73940617
74193610
73959524
74014079
75628723
74543552
78266889
73719508
78469338
73680274
77840491
81211933
75310909
74441585
72836544
75015153
73806650
74218634
74571177
74687461
72865434
74518517
77033732
73164534
73755745
74489729
73232866
74940057
74493234
73933573
73538362
75834824
75696338
75598609
74620665
74078294
74539695
74305502
74117866
73922688
77959091
73230732
74287363
74445742
73051019
73474994
73713316
74877432
77834661
78341828
73774733
73600046
74472582
77060998
74507095
74216319
74579227
73517293
74171394
74365558
75301930
74185527
73598949
76975344
77934119
73951637
74278378
74435013
73541167
74695506
74141849
73844381
73578569
73809563
76100554
74301729
76623221
73670203
77710131
73701766
73835989
75072430
73899753
74908295
76983293
75580701
74587673
73986252
74017087
75364634
78244945
75039057
73127879
74298214
75684966
77662586
74897962
73080790
74538070
75404280
74440501
72881987
74659686
73575864
74956268
74442078
81435489
79026693
107793924
148079797
173543848
181563452
201814952
179498371
234812957
163623773
149647597
205385263
149760914
131011916
108891858
209097470
97759402
163849726
86056058
81450188
147950041
75760078
74391269
135303386
74780134
120743931
73826445
91297332
77389818
74473650
87447469
79337947
73639469
72847178
73271698
75968567
73628986
74650343
73743371
77094689
74744248
75258348
73200673
75220272
77740502
73622075
73725038
74503794
74296398
82024821
153240193
146794996
187515445
216167551
203528744
231023212
186548183
161664752
163762862
236858697
153417699
149281747
200385683
126009514
127170247
188862597
94066482
106658207
177214796
87146018
85254587
170832053
74435405
74264828
147353991
74289169
76618916
125413410
73275695
117076426
73870049
73855032
113375620
74556818
97719808
75443332
74229981
89880819
75232474
75694847
87615393
74112856
74718382
78366207
74129944
73750878
75837012
75041317
92356348
74263800
165296825
194145238
196581434
200639596
225316162
165240834
199534889
257314553
151608240
179802107
238294286
125786562
158025308
202003376
95830783
136645839
173841932
99268020
81406713
147953945
74281309
73633073
150738735
75405592
74440341
126608731
74386446
75460455
122317253
74280172
73222049
121385090
74476968
97427247
74231100
81990325
77414601
73490779
80998315
74213206
73934384
73999896
74346356
74487945
76095203
73087751
73729128
73990949
82913410
94741515
182768120
190507836
239825961
209942889
260641732
258138868
186344308
223977613
269604023
167615822
202730105
145067832
173575882
100938745
299639014
230022990
145966651
82230602
107377677
243316168
87002476
73245518
209777841
73888716
74294383
238346888
74371519
73921043
208860930
74907662
177284928
74529961
161764660
75876627
73664168
152976775
80271172
87979259
78790435
173175514
76997189
175400489
76151497
172033308
78759255
146699499
106871839
120966208
224318575
183935182
175577811
214320230
151956462
201761527
307488688
134954670
172206011
113464843
309977250
157019798
115327900
283653560
121443073
74021746
125009272
106431533
286751000
359334394
76014012
85861402
289952539
77391326
73931958
307817186
73825650
74223974
285413415
76080757
78177480
299211018
74415694
250552440
74854319
77337271
74293085
271657783
73552114
74523657
271126165
231797892
74212571
74347112
243104407
75136523
220571512
143957504
222806559
127610027
215456428
209094738
192940972
161499607
360964453
198947774
145699761
171076658
109164803
152174566
429404843
357129653
85237973
122820015
92808344
74404748
305839496
377695793
75709927
73594782
292274883
75227759
77794904
312751760
77716699
74749101
303083981
73053033
74522569
283154159
75513436
252325978
74984683
247354381
72860391
73805565
73750056
261448121
78123309
220285999
77769085
78820526
198800524
76578099
202219724
167584206
130969177
87559477
224147007
170768130
233653903
276414050
234794036
204000994
230001778
178260623
211474091
182650492
163157479
159152341
151952827
345051099
110658506
135793752
334604812
480995860
286320986
85318898
112564546
93187246
75896945
322906289
80567291
74425778
75267114
336792489
271782274
76253710
74485874
266536675
75078338
254099161
74977738
73914329
244885296
75811764
72837426
210668907
75356108
72728221
207400148
164670226
74787866
73619106
161521231
74051030
73417562
132776996
84351307
108357491
73163698
75102437
105201084
74190759
73745722
100002568
74978588
87867138
73895371
76801508
83005806
77525783
74213479
73393064
74854268
75743989
73864942
73794453
72584142
75099417
73451303
72383120
77707718
73546222
72704327
76869370
72863129
76739889
74304182
73301324
74104767
73951049
73710574
76636088
74012247
73472616
75180834
84287840
134024638
186788840
223687293
198798557
224652431
180416423
228897602
205913302
163864390
193040229
232804721
163566967
140690921
229978598
119685592
151543485
198993035
88663620
125873541
196597443
99311008
74565073
161936613
82091549
77005990
164857757
73173306
73831182
157464874
73595911
75008432
142711041
74501195
73653882
122092796
73306354
76719212
123847178
73941742
120853013
77698546
93571199
75271397
75171311
90797497
74589383
77458986
76992854
74659110
74872187
73810104
77157685
73923725
76036524
77299455
75426955
75237239
73382892
78349125
74909892
74169265
75740898
73534167
73759778
73790776
76863623
74017991
74119677
73819775
75530328
76377789
73566012
73225885
74764199
73800114
75568868
74659671
77992063
73663625
73684306
73862561
73868987
74872835
74732587
74583669
74912915
75739420
73748338
74461838
75812198
91262877
77470346
74793443
73830849
78289846
78058317
77470123
76579270
73369818
73159866
73429665
78179728
74182179
74052588
78306803
73788718
73540631
77536185
74895383
76712950
74069734
74514483
75987122
77842802
74340181
78083608
74263517
74745710
77272096
77033305
77485782
72746836
74063654
74396597
73773858
73992897
75702753
73360743
72987009
74821090
78439654
74916498
74838812
78182873
73996585
72956233
76128425
74009155
78159256
83425491
87580928
85905154
97808418
73914116
74013354
84880596
73722836
73817743
76209525
73202672
75411700
74237986
74055206
73677059
73901603
74106106
75322431
74701663
73904639
74213247
74116799
73701917
73972561
76228816
73843513
74644116
77828524
74487046
74674361
74123005
74168452
74033474
74299950
75388879
77349790
73680163
73850704
83759892
79955364
88019201
85490678
74060016
73655726
109235300
73663235
73680633
141245476
75363832
73326107
128095782
73859491
119448686
75265257
74344214
96843645
74744711
92035417
74245181
73363933
77568665
74012559
73877994
74449370
79497104
74897124
73922823
73974920
73745753
74918927
78292367
74355888
74607323
74932127
75851081
73036301
75207142
77974899
73271660
73373367
74099833
73114601
76706801
74120426
73216154
76517866
74258335
73773672
77923927
73648826
74414219
78306801
77526228
78297405
76524615
74609416
74198387
73753135
73762380
75323572
73509905
75205737
76256848
74213488
73526900
76599084
73464533
74150004
73799548
76171532
73189756
80406184
78307201
77172782
74459026
78443185
73388325
74296908
74596338
82168255
78021390
77160826
88479480
77369373
72845491
77205147
73929696
72805405
73721165
74327282
75127202
73169151
74380098
76555835
73834884
77591250
72931045
77304326
73516258
73242808
73987968
73429377
73704061
74051746
72990836
73463680
73227314
75273556
72777886
74732124
72840238
72513691
73595920
73446530
73412584
74018924
77749894
73454547
73327212
78501639
72929343
74162257
73408621
81109256
73701242
73790770
75674102
73135389
76681680
74140472
75494050
73926671
74054566
73269163
80392349
75614677
73531407
74231863
73725591
74024834
73941531
73365465
73485177
74097817
73689588
76552406
73765899
74125656
74569798
73519585
73495049
73501645
74078171
73736524
74022170
73575189
75330177
74000866
73588904
74158088
77250116
74320658
73893326
73884912
73536129
76954551
74280792
73560357
74005778
74183884
74260548
73801589
74143077
73916527
72820217
74648036
74522798
79783587
90439739
88599830
90697257
76736402
76310260
78985812
74729394
74175823
73965460
74447824
76926575
73736969
74102348
76818917
74841149
74176143
74345818
74235482
77954065
74166401
74767507
77518372
74919666
74891889
76114659
74736007
76724720
73928012
73379806
74793320
73869182
78606679
74477782
75240994
73734994
73230647
75222178
74207715
73333672
79455922
74803516
76157852
77214308
78337824
73299196
74511253
77625352
73988894
76228459
73811490
73814098
73361752
74309708
74434127
74112330
73578052
76377950
73560341
75776551
73487632
74104863
74589950
75495816
73991998
73974064
73472666
76176715
72854974
73563189
73292351
74888218
73382726
74448573
74646013
72895404
73413723
76592044
73909740
75499322
73765708
73191555
73825730
74363971
75764185
79958389
77656130
79227429
78187874
74821668
73393505
76924599
73882766
76197289
76491103
74326501
77541420
75874454
74830725
74470852
75782773
74590252
73959446
77801210
73772907
77568672
73543278
75209683
78048005
76377340
73787959
73753420
74082084
79492023
74447998
73644889
78979026
73766335
73834745
74007411
74368612
74278502
75260562
76287838
74372517
73764764
74288997
76384024
75086104
74493875
73892562
77725648
75823518
74488681
75301502
73232912
78882497
74077741
74421718
74102016
74404521
73854354
74730774
75614093
73371397
76137072
74074299
78002631
75678210
74888910
77503641
78782205
74136790
74099081
74973861
77762984
74341971
77853572
73555876
73798555
74146873
74295305
73388800
73824592
74266557
72708348
78107876
73985827
73674830
74032293
74203858
74359256
74051263
74228607
72690814
74821084
75103122
74083040
75984053
73564466
73006253
76003669
74403053
73234672
73442629
73929271
74175680
76781158
74139331
74554041
74545877
74104559
76405582
75358630
77083915
73874371
73780564
77562630
73479831
76553208
73553461
74216632
73952912
72910758
73154348
74440304
75431669
73650594
81128739
73414511
73874540
73741047
73317880
73291599
75080246
75194201
73252901
76488737
75757383
73136647
74534827
73886138
73845179
74727555
74225622
73749168
74209785
73177491
73956824
76169535
74056683
73713458
77649245
73517379
76428753
74213080
74215483
73403684
73917359
77795917
74391106
76723636
73540977
74884721
74880695
75110163
73267428
73457351
73942903
73441922
77663002
74455885
77042252
74993195
74061062
77000912
76388250
73854033
75877773
74654245
73957935
73790773
74819023
73220281
74214810
73801298
75035608
74535946
74499025
74093705
74277331
74357604
73287278
77429445
74557369
74767734
77257997
74778899
74635201
73759112
72774506
78177146
74711003
73087793
75047010
74343060
74849518
74307094
73682798
76716303
73371035
74176950
79911711
74838969
74462316
79130569
73942070
74294494
82475783
75481854
73776655
73507327
75849838
83291164
81345772
89768489
74006952
74118913
76225825
75400197
74904671
74674911
74031766
74765999
73645096
74532039
74656440
80824759
74538934
73458112
74555495
73010368
80237351
75637860
74499042
75879585
75213501
74731749
74159105
74554907
76081725
74014807
74014158
77377840
74070665
74654919
74026298
76927946
74071281
74173605
74385123
74060807
74341469
74386977
78850468
73852176
74466329
74191445
74382051
74421761
74256048
82337340
78167574
77295774
74219881
75911916
74851253
76071335
74903721
78446792
74646971
75305369
74817560
73679459
80272327
74196199
75375401
74401226
74305355
74462389
110974701
73903175
74301592
138566992
74417649
116332851
80617332
94251564
79526396
73654039
80389096
80030400
83805283
126205429
179521446
211295388
197366261
272494701
157925075
221409999
205218125
133289972
171982833
226217689
102851187
150714211
88389653
124903286
259391530
95571072
190895652
79186889
87317229
75814743
201755687
173801533
75781656
74316617
158374184
75814582
74496106
171086846
76778237
74413981
147559364
74609278
74429624
135274843
80076945
74254706
143407469
104069576
75853308
73768093
73781782
77212804
77824044
72091163
74406017
80786147
80987583
116588342
191872467
194193006
224310247
217357554
239484513
195117578
235809777
189421491
170885818
220135605
152987951
187107625
250112482
125335197
177516138
163474185
98856258
163859476
146608000
81978674
122744392
177457773
100857371
78485404
150075878
80226329
74297620
132882741
74654881
116849629
73883275
74401016
105055179
73087400
90293207
76060366
74039583
85677300
73856807
73339244
109458243
73709441
73658469
151477185
74841170
76010973
132408380
83640016
216625651
188301647
211420654
223796108
303694229
206365493
259065898
242324978
215048392
185247419
212643024
159221390
194361819
146119755
177278220
104726907
237991500
158119154
343358060
212730989
81107835
128342634
74058576
106897461
87347173
75161088
278701846
75255338
246176681
73927261
232035470
75900691
201576612
74374928
74125096
186677703
73804527
173092658
75515723
75081252
146511768
76871200
78043205
166621768
73455289
73838726
143526900
79361490
167204107
124822150
145277292
219121578
232512609
334744755
226047982
200172022
320770064
230560417
170609987
202794209
308546247
173762350
153834746
277484744
154507525
132331469
113236193
140663350
313962779
89136698
116768995
287574966
92145734
73926734
301251145
247954634
76195676
74964021
226191211
75200415
73730778
226254186
76304305
178964850
77421658
165699039
73731629
76085748
143836018
80684361
74019823
135457281
74340714
105802212
74839869
74481235
99234357
83844279
84382631
107568210
195099613
197763120
203434531
251708099
169309754
235917804
214905904
172638897
159288085
240490437
163130030
143623585
221738988
111585657
146524919
82482502
113516754
220587033
176902604
89259769
73558140
168530471
74023280
74217962
141468052
75239717
74203116
134146332
73942955
101934171
74275605
94426825
75458368
73779437
81054010
74359354
74182567
76713175
74192179
76145696
74327060
73614921
73520883
75849353
73360069
73468053
76695203
73487499
160512203
193371648
156444608
226754595
233529562
204021019
238215385
173783409
214730140
260092941
155656295
182639240
211428091
127335523
157197513
218121462
114708993
142416836
178354712
110314838
89437362
184835617
91055106
75015184
150676895
75924816
74323279
123403474
74025949
107300189
73690074
74625635
102411351
73618872
74302122
102541611
74562282
88287188
74211660
74922443
85858197
73623035
74047552
73614180
74889779
76826801
76656607
75833423
93343736
73995110
83100250
190755513
169454662
236072363
231376502
206949298
272762340
181646509
247186853
309721776
157384240
285723239
247553889
135124015
245814533
232976019
108057910
233481691
195153996
84383949
200562008
173520965
185313042
84484983
173788608
157350107
73832345
130246137
159195798
97735213
75859168
145278645
81863159
115277750
75050355
74573272
107037506
74042834
95582160
74074893
73826304
103691988
80959063
73402666
83183537
73431701
75308652
77763158
74704205
81642130
74506935
74864859
77081836
83539614
82943296
73686526
73521265
79089635
73811702
74301990
73435449
74269491
78911549
73674350
73293483
73051792
72722215
74668337
79595968
72333485
74413803
73767836
73664958
74511912
76629041
72858730
73190030
72313890
74073955
73112745
74307889
77415357
73260149
75777870
74100701
74791331
75264128
75644675
82680240
74864142
72393347
152218864
191242231
166648113
203487501
163819639
230296987
260371799
148375847
226137755
208477168
123615962
202187162
176474267
97877696
154376259
80476961
221446193
134928482
186673743
73250838
108641455
89195682
181082599
73709883
171597607
74842851
73439824
139282308
74219598
74118810
135336597
75071051
76444913
128427195
75817033
101329860
74113206
95699224
73990251
73895893
80249582
73376610
73813534
72929300
75187978
73525797
72821803
73692917
74256851
74782613
76082729
73216904
72362111
74378962
74361930
75226309
74114689
74163094
74345979
73390017
74376927
76799385
73671647
74136598
73571081
73786005
74815434
76298298
73839359
73435082
73813724
75807767
74351604
76295865
73773191
75389767
74358971
76615933
74335485
73535162
75088715
76098004
72681098
73001135
72839685
98981958
78550665
84778244
72700674
74448934
74397006
73418208
73823587
75984869
73239658
76167184
75735311
74579708
74892786
73555410
73455489
73676749
74104309
76950845
74057811
73617522
75570607
73731511
73448411
74013346
75376893
73715413
71442261
74194084
74701308
73444767
73780509
73668320
74535284
74797357
77138544
74399930
76670687
74442242
74539491
79335096
74248147
74732932
73710397
77599097
73142584
78227389
74394117
74255122
72671791
73326832
78573423
74258979
74510918
73869459
74586092
74486337
78191662
74870628
74726311
73977909
74035703
74063729
74358837
73738796
73800459
73364463
77526196
74421009
79197070
71692005
73813919
75035198
73497554
74427457
73838930
78037826
85251967
85506405
87199463
75660867
74252923
75142370
73816424
74321865
73228262
75533716
76746372
73447818
73867678
76476357
73811220
73388814
74442151
73280529
75454693
73922674
73492267
74105664
75131407
74422994
73751092
73495891
73055408
74435458
74955280
74181532
73802600
73349134
75821419
73862423
74127451
73645854
74270833
76675362
74052671
74343726
75383981
75873190
74456442
74208242
76196681
75522206
78993904
78111624
72878246
74515201
74205607
73912182
77755863
74084373
72935018
76380625
73128546
72929776
76352470
73813562
78027569
73937173
75377640
77516658
76371118
77656951
73231909
73762703
75210391
76345960
74834721
74848978
74256505
75097610
78435755
73897504
74250151
75347437
74077234
75677162
76110957
74793516
72087117
78443935
73076641
73249958
74521192
73152276
74364166
77892403
77166915
73604230
74299872
75260732
76533253
74855439
73062863
74860700
74300059
74118149
73293338
73933130
74456009
73957286
73621777
76366854
71812844
74472181
73980459
74166969
73860758
74975349
73731994
73312928
72524223
73898530
74484213
73192474
107932818
73750292
73718273
129904790
73545774
99589373
73227088
83174589
75221381
74336115
74327975
72969940
74276060
74230049
77122306
74480046
74161237
73715901
73298284
74327819
73804487
76857051
72980426
77867441
77631207
72954571
74113614
78827421
74040491
74022472
78488249
75298842
73175900
73865052
76441254
73840778
73939972
77564466
74036546
77463064
73541885
74111771
74319480
74644882
73599635
73915292
73757204
74287721
73845397
73606496
73872108
74820547
74577514
77745993
78526347
75985732
73552402
73177418
77825384
74868739
73103067
75289014
75847889
73861704
76588962
73586161
75656573
74513844
75782176
77294439
73804051
73315129
73176121
73987716
74545814
75696356
74504011
73987143
72513361
72536678
75034901
75903263
76440438
74469439
73652488
72228768
73958353
84101007
74740279
74931617
82054373
77531490
74586113
73333547
78307855
77610069
75383059
75437574
76399874
76152814
76655951
73995028
74586970
73928549
74151925
74442316
73943130
73625182
78588622
73523091
73010527
78291237
76799837
75141140
74653366
74701489
76342208
74564865
74059123
74170967
