74681436
128191009
95304426
155610209
74129387
81271746
74457056
77868870
204649293
163179322
78317126
73201154
151311379
76694053
116480282
73693275
93960062
77111944
73406005
80801160
74512485
76134267
77234576
74015546
73511422
75180405
73859560
74520054
73213494
74087113
82948317
75913632
74063018
73547304
74427315
77125010
74044593
73380050
73976915
73282809
76727518
90564620
81321941
71742881
73513485
244723532
225824152
180390977
346257644
358039450
327782589
334834852
304516110
335689333
303441499
323842806
356058992
337683389
306477884
333598020
307309690
271129842
269514894
342550805
292933773
325838915
307585210
247730143
298618275
251650100
226889224
214222783
364705528
241832019
352387731
247133530
220990587
217937357
339417714
192741820
186851455
190128702
178202194
382176511
156368401
155463406
377363409
307976558
149204974
150355400
133919267
297628588
139542455
112061318
120742171
95138294
332449503
107191983
327412707
263460833
109578619
97626813
242234341
282295299
208843690
264135179
355611570
352009662
358540015
352518213
335913532
349374768
330072003
313127520
450753314
338818210
341367707
318617265
510496734
341154933
297614455
310617348
518246250
472072843
324915014
319814998
368800373
299748906
432838481
500008834
324702592
307676936
265636953
458544189
307187377
282627840
470851862
413253520
252615517
314032439
241116307
224431262
252208759
377613236
451415599
223628878
204460640
200117746
182757964
394538052
169340433
164948049
158763441
407203131
147262984
336127143
121715816
144173642
91075660
362425068
297601157
161267768
308315893
169118790
301523526
269653329
344115189
338796715
364741153
438777846
443527815
400650571
454980737
397353788
441378947
366647896
434658166
364818843
550396001
359629412
545396897
363686039
390710389
502433597
359539304
476076532
414128456
339720750
477098672
388726979
315043490
241881295
388133607
319276586
500724209
239462287
493269014
355760920
220965888
449076286
426602729
200442916
376484993
167082661
358934558
449935916
154478204
342990952
473295942
146366721
308677763
115926680
294143055
469933363
407949971
92099459
376653153
286717405
77336018
261757795
385638881
236373185
82014722
74488274
236584246
413043877
226126368
74588821
414421790
350548591
218297580
321904829
73919519
199457696
331406793
79503923
177686751
160089543
76784420
354841843
140927384
73614208
343472380
292323031
125841941
73534523
271720447
114817624
75085036
97304424
264951276
226196579
84663545
74527182
219664970
73134723
73955743
210490731
72749807
73257722
193020956
75586663
173833530
82234933
153788810
80716921
76596034
141755571
115940897
91681634
169533603
76805587
213896035
99836711
367189490
350881274
219196556
361043304
374621079
346565064
365529033
323950801
335440679
331544934
319006102
410874768
335867780
334823333
312107775
416593669
276208713
335266745
407856161
312023600
276353379
382195032
335316834
293552235
280456655
259465790
359437985
329302244
278907127
239756727
358830763
258235803
226914501
342810743
238864925
204358008
323732546
177444971
232610992
299585735
155327996
210103461
287979146
138705210
195379989
256915314
115314294
161227075
236771971
90096146
149757416
216259188
123196661
77910090
194108401
114513765
167279801
77125960
91126814
154637498
74276651
80507587
140007714
74979189
119357598
73887930
95799856
74939054
75738830
81678907
73168377
74178732
72706830
75557889
73218923
72177201
73337617
73086358
73068855
72632144
73964130
73079008
72312041
72822962
71818154
72518415
74004983
72241166
72381936
72359247
71626250
73297169
75280211
73580085
72847229
72654468
72385187
73078306
72859543
71273969
71990647
72667129
73882859
78378880
74252439
73988909
73874163
74076148
78434027
72943828
75011656
73111558
73011121
73446052
73505168
72671314
72276446
72844469
72426587
77459344
72691158
73849188
74107708
74977102
73412191
74260251
71927091
73430420
76539718
71920546
73809257
71903212
73183492
73492816
73493918
72557198
73261247
74052821
73727991
77449009
73690326
72655644
73996567
72562631
73527764
76153142
73946617
73137515
72599819
72328518
76657282
73772302
73194469
73478106
72472368
74041387
74739261
74113811
72689234
72988736
76196774
73226354
71836937
73536664
75198154
75493179
74277399
72828297
73392500
72815266
71001841
73340319
72991319
73344967
74238712
73927203
74515947
73819885
73039664
73632284
74156242
74074729
73363419
73000289
75893272
73154840
74225843
75014136
90278124
73683337
92745173
92765644
97430048
95369458
82862338
82670052
83385939
75857431
78582626
74019318
73740402
73980900
73003802
73591539
72968127
76599808
73700409
73095224
73383639
73375133
74779067
73949750
74096545
72377302
72843559
74468618
73782960
72490014
73039284
73217764
73105989
73132507
74695875
74322000
73906238
73357462
71318557
73348712
74064422
77094990
73993977
74137275
73445696
74015732
74059269
72755586
73467773
74702270
72371428
73653280
77565461
72414087
74044250
73443440
72321230
73827992
73807716
73119975
73329175
74545419
76888654
73942117
73131571
72241870
73036233
77526301
72823830
74347408
74566308
72406662
73029099
72749243
73512284
72129168
72473512
72879693
73802590
73265176
74069130
74191858
73080790
72949065
73016856
73051366
73446481
72931489
76626138
73187007
72813479
72743379
71468841
77383084
73881877
72215689
73056115
72456579
76673266
76430745
74244906
73645387
72663402
73528664
76110999
74533565
73868668
74102493
72723674
73932466
72486673
73496525
72890526
72089963
73582299
73144470
73303767
74042679
73835273
73783549
72715913
76332030
73003301
73098707
73081671
72929899
72548655
74436240
73398571
74695169
76105239
72777404
73200532
73764261
73584620
76511430
73633796
74486809
73271626
73875740
73690399
75427157
74033345
73422487
72643208
73841009
71575346
77675966
73967810
73968077
72696671
74063498
72347375
73492101
73971421
75391574
76750314
74998227
72785936
73081982
77626061
76284502
72967610
73531955
73393256
72662506
72757503
72821871
73149500
72580984
74173821
72737287
73308561
73315741
74569248
76196172
74161714
72888344
73350724
73409293
76298379
73323308
72853034
73997566
75006179
74815681
73333628
74142923
72705499
72300924
74325186
76416695
72753950
73357449
72329297
74022774
74837507
74237357
72452349
72606938
72728950
73119264
74388896
73361988
73115746
74649095
72390447
73885898
74011994
72404079
72881342
72998495
72189746
76738376
73857590
74102854
76222449
76515057
75129972
73270745
72657835
71699301
76366282
72111263
72109930
72022002
72543500
78182733
74690578
79487214
79956804
77665524
73209230
74844887
73147736
73703639
73368542
74975441
72851056
73382451
73032668
73947866
72052366
74225066
73964373
71514931
72614798
73279132
72882834
73189928
74189291
74519195
73176264
75401897
73903121
73325573
73704028
73202681
73136813
73895791
78707950
73497867
76998170
117083254
76574894
73625536
141387732
75858597
125087649
73777760
74416817
97867209
73655333
85053366
74604960
73849581
80014733
72770101
73227990
73641711
73448097
73024169
72863471
74408181
74250830
73807997
73124263
73537230
73628430
74244522
72856062
74235405
75469497
73065136
73579652
73898014
74411704
73456268
73054136
73484442
74427868
73537768
73062676
72829609
73358069
76038615
72844074
73234821
77018327
73634162
76599582
72950553
73947159
72910061
71539461
74461444
73145045
75545651
73170568
73183602
72919765
76872600
73529938
73085011
73360863
73387425
73486390
73038024
73433730
72225570
72552028
102717969
77545398
75325583
130988547
75035399
99297965
75257249
82276623
72918988
73463090
73765024
73936309
74585381
72921996
73633600
73150832
72833045
76426104
74400092
72510990
73216116
72488412
77187027
72340805
72604489
72981436
74168300
74974202
73709714
74631659
74148314
72133209
73198286
76890023
74848831
72879018
73196474
72926161
72869448
73609506
73067983
76459130
72680943
73042925
72791661
73446882
72883410
72956549
73060841
72140383
72834720
72644601
73592787
72750850
72571176
89258255
73009441
73820360
78957957
76064159
72807896
72806732
72420750
72409039
77018190
73415897
74540819
72417722
73270821
74209798
73215140
73190575
73891640
73204510
72485170
80161771
74795594
74524583
73363606
73487599
73410046
74309918
76009368
73616664
73520238
73904391
73157913
74192347
73858366
73407952
73273939
74200575
73575530
73135599
74722635
73913195
73597308
73566123
73599611
74250930
76905842
76805691
76810825
73900110
73071558
76559821
77281644
72856846
73765145
73061045
72787566
74069943
73371395
87110200
74557891
73495980
79592118
73437786
73530388
75587263
74405893
72844801
73978343
74341822
73232171
73654299
73812200
74872525
89829352
72991336
73509542
78850561
73166846
72859343
73236267
74019776
72710536
74177364
74692611
77014193
74850682
74145915
75610253
73321348
77692030
73799481
77253200
73674169
74142250
73461699
73213693
75827282
73918951
73864014
73456453
73555416
73126164
73114561
72986047
72995574
73946726
73730426
77799370
73619239
73890897
72730109
74425989
73145231
73816861
73306344
73611293
74765977
74597209
73551380
73889783
73803678
75374148
74730967
73406044
73518657
74871673
73284115
73884191
73681523
74384951
73037814
73373847
73690799
77016394
77631428
74184418
73658623
74336653
77840359
73612396
78728173
78898701
80190031
112507648
149163131
209816657
253564344
293528416
336332955
337242215
335725716
316169411
316478115
285272203
313957953
292244356
306108348
306228269
307451833
304466572
281435679
284084370
249077960
284289442
259805328
277249914
268643410
272037722
270326303
262840323
254773926
250004668
227919774
223241465
247711706
238136520
237141556
245322739
228651826
220181460
198092654
230358441
200286941
194745196
206560900
251606379
174268732
218298610
174780619
159466639
203223313
162835687
143773096
184088510
147863467
134421539
164274946
136259969
112733096
154633561
115146795
96845652
131088455
114801541
162655127
209181182
265378153
374053443
353900005
334682358
390044268
304628717
419879858
385226336
356284399
330118008
432090462
319542760
304624863
409776471
275527111
368825165
439461720
316532453
434874005
367943946
402022294
289920811
381974236
369660809
363209758
282431359
328001169
245306364
339824468
231985184
345884767
368237113
218315851
358296562
196841879
302378556
399363189
164044179
266286331
374785010
317710994
148795057
250342393
298825721
121231599
235467694
278154665
94835972
214286253
274136815
90038307
191075084
234710963
158257340
84591894
221805186
150182217
164794491
294479694
192555208
303734979
272259298
344280968
271831524
307078971
352544049
250584477
289549765
226730965
266990400
362099316
227420039
211939722
349362266
191583407
318752014
205514002
123682718
195245311
97271610
317330799
172701559
137682403
312561803
131374280
90220320
333250070
147480573
284835722
76687044
132946786
73360883
286028387
119269555
72744316
258128729
109057058
240148540
93148500
77318762
221033566
80114240
76059858
206580987
73466050
72935579
193555854
167945706
73250622
124867139
156996212
141345018
119014152
185599016
112141620
234048578
230194788
212732317
269338233
209440822
190346044
241458398
162403734
223102423
155402626
216241777
140098293
197945826
118629622
175069405
380377311
97995130
160340753
82264758
147615207
404631594
378931980
73019895
128706885
351683088
108133166
73829005
88884664
362545347
74706697
78843283
365816305
75839722
75134565
336841323
73240981
313974089
74305359
76885631
311436420
73801882
72774652
97424412
347721221
319274274
297965408
145012433
280388720
198864046
275671378
197602394
248184881
164706824
230864267
227135022
158939679
225491504
210633647
134755570
206250309
108220088
217745438
181346341
86233332
159897053
73440426
139917373
283755491
101461350
106125596
78569666
136750319
73899928
123252299
400545751
73532072
107911722
89879649
73165046
78975999
74228691
496791185
72964446
469563329
73807095
73533295
441022078
73706193
397157543
358765085
75635775
74015342
74211952
429330687
409488398
192600158
399182796
339798299
168186816
319467629
229278212
205112598
175348113
244176920
379519402
153838912
228020624
357670991
139188050
204191446
337657818
120206106
301078067
200703264
96261660
290140269
185608133
83094448
163871913
285599921
75266711
250191357
148088188
77893496
130403261
254011385
110220882
74957365
89834001
73668582
317239583
76614571
73251113
73926015
74581682
74503345
443334809
73693432
74603704
81850969
73953916
507456057
73560871
497500563
453229421
178076515
423241079
144492921
422109122
264686058
466853016
250337310
424955424
224916866
286346047
408391425
378016042
215534557
284049982
196955766
376349459
272224465
175774587
230972942
169382337
226365756
420433622
365224834
154792968
212091805
142252758
369591416
203892068
328936058
129273216
191256082
314463982
111914752
175499089
87868592
157174432
361477174
76859880
312677866
137005318
114685541
75024953
338912129
90503188
73446849
81457020
73125726
397868606
76087979
80950750
73122396
443554321
73327555
76370037
437621405
73033601
82536576
424775708
72991946
376572046
75012656
353596521
74136175
72867427
76681347
397745381
73793722
74340098
384295518
73024533
74320283
382367035
316194929
72625844
303621601
74298917
73579107
73383998
320578591
74027792
306747146
77387229
73396380
287250582
74922607
73749204
271830906
74038743
246680204
76270933
230811850
74273129
73796134
225997135
73563062
221814502
133473652
201100703
84830921
180885693
159102571
206761340
181212274
133148234
170120125
159351304
110534871
91883831
147447549
213633313
78958352
130919210
175871925
112026542
165777831
73402335
91779415
151466796
73261144
78302492
136905399
73776379
118374934
74428639
89900748
74287938
73693280
81885099
72594860
73514369
74221926
73381650
92485847
76424144
74922306
76877697
74566492
73553262
74702545
120807324
74624005
78518936
77578949
73191126
215556745
75414094
73470051
217806998
76156519
190125850
80317011
166307858
77109821
73367086
148721538
73371466
73200207
125826523
73230412
111000370
74231922
91564866
74615464
73879579
80729997
75990655
73698258
73949143
74140436
74364605
75841308
73269672
73429809
73540079
74864570
73447775
74274160
73739361
73485784
73838578
73914854
73265762
77736567
73688811
74056241
72861423
74241426
77193026
75812593
72880586
73213281
72892610
73274495
76357427
74545897
72581923
75529473
73645091
78131743
73133406
74208553
76959062
73660261
73929881
73866111
74038605
73739392
74710265
73456528
72890018
73246432
73414631
73180040
73609451
72754343
73015899
73429405
73719877
74171926
74063673
73963417
73653379
73098987
74908096
77098369
73195460
73050365
74386233
73441675
77743693
73163897
75642695
73953777
73473565
74389314
73983595
73859352
73569966
72610125
73385795
77111602
72667059
74471667
73456587
75132154
74100049
74681214
74482935
74149807
73475073
73485986
73323558
73395764
72932366
73537124
73700279
73239547
73252118
73248502
74438055
73814915
79825422
73747505
74324223
73593628
73098794
73447258
73726019
73059881
77439709
73992992
73126895
73190164
76839864
75553321
73880710
73475460
73029577
73345553
74422124
73786583
76090319
75768286
73399520
74320563
77561993
72505967
73442559
73081392
74776732
73688369
74600546
73779835
74332619
73592321
73698567
73615206
73784088
74527373
73076063
73683404
73418357
73377816
73651407
73142128
74113784
73774304
73209909
73241431
72973045
73837228
77012867
75820389
73334413
73369147
72753913
76845023
73159309
73064948
72550152
73016649
73753153
73583123
73515701
73725515
73397741
73639184
77006710
72985919
73257680
73021556
76532133
73962002
73202192
73458120
74264863
72995358
73376171
73742956
73962871
73336994
73680832
74294898
72206403
73175825
73885090
73285484
73585880
71310538
73542785
73889100
72617770
73464945
73086388
72683537
72255014
77255411
72532927
72392481
73420510
73086616
77471657
72729119
73157786
73050766
72914401
74666112
74135469
74026315
70710630
73450170
73563891
79446559
72306428
73863806
73745386
73785616
73522906
73575948
73025173
73725057
73789354
73505288
73521858
73125030
73584253
75364822
73185842
73910929
73716817
73783501
73429404
73605564
73384071
74458622
73947479
73080995
73904477
78241217
73928563
73193028
73614151
72779186
77118664
73422059
72544284
73245834
71991838
77023919
74263885
74013799
74939176
73698657
72881175
76192542
72622604
73041819
72757967
73024152
73150277
74005801
74316317
74055498
73097853
73959652
73150087
76534139
72863669
73186862
73996462
74000422
73653269
73017801
73863237
73343375
73358273
74640067
73692127
73636281
77006714
73438650
73706753
74764175
77718253
74704482
86336259
83383491
98193939
87798893
74380671
82789936
77285060
74532180
73723747
77127198
73960599
74749063
73717611
76438113
72869962
73278279
76574038
73454098
74363727
74444085
73954725
73273997
73573286
73605126
73621901
73501270
73134992
73720115
73568840
76328793
76709879
77028577
73895874
72906686
73921590
73575304
74009000
73357596
74047906
74724075
73164229
73426905
78460574
73323775
73294904
73386474
73383411
77779878
73471155
74188724
73726078
73443011
77063599
73566784
74455338
73079103
73685305
73790066
76517859
73068161
73396621
73923865
73592916
74255154
73777923
73848622
73195327
73261504
72958876
73780721
73354455
72303706
73411197
74962797
72920695
73385819
75021605
74246664
74409072
74438972
73259376
74529418
73727948
74403793
76898755
74944246
72707695
74713997
76894307
77506187
73222689
77374438
73628204
75791438
81144016
75553922
100318011
76923232
86136431
73704124
77775795
72861587
75116262
77811641
73625626
72906490
75091527
74791380
77699772
74974214
72819953
75179075
73697986
74103662
73442095
74872897
73290880
74284159
74061074
73707312
73203248
74301398
74736416
73468054
73560658
74444017
77569716
74433450
72160992
73629258
76122204
77859367
73400281
72552129
73827215
74455555
74002215
73306884
73375875
73787814
72796798
74225769
73030106
73356363
73458684
73237391
73366539
73370556
72405540
73073108
73215503
73245631
73083267
75314612
73427509
72503492
74073992
73028736
72509988
73439085
74211874
72475392
73377908
73561458
72830804
75720963
73600159
73129182
73641703
73497639
73295559
79584840
73456280
72830540
73173072
72351344
78150792
73538642
73124253
73208969
73286150
72970885
73586717
76390628
73409882
72671744
73737339
77087214
73239666
73883773
74496260
76079821
73956494
73994746
72803927
72933006
73189131
73472986
73705096
75516024
73033289
74026799
73089884
72491734
73191350
74882630
73150146
73503319
73111597
76478136
75853224
74479400
74052978
73408795
74204448
73103784
73309279
73167991
78211367
73316401
72861927
73795025
73331467
77996323
72402599
74108441
72311024
73561008
73282277
73527140
73766863
74461041
77492121
72851667
74898928
72547005
73419439
72340324
72541406
73632772
73346359
72957841
73100227
73256696
71821602
73054322
73511807
73838619
72959697
76083918
73485349
73162746
72982994
73212755
73216007
72299392
74166647
73695676
75899544
73588835
72782234
72999291
72902595
77787270
72553353
72384033
73051734
72502337
74819556
74119520
74382138
79472515
73798312
72590718
76255274
74137393
73493744
76986171
73123773
75826933
73863489
73948340
73313295
73409336
77165944
75136828
74354508
105911914
73524344
74738211
131312018
72791941
103667168
76361763
85453673
74892631
72403063
75434300
76537802
72967501
76562746
77229870
77745333
73899366
73927527
72951180
76760812
73284362
72770461
76828145
73055189
74562636
73846601
73540387
73725530
72777576
73255539
76347405
74902932
72631494
73150032
77258519
77697670
72778531
73712982
74330321
73162986
74559088
73555094
72517032
73006602
73876862
73147236
73905632
73090793
74389743
73432714
72718445
71940826
74379832
73114536
73229055
72612844
72707608
74065564
73235099
74555379
72049249
72656671
73513173
72894216
73568675
73534153
73650829
73572226
72425038
69868891
73487546
73000405
72572750
73089510
73912748
76668822
71929195
72900627
74091812
73627594
73215198
73640011
73381957
72414220
73925979
73024869
74913353
72682548
74402459
73886548
74596119
73160774
73035685
73015803
74825905
73962773
74513474
73625074
73088014
72669287
74987513
78798942
73081988
72821747
73959968
78292811
80823410
75219210
73544378
73357174
75087704
73447904
75067152
74927668
73103223
73840495
73036774
76507837
75351063
77135152
74587705
73348625
78959884
79422919
77362298
164626566
187931824
201603054
214036387
188090086
172297542
331133610
150357770
349959965
137542149
330262670
331097435
302682089
123575775
304091291
100398991
314229598
82690154
333765964
302383986
72976551
311737202
272898214
73304946
308308017
303878569
73873566
307308092
364372433
296771184
74553443
263651936
301759458
253581964
73671436
260203698
247812496
74653925
236995573
301401181
77316494
243731868
217126060
225924035
200880174
81831103
222971127
172150970
198057909
154115397
172068528
138089345
160160145
124500187
216982455
141632636
101657333
244347271
146165029
226614398
212899616
209137738
198303678
166250509
264001852
153225750
297167465
132796770
281690371
118634798
397354539
235660510
96852979
227026947
83323157
412961834
218063831
74768943
414932977
206898941
383556217
74058956
185703848
357008964
166927201
73875295
340986861
146312211
73634119
346149637
121006272
73950850
101047861
342560556
315629371
84285443
80241461
286009776
75117122
265586396
73726141
245809951
182463216
228120565
79777640
213502278
73797450
186362594
214515369
164726686
160074502
119462875
165066425
150852062
148963538
144580614
142184156
125300587
114604721
219415288
88780177
212798636
76204495
205860409
179131974
161791333
73820828
142424007
74122152
117680075
73165578
99652266
82009630
400467458
74013818
72515301
73513157
410490287
73346725
74650385
414791864
74233761
402267913
77072663
358554616
73002667
326790734
92875758
77096704
333112643
73473805
324949253
73022097
309222142
207506018
280065473
74372275
267491853
223817303
204261796
259069726
228050647
186134657
145812934
159230210
212363004
186610836
146490210
162648801
129136371
231370282
145911736
103115766
228019249
130716079
86722775
212593913
106834873
73939667
184432722
165562393
126075841
75116628
142982235
75329938
123420657
78629887
103512832
88578720
74590372
314955855
86062754
74577999
76375723
73924854
78160199
106363596
422767336
73481970
435211170
74753393
416710384
197625661
75073581
391977590
364151734
181570206
73640818
161840558
383614905
148357340
381234789
124622689
160228193
353416425
101587864
318995304
83653005
302056332
232792245
74206701
297093282
205732380
73774534
275139097
192923031
250981339
159036634
76346927
147924885
244513881
74749645
218277779
130141161
73827176
200407822
113756051
167099368
91153428
73149385
161529068
85481418
74038695
75973953
73622285
74311786
242480631
73290769
93543807
309215502
80215973
159960997
303537540
74095525
278700584
241874320
73090498
215898182
228663494
185811199
74522597
157986835
210782734
145798956
195297490
165122121
122504825
171511548
100574935
149435421
93578802
138294974
225908177
117277009
78680207
209982564
93760060
74380160
194865164
79594787
167441924
77507869
93125178
153863819
73629306
87261302
134121696
73744499
113128608
80240366
90138137
75316909
81888020
79755868
73878249
73782186
73692627
75185210
185610750
81498422
73743900
197625371
158675478
73736200
151049456
187763984
73199252
135373333
73144089
116362485
242117326
96321338
74063911
229717531
83805175
203029666
207312817
73538753
203569016
73117201
259012282
201971810
76274589
169212173
155107277
320117460
75402430
138315697
317654127
81226341
112871389
298475727
92096478
75880341
274220375
81422687
253565469
76013054
234274592
77387877
81515350
220554968
73916181
207372476
74652510
183189574
168331361
75502219
202163018
150440871
80866846
126048329
247851824
73466902
107721430
235627912
89973783
76283329
208639764
74674418
184882377
74023064
162444495
78020146
76070067
141623962
84615539
117640985
73020480
92555608
73244867
73896005
77678770
71618201
78097020
77836709
72887658
74457543
73905198
72927044
73888775
73386156
72392660
74063676
75254858
76434162
77060245
73734421
70936331
74259663
75012860
72302842
81342956
73975199
72226578
83457802
72863739
73711858
74214701
197000459
77453236
73308869
218622944
75150248
176143009
151958425
126489881
74771461
106702153
88498115
72996169
238100540
79752142
73413879
74177608
73777807
295438850
73776196
74725110
284168698
247692163
78692003
74319108
235674165
73538892
72909752
218434350
74000449
178225818
74354426
157974819
75110561
73938329
149105834
74808564
130525243
74359715
110707215
167922220
86617110
76586245
72158139
75992860
228534844
71292736
73899708
202496200
72146311
174039764
73507158
74207506
164512595
75657059
152589646
74057279
73918377
131063525
76415099
116315439
75899700
96325727
74798760
74105541
84862281
73256108
74119761
75615045
73408655
73598172
74012326
74080811
72899005
73851566
76144274
74151044
74382816
74236756
73383696
74285216
72971367
74168259
74398327
73161885
74882062
74244016
77018698
77718924
76182109
77701523
73829426
74160862
77119511
73166860
73425469
72970080
73033598
74136684
74349625
73770042
73419968
73644324
74335422
80487592
73362731
74611301
74240429
74496642
74595423
74873675
74487503
73444075
75367504
73980841
76568539
74248209
74107497
74041258
73883841
74511501
73976265
73757563
73900898
73669966
74289783
73397488
74345724
73592029
74512268
77784235
74767311
73735218
73425473
73571658
77933861
73586886
74661317
73680477
73857641
75861992
74074846
73897932
74181149
74364226
73929699
77779107
73727898
76384891
74388657
74603521
74237794
74384224
74182167
73828663
74221889
74975491
73028651
73876066
73533894
73209174
74155227
73790343
73924226
74042557
73791605
73370264
73832551
74576213
75366015
74341146
77778535
72882651
75445200
73677517
73556035
73579316
73621541
74017992
73328393
73710728
74704774
74547154
73432390
74879755
75326062
74225582
73599720
74691406
73293024
74829139
77392048
74046642
73837789
74212952
73793335
76203399
75207612
74156265
73402892
74270734
74189909
73942579
73166633
73951774
73933034
73517580
77300140
73754187
73839078
73806007
74844661
77261170
74938019
74703757
73347687
74215388
78042133
73131004
73919642
74982974
73626430
78044340
76033366
73217465
73128560
73009583
72361322
77320395
73907865
73946389
77606227
77166011
76860619
74124941
73215011
74118979
73535148
74708134
73799471
75013044
74362163
73884831
74134700
74814256
76781845
76750693
73113929
77360557
74417541
77493718
74776171
74219018
74157128
72793695
73570265
73009907
73988419
73823320
76656988
73587420
73539287
74174465
74308446
77948050
74890262
74278907
73627291
73731013
74605440
74309668
72865801
75286806
73679584
73000720
77733692
73967737
73790328
73370331
73489683
74464960
74100124
73817921
73726945
76690028
73797951
74339064
73584112
73398899
74115306
74557131
73583555
73224310
73033412
73995905
73520074
74418683
73419996
72760250
73772997
74154966
73512249
72980221
73995790
73093895
73467296
77241265
72841272
73771498
73821507
73183486
73890558
93092706
75889061
73894819
82511591
74217021
73375546
75054185
72762442
77608391
73856328
73950661
73457724
74473206
75204725
75005808
74366460
73682144
74132400
75631509
73937632
73274825
73641444
76544473
114307863
75453902
72559221
140309669
73762946
117407510
73079313
90121798
74238546
73167717
82316189
73457381
75579332
74521259
73776243
73059697
74344377
76493534
72595142
78713939
74142646
73709236
74099034
74976055
72060228
73883330
105589339
75481200
73481753
130868432
72711336
110498141
73986683
90180044
75136915
74015662
74552892
74304262
76168859
74402986
73712109
74045973
72745298
73673362
73611456
73898178
73556654
73997694
75127887
74185490
75692605
74280473
73073498
73384267
73640805
77656254
75936703
74587458
75685154
73619191
80989486
73245699
73355203
75880153
74846262
73833845
72812004
73717494
75229085
73314603
73718044
77300021
74069224
73179633
73287932
74219423
72751617
73314520
73470644
73080611
74466432
73836415
76997055
77065787
74049515
74762392
86233776
82061043
89994587
76035055
74387991
80554888
74187746
73230370
73657392
74611813
76974097
74170260
73468868
72756708
72819764
77954090
73926385
73765445
73133139
73627504
74029121
73516856
73528717
73106295
73460368
72257491
74298845
72970641
72862296
73608027
74242117
73133341
75188430
73462932
80799813
81241665
77632390
73264504
73347570
73278660
73334441
74301860
73417727
73067391
73829660
74416531
73415113
73972130
73891520
73204579
73547016
73384683
73116146
72972970
73679967
76888358
72965634
73519084
74046547
77501098
76873557
73307422
73466612
72722439
72662828
73360716
72759482
73725487
76423411
72399137
73168224
77775317
72850844
73392318
73408566
73159351
74107137
74244995
74047610
72360718
73908427
72991628
72278941
72814627
72319026
72614491
72731734
74470355
74523898
74573424
72714971
73486668
73358638
72686720
72283870
73661666
73474722
77096605
77171165
76740062
74675293
74037448
78232769
73548652
74168898
73243893
74005275
76537463
73478805
74394781
74532580
74047079
73495858
77481687
73325409
74927149
73576644
72885738
74328067
73490967
73007790
73953915
73833637
74193648
73586813
74004985
73370888
73721900
73042692
72903730
73194503
73123312
74021028
73457113
73331939
75681970
73925117
74324961
72908652
73894626
73287267
73173246
77148030
73766593
73019036
72696347
73506336
77566203
73604278
73407232
73592565
73843179
74251780
73652477
73528501
73435528
76603935
73794451
78621977
75253997
74906867
74740166
74435442
76318875
73757243
73811411
73644906
73386060
74767638
74951974
73181335
73772262
74330615
73303585
74568706
74329148
73909460
73799748
74968830
77172201
73689424
74366548
73702176
73712438
77145734
73357845
73426091
73182493
73196916
78804022
73531094
74612868
77873495
73648552
73583596
74750623
73673275
73127609
72617690
72909223
77307946
76229293
73923821
73115286
72831480
73706944
73778422
72926451
73146799
75532754
75562847
73606332
97526948
75576582
83330698
74818719
73100779
73878957
74055576
73068210
73967050
73398452
76166511
74411832
75922944
73140208
77782415
73163487
72843584
73174048
72935328
77211997
72946000
72978599
72790810
72782807
72844474
72683041
73315522
72721292
72850717
73419448
73643755
74277342
73095883
75412890
72954093
73247764
73850511
76608423
73702402
74341489
72861058
73911841
75039824
73053223
72959867
73884566
72147054
74280715
73946081
73099092
73954471
73134304
73075360
72882188
73850274
73976317
74053630
73744373
73269138
77942667
74808937
72286957
73325214
76447022
77626548
73885978
73493673
72590577
73404979
74537899
72875574
73239850
74009419
72849532
73881872
78294670
73233927
73075999
74937683
76661628
74616123
74479194
73720134
74902437
72961804
73214218
78422753
73865394
73480520
74681659
74232660
74299366
73512373
74560555
73469649
73794867
73646059
73521715
76167580
73900536
75184659
77078717
73187589
73377187
72979610
78050116
97099322
134054043
184168478
221363275
202261047
207371463
186884329
216222703
195054846
168103479
194616203
186427217
151951611
176267189
157044669
159606824
140815771
148220171
115075456
146815879
128855776
95070031
125794188
110967988
83458254
105687898
88510178
85399422
73262716
72762815
73678483
72922967
72804158
73472366
74329935
73886705
76140155
76820651
72734296
72326273
77316324
76653247
72812429
73929665
73503363
73664027
73116986
72373660
73634603
73230600
91951819
96618691
152816220
211910209
206320664
224952306
217564555
215323290
199158366
190826618
183440341
172744728
174154751
164798962
161268978
155442521
149892978
145587253
141407577
132130725
117678778
122012421
110099821
91946635
104664445
88225424
83409535
89270061
80376930
74883298
79016040
74082561
77867941
72809839
76303161
74524832
74618087
77383680
74068295
73807568
73960056
73146090
75758808
73741488
73478462
75507888
73777725
74207094
79949843
73863814
73881237
83390520
94632106
166838526
194597157
216373858
216224787
200796505
165695437
193559039
221222612
168103316
193526739
157698032
155573696
177932163
142458869
157299876
117727707
142991125
109881716
89277517
149461007
89945416
119206967
78341389
89018918
76446885
73331246
77486205
77103523
72606381
73439072
74743016
93347225
75396672
73694949
79815542
74902330
73014858
77124734
73754983
73419283
74906942
75748409
77386952
74144583
75191268
74010868
74540855
74724841
80599729
94601741
120752147
175761109
219547814
224956987
220935398
222652804
199101988
198538338
245183262
178395996
169143916
222707156
161335771
190743318
150740054
135619134
122603277
184545810
112464870
94839976
154984526
88152600
80056036
145642918
73402021
114688096
73724165
89907915
75776407
85945577
79919619
73065535
76278176
72937917
74461829
74023181
74818930
73969586
73225600
73847587
73505611
74776726
73911422
73455592
74268162
73046008
77111503
73458751
73764497
137796102
105056122
181047426
226403119
198091366
226420253
201218135
196065081
170183499
204186525
166969380
176251545
153757575
156348722
161389641
142532351
145441699
114112944
144011492
117559159
87600573
123972539
103412120
93649160
80221477
82701322
78215440
73599464
73863967
74122226
78048081
73801692
74038361
74954791
75119998
74289266
73488718
74829997
75505315
73449959
75138555
74466607
75997004
74554301
76071799
74890136
74566780
73999947
87345935
83660910
73372435
170298814
204500753
191716483
216313248
215457146
179042927
178510865
233409265
171698924
215304555
169086291
153402765
190871594
157254214
129653052
165101689
136809962
99590876
145818794
111653917
82920671
124931055
91288751
74281545
109011557
80802855
89841228
73998712
73669773
78768253
74385638
74468381
74110651
74307999
76472563
74517727
73976271
73406609
74733248
73853717
73880830
73661077
74131768
73899512
77404133
73732945
77215581
73699480
80709460
73971419
122854140
153791559
206607791
249403031
246686985
250134227
224834244
256349879
238773057
196413532
230865686
216839685
194179537
221205806
200346386
162052593
200533323
174863093
172073115
153772006
160765177
122618602
154973825
136851056
96762937
140446175
98100454
99424621
74801849
131433254
73765696
149522681
73907561
73756817
143325990
72541405
78638640
124541692
73817970
108554872
73153165
91736323
74818815
72873794
82583144
73159238
73666149
74981625
77289794
75369443
74031338
80737517
76582115
80425894
74340652
83011726
73292318
73625272
75615846
74934686
74447584
74787942
73466788
72849194
73947941
74595015
73698237
73571457
73219984
73613207
73664725
74275749
74540814
75325989
74010269
73507884
73838329
74107034
73414968
73842496
73884927
73269289
73911617
73382711
72798414
73794853
74595166
74800995
73630106
73723343
74713164
74809285
92153819
81164427
147030595
198374742
216757111
195175471
208893447
209245907
177900870
222641079
190822497
170963885
207323063
171526735
151052385
186134825
154712067
132372836
163013808
136301277
105013787
143392822
97141869
77888936
109615179
78241222
89774513
77349006
74533751
75864358
73276127
73615783
80807235
74169380
73245390
73736225
73719033
75365328
73422849
74031352
73099396
73877676
74538111
78069801
73459487
73481857
74327041
73559535
74031562
74943257
74041353
76034284
76692706
76669740
73724015
73179274
74966464
73886459
76225917
75078735
73943254
73393888
76717497
74694892
74892463
74168155
74424905
73859906
74354076
78171872
74626423
75620628
74493880
73131561
82471068
74294732
73537827
74761965
74409099
73684687
73668528
74023391
73616526
75576677
77193833
77927337
73689935
73859156
74098936
73315454
73885476
74785715
74534149
74041076
76385287
74426275
76822430
72886558
74297136
73914551
73299201
73104542
76248884
73700507
74289858
74686471
74608652
73338499
73563420
74033205
74188762
76787129
74076784
73177121
73627980
73075043
77551478
73841181
74076541
74041847
74438024
78095153
73897997
74446694
73302855
74560257
73737706
72853103
73054390
73704290
79565029
75077421
73903058
73336382
73348225
73935056
74021153
73486746
73359499
74267213
73812174
74369128
75990901
74361631
74101405
73585090
73473476
73759561
74099075
74249760
74409240
73455355
73213364
73319462
75683487
73184465
77963453
73298634
74681143
73371492
73831827
78152208
75762406
74009221
72906769
73690643
74774485
92247960
74235300
73687624
81420844
76313887
78426197
73355709
73472126
73661114
73711188
73993497
73120739
73890381
73048722
73844884
74003238
74238342
74204024
74151414
75154182
74390938
74088984
73050749
73608173
74135771
73962656
74373678
74513134
75307720
75868262
76871819
77833305
73373200
73972009
74295879
74691404
78491343
74414034
74040419
73871782
73291459
74630262
77353223
74257034
78093588
73971586
73327425
80095917
74053532
77408834
75255421
73936082
73681268
77094821
75900841
73935164
73920293
74128455
73723351
74405057
73881988
73637100
74788332
74223235
78361211
77737147
73983503
72717628
73813370
73892773
74178488
73386651
73392050
73610125
73306668
72940871
77303627
73548665
73860497
74015927
73239990
77431111
76414199
73406064
73549871
74151456
74519380
73879695
74346070
73361177
73758732
78358217
77894149
74217590
74294308
73922251
74306414
75071821
73757296
73821378
74908821
73291189
73622580
74884938
73648399
73551987
77741709
75494568
74411743
72816277
74767083
73577799
74027262
76007354
73507287
77505996
74447218
73969662
78433719
74269535
76203730
73189482
73561563
77766397
73517570
73169322
74217105
79949941
74110843
74493994
74526719
75274829
73953693
74136619
78297280
73792010
74836093
74053371
73184039
75073001
73347462
73975088
73544773
73925282
74011186
73479397
73623360
73582911
73116715
73496282
73822185
74057693
74334698
73450391
74847687
77076822
74485168
74139656
74728518
75072297
78100548
74227077
73383543
73008900
73508186
77537164
74037293
72703368
74797271
73213481
73990794
73499812
74710593
74423939
76854818
74906722
78489802
73327712
74045754
74919617
73396448
73039245
73811410
73550407
76672069
73128120
73614704
74101600
73531660
74125904
73479368
72905920
73035867
73945677
73879395
74138752
73510669
72834949
73382365
74938917
73245143
74148700
73539810
73083304
76894295
77025201
72931077
74407355
73949947
73145090
78350350
73089295
73014835
73469507
74626637
73298785
73525487
74130550
72576435
74085318
72859463
78287451
73950801
74525374
72503352
74567853
73933561
78127179
73812199
76751306
73531192
74622656
73932277
74075378
73921584
74675012
77711135
76587236
73427815
74549939
74143601
74475519
73947062
73367275
73464090
73737730
74006684
77489495
74052634
73827725
74158048
77097890
77389468
73826414
73620612
73012460
74602080
74673354
72977899
107844122
75240802
77577324
130526593
80901061
114403270
73540740
88664958
74440680
74472359
75521495
73957749
73740987
73528983
73824685
73623341
74279843
73378915
73136056
74415593
75991753
73622797
74806595
74166936
73605098
74337072
74086321
73542108
73320671
73516066
74004392
77707462
74970654
74698160
77469105
80609041
83430247
76002951
75063339
74940696
73350654
73375608
73618986
73599207
73433810
74417434
74314758
78191830
73173675
73685911
76868842
77512899
74554207
73691186
75171582
80836353
74207520
73894643
81631996
73211779
73820829
73094694
73253232
74272762
75415365
74514338
73496595
74215064
76642024
77990840
74053801
73981742
75207033
79042606
74642421
76588533
74561282
75889806
77877893
73153111
73896985
74657086
74247591
74593772
74256955
76561335
74644959
76542241
74276819
78779614
73306674
73838493
73584908
73411541
74468264
75724656
73776789
73788933
73431085
74122500
73273857
73061237
73375626
73587535
73464017
72857428
73096766
73883321
73610218
74144833
72951073
74079159
74610166
73730459
74171824
73247662
73776363
73550857
77891965
73427522
73584197
73846387
73282310
77572254
76862465
74201457
74323710
74211348
73931427
74026709
73433057
73763361
73857111
74474129
79495473
74011425
74020752
74615447
73248789
74500085
73142371
74320797
73453611
73892671
74513287
73216317
78622821
73957185
73633673
73319229
74518012
73920012
74580900
75785087
73841742
73349351
73413902
73144703
77100516
74789998
79579171
74611855
74091300
76729505
72948410
77279544
73103725
74118664
73317483
74157299
77626330
73461405
73321629
73575870
73899872
73362192
77467028
73419048
74510045
74093516
73436072
73980463
73574850
74154016
73289297
74040310
73715094
74173994
74878087
74213526
77693086
74459065
74323806
74477945
73687769
74247438
73486255
75209291
73759067
74235751
73924522
73604201
78085268
77601475
77825676
73286361
73640859
77794424
74179591
72978203
73033798
73800071
74930364
75709877
73870371
75326753
73493763
76951241
78405125
74230058
73442070
73589289
77220673
73833050
75551435
74284703
72459815
74722247
76032155
73774637
73592015
73765975
73482843
73855280
74794193
73156565
74746634
74596769
73156926
77138307
79376763
72705938
73868680
73379331
80205840
75071728
74508715
73264153
72698664
77683981
72845880
73855864
73439932
73047188
73268127
73133608
72403962
73921659
73186805
73002939
72833110
73286133
74858128
75104395
73564711
73454613
73513833
73585741
73332887
74264997
73605086
73708084
91268239
76124617
73459514
82783850
73773598
73930026
73677138
74051856
73630494
76878343
73639956
73852180
73728917
73774737
76963365
76764239
74653991
78118717
74151476
74118970
74677254
74982550
78054383
73288448
72797277
74388573
73993092
74694017
73930090
73727435
73987260
69429070
74380846
77267411
74298682
73542801
74387751
73737806
74127872
76690759
75426145
74002092
73630519
74037868
74044380
74215347
73096912
73074633
73698455
73611832
73763750
73557607
73261051
73929986
74314117
73752125
73369713
73861880
73266553
77814111
73843740
73780113
75763920
73206520
78698822
73902249
73249038
73369535
78370341
82459059
103375602
136467983
203150584
209884273
229872390
219086169
201867443
308502359
203449443
193209177
186230333
163173894
186386017
383355024
164417211
154391185
374244246
155411315
142967210
333505800
131246536
110574810
318439287
105904859
87072731
85747064
78189216
363595989
74233011
73084940
354102542
303640564
73807658
72645246
282447867
73817323
77467695
73966866
315727217
75040127
73949790
311423603
252060734
73639256
240315619
75055065
73001774
254695668
238492981
189551383
186832015
148789317
165131982
153048859
272541731
131126235
228976631
280740764
207975817
242569046
177261585
239327429
203940871
155291044
144152068
239521923
196195017
116562894
94207175
189472933
170373294
78030667
152252041
390596738
77721178
118286919
405051845
72906847
95307601
381823525
78826265
73005408
356143226
75274349
73655419
358303648
76830818
73434962
362363013
74322893
328430514
76212315
300409111
76498311
74452811
73801705
314882668
80346260
324303804
287796680
172863942
268411567
195223078
249337533
231602247
217548881
218472049
182945425
213795403
182255153
161807396
197017643
162808161
149920758
177038298
150238447
129806087
157675652
127711031
104756452
167591792
128021225
86597815
101521004
76432911
83493339
73811625
248713332
76429854
76942178
73974543
274121240
75425162
240919084
73540178
215672222
75289661
73632063
211665726
74056201
181468902
74403341
164575617
74758886
73716182
150735034
73789130
73004274
140325790
80980407
125649579
80895192
106473622
85985993
158430487
75014897
185945680
76562823
232935083
234613888
76272667
208777965
222915073
74084676
193657932
200243528
173726626
74675624
196807068
151129788
162526586
136576260
150301430
141785279
121078647
129449991
101605390
99691417
83716908
83578094
228190470
73495845
73223032
208997051
73992792
179186196
73960113
156116527
74851144
73506020
139169454
73798113
108653911
73026753
84349454
75003803
74478932
73071758
73704560
73562796
72564848
83023172
76223226
115847862
75300135
76113597
202507434
223747799
72648099
222745137
228886378
72122375
195036370
208433567
178875529
73009644
188871704
167153244
75061051
170971086
156934681
157064713
143949773
151141790
127638409
163633270
130477361
101088936
106036635
82760425
86187484
213607498
74408402
180449450
75841464
73330310
165479585
78187585
149429420
73856233
73264390
137769148
73804918
116115798
74028023
97904251
78176402
73305610
91107658
71954035
78338323
75977600
80938145
81959229
72743362
74691245
74079620
199410851
199212914
74206071
223863793
224043509
74647088
202556044
206881910
187507716
74176147
180378513
163038715
157999637
73606799
149173482
144218969
137653029
136503831
114272886
105750288
89216001
190934702
85803351
76858786
73302404
214514194
174106708
75007608
74568037
158624406
74307501
73611081
150381848
73368371
78899681
140217919
73646594
114756330
73071342
89110800
73945310
74695150
79380816
75985719
73500524
73446469
94388479
84274301
80617463
73327412
74536682
222554341
217081585
74585334
241169142
74048226
270708836
226895789
75479148
196766332
258556881
180385666
226144618
83656427
160989300
214341920
147823526
205337783
130296241
179453632
112993807
210001939
165509090
92271664
152074521
79401864
144978994
266239006
117456241
74309790
241049328
88851712
216558897
74169194
74021335
202998335
165310640
77474670
75529221
149969721
73547991
73451296
125941046
73854653
108554016
73827408
88547641
73586747
74064985
76877836
73738479
82690603
73170389
74366766
73876949
74914808
72756639
73772544
73147670
74510042
74485905
74879329
73999159
73237485
73344039
73164428
73448725
75011224
72934964
74066996
81478781
73085505
74301039
73306925
73344249
74446003
73804733
73472404
73541265
72957722
76038735
76522963
77411547
73580448
77279890
74196393
73974675
73769471
74528803
93590878
73031808
157413584
73464545
74983289
214750660
202431590
173217006
77309422
205908551
154445818
166824064
74385855
125358406
100696793
167016703
77472308
84841027
159032352
73762435
145005616
147556626
73360112
128309733
99575249
73463483
85970783
213133243
73578066
76603088
191537870
77150581
172850462
73742279
156789352
73717977
73463769
145637977
73194887
74347045
130484243
73399453
103606176
74002164
87881204
73941293
73715041
76228025
76438243
73317253
73731572
74309062
76419913
74079366
72961262
73915261
76360098
74202168
77529862
74331719
73712819
74864776
77389211
73491704
79822302
74428452
74212572
79833526
83254590
87474859
91066775
74431560
79680249
78477381
73498972
76758739
76987156
79943662
73767377
73817029
73435615
75376616
73605697
74056161
74218927
74247866
73724249
74780582
73875963
73976686
73799240
74663572
74196307
74393627
73585584
73654188
73727642
73669788
73468112
73975496
74754109
74518364
74037573
77168610
73674907
73823273
72703067
73860701
77564230
74016238
73547643
73293328
73396610
74774795
73306356
74974640
74052253
73682305
74194842
76420587
73711366
74803563
73998381
74048592
73629893
74018658
74146537
73082448
74850033
73322865
76287989
73631965
73939157
74692715
73444356
73392940
73667021
73590350
73136250
72969222
73629463
75184411
73482642
74569601
73723091
73092518
73804176
73315870
76405482
72512425
73186115
73338962
73157766
77900512
76873465
74973234
73144142
73745753
74261832
74104356
72617690
73080105
74638864
74147474
76558477
73940570
74174122
74497506
74099147
73598361
74416680
74297001
73908510
76366902
77530804
73842713
76241854
73090819
73631827
74339388
73957440
73575625
73920899
73974616
74372977
72169420
73122669
73575682
72707241
74330211
78098459
73495623
74196623
74108209
72420685
78474216
76998186
73484311
75301762
75819388
74166119
73625738
75182778
73684639
73776852
73785574
78519950
73467148
74532335
73246623
74527322
75591620
73807937
74101640
73482385
74632310
78328384
74139212
72639945
74210885
73690563
73075020
74520817
73457676
73940847
73864137
74169983
75075511
74597014
75887082
73816218
74794304
77740695
74043448
73410927
73179738
74433834
77397853
73339019
73081834
73315122
73499288
74516695
73674073
73479823
73477083
73355890
73511782
76808751
73808059
73930176
74603532
77472171
73875863
73683052
73663864
72987379
73433930
73369432
74286695
74051933
76019875
73752987
73740139
73240645
74377619
75225392
73730900
73788931
74451569
73921163
74168883
73655823
72751606
73301429
74487034
72966206
76930446
74007357
73293441
73902997
73517182
77942683
73978892
74371624
75245786
74242977
74044290
73740991
75999007
72577162
73197642
74037338
76894685
73126484
74672960
74075282
74144429
76368069
73261368
73991373
73833113
77846974
73621973
73531078
72982069
73250714
73244009
73415604
73827766
73990833
77809285
73273569
79471183
74077340
72940372
73728934
73902758
73910046
82804356
73593630
72066196
75278613
73787231
76301626
73476651
72660733
72625258
74030462
74505632
72483562
74593791
75383331
73198564
72537135
76330070
72698568
73373470
73681394
72668890
74369359
77665544
81589616
85886853
85784240
72999547
74101991
76207323
73604201
76942388
73268191
74164430
73290100
72335506
73393524
75947927
73069046
73707819
73999603
73876928
73809996
74400314
72676907
73511414
73623640
77386815
72978325
73320922
73685885
77095643
75516847
76224029
73061999
73485385
74034348
74180181
73472313
72978715
73630352
75066784
72981325
73066608
71752146
73831141
73513284
73763916
73665975
74015191
73929918
73212534
77066556
74567205
73704982
74596441
73080092
76728743
73872179
74225389
74372983
94747066
74358766
72896983
81881369
75942940
73244391
77177444
74189530
73817244
74668412
74269852
77747851
73610011
73941171
77115474
74192200
75724078
73036589
73957705
73402471
73265010
73881170
77419394
76988901
74189101
73642410
74743910
74125571
74173979
75672953
76709809
73796403
73800876
72941171
74733865
73517826
73229136
75155411
73693064
73649860
74712858
74492691
74005586
74451622
73694965
74141523
73630443
73519690
77488608
74747429
72219607
77651111
75186576
77544404
76232642
74001007
72784246
77442242
77923666
80687119
76535671
76398607
73139968
73518208
78091675
73161754
73610711
74127313
75011766
73781792
73405220
74041082
73213772
72999569
72891690
72977295
74044223
73774027
73908780
73576067
73537498
76621020
73553620
73739442
76368541
73807731
72576679
74248895
74855658
73209868
73912121
73902430
73431373
77411468
73266355
73245883
72150276
73488638
73767440
74097994
74395699
73673947
73712647
74765018
72726086
72789343
73286684
73597295
74923730
77661505
74006414
77432904
73397076
73254056
75338034
73407606
73806795
74364861
77357895
74324688
73893749
73166043
73436600
73637805
74329143
73608534
73825207
74554503
74161655
74009303
74001675
73851039
73777251
73775936
74543498
78523120
74828391
72441204
73861142
73421504
82362129
73473846
73040412
74114293
73354398
92160883
73751927
73890192
77455756
73869018
75818723
77252301
74987056
74913692
73396576
73541269
74063446
76408289
73934647
74726331
72952674
74271121
73561842
74354674
72548827
73649648
73784130
77937169
73700018
73906198
74547262
74140938
74085732
76392691
74464487
73951962
74585741
77873070
76098787
77481061
109505909
74827884
77603882
137079642
73000765
73397823
120591037
75399146
104770550
73469626
89967624
73349333
76242561
77791925
78074936
75000202
74324740
73346577
73634062
73748221
73159953
73841204
72796679
74231757
73722540
74492525
76225626
73878869
73147388
76655469
78071034
74725323
73528219
74013594
73792782
76573843
75995163
74709510
73890998
74185326
77846736
73539030
75129618
72865794
74140175
77593683
74259829
73945337
73216912
74993032
74202017
74150139
74637715
74337106
73488702
73904128
77168737
74370331
74405124
74257729
73668780
73768027
73796276
74276988
73568688
72993236
73359421
74528543
76252529
73129535
73344069
73780773
73266077
73526931
73407724
73052829
73258363
74806348
73334377
74978231
73606908
72939671
73974272
73451275
74298429
77329408
73340699
74142783
74380207
74442226
79304968
74232520
73950745
77334172
76582457
73994948
73869282
73264936
74673663
74046078
74356404
77355746
73201953
73420615
74548242
73877318
74364964
73468981
72664115
72968810
74259142
74199172
74546782
76288952
73142719
74142363
73136885
73516293
73395737
73349035
73845859
74380799
75533638
73646068
73187414
73694450
73231387
76379882
73655182
72793536
73412022
73262352
77772734
73927995
73553601
73106792
73144838
74648149
73766038
73600567
73181439
76359240
74241829
77275902
76941202
74382320
72692575
73127966
74390598
73220128
74914899
76720418
75404325
74902832
73727219
73812782
72012483
73884274
73827865
74266905
74081856
74026518
75032156
75973789
73634603
74778018
76153913
73695777
74388165
77976184
74000229
73406516
73673666
74143819
76716621
73906438
79125273
73734009
74086427
74499352
72581032
74637517
75199787
73881675
73396116
77512663
73634382
73912342
73174017
73669046
74261435
73915679
69757643
73247726
76227253
73302662
73699153
73830983
73733733
72934556
73431668
73192168
79754699
81541874
111607770
160843606
207209848
215649170
228332664
220803180
224936680
204334500
198081717
208335176
187382723
189226718
184568712
165289503
168186987
165997753
152243582
151264173
127463806
150218328
123233627
118064922
103523645
90890745
89161881
81932983
82169876
77942226
73671782
74162957
72856059
75835855
73513919
73795811
73064159
73571837
72693900
73589721
75361674
76421922
73320750
73771402
73545721
73524950
73464826
73602956
74593283
74105471
74113754
73059951
83907500
93139085
184162927
206385562
218618012
221853078
217859964
191506110
181191282
234310701
169441191
204061036
164825497
149805454
178535817
149373884
131369352
157584977
134486813
104559699
143697019
109707585
108287181
83868980
84537351
86072453
77146646
78956929
75310348
74566158
73357656
72652286
74000301
74813491
73723775
73077981
73435553
74414676
74895832
73925370
73221340
77694026
75218873
73578802
77497945
73571313
73063808
74027289
73838261
81265905
100917960
158974807
165942035
187150674
226018668
207086846
247001202
210031774
165068168
232652135
196812658
158141025
210813716
168859689
143202532
187606306
152647457
117981592
164861468
137188444
93093590
148761164
113715998
83323672
95101038
141829985
74801748
110805711
78726731
84286938
73985062
73267197
74728523
73480197
73413242
73506773
77326964
74659458
76658629
73652136
76980468
77965354
73841391
73948259
73921425
73695601
75675536
73912766
74442448
75947006
73553610
126134744
154845633
181949713
224375934
242540817
226082549
261007325
229411141
197579414
235161220
201411385
172468157
178919864
225525547
157212995
159473168
208466652
140652327
179977091
140871732
107330940
157965911
112171380
85043137
85098578
146184081
76058278
73804558
145078738
76411485
73562661
133720203
74603381
74177498
122709827
73146870
106746301
73346005
91130975
73969062
76832893
78132857
73431140
77861920
73325189
73956468
76772786
72898249
73530419
79647200
72760101
183750717
176264343
165382382
226708851
214306353
173062108
201601025
245471641
169390531
159039561
220542875
157330957
142564196
194364905
141170088
124027583
178799650
106937354
129927898
161618784
86591127
116142359
154188079
93601853
73867103
137565722
76316619
118586144
73926725
93029148
74634511
74561410
79924479
73385905
76677326
74069490
73297012
73886335
73325384
72767677
74770916
74294967
74595148
72302371
74174312
73839241
75145145
74331130
80814325
89156672
73750592
191937642
202515272
182457468
211719396
215530796
188642873
230358703
190273855
175745945
204716317
160768701
153072360
148942491
198336781
147262159
180070010
135773899
129679896
118693630
168231837
115836583
98254243
152247229
89943623
80159323
137532123
76246378
113460337
76738602
91257400
73840752
72878760
81902005
74423426
74391460
77556778
73266879
74757770
75244905
74133892
75014140
73125712
73017107
74779048
74525537
73522380
74879470
73736313
80210060
85963620
73583445
144220514
193642510
240883575
266905890
272376536
241775187
282081096
210605219
266508707
229773012
285739364
232441278
209812396
266677774
179640857
175546792
231417295
162331050
210945432
161005242
139528515
175753835
142604151
111865876
156221532
117686930
88102603
91651826
142294014
74583171
112752828
78734431
73341594
94639697
78388193
78444716
72638742
74893988
73502131
75766151
77006664
73599731
73445755
73977072
73693157
80355195
74037918
73724545
72719039
74566905
77184092
80799460
80096976
73325776
74054551
74131357
79039962
77119085
73558939
75081384
72918446
76583482
73564627
76715030
74688634
74010426
73532164
73418638
73785472
73652499
74991797
74613795
74285847
72609434
77650872
74285455
74031768
74172843
74191914
73686800
75420320
74068343
75070803
74235313
86599388
88918241
90089642
90485760
74625909
82657782
85836876
74397712
95365322
195675515
186104827
208857390
231731223
207872848
176808136
204788481
170820415
156126293
220748553
158911362
184384072
142382020
165550753
146156234
124996292
110300503
91951966
152751403
85691259
125364663
80516588
79243477
100744826
73652598
88219033
75915413
73317658
79291739
73654894
73763540
73732495
74056943
73718653
73251009
74025236
73756466
76542439
77059873
73736424
76244405
74355143
75767853
79136417
78144149
74208637
74868625
76876758
77172993
74562794
74714172
74985922
77961065
74157365
77514955
73335684
76246809
73207427
74874359
74036832
73644103
75204044
74963848
74804585
75406976
74655658
73203922
74324365
74996089
74925108
120637316
74180940
142181519
74928083
73768997
122633115
73947527
105179716
73209217
86488288
73721492
73578547
74366635
77231732
73778823
73935181
73591292
73233275
73324243
75660855
74200629
75819838
75279491
74537989
73692357
74432433
74419265
73826079
73805491
73730527
73049739
73772249
74144974
74504024
74489439
73969365
75000663
73441301
74052217
74424420
73763479
73626454
77767450
74854007
74523828
75144007
73851449
77567778
74202625
74480430
75644248
73849924
73640604
74285594
74603520
74539051
76858957
72817578
73934695
74080477
73472875
74211405
73464761
74070633
73835087
73797098
74279053
74750522
77621467
76371289
73616000
74194834
74093141
74053341
73507408
73350300
74603893
74439530
74256031
76733529
73083690
72670437
74335844
74055279
76493439
74269489
76412840
74683505
73371389
74011183
73932125
73664504
73042951
74334199
74365965
78599367
73817049
76468739
74462724
74860513
83291988
73203377
76570517
73488177
73443389
78619527
73411361
73543896
74086217
74276008
73830746
77121064
73952654
73291179
72995812
74893488
74439847
72798191
75524613
73416984
74579084
77030489
74135921
73893809
73989984
73427222
74762827
77767923
74769196
74341621
74467685
90265681
74028030
73712551
79096815
74236987
73986516
77582934
73340702
74370929
76976980
73381227
77630820
73751179
73090610
73528461
73914013
77280330
73263468
73441194
73656028
74531758
73436283
77379607
74012404
73701548
74475650
74158236
74152064
74366260
73560380
73313614
72480262
74391785
73008423
75265909
77234707
73570733
73718842
74269192
73837172
74783958
73760888
72891688
73916849
74361899
74009399
74631604
77173370
73715440
73608209
113152349
74031046
74674338
149619737
73561365
117548250
77405996
90644641
74176115
73949222
79414708
74168078
73404480
73561833
74165047
77613762
73701897
73528184
75422397
74499718
74627844
74061219
74317249
73725427
73038675
76749534
74757124
75101704
75378439
74116100
74921275
74654198
74333094
77484156
73355556
73665817
74139438
73981637
74017125
73556849
74421064
73813663
75394776
74028289
75828024
74592894
74045058
79196358
82832850
87198455
86155114
77130313
74520531
74161999
74157448
73790924
74069341
75280906
73353981
77418112
74008404
73762872
74209181
74714236
74280595
74240369
74136668
73429115
73537724
74839635
74173698
74178668
73918740
73532106
75002478
73918290
73860261
73828145
73921877
73772365
74527820
74385450
73341849
73792389
73924148
76721949
74356638
73644253
73368058
73609048
78328841
73294937
74583861
74318955
74074447
73604351
86028305
87213464
90930529
90353196
74168389
78087178
76213451
77504975
77912875
73721316
73853916
74678091
74290690
74538199
74416121
73762306
74828879
74470944
74729705
77437493
73972330
74233370
73991941
74297654
73619226
74355359
75480388
75234727
78016337
74385871
72852860
74004669
74907128
78154765
73971674
73441609
73775126
74034553
78746220
73916783
72645719
77495475
74120334
74247089
74825151
74229748
73187830
74059048
74305794
76564077
74262495
74775887
72834467
74842665
75094563
73919516
73724763
73278388
74922532
74984479
73974293
73507251
73199805
73203583
74647214
74255326
75038259
73385633
74093684
75325874
91199865
73371803
74691477
79520541
75544566
77183142
73348874
75978950
76404791
73435635
77874657
74521562
73535573
73414947
72926999
74403557
73439220
73260234
74527325
73452815
73226317
73086316
74150658
72712657
73409209
73466310
73307039
74632241
76890261
73115953
74490228
74984255
73751394
73321501
73979099
73407732
74605705
71056039
80836840
82290756
82240786
77265332
74217927
75770681
73182237
74241793
74323276
74505665
74542961
74320628
75927393
77312583
74807391
73072008
72667166
77982696
73491548
74122367
73512407
73237335
72914348
73879798
72733357
73679293
73308851
73576492
78014795
74180523
73304334
73140486
73588824
74061686
76437816
75126314
75319853
73704103
77412347
73144463
74267397
73266852
73464641
74236817
73967381
73592194
74274227
74158094
74628545
76238445
73570798
73071566
75158233
74383589
77924508
75735500
74010909
73304646
76492742
77562098
73069130
73898819
74446628
75931999
74506631
72799026
73250398
73505824
73279929
74352828
79975026
73598157
73120217
74497992
73725830
73633558
73780803
73726225
73232521
73907451
73008372
72987057
73439708
73491707
73109778
73339654
74195670
74394347
74594983
73359099
73577658
73866633
73022729
73853225
73976487
73831086
74989965
76094239
73031854
77956653
73492033
74086121
73812883
75240466
76620050
74478920
74011409
74805234
74835618
75934159
74430433
72733970
78125863
74640224
73316031
77978917
74057974
74559127
76102981
73186537
77285248
73468802
76768427
73836374
73551319
74155324
72727895
72489224
73185714
74262452
74057507
73740182
73953982
74296685
73616313
73846578
73960231
74110403
74470137
73778547
74558077
78018932
73471187
76446053
73583891
76738777
78061478
74187204
76826047
108033083
76254719
73666608
131302397
73794362
102074307
78129098
84800161
73594070
78490438
76541817
75165085
73401367
73435371
73660843
72822602
75430107
76238643
75132347
73739302
73524482
73698407
73343731
74266913
72814093
75075100
74331291
73212721
73899971
76468519
72638337
73181241
73976551
73820712
73967446
76533495
74309588
73338657
73057925
77748539
78254542
73294122
74349629
74492490
73658010
74785844
73988006
73923880
73401317
74145367
77234061
77134357
73623191
74699555
76681031
73653049
75428120
74244986
77931193
73325356
74941374
74186820
73860647
73710932
73526651
75533224
74105558
72927303
73549545
74788683
73985064
74966012
74222737
73406444
76634261
73116266
74368386
78298871
73410386
74091314
73745890
73984516
77581606
74078349
74286248
73358776
72635121
74325895
73469993
75110671
73833141
73070190
73425578
77550567
72981562
73352856
73567578
73659545
74052641
73596570
73231328
73355157
72797896
74013680
73017354
74411840
73120197
73636124
73077896
73848038
77879369
74514998
73682218
73659725
108409571
72969151
73908600
135021129
73430326
101945937
77371475
81609239
73456289
76857886
76650151
77291637
72992943
74450975
73783885
73381452
73056127
73428902
74720623
74554691
76912730
74065354
76865682
73443914
73793290
73738270
73742529
73721709
73493106
73310085
73415110
78880550
78896723
76640225
94491898
147147260
190215625
190063045
217648705
212397098
199659565
192476242
172309603
163068803
165927331
168607978
149501679
156260760
122009459
155501374
100827437
157304679
134285811
82747933
105240713
151069607
84186752
126624008
79871045
95851176
72769947
80253531
76288588
73701306
76486006
73813643
74167078
74442102
74055846
73610829
72628869
72772547
72947800
73480267
74030665
73842972
72714182
75091556
72986096
73351422
73561366
73840469
73424069
73210487
92783217
147044481
162841261
216188814
230585165
227755190
222828862
212632786
214772880
198454767
180818736
193413965
174244297
164801903
176575785
159215896
148736828
153685725
144788620
134642196
142758569
128941616
123314153
128166946
110046323
102631918
99292175
87728957
74006942
72640596
148016307
150696803
77752749
74880671
149439338
77640778
72584133
126083605
92491545
73762596
73990361
79381728
73609647
72619488
73391568
73272183
74732841
73316822
73300314
77972435
77540733
81781391
147838034
180742397
197436828
213828906
202135383
186131435
212864901
171095124
192535160
169064028
159520177
170215881
150784805
151542961
132375430
161963906
131894026
118084608
146436250
114974333
97029998
127489197
96128681
85212628
112100788
84043872
90166774
74964353
74197350
79967308
73086585
73402274
73645226
76896108
73502699
73584606
73578204
73882097
73751746
73372935
73523830
73822334
77297678
73384612
73716240
74373729
74812100
77600829
73484441
80287980
72891271
165139859
186169369
180978983
239827629
232883927
242746678
222108419
206638771
188545792
176309690
229797766
189748517
169939176
155973947
169707397
124159411
149541628
117746293
147498779
100114228
116991032
97186115
88180330
99317939
83949767
78772425
84256594
73362207
73801933
74210191
74823865
74378329
73366692
77758169
74711953
73972369
74192210
77082974
78914121
73799527
73794006
73887870
76027885
73744347
73965215
73420715
77141110
74249357
81864810
84576229
128707718
179659237
210138615
193937300
210414489
196086453
166406933
206953075
161299402
173987594
152802202
144254592
126869692
153733903
123606788
111771755
141634132
107552529
95102265
123392937
93672407
100743447
82085425
81516749
85575826
76770746
78042202
74045678
73311068
75736047
76150105
76557817
73175951
74370885
74437429
73619475
77370466
73926905
74307268
74822570
74749229
80278926
73470083
73910316
75907259
73847702
76659874
74088153
73988359
81649754
90779049
144252160
176246209
226864678
208026538
221332296
217501430
188053073
216075248
193959415
181923906
166853312
168961721
162992607
151719316
144858030
144445078
128108669
125122891
108587591
131420319
102604553
90416541
124297412
85628884
93061524
74489914
75892904
73909277
73320166
75573752
74228078
74699571
78887001
73968230
73661912
73196028
74179451
74746560
74484927
77111620
73711711
75026654
73963464
73588600
73790899
74327814
74195211
73698016
74050777
93194644
134171070
172731845
225451580
259963440
242108487
249987476
234323057
229232297
256190118
209878917
211533833
191381348
248021134
166800146
199184187
226505754
166816809
148068078
211559087
132698589
153691086
193522595
112404731
162035048
140834246
108980238
89018623
146977175
105814564
87097859
104599151
74204946
74655361
123443971
75807159
102067535
74445099
86483979
74409917
74436847
75704401
74167668
73296369
73623595
74360167
73946863
73644837
73128539
74040678
74648143
74872586
85573474
82120918
82232400
74333192
76795192
78761386
73170660
74110477
76257970
75128748
73450565
74579352
73863439
74469041
73780372
74004314
77775914
73878335
74573791
74697465
73659031
73716154
77483954
75909113
73608867
73824387
74581542
73900061
73582084
73257956
73405832
74366426
73674529
76072868
77912676
74575357
74799499
74643040
73646118
72865850
80974479
74014682
155957780
189086465
180917501
217031213
197087975
165604023
199555579
238566755
164928516
153106607
216076901
152598925
137221310
197312631
136225844
120366459
167379851
121316825
98763900
154778928
98743633
84604557
142188049
82789045
74503202
128743762
99975819
90733750
74840178
81612888
75058318
73629201
78160839
73881056
74326297
74483542
74861105
74916396
74019627
73640652
73543443
74587806
77992735
73213797
74310639
73027248
73057622
78815284
73914521
77034416
74503089
76294234
73489015
77538561
73381915
73865332
73665968
73458051
77604996
74449416
73148992
76006912
74299430
73817120
73720831
73593113
73622773
73947993
76315434
73623142
75042467
74279748
73193421
75282417
73509066
74281967
73576142
73655904
74551079
74298353
74612995
74304711
73521156
74080870
73826988
75225926
73146388
73331565
74235758
77573110
74167649
72707144
73244961
74646606
73342384
73966336
73731129
73777556
75337384
74247442
73113037
73565253
74574967
73172541
73216788
74578408
73513642
72817983
73585738
73952654
73518748
74457308
70765948
73235124
73436354
73528982
72320617
77910631
73242147
73642150
73285181
74185975
76522515
74382817
74016479
73577995
73679758
74480299
73288157
77497721
77130879
71932551
73843181
74448103
78205828
73519394
72619570
74450463
73493115
74475347
73509823
74295669
74072138
75863809
73994346
77404979
73665814
73953660
73788801
72570705
74212045
74624116
73101819
73484232
73437764
73229767
73333928
73575528
72688276
73576407
73303053
74014208
74410821
75340491
73424307
74455899
74310410
76461100
76342521
78433404
74110170
77316205
74387377
73926305
73562936
72910757
77119486
73621203
75781896
72483443
73379918
74069601
73542498
73699071
72850636
73394050
73166050
78772605
78585337
79192798
85760471
85937554
72500318
76904743
75977134
73031344
75780870
73395936
73438841
74268816
74246508
73449520
73074385
73440969
72535333
73891334
74503081
72024737
74312367
74196846
73517540
73461638
73426161
74187026
74404707
78012617
73132470
73892102
74415556
74158552
77443756
74588477
77161539
73058618
76724282
80283795
73516141
74406399
73381212
74173191
74606010
80627819
72796458
73800501
73814679
73493298
79042769
73893979
72950883
73476428
74487173
77695745
73424698
72926288
73993373
76498841
74171153
73414208
74000602
73219138
74847064
74276743
76007905
73213616
74374704
74288976
74085729
76444682
74042756
72829854
72748301
73236891
77756606
74220027
73055656
72793973
76032304
74718629
74287001
74121196
73316118
73956337
74735979
76773488
77307277
74256631
78913649
87783909
87225736
89635627
75440653
76209310
73453658
74064976
94851406
74409980
73659044
84137040
73804691
73746097
75471881
75155285
73492000
74267674
74647919
74283612
74550583
73435043
78151758
74230489
75576657
75558043
73749524
74098156
73443973
75867735
74725305
73461074
73397419
72889322
74195531
74922034
75168849
73756523
73117849
73244919
73780289
76810593
73689010
73956073
73148825
72722038
73446040
73303948
75265910
73622729
74606008
73811027
76081206
72969700
76649770
74040933
76670797
76713316
74080343
73829222
73358169
74248240
73755702
72433476
73946776
74883567
74085062
77171668
72708170
70417593
73480359
74172703
78868245
76238858
72278107
73504525
73023890
74420341
73571614
73459995
74369294
75669823
74669983
76741988
74496478
74391967
74435656
73999675
83017141
73081138
75204832
82085956
77636257
74176825
74710336
76558387
77833147
75065559
73187224
74163328
73814081
73093586
73608198
73916109
72606851
74086022
73483238
72310160
74164645
76549676
74814089
73343970
72646636
73146999
78432366
73603644
72995609
74517117
73216503
74203794
73932682
73572902
74320192
76469712
74614052
78903899
73625973
73179804
74077887
78187601
73485082
73523264
73702781
72859772
72931110
74196924
73709366
73182551
75040549
110291308
73531416
74235907
136776168
72774922
105092740
74650325
89628989
72658754
77249178
79265564
71995454
74144717
76981145
72911765
75252733
73647084
73063851
78124933
73283342
72271489
74738300
72459098
72719493
73970475
73373319
74293284
73322501
73220391
77494413
73351141
73415525
74126520
74368395
73156899
72448800
73563311
75419085
75768432
81287997
77773356
77762609
74674800
72582883
73639288
73843615
73673357
73365372
73984990
73204992
73568959
73618888
74306598
73929901
74311669
73653276
74018198
72830543
72811829
73293213
78205028
73291941
72220364
73777244
72407615
73050013
74395991
72835503
73226902
74475105
74328820
72319547
74335589
73363906
76756450
74299810
73198761
74205044
73502223
77081619
72568652
75632953
76635527
73173062
73986338
72505926
73000845
74175557
73085605
72926138
73300450
73616730
72921153
74444154
73411833
73718838
73545342
73449966
73801765
74438134
77311727
74006520
73703780
73133632
72301517
78108586
73823263
74475503
73749867
73995555
73907362
74009395
74435196
74182360
74296442
73594042
77219920
74387684
73590597
73277061
73531995
73298222
73254536
73443050
75099951
76881065
77849109
73386075
73844924
75004525
73005852
73411975
73910268
74648740
74009867
73954170
74039570
74108561
74207648
74259829
74195544
73977425
77290768
73971370
73685126
73372944
77121824
77997091
73371264
75024130
76573708
74439956
74644165
73103591
73237325
74566259
73730808
73149605
77593141
74323367
72755042
73649987
73993604
75085732
73366124
73188506
72629726
73898190
74005271
73527589
77114783
73384477
72537611
74144435
73780055
73727773
73763614
74016669
74080644
73610658
73856432
73016183
74108940
81864723
76678537
74270540
80675970
74049386
74435682
77851064
73664574
73890753
73357750
73030072
73684686
74307955
73584914
75447210
74053632
73105035
74347588
74204501
74028689
77444437
73838806
72770876
74272901
75020511
73929716
73053859
76971699
73609520
75626187
76479165
73499238
73688909
72903149
73323286
74919236
74634886
74628470
74324797
73445597
74016810
74506615
73708358
73029652
73360487
73396394
76581699
73718993
73873924
73465617
73239728
77725974
75312919
76651086
72850561
73826611
72705907
73336895
85076441
82823938
89676129
94086790
74747805
76478310
75703352
73109470
73598743
73691919
74344637
73709134
73762834
73886436
73046091
77620563
73233518
74597155
73885275
73694516
73955505
73562534
73519368
76933550
73186366
73082788
72468373
74442066
75235381
77154494
73944829
73928087
73150726
72549384
81695882
73882181
74067408
73971317
73475786
71398126
73779481
73248190
75472670
74509649
73923146
75724114
76862647
74835961
73552306
73387297
74143629
74615791
74712310
73991416
73029039
74222721
73301620
73516456
74176186
74084483
72887741
73584709
73611799
72929556
76984849
75289563
74486266
73967326
74111984
73959520
73343786
72729196
73843160
74192743
77399249
76198928
74062356
73171615
73053937
78762293
74231570
73798914
73322854
73562656
73900348
73399034
73240396
73805950
74050467
73219071
77308494
76211795
73949382
73441556
79647380
82536308
123055655
92233329
186250160
201818832
181959435
224959799
190811406
189798389
177462598
162160617
149311371
172319084
149164938
150270123
125859839
120346169
110482088
141741925
103157451
114538888
92021850
84219005
91893452
75751729
72364990
80367363
73133912
73178725
73116547
73816628
74125606
73773860
83294336
73482077
73834638
80685878
76507231
74246246
74819404
75467156
73737621
74064026
73737031
74057880
73479448
75193894
74550681
75344329
70569860
82207656
73968380
163839994
169191886
173453720
218226493
215237474
181030061
219024078
187232313
163039459
191603849
175495856
150747059
182120832
169806537
135756841
159486164
154809813
119779859
146290161
148133488
107084232
133166215
87417477
133608130
116475006
116714902
93133798
77582635
88696585
79300924
73283060
80940659
74250778
72681426
73252575
76449505
72880967
75313960
73978612
74134969
74579807
73327450
74488495
73104997
73780237
73434211
74289351
75456604
80056601
81289612
80307348
187911845
181655753
196593841
201715853
160238964
220028956
215709461
187849683
173047899
150261820
115363404
168707430
152926094
95579444
149602162
134357168
90322191
138568862
121345523
118814464
100837812
79582062
94095960
85035787
74714668
80767162
73269754
77607260
75462272
74091771
73514604
73045658
73941229
77045968
74382266
73189791
73774584
73373798
74492256
73478820
74448404
75891366
72207995
73870027
81654950
73964405
72678193
106019670
131499964
187522647
180506377
242827594
277810024
244744423
221893492
267160691
195283114
247100533
236009530
245357431
204378344
248207550
215667717
172471619
160290823
208575043
256665576
230419667
146959859
196038838
132858262
180838064
231340654
162247394
121291265
216415324
150461444
106597751
210911771
87180712
134185473
181630597
113164632
165236808
74994789
90624998
147253227
72791442
80207214
130418120
72679470
117677824
75311479
92833146
72477275
72731533
79058049
72694206
73847757
73763194
95854646
172671962
162546668
226997298
208302302
225924172
212818305
212305886
196469510
173582329
177453588
166480905
159550533
161627483
152755911
140844069
144328744
132659105
119356110
123312210
110961052
99751759
94722381
90447971
80144093
77726066
73452702
72706496
73796194
76075589
73675756
73049672
73909695
73557041
72762885
74710992
73571834
74082371
74069968
72631385
73412923
73404704
74528551
74238640
73746422
74936750
73946484
74365675
99625946
77053700
79552028
127806348
190474646
194442446
202640340
214124560
176522598
237800790
157396323
205680521
219855454
180206734
135156930
196050686
109665866
162714885
164275735
89627803
141371760
151972707
77846753
127955641
138149452
99917610
72704065
118653361
83040980
92167261
73910572
79243387
81114604
73640078
72988411
73684251
73969352
75669545
74406777
73576109
73763660
72969887
78440875
74046118
74384823
72868303
73540531
74097458
73729482
74001132
72782747
90939720
72254035
74727408
119717959
215339591
177078205
235331280
252490248
235379800
279507684
210816597
266070268
266642666
194143351
233452051
260566031
159891705
228279269
224453208
150252930
216610544
211230367
140591924
204766955
192647452
123443524
177104689
168846757
97223299
164706354
153657222
87643285
145987070
132599906
76480730
129108303
110674798
102555702
90460739
74027461
83333196
75938453
71506714
74343362
73387593
72727287
74271982
73239533
71959076
72337531
73400849
73474120
73338576
73249342
80877381
73300416
81909344
74322050
82582934
77205001
73166543
74539781
73445571
78869012
77085805
73744018
73034423
72895934
76711999
73808043
73263316
73779487
73959536
72623725
73403341
77626223
74395325
74480398
74195005
73364488
74782438
75629679
74353269
73749388
76148789
74042493
74512104
73665059
73235215
73763743
74679226
73067457
74040611
88978190
73509063
73966663
115911046
187798246
183552738
213109210
164735253
217427672
238045636
153851948
219308952
219355823
135975262
199690262
201078101
126501121
185705748
178483301
97788791
159344409
163999528
86344904
144532442
143893769
123109635
77849192
126348056
95778857
74500293
102525643
81995192
86740731
76277244
74235679
76322659
75679302
73176718
74768820
73796913
73573720
77060353
73391701
73448302
74199183
74034240
73817364
73443193
74643235
73489972
73651291
76727225
74231480
77820938
74088930
75123687
76488841
73279699
77657979
73793293
79995848
89148466
85798741
87944920
74188936
77400522
76360634
74425702
76950622
74349295
73684688
73801315
73684258
74927520
74407528
72763641
77453434
74325126
73700159
73620016
73949798
73816757
73214845
76158195
73656646
73968111
72263578
73277512
73408612
73244221
73861157
75639521
72436335
73845603
77623414
72989353
72907748
73476706
72848117
77558529
73453948
73864375
73523577
73573038
75445096
73326197
75106946
73617150
73509090
73602819
72985340
73484233
73952008
73474962
73791938
73200124
72098025
73765675
74480835
72726858
75022680
72867856
89968963
73462481
74267062
75325800
75097075
73685434
73715530
73814787
73287903
76703788
74304609
75268253
73664032
73331027
73399970
73352716
74549603
80942888
73660205
72753049
73317742
78027999
94244790
83576987
91707745
73431666
73764421
77145553
74481459
73719982
73419144
73963454
77733655
73133182
73008081
74349470
73860256
73554971
73408723
75899776
72965215
73664040
74760097
73174203
74124888
73038792
77094810
76596781
73131461
77828632
72845945
73818037
72901819
71475239
73333739
76622525
73379342
76811076
74206214
73390444
73855596
73025117
72701443
77159810
76884541
73355785
73614202
73943498
73664972
73924983
72791783
74505120
73505369
76487422
72628863
73331328
74017869
73506163
72420432
74115889
73183643
73514064
73881082
74144391
77899454
74452581
76541942
73527706
75730523
73262841
73762302
73649935
73905381
73433683
73536731
74451698
78266288
74060886
73956311
74369777
77493997
75018980
73447241
74505897
74057623
78054417
75195424
73834240
73099663
73683459
74046284
74177041
74359298
73501929
74105318
74457652
76645979
74552791
76764815
74749130
73736757
74522467
73255082
75537570
75027375
74598620
75501943
75028710
75717576
76943070
78008645
73761071
77721831
75247046
73497008
74683190
74250208
73861112
74054401
73415763
74683657
73781264
74644312
73497196
73988086
72935686
73940097
74045478
74279455
77073718
75072722
73146005
74577867
75510735
78353837
74234825
74739859
74111654
73539088
73607144
73599292
77051239
76985023
74365339
74767832
74136499
73823804
74992757
74077311
73165847
74916763
74336913
73909590
77091972
77415866
73754153
74027367
72960400
73101429
74257625
74155867
74084180
73899089
75114009
76361508
77443979
75966678
76578118
77862578
73947906
73232879
73834382
79068601
72750026
78501965
73653468
73617621
73852052
73125383
72867015
74645297
73467672
75110244
78113803
74037253
73697229
76156775
74416716
73938109
73854855
74351631
74186421
73632290
77549968
73469648
73761271
73874108
78164680
73261572
74934590
74712584
74552749
74948844
76749368
73854872
74942048
74094494
74067532
74373763
77514542
73642618
76457443
73432802
73398945
82064199
73617280
73789049
73560614
73544704
76933956
73482175
73675030
73904934
73577978
73958862
76334758
72302536
74656106
74014226
73758898
74524132
76680853
74010084
74255254
73792598
73349101
73746169
74326797
74562446
74154173
74299476
73499860
75951992
73856065
72771470
78762089
74269010
76251405
73859907
73115531
73344771
77199710
73259060
73427098
74126367
73293045
78352702
76641201
74087664
77558064
73310667
73345765
74517050
73958563
73985502
73527104
73913754
76884624
73338487
73739132
73516846
73844875
73895037
78522611
75738079
73940158
74092676
74366233
73955019
73604628
73036863
73069831
73506594
74069254
74228730
75670791
74275327
73960861
73762974
73997427
74151015
73873469
75840391
77614195
74408389
76495593
76708839
73647900
78661307
77654373
73842499
74026672
73511792
73945162
75563059
74924821
75382994
76022184
74267946
77381197
74774371
73551640
73246802
75909259
77441271
77449042
78907476
76850033
74782911
77779914
73718071
74216620
72615235
74240349
76163330
73636014
78528543
76422154
73614104
72885273
73383561
77072683
78055419
77754774
73445786
76538693
74051769
73771930
73337747
73914128
79365811
73179745
73604475
77805694
73352648
72961128
94143633
73608075
73474542
85350664
74224739
72784874
77821280
74146797
75799427
74110648
74020119
73183444
73790357
73876724
73902065
71774535
74836211
73698162
72113063
76700282
74755578
73389514
73562137
76311240
74181265
73201192
74094799
74373290
74402631
74483747
74455430
73398071
73402519
73992324
77126370
74166544
73537900
72886372
73427170
77763127
73635970
74122833
73101128
74372839
73631461
73699909
74391803
73663476
73942430
73493706
76796659
73799955
73970377
73618103
74149863
73338476
73507436
72646426
73553538
73959382
75995054
73699416
76136739
73453593
73722758
73929376
73018611
74306586
74006325
73228816
73961369
73619013
75905295
73660961
73609189
74376822
78385225
76587769
72648522
74150998
75314831
78468663
73848364
73183642
73580151
73664924
74327251
73905196
73482345
77635316
72688753
73360422
77604073
73174632
74003327
74119436
75023945
76297917
74360941
73008535
73925861
73256254
73043133
73300719
73904132
72814266
73355401
73621354
72988603
73789615
74494290
74463751
74405260
72822024
74546433
73848045
73615279
73671946
76989965
74851266
73597882
72923198
73758950
78152018
74190477
78086452
74527178
73691684
75173995
73900242
73746181
73789820
73481707
73392819
73213714
72996431
75288711
74336089
74061988
76488730
78524173
73549042
74154952
73605617
74469699
74316444
73420421
72921308
73795258
77910397
74620759
76120897
74673033
76175527
74021923
74589604
74734554
74257352
74551898
73880607
73968354
74711683
75022934
76964864
73961555
73849864
73024845
73179777
77021331
73004287
73210076
73365142
74965665
73504056
72678200
73555984
73807133
72899219
72908815
78024556
74164019
73774237
76961889
78267035
74536234
73901059
73329397
73722510
74430105
72878851
73872829
72229469
72584039
74302772
77422332
73596137
74602799
73581307
73102843
74706920
75252307
72797244
73427375
74466823
73950029
76582790
75598777
73915355
73306682
73273916
77571321
73054290
73788798
73232594
73474051
74249352
73800635
73324319
73554364
73353352
74951121
80193649
73933476
74031772
73227838
74239683
73347299
73512521
73632554
74439678
73838631
74018797
73701481
74157632
73089493
73980455
74034836
73718875
78323766
76123324
75616624
73488861
75301682
73310443
74856503
74004909
74441395
77119426
75367986
73616603
74054751
73961273
78994873
73385667
73675285
73370097
74426878
74195087
73677209
73417842
74016785
74418492
74325724
73336524
73911642
73551924
76034161
73364836
74600076
73634801
74145642
73031846
73014332
74966341
72641006
74505644
78868876
78400987
104545481
140223446
196594976
208974381
211689706
219043605
213532544
210745818
197697177
189376099
193886762
164985397
192790502
173437287
173456109
151577132
158060330
156849263
136743241
153845242
132443569
112556857
128032719
112884381
92484777
101210600
88394835
79832024
85838209
74009662
77102735
72988980
75289791
77299825
74584698
74286401
73767621
73357541
74674229
76268498
73769864
72703199
73872729
73502416
72821042
72995746
72641938
73857655
74036227
76422491
80640586
98112434
152520074
189853608
200904513
227943283
212354415
194380889
176204829
203979101
161824565
181469730
139307818
171393632
159326836
119468213
160204514
144172435
103018083
147682546
114730878
86336843
125410128
97435551
76134148
109560742
81806596
88976351
73489308
74601738
77196864
74338292
74490738
72899408
76788546
74417368
74667117
76862030
73638162
75834419
73569661
73988507
73608525
73795346
72696947
73649235
73288635
73431254
77070084
73808428
72956525
91832367
171282054
168881233
198184285
228736938
208034233
237951173
211701149
177285020
215120799
197821745
163310726
196691660
163093894
146371773
180901618
158682538
126428800
155573743
94831214
143799262
141381737
117235994
80916345
118834918
90274691
93405331
72894084
87847449
82368028
74107029
78155285
74398994
74380030
73335439
73420411
74521912
73586211
75416421
77549480
73485916
73382599
72728114
77119597
77697513
72726973
73385320
74629116
73162240
78408695
73242610
140722508
187068094
199717942
242120476
248338944
230249029
262605126
222532158
210779990
244784847
201313422
221348594
194007067
177218061
161542864
194859520
156694068
171790697
149494671
146252807
130296128
158765542
130007185
108195025
142036835
103381740
86281310
121770996
84885026
98147717
83056056
75775808
83987378
73784110
74347068
79550127
74521617
77928312
74511653
73664467
74903645
74181375
73584505
74152388
74398268
73983523
76806457
73801891
77363491
96377387
81707878
190259288
204733960
200698854
221146148
215798027
194549233
175726308
221755974
178292104
166426753
162183319
162641658
148144169
144236751
145280300
129426055
124278213
127709598
106351266
97743580
102926911
96066364
83455046
87888171
82064475
75589301
81135212
73399121
74393295
75167502
74275155
74600469
74262680
74228812
74107828
73308332
73489265
77900203
74576056
74648865
75186387
73984047
75359529
74452067
73486047
73855221
74395952
76045666
93356002
94931930
139417448
201217368
215819575
213383336
214450758
213543134
177431829
220516663
181309788
172353185
198191850
165394703
172334092
156599154
148500163
153253389
126128624
106334466
95839778
129237631
87661684
85446481
113557500
78985283
90938407
75577867
72777138
81711615
73079783
73317164
73759602
74810877
73560102
73947628
74605794
76461629
76877095
74303200
73294406
75671252
76729145
76726504
74201978
74387998
76331797
72885571
73454442
74827228
74381530
119023553
93028645
131995320
207790897
213121965
207815910
230336712
308625445
174355488
203912286
306859016
175032222
161379813
314254407
161052955
149240870
288835904
147821302
129061087
121360318
107188086
311076657
91229135
279769734
87117592
80015606
75111076
273224640
239554688
73921683
73302909
219259330
74296491
74478006
203179570
74589639
175432262
74348142
167334114
74914407
75363220
143813569
74789417
116094353
73386618
75119379
99574315
74296978
86684972
74488173
73314042
78468314
85111012
80543222
74611713
73816545
72894582
79165574
72567804
73400008
73666148
75292233
85633189
73539162
72859761
74384262
75595973
74477833
74989405
73644925
73358283
72672014
74105113
74119689
73622914
74479523
74016900
73476220
73070734
73694729
72260491
73222424
73756605
74453293
75369410
75097682
72796443
74713196
74364626
78023249
73460917
73823315
73107069
75372476
127487988
189165113
166526592
216958095
240893794
219285812
180110010
216115522
191606763
167696749
222211307
191022917
154910339
176773312
183941731
164690773
145600486
160754871
125440871
152876679
151247582
108884185
140046660
116056443
94386632
141370348
111546122
77457805
99297066
90564617
83898405
73566515
80711003
74593651
75718056
74217666
73631633
73313164
75734719
74511566
72700881
72959168
78248819
74245894
74410507
73386438
73005849
79423822
73982199
76225642
74366261
76258319
74367269
76259320
73919261
73462004
73200413
73712366
78153236
74240254
74625157
73302713
75039681
74564941
74050555
73748721
73925493
74743863
73834150
74641132
73109990
73875322
73895663
72910939
74038101
75220450
73027064
74326374
74251831
73657901
72742938
73361377
72440246
73829552
77449387
73035964
73399094
73991083
72142498
76711226
74181343
72837304
72553974
73344737
73320356
72784731
74263531
73767237
72192018
74729138
76406875
72930167
74037674
73568649
73309569
73430489
73725708
73627048
73761916
71561031
72391529
73264205
72529726
76088932
73840738
73928056
72518303
74082738
73169271
73101964
74254471
73043744
72804717
73407055
73060461
72958220
73490373
72771158
76103530
77561939
71506052
73195726
73364436
73277357
76910080
74115333
72692048
72525085
73903014
77845197
73227071
74492299
73518745
73447587
73686717
76367424
73131154
74121890
73348960
74271243
74575056
79857549
73449107
77764145
73986556
73901980
77445017
73259635
72846541
73388030
74697352
77074970
73743895
74500278
73478224
74546173
75455675
72917629
76722184
72211848
73632584
78169977
74212062
73372744
73553568
74389729
77400416
77866968
72977334
73332553
73274943
73757177
75909595
73394578
73105577
73198163
73520205
76397284
74141695
74362401
76587783
73566677
74431324
73800610
73605977
73871702
72762434
74324396
74280361
73544688
73158284
73879248
76150784
72971542
74133922
73686266
76429908
74032250
74125595
75631732
74695609
75253115
73324569
80313123
74168241
72717282
74415101
72023197
78229016
73698114
74087460
72918421
73441776
73842148
74144629
74139069
74160346
74279247
73024331
77470101
74252064
73762236
74500960
73913007
74091167
75794838
73450927
76413865
73101940
73977546
76744107
73964916
74062441
73795655
73423636
73609630
74277951
72932620
73791637
73704905
71657765
73154823
73251662
72910491
74118294
74517253
73652262
73868091
73704285
71681212
78299803
73355103
74104258
73185818
73874685
71330569
73574215
73448260
73784263
74699020
74559049
71991139
72866412
73955282
77161304
73228013
73633624
73316950
72716261
73905241
73831074
73839220
73968771
73998008
73247169
75219175
74129337
72464513
103975072
75013821
73502372
130337400
74805388
102820902
72729119
86918061
74242455
74054345
79215204
76026182
72764780
73575036
73192711
77987776
74041154
74631225
107148124
73409883
74776322
132886318
74404247
112136670
73239932
89177164
73656768
77606726
76767874
75137301
73015079
73691599
73567940
76116170
72734385
73008686
72246479
73708399
72705516
74233799
73764277
72872079
74811223
72352520
77843486
74351075
73130728
77940622
73306190
76332247
74044006
74070066
74371523
77280466
73329159
73591456
73364221
75075089
84310052
73835371
73135280
81429935
73367000
73129089
73536056
74709011
73985592
72816986
72689171
72474273
74706814
73798548
73311589
73772506
73483109
73966908
73802605
74825895
74262733
74401478
74269275
73738749
73026754
73194554
73844726
73389486
74174067
75112830
74388171
74670712
73189517
74936208
75244503
73781452
74838195
73704046
73815462
74739527
78629422
75459420
76943220
73979660
75038223
75784289
74366680
78589894
73876512
74233745
74854351
73874142
73542032
73373933
70651470
77601358
75443586
73297774
73686198
75716632
74220010
75070839
72905290
74313895
74249899
72559855
73246868
72988768
72558033
78052259
73734376
74543460
74081423
75966484
73526084
78575932
73430123
72728178
73222879
73955488
73561583
74215368
77558561
74112376
76264985
73403484
74982939
77485252
75726361
73808992
73346925
73741751
74525596
73835498
74017065
74262568
74596086
75536280
76987587
73529773
74039503
73969909
73345500
74418763
75618122
73436895
73373937
76028381
74275175
77148095
76618217
78414407
77629841
76425045
76888508
77794872
73755194
74092332
74666358
73037007
73669827
74336607
74479749
74629734
78997399
73771738
75308613
75093776
73574444
81518876
78018175
73517123
73247169
84793949
81070142
90515824
87927424
73950396
78260017
78232837
74314608
73861580
74157591
74916394
73993667
74313255
72818971
73110413
73512287
74794513
