74148460
72873828
73907097
77212575
74743614
73707863
74310843
73420940
73607477
76204678
71970881
72086544
73466984
76998341
72540863
72859778
71758982
71336481
74068135
73123720
73569025
73365941
72579473
72211693
73436383
71983354
74843650
73681068
74469245
72954432
73033506
73487338
73283436
73415469
77087997
71169025
78249577
80801474
110531121
180234518
214111118
235944185
331943314
374813520
343570245
326163955
281390023
327499781
379432502
283730887
376143584
309193723
349078076
313696673
300430452
243032263
302309927
352031073
256287900
348125824
288287639
288064739
338323725
276784895
206956239
315548668
271932502
221374755
322833947
237735574
243464271
305042926
228508625
226081537
193226714
297675370
201440943
267865778
195403039
199691801
260511227
168783566
170594693
241112114
156383357
157137879
225972267
135094545
129315434
211731888
109367104
108439107
176263629
89456966
88387161
161241713
79299864
79627597
173408151
197497728
218730532
360804931
359421702
389882238
364702161
463181791
343240008
397691616
459458631
321641629
405069009
456034777
409331297
326975972
375801555
381817680
329823698
420016864
317542555
427655427
298897979
419163038
347326298
423350301
262841278
336976159
401908636
351479348
253254684
301902593
311474204
228337412
314268609
212001022
344007022
186823414
319726554
278669659
167887887
346230478
249837846
315035664
151437473
278299757
122385634
242384969
223659866
97349808
277938168
237297977
83771766
203720187
167327393
220795508
130679356
199759034
108458721
220154864
215552522
287003971
413770887
429654560
469944390
448030700
407506411
449422589
457549374
431837153
418229519
403869734
383066041
430563801
397025645
348062447
389125560
399724446
385141599
420297216
423985439
404226394
391511018
363124957
386935225
417421260
346534390
328706370
394329797
340107535
330059771
354057919
360215081
362456401
353451064
343066650
334042965
379738149
308642585
301622678
291013423
389038599
262877086
358624148
331183505
321607382
244513987
295998311
346706572
218963295
282826775
288419253
208225202
273831879
281798869
245336094
237663786
270862763
318806523
394394004
369496143
419799600
531308847
517633646
501248444
496975563
439254282
553927106
499419087
541071156
441253005
501772718
492401227
476380414
436332693
475790854
447958342
502757032
488517140
473194724
454542763
388882455
517463578
452286863
499493261
441183488
395568743
446299654
375146036
424087750
436623933
400869353
451218255
430636893
422281892
323106053
396365156
467647838
395109287
306802124
436387122
379158442
293904455
392145499
360053035
381973177
347181150
323475883
291448534
398663732
378676989
284619306
450425472
408863360
443140343
364317039
410011035
465711543
468794445
485512941
510163258
506848034
518007162
467125509
583466427
455864737
582238063
415670209
588898172
518715585
602629216
421083112
515007637
545642194
504257047
539527856
537308284
414277899
492098458
550033630
387269271
353510883
545508818
536386767
469531053
297384940
559198652
493373839
473845914
438973064
307946043
502472726
260804504
501637566
240811967
523567823
245634417
527751546
516228702
441470341
223288240
437064603
211187190
465984394
539130014
392582370
178957241
467076839
161887854
454271268
483010799
204801826
476761586
522721488
482551221
460996136
533846904
271014971
498212454
435255176
263328868
228133737
545095654
222263317
511091287
207793127
524338279
187744342
495989011
437518706
541465127
159934063
148243187
472530169
449935259
544160444
384811557
131494548
503331219
112846170
488211918
95335060
475695630
79666480
392957971
464756305
510590066
73193715
334994703
410301108
433801912
503498751
75054388
462038788
73765322
443291951
432040596
73203250
404804502
351288571
472285933
80836030
362977286
463798801
400053765
319760607
417536629
177220991
418980898
236092719
495544178
212627050
480560075
176267016
440852396
542124546
157108458
449864671
142188808
564332080
499464202
416054199
122445254
520877097
115253624
475152858
449385567
92295523
424479743
80013091
394051540
503701688
75082093
385485913
441866788
518283395
379009388
73767427
470035414
72208318
429665022
411165222
381736710
73566123
329897368
467486922
72402222
323381592
470804234
394778436
73271024
304452982
76270718
330352393
427009295
373280459
303019652
79645071
294363131
73230666
418244396
288760146
71920145
352888275
431185916
274555322
74527400
259139918
398444541
72968288
234883399
335034368
223720413
78003484
355918005
207434506
76520441
180251706
360592699
298485645
156277790
72783304
136075840
318100059
81268006
112115156
293613237
87988518
264374496
78238434
240491413
76793767
74566648
220653143
74209381
187337164
74380648
159250526
75222428
78438871
140294931
78339667
120459683
98974836
80507297
166817755
90249753
90692314
220298472
186147286
202581378
186939360
220117202
169225849
193973172
217729958
171176847
156746231
232072679
154923905
140097124
209341746
122255609
147575635
195652423
95846885
123480585
172677800
101144278
82876941
153249674
88409258
73558736
140776683
78136064
121315024
74240850
92985016
75304078
73254335
75574669
74079064
72675283
73528212
73239973
73341597
72971039
76635133
72417792
74213028
76432136
75317317
75257235
74420223
75432299
76888401
77357170
75437897
74101674
75030480
73981904
76501814
73730006
80651208
73499980
74926744
73397403
75872205
74475177
73485565
74481684
73007484
73441483
73970739
73433525
73919851
73629931
76440228
75538413
73879281
74075963
74071864
73660362
74448766
74851282
74096933
73984945
73468388
73944841
78338519
73891929
73778082
73408180
72746850
77761330
74790392
72009271
73636234
74367625
73927551
73870972
73946626
73540507
73079403
73999635
79965023
73920371
73741350
73874951
77846095
75323049
76355988
74354680
73101838
76216841
77787745
73435366
72585709
72997166
72533267
75131000
73497595
73092057
73590407
73758007
72759094
73715994
73896080
73821882
73658657
74024250
77761898
77495801
73328072
73594303
74260081
77817467
74931443
73597368
74056270
74090742
74326627
74271788
89674595
76907955
72897243
81749054
77403221
77500070
73828803
76948949
74199345
74023073
74739165
73617600
73954585
73281989
76180620
74452855
73772222
73673843
73853717
73507798
74109863
76461607
73890160
74526700
74074694
74920062
73173199
77234533
74324062
74536943
73963950
74158650
77807946
75295934
74139803
76468098
73901986
75718186
73483840
74073462
74848456
73865666
73110264
82571923
74826810
73932867
78767881
75231704
73703725
75011942
74292563
74118059
75503424
74403903
77145508
77260276
73756279
73960431
74950235
73250860
74080424
75673130
78486404
78599997
82801383
84433899
74565745
75071444
74115706
74362684
72836755
73717130
73265327
73310988
78370732
72912594
73278441
73359644
72759738
77513564
75029913
74629526
74939037
74232554
77402108
73561300
73718296
72291922
75230659
74485939
76711342
72971659
76061231
74051028
74420452
74680566
76841438
75075317
75911139
73674354
73887384
74536787
74000734
72457029
74058643
74661285
76188433
74178717
74016265
73548550
73570777
72767523
73672997
73849902
73002449
74129578
78259036
73703897
74460194
74019777
78038487
76779662
73098461
73557560
74982266
74217716
73868924
77377724
74076114
72856949
74011702
77671177
76753778
73620367
74120702
71896258
72625978
74156040
75713026
72878959
76257871
71038662
73947098
76212333
72719184
73324848
73373385
72691220
74748720
74285785
74495854
73104787
73697620
72906483
74791151
73838157
73817635
73385796
79254322
73165087
73633722
73497663
72578810
77092734
75943587
73181631
72910772
73941763
74392219
72983303
74308582
75836642
76731129
74669318
75678515
73758633
73630267
73623645
74325611
76058974
77537132
76941813
74330343
73541992
73498496
73103580
72534281
73787652
75560890
71704491
73332845
72738070
72900067
74487886
78751135
83687955
84011267
90076719
73824172
72813162
73624956
73873497
77583341
73029384
73174299
73391509
71985267
77139687
72719845
71762536
73986023
74220889
73105316
74194892
76458408
72994161
74269040
73336641
77597458
77623152
73536055
75826500
73296765
75750286
71888391
73517250
73878854
73186359
74527322
73377082
73357307
72645554
74701382
73936283
74672646
74596696
73538627
73009541
74071438
72825715
78852357
74295645
74344048
73982761
77867309
73065837
73119229
73220008
73014725
77001051
75035526
71824591
73534108
73340249
72776716
73534708
74656091
73659325
72441128
77318151
72455906
72981703
74228925
73541661
73853984
80642890
79712294
77360365
77467871
75552398
72975923
74536333
89258712
71903927
73809021
77560120
73873985
74520537
73881222
73889029
74771844
72357875
72887583
74385752
73136321
72824819
72797870
74233550
72651003
77976752
72460037
73720563
73605336
72790168
76771515
73169079
71631231
76462697
77189090
77968061
74101753
73349450
71957134
73480456
75106160
77921811
73339157
77154793
75564425
73645533
73720231
72967125
74113191
73625599
73867612
73169568
75799272
78153393
73271039
73632916
73708223
73966808
74664076
73197646
74339737
73932455
72334446
73407514
73521346
73251871
74638021
77864802
74499332
73486800
73930052
72173655
77862337
73926837
73468990
106502479
74727705
76685278
135704203
74542047
110608209
74058967
91130402
76752517
78211347
76706945
74744370
73881381
73449940
73945756
72732322
74553739
73652929
72322004
74387620
73708788
73793281
73107355
74073208
73773120
74662546
74159705
73542142
73925407
74748591
75510342
73639433
73832976
73452868
77927264
76917063
73423555
73852786
73572268
71324171
82146758
76258507
72533104
74960372
74009436
74457610
73678266
74597712
73203309
73877220
74661566
90088728
74161666
73462204
78828219
73607529
76586575
73861711
73449664
74640012
73011268
76165998
74154599
75809681
73819275
74838021
73899804
74060327
73645147
74392027
73584364
74098794
74497241
74841329
73620770
73296450
74033476
78186547
72945601
76054157
73637750
72006239
78042494
75871524
73113083
77419975
75355930
75649440
73861590
74649607
73637522
74275043
74188357
75752426
74018756
74023525
76222159
73644434
75216793
73767896
74124183
74952733
71885355
74523081
74613962
76253460
74611497
73828584
74060601
73545301
73620607
75343836
73826965
74085497
73644454
77790841
78229282
73312352
74867787
78016440
77984394
73314593
73965090
72383371
77918545
73787940
71667767
73613988
76888550
73811878
73368026
73471419
74543247
74008114
74835727
76371540
74327233
74104954
74228317
74411615
76261399
73629790
73281764
76333863
73082379
74467850
73088843
73613324
76556066
77255684
74601534
74296825
72726604
73710132
74022997
73481822
74921241
73143038
73996697
74899562
74184141
76757598
78346026
73790767
76092211
71535438
77898409
72605512
71910279
74680052
72701196
74177630
73561837
72924402
73072152
74711592
72512442
75098503
73337929
73776296
76455082
73375674
74320074
74252595
73387142
73317976
72816910
73828340
73878031
73787345
74203563
73451821
73820802
73404455
73925926
73204392
74258899
74463047
73228103
73990422
77054736
74438982
73972655
73539519
74249091
75397877
84904535
84377452
86195281
77029937
77062475
73499583
74109141
76451201
73332624
75667534
74027498
73983747
75720125
74358895
72835139
77284782
77834374
73177223
73070847
73955858
74210330
73937325
72972482
73127081
74066516
79746961
77833314
100486300
131919283
186762619
197117516
198556784
210057172
194187445
186529725
168269307
162045029
162349751
158655343
141172343
141542137
105857195
139619809
107547904
83745481
120875853
90668271
88695672
75557865
77486709
77277443
72803129
74467532
77535952
77498891
74230925
73588140
76478958
73832846
73440715
79169669
82807231
85117937
86727232
73355398
73134085
91974621
73669792
74323048
77854371
75682734
73920826
73043380
73623487
72975073
73718483
80980825
145507580
137190737
188354431
206529197
204802907
181119082
216619266
193044849
179734218
158469651
167650456
159705120
139292572
150860792
134010395
113951092
122331244
101033757
87738798
93616492
83074725
76796541
79012122
73179330
75226997
73350785
73539027
73540680
73628707
73486452
78531869
75257324
80065956
73872165
74812537
73471205
73855225
73790370
87885874
73012388
74625307
74343215
74657411
74363592
73371394
73858262
73926477
77223777
81156775
82340602
112423832
188251440
182383121
205509848
205383152
166530092
224176458
201067713
167442491
193396808
154250742
169635035
152552338
128345610
145998119
125960773
114739360
128002817
106424718
89059974
105506922
86023722
74053999
86242060
72689988
74465848
73934082
73072159
73681209
77609343
73304413
74084387
74658943
73649075
73474255
73944692
73907032
77079644
73992545
77665196
74397905
76037249
74803543
75580506
78164047
73680143
73754741
73038245
74334396
97769432
184738245
184767632
229802795
257766328
245547853
231636709
193932559
217992829
256646636
189578393
237907646
219549584
207327635
193143810
179786631
157394158
193872017
164075019
138988512
163629084
138824425
122643025
149777048
118266629
106565667
136856330
102506631
88208821
120497893
85341908
96839104
80877817
74919329
77571796
73218772
105864079
78478080
74076062
132997131
73116705
103176066
75357590
80675935
73341635
108150787
77806870
77759717
130662830
94368077
150709216
177189776
220742285
204445426
260719134
192657385
244451542
213317951
167404406
228346323
179458010
153659697
208191024
165072412
136341265
185301259
149326090
120753530
163947218
133554457
99623301
150533401
115539149
82693495
141451843
98079638
73995138
125160036
89347221
74190372
100502115
77852228
83492878
73144499
73656444
76657060
73882846
73584085
73213557
73709456
74623699
74663855
77552194
73998950
77718171
77132393
74546214
73981580
73510513
74491867
80030593
93600984
185975099
192033474
213379985
207888275
173924161
212791353
181675645
164813197
220554767
169431434
149750092
199280607
156821629
136076179
189208170
113180614
163050208
148111272
89025091
122479044
155985025
90582588
128740881
77977261
93174959
73605382
75307326
75914212
73193814
74631732
73927153
74386907
78915417
74669450
74218859
78505850
73581712
73551552
73413228
74064904
74114300
75139340
74829337
74508082
73879709
73441414
73772046
76378296
101644252
142335420
146686982
236128158
247796387
271016200
236790171
262109945
287458045
213230992
247687139
279730361
220859329
200980403
276084406
168811479
206290247
235358348
156544014
192358658
223759139
167611624
147024437
214562196
121725610
148752978
198267690
123970565
96806053
165003169
91476176
83261489
146089438
78170756
121207726
73458243
72830195
97818453
74128035
81735641
72660751
74993265
74154162
73867470
74189806
74860717
74113102
73774274
73767110
73830648
81123574
78044672
84277506
73825169
79251696
75400719
73368961
77302633
73265176
72921080
72415750
73646143
74240343
73531327
73621683
74122912
73398148
73823674
77875955
73856825
73147338
76646869
74132726
74609623
78516473
74725367
74108435
73351763
74110197
73552964
73875612
73029763
73121256
72544632
74062377
73201768
77478915
76634510
90968791
74247892
73736264
77392631
73880774
129410727
117808751
197466379
234358384
219075561
250953243
225657920
195567422
220328164
217232323
195258456
175221353
191616174
158454432
196539205
169313136
162558967
149799938
149829716
150063903
128021728
123638345
110862521
96567896
88416421
85431401
79166687
74418090
73420054
74035813
72657454
76524785
73367383
73088873
75169900
74238703
73279404
73530822
73732128
73235334
74099601
73685123
74264609
77479031
75079204
74119887
74318730
75044597
77983815
74315982
76403747
73224996
75891742
73388830
80241380
73418583
73527684
74261556
77560198
78379310
73762710
73796036
73185168
74587769
76274478
73321614
74656440
74474651
74312193
75324924
74532051
74908979
73496716
76609297
74031490
74309786
73125427
73480488
73935342
73374874
74620711
74018202
72838448
73722034
73504493
77278951
72906977
74608504
73165749
73129576
77552611
73535651
73878699
75778981
76540728
73963541
74624305
73525925
73905612
73202040
73761021
77280305
74104287
73254392
73520827
76103354
72559263
73450685
73625093
73623959
73436470
74093734
73265476
72909086
74447452
73616909
74547480
73511620
73171832
74096352
74017826
74394983
73350577
74919940
74346474
75037744
73899356
74471544
74157000
73359856
76868553
74447672
115871681
73440617
74590876
140457872
73313602
122208702
72538896
92716254
73891844
73799378
76989177
73235509
78675518
71939214
72709139
73297607
72970474
73226291
74490576
74357700
73617464
77920541
75956617
74501797
73855194
73085345
73689685
74282276
72239025
77294188
77553283
72722987
77292452
73903268
76404372
73105279
74189144
73366689
73433352
75523943
75785017
73661321
73859728
73395523
76605144
73741992
72774915
73024237
72982768
73758153
73405357
76548097
73986099
73477786
73210146
74716043
73617975
76834893
76050589
73908595
73379662
76132809
74429661
80970159
73243010
73799450
73416354
72629310
73084873
73367992
73207343
73016989
73543323
73036958
73979230
74228183
76868785
73208864
74963286
74411284
73898013
75818058
72715497
77145166
72422444
72794736
73055109
72508928
80831356
72712361
72668068
73173341
73377753
72355941
73155622
73289780
73461611
73644195
73263359
75865877
73019428
74017243
77707942
74059068
73889139
73861356
74179891
74532217
78643103
73905615
74616856
73376524
73850896
73797357
74788197
73371077
72966709
73532961
73749139
74160700
112064781
73191746
73379152
139399189
73701662
120901472
77923591
72697865
98562441
73223733
82243774
76213169
72856329
77174709
73551831
73005185
74495160
73199632
76955817
74177522
73038024
73863031
77801773
75180880
73919726
73281363
74211335
73713330
73588324
73577716
72932695
74320778
73888007
74534852
75361027
74459587
74611106
75159079
76746348
73584074
76077517
74339516
73590155
74024741
72986083
74454653
74821389
75726174
79716295
78608430
76361796
73260588
74198965
77403828
73564524
73434233
73077765
73025713
74996594
75091975
73167954
73709382
72927408
73214205
77415989
72970964
72610848
74082728
73163843
77476076
73096802
72542976
74071413
72976988
73644527
73756418
75203095
72930853
74065717
77069212
73302303
73101211
73246607
73169251
73257128
90574141
74524638
73644117
77070583
73231954
77144428
74238895
73157612
73299209
73773516
77883491
74007669
76721253
73750772
75437914
76888313
73976455
73695138
77868675
75787964
73808466
77401129
73905991
76024066
73595676
73758414
73383214
73404577
73529767
73163345
73778206
74015126
73549022
74823492
73488017
73645755
73088535
73985498
73318958
73904981
74279590
74491561
76536950
73653181
75924988
74128593
73879350
77795537
73396329
73995556
73452947
74381898
77357795
73258114
77275474
78023522
84683026
84355447
88478227
74806721
73628125
75700999
73055554
73371719
72849844
76887413
75886590
74819470
72909313
74235421
76013868
73931383
73714832
73571872
74453690
73903456
73598954
73490844
73539828
73733389
75293995
73298244
74560155
72427595
72965197
73752955
77732565
76975610
73636523
73411942
77946364
77576808
73803259
74020161
73457218
73443309
77113728
74165006
74181690
73084627
73011656
74068409
73562708
73324212
73359902
73251607
73313424
77685384
74242098
72936180
75686795
72786096
73873017
73114065
77484761
73949417
76178429
76888666
79267175
80160901
80295980
73638612
73904568
73712610
73641450
74530647
73067489
77150311
73984788
73802034
73083258
73318403
73425176
76975101
72792347
73430883
73437057
77388488
78985259
73727896
75341333
73420933
72876530
74625297
72889902
73411613
74571715
73477451
72918940
74054096
73363571
76308265
74141094
73357642
73592168
72918457
72866395
73865224
72969927
73548021
73184156
73436496
72609752
73618522
76085334
76851125
74262024
73689987
73691835
72955952
72302469
72651710
76179835
75417440
73506680
73988353
74173517
73398059
77325729
73629239
74321771
73347060
73754877
77128322
73525964
73051364
74454244
74321058
76562860
74417406
75989115
73402209
74767223
73889258
79838049
73757006
74085633
74489878
73727798
76090097
77429639
73925235
73893239
74007444
75986834
85811295
77801497
93885859
88527490
73430509
78161561
75595951
73262847
73959355
73035108
73431418
77233671
78140372
74513084
77578944
77656603
73870256
74003656
74118796
77995963
74720552
73189158
73395365
73584336
73379292
73271098
74278493
72551437
73635366
75186461
80255726
73689919
74133015
75194176
73489797
77260444
73817280
74129104
74498487
73285674
72904937
73854122
73437181
73712870
73999334
73297723
73670239
73937068
73664097
73768527
75813111
73766604
77324719
75631788
73834809
75188774
73992054
72040076
73496035
73611830
72256886
73297067
73695540
73371194
75117127
73086142
73092178
75824277
73910093
73579946
73498105
73902658
72568024
72808051
73042916
76585605
73789473
74748100
72744263
73498831
74714513
73942467
73172553
73266229
74723307
78218064
75547692
74178673
73735760
73494192
73963888
74282708
73855120
74271228
79236665
74558457
74031818
73676201
74147452
72832228
74287177
77541084
78172883
73218554
73000764
72101079
77794625
73263311
71756694
73365007
73413507
73960333
73529195
74133101
72873791
73591569
73173562
77025752
73175647
74382038
73123851
73665068
74056405
72601139
73391959
74376620
72812951
74771644
75788960
74386606
72758705
75998640
72953511
73022183
73826436
73208197
73469971
74216214
71789507
73689564
73851754
72941804
73781550
77988289
73617909
73913645
73130426
72169334
77084431
74479487
74064366
73247104
73318023
75692890
73539041
74518373
74087084
73535121
74251766
77396666
73160948
73515565
73722315
74659444
73895848
74133498
76054001
73683274
75069580
73058838
73657403
73717922
73361456
74579343
74157441
73608198
77002827
73751442
73440625
74677019
73143464
73422407
78163127
77689155
73719212
73794001
73633764
72938674
73693299
73973920
74439028
73737191
78470060
80824444
139940522
170636998
204713098
188503553
162509142
161262160
245694517
233465387
143693742
143578247
131846052
233024446
130455388
111604721
103954328
86936028
83983364
281174893
214520570
74856759
77067969
208530992
72838752
177849022
73141130
154933712
77762756
75028794
132140564
74394413
111530892
74158828
93459714
75516352
78258107
78704322
73755749
74004459
72495454
76904881
73721466
72089047
73434182
73950252
73170724
73261643
73493431
75025053
73738160
81741162
144635465
130373403
201082393
229123729
223258794
221661398
218086810
212664275
193626420
199087854
182407956
166399092
170109798
161787439
148276664
149096078
143598148
126425393
135034638
125522660
112521804
114516694
113320890
97139929
93442025
90438668
84159580
81595308
79960810
82539526
75146333
72525430
76087297
75689693
77266867
73583137
73910781
74163374
73974238
73694568
74130082
75047261
74481644
73599373
74219496
77005142
76025523
73631003
74106762
73795561
80615106
108740210
105313689
184015851
198068551
196576601
200311501
173553585
164023226
199681901
152299770
162528480
150924259
140578988
126185825
153394347
120915690
104921813
136312339
96490669
106456252
88949014
82171822
83791767
74199335
73939482
77095496
74852415
73135780
74024460
74196488
79180491
74501147
73173449
73307389
73851745
73834830
79581473
73909203
73598299
74334628
73933722
74771565
73417918
73570661
73756307
74219475
74189454
74020371
82898691
73993674
162523390
174382810
174973589
239809593
221868353
236922524
189542586
224322324
164884115
196524775
219033482
194290740
147908580
176377853
175293910
131680229
157038677
100234445
160967708
139709205
82304400
110866245
145953401
105135851
87869475
71453840
87188526
76444080
78934185
75876444
74445976
73923266
73240092
74638549
72097943
73203230
73588847
73773020
74167583
74481584
73596040
73885703
73682008
73160353
73864715
75024134
73231740
74664659
81578558
112640904
93364971
195449449
193921333
199509975
213094913
190525551
169673489
158558485
218364282
180681523
161400442
148693896
163222207
149460945
128039305
112527640
144731291
95443977
107197955
87520374
74418160
85291943
76248511
83018576
73324886
74708140
75099547
73880387
73314191
78371688
73950444
74944410
72559661
73187553
73741747
72842101
73752810
74102928
73214667
73129040
77821993
72648646
77276047
77714251
73572548
73573246
78104012
74006627
90425181
122432823
142102630
172399448
209451237
238493004
230448924
188223305
240418255
217271101
173766208
210673563
199118635
159575812
199968260
146404406
193481372
172669357
104621882
161706098
153603035
84041704
138618926
129758440
113564688
96468261
73846114
90221186
79387835
73006472
76677489
72675858
81613409
76986708
73369978
75692175
74071022
72887590
74092902
76418927
77451328
73831315
72625822
73052983
73222238
78271743
73163454
73290911
73643765
73426425
93762064
74038671
130214305
155069553
226791141
239185920
245404516
252933200
235889711
224186705
213676081
238828313
199371585
186754322
217077042
171384483
165468951
153238499
208164999
146069997
181029037
141837889
129992049
164093956
118731723
104655404
97109757
149897275
82213083
128037991
77303305
77226608
106937356
73811812
88803691
72951462
73964108
85827367
73421577
73372677
75192509
73327587
74374876
74234723
73245012
73343971
73903049
73879570
79310562
72984641
76519415
77708360
74344817
80987172
78758510
81707544
73349812
74386587
77797790
77681661
73157012
73621222
72973495
74172579
72993069
74538190
73963214
73799507
73828588
73333112
73546650
73617974
73571098
74308946
76880238
75574955
73667803
75346987
73142781
77499239
74399061
72735202
73064502
74344826
73101535
73175693
73931129
75695083
73609978
73858517
77964425
76875272
73391931
74919194
121966079
163490509
154514651
203488969
184224707
215618864
160705296
187220873
218600523
164021730
148081385
198013426
165858532
147681709
129083913
107805835
152733166
133531497
114014132
75538964
80013835
153430339
77173457
154867397
75918125
76215543
134622362
77931545
112953159
74160657
91936083
74621706
73729188
79709412
73583335
74241854
74783983
73123246
73753706
77284641
73176694
73281024
77144746
74572023
74349154
75752547
73078466
74105723
76947410
74671286
76166082
74248875
76439394
74303680
73914934
72937698
80464383
77272860
75063368
73919150
76950139
73734636
73815956
73469195
73296612
77519307
74781734
73253444
75754564
73903258
78178003
73273198
76339285
73742997
73654074
73993283
74066184
75125585
73024447
73433496
75492026
76929234
73363323
75102078
75099398
73319344
73774628
73344130
73644470
73020548
74020144
73342104
76651794
73784326
72976004
74065011
74015427
73854574
73197819
74137976
73690354
74160873
74371340
73198297
73366672
73494650
75165660
76730164
74812220
73936061
73649650
73121284
76844633
74271829
73407055
73145024
73767989
73412122
72822509
74317179
74154987
73750534
73328244
76810443
73322370
74257378
73236077
73083446
75812424
72872339
73508843
74034430
77688198
74185492
74336630
73589710
74180225
74697888
70422748
72924753
73410811
75313241
73354173
74588687
73728964
74925032
74263344
73338463
73875924
74470428
75136362
74763470
77175689
74006521
73666546
73642772
72740269
76843709
73691129
73931872
72933888
73650835
77412540
73309761
74611745
74254860
73845579
73562324
76852427
73219104
74637142
73187986
74396253
74489070
73863360
73236537
75231177
73906038
75143062
73959681
73001929
73631152
78108308
74564495
73739520
73650562
79048513
73655028
73381918
74103093
72278334
73543264
75733179
74607488
76810889
73197448
73368885
74188331
74611535
77977070
78173399
72965980
73708952
73615070
73574515
73425915
76433983
76484590
77430736
73627183
75101232
103145323
73096656
88955733
73913007
73977475
75732869
73204130
73128700
73426155
73749435
73466509
75081295
73241965
74014972
73280248
72574567
73998072
73001625
73706000
73213926
73919698
74410713
73598955
72574453
73889395
73921295
73225027
74719369
74242724
73922034
75261888
77027739
72894527
76503238
76215208
75027119
73591299
74088569
73368550
73783533
73954791
74124238
73552075
75206282
80943783
77492680
78446740
74081001
74524053
74308458
72771109
73599836
73532042
73845112
74172288
74414933
75692213
73435588
73327216
73741519
76645637
74047563
73491091
73144601
74617470
72380838
73711563
73696273
73340248
74770330
77375284
73218246
73402226
73847717
73301058
78489849
74514415
71971929
74268795
73508454
74073672
73782413
75204544
73785690
73210618
73696231
76969614
73392148
75014243
75077076
73681017
74612147
73264830
74186642
73346522
73595415
74513164
74422818
73185332
72753541
74229966
73599153
74035502
74137603
73938804
73584995
78021039
77389710
73107063
74723436
74295742
74435212
77730146
75034991
77191028
73763405
72771787
78005201
73332759
73359544
73148470
73907333
74157809
73214846
74605435
73190905
72538270
73740169
77206072
72872180
73941390
74717740
74337920
74289519
77431877
74051861
78013939
74339311
73788082
73786886
73182791
76498935
74391297
74923227
74312959
73824242
73506054
73399409
74437293
73309595
72945993
73942324
73443152
88818224
90223426
90187687
92220923
74696293
77562875
79077980
72906565
72993842
73110300
71477035
73255912
73309194
73315438
73259169
73748280
73153423
73016386
73539456
75990521
73158325
74677888
73525545
73614376
74004833
73894219
74226150
73323381
72733216
72780330
73334217
73271213
73739592
73709163
72728400
73135461
73862877
73654571
73434589
74152835
72386339
73321595
77534851
72489027
74495177
78275719
73800927
73285056
73837307
73287772
77853895
75391254
73070359
72866329
73819617
74190272
76484970
73579780
74003484
72831150
74654363
77742876
73704427
74447600
73834810
73595860
73764046
88072706
83631104
89246693
86523601
75745852
77964218
73625599
73989639
73611438
71378655
73633164
74652663
72057722
73895914
76380632
71748497
74820083
76628008
73693150
78393291
73304002
73864193
74341026
74224884
76806106
76141807
77697041
75520683
77290475
76715515
76675603
73673179
73909737
73398197
73529423
78697420
72126187
73787339
73184488
73280775
73083227
71945285
73913473
74009351
77697489
74528752
74032471
72946589
73391809
73743144
75116592
76186360
82921420
83174803
87180743
76191263
73329712
78881088
75599862
73617988
72421022
72926154
72844567
80032309
73688667
74122130
73238352
72784370
96324339
73753897
75067007
79650546
73195368
74385702
72734211
73460366
76264850
72081126
77067792
77521834
73399543
73918420
72681860
73533088
73906634
72532272
73719340
73129260
72857807
73251016
74028437
73518280
71436201
73395038
75864983
71632080
74864604
73306337
75033332
79112757
73105099
70751092
74295676
73163536
72733245
77052653
76758885
71979982
73941539
73758032
76901401
73392132
72747286
73161767
74433714
73464642
73014897
73214315
72435100
72967306
74301814
77484170
73794124
73840847
74113033
73161200
73923860
73481365
73752137
73780970
73759471
72876096
73814374
73125690
73077712
73887073
74135618
73258637
73947760
74043730
72801990
74665206
74735451
72357917
76442838
74237525
73732677
78114810
74066614
73999251
73801389
74538984
75547408
77281873
73961339
72556690
73525682
74790710
72046318
74176675
74104687
72338863
74381424
77836393
73890698
73977892
75278071
71152277
76117075
74717665
73619865
72526948
73296295
75660647
73381184
72395352
72414244
73233006
73595448
71919779
73496660
78505810
74462288
74034734
73024383
73017952
72896872
72280744
73236114
83587361
73425202
74783666
74897630
76757371
78539625
73579276
72832171
73994468
73637589
73768167
75227610
73303936
72763349
73603126
73849476
74893314
73560482
73556361
76479374
74278052
73723893
73116513
73695491
74109247
72953173
74673412
76475773
72648586
72900392
73962460
71245333
73346760
73528669
72675754
73470226
73755544
73645080
74085327
74872876
71991110
73168591
74747099
75536461
74388442
77543478
75076973
73486583
73664285
73465474
77630865
74071043
72825191
74666085
74254772
77025678
73221851
73861936
75456879
75284099
73942952
77932202
73329711
74207149
73546611
73741990
76987585
73606026
73918598
74590897
73782846
73938914
74424428
73439412
72456080
73620888
73610141
72732059
74426631
74744905
73466882
74693817
73161053
73300158
74548573
73645671
74032185
77605040
76401616
72876506
74005675
74185501
77197442
73327747
73019182
77494072
72832364
73954174
72662493
74220261
72973707
73383800
73995579
76160335
70866214
73805384
72506245
71957676
73439197
75021903
72705655
74314446
71436688
72057019
73325779
72705636
75522865
73421474
73113188
72177864
74055826
72111792
73457239
73800686
71117248
71765173
73228761
71940060
73982200
73978312
72832057
72100729
74091161
76259415
81269280
73646634
72263655
72833639
73043467
71769776
74823451
73084347
73774962
73740930
77526437
72424343
78814787
78176427
98335400
138696955
184780751
186253841
209230160
213188288
193226201
168165164
194830088
160929797
174906722
160737529
151759512
162417235
145747382
138520063
144955139
128824046
124535236
115109577
96817656
93035883
92968625
84622132
74123392
73599860
74543007
72880046
78149888
73460573
72341457
73301951
74334613
72230683
73420766
73929625
73991109
74771231
72884773
71609482
74117465
74363579
74788091
73494579
73669820
75313976
74431176
77704781
72658898
77922206
115885867
164776468
183552708
213638766
223252323
207967805
232844159
203165268
210720533
188257708
187297957
189415978
162668652
193898255
174568596
152763093
192387281
151533011
137193498
169938582
145089388
116898194
154286020
131845086
95281963
135828617
102450177
83908692
107837973
81792000
82624958
78007028
73285789
73653166
77888298
72818603
74446204
74448601
73175184
74161434
73178438
73259811
73606962
72849262
73146577
74204098
73215025
74116768
73419751
82110314
73309812
164006243
184355723
175778841
209919658
237161922
228495214
208288088
187519521
205658862
165873921
190335872
187648788
148666453
176739651
168239555
120745045
155104190
92957159
152284475
131774730
114189096
99647662
77786080
88622115
81635769
77981073
74668423
74155983
73014190
74014443
77232539
73017854
73760300
73380130
72650934
73960195
73451584
72169373
73458262
74540900
73663924
74349296
74401562
73281092
74304451
73613234
72503669
76785527
74057380
90839733
82314358
193814495
171242705
204754287
239466021
218470987
212847481
193924050
243621894
193133503
216795426
174535798
194095612
173981134
166386909
159374555
157457313
203094338
165058715
146563436
136319299
118335697
151430378
113400786
93127525
132772514
91667390
79909114
109081978
76873482
88275914
73412647
73397636
77941051
73828987
73176318
73148743
74926678
74501672
73712822
74356967
74283143
75851818
77466114
74337256
73913685
73547644
77938364
77439720
80725988
90142605
80774891
169479944
178428390
167996263
205369240
197479122
163825014
159174345
210449920
167973481
152238303
149897305
160838733
137437823
129159360
113763820
97267975
145480757
107469521
83097564
75524422
159667135
156241794
79451539
73665327
136852799
74140947
103327534
73554413
87628504
73918334
74072087
76607009
73830608
73183874
76261144
73537510
73896034
72771939
74048715
78306783
73699170
74161678
73484391
72929310
73740062
74165143
73492743
80839653
73469525
169304457
153018816
192993516
233088938
221752433
205686995
233179602
194054569
173245725
164249479
214623709
157658583
183554429
148965496
164265854
140887156
128456642
106023157
141269483
101022096
105743229
87869005
82490837
85621249
74546285
74103782
78321251
76792002
73502608
74666201
73193496
74455796
77747788
73620360
75075257
73828075
74705564
75497357
74348202
74491869
73327609
74084799
74603501
78323818
74849831
74909479
74002329
73794192
80793677
73680499
104327111
190278419
187841773
229022584
264679287
250531359
239038520
269541075
245445268
218384326
244161788
215463293
214312121
214182451
195339909
177683221
171747009
226817616
168280933
153850504
205746646
146120111
135684719
190798781
125272750
112562413
163385444
95473554
87883860
143906983
78655358
108931465
73978561
88367413
73407834
82298184
75759782
73532200
75061131
73807801
73763142
75493297
73320703
73836419
76219851
73626468
76103074
75819315
75607306
74020744
75190615
73753078
80616119
78191835
81727007
74074563
75415071
76977042
72625330
73866909
74157047
77977315
73526925
72846213
73473962
75271540
78396067
73449293
72823309
72979374
74280465
74311992
77548532
76250379
77170642
76473832
72577588
76915789
73388542
75008171
73121169
73344785
72990879
74741843
73372851
73450769
73275217
76681847
73048764
76257901
73409445
80340203
72876929
118664906
188446445
164664345
219315928
223864334
219629440
197719186
235458273
195662642
179813533
210899934
174706410
157174773
183647902
150993008
133289377
172716341
121733794
102751945
141375227
92640838
107993863
86024801
78821953
83397570
73458693
77022642
72972230
73316305
74150823
74402232
74269665
73768495
74590216
72849267
72729247
73481686
73270066
73711602
73614879
73837003
73489772
72914583
75626415
72659489
73845092
73677225
72819887
73847805
76032556
88297287
81739392
89928898
87588392
77265170
74766341
74266823
74252817
74448251
77421944
72893234
73327379
72936272
74216071
91312066
73924143
73898916
78501941
73006911
74376210
77655520
74089757
74395291
77118471
73220964
73959422
74342742
74536359
74122042
73401244
74010893
73439406
73342586
72770743
72841094
73577460
74690301
73179208
73853523
73001217
74079189
73652260
72717735
73073182
73414851
75905449
108749549
75406734
76684750
140537190
74273398
104887551
75737180
81440472
73273185
73106570
73584520
73784994
73092634
75252076
74151831
74799897
74849947
74933596
76911992
77469334
74612278
73764578
74678616
72895912
73483759
72939923
78296427
73809071
73488038
73405489
73016256
73741095
73187845
73465145
73935503
78232886
73132844
74162430
74932609
73485556
74437079
74289522
74206983
77623895
75188571
77300710
74337383
73919264
78431543
74806345
73215343
76781015
74659210
75509922
74385179
77529974
77439964
76243292
74223721
76117700
73475208
75133567
72089510
73664362
73153118
73076287
74379377
75891146
77531219
74532654
74797236
72061950
77577613
74513574
73330733
74325489
74213668
75389313
73747124
74176585
73383789
74050300
74179944
72028155
74246019
80081526
74730027
74455589
73581626
73294155
78010221
74843100
73838146
73346428
73409674
73112081
81506873
73342811
73531477
73163003
77071209
77764435
74351058
73073014
73012524
73727909
73285415
72436941
89717337
89207933
91033049
91200737
75378169
77206118
74583134
73230040
73374850
73434617
108030153
76685749
75351514
138322936
74030292
113430211
74237605
92171156
73818653
77524020
77725764
73911656
74455650
72349675
77189669
73179957
73709870
75861006
74513995
73701674
73025286
73595539
71124965
73258201
74329146
75289452
76864501
73680254
71848872
74203020
73498353
73167730
76683126
76637395
72290606
73762571
73960223
71149474
75296726
76105687
74543156
73456017
73165358
73531327
76324464
73204597
74239258
74238814
73647199
74997047
74118367
76917635
73363503
76529023
73243785
76643616
77265003
76942785
88320927
72914290
73276782
81133212
74013356
74934360
74204538
73913600
73804851
77852574
73839537
73648202
73979201
73620667
77139201
74339199
73835671
73935472
72710968
73793627
72696298
73561907
74256377
73902418
74206628
74250431
73502934
76673736
77058725
74001001
76277581
74575128
73290805
77879702
74506936
76854193
74728140
73990929
77719501
73154095
79140331
73202459
76902282
74113464
77406681
75051491
74352618
77387343
78574706
75984721
73496660
76156465
74695234
75366805
76431616
74488752
75448552
73593951
73559147
73528379
72325709
74153206
73980371
74923762
74207966
73652239
74288188
73755619
74985199
73037319
74035495
73457412
75885348
73241112
73926365
73853410
73628136
76063362
73845519
105257744
73275131
73338108
135383944
73171920
72971495
146861017
73546878
73595706
131292265
77171579
116886922
78119688
88273526
74227410
76736961
75936453
73846051
73674795
74235906
73367496
79191894
74406398
77304701
77911925
77863470
73705399
73534405
74117330
73982079
74552567
73899132
73151870
76001329
75706632
73855091
73895133
73592080
73934506
73926457
78115146
78168021
76128367
74897806
75634593
77482742
82214724
73618832
73381267
73366065
76332194
77654085
73749658
73354703
73625994
74420515
73078554
77164019
74359693
73578368
74383431
76946818
73796545
74324608
75947427
73686518
75686741
74353635
74613450
73657742
76978324
73952059
74981528
73969217
74449277
75619583
76556993
73606944
74909889
73778730
74036995
75334872
73988909
77500899
74799182
73327229
73391429
73980399
77087985
76926911
78692098
74810511
73836827
75752523
72788450
73924404
73612439
73193411
75324763
79804911
76612103
79751893
77548703
76440102
73709838
73467944
73159911
75666205
73709779
74201187
74058969
73463673
73534074
76012083
73913742
73385888
76901285
74920344
74182646
74576680
74803394
73379345
77423650
73191042
73067138
76908841
73842653
73587286
72943819
73070919
77850668
74063933
73248592
73860536
75552017
76372608
73515456
73656751
74254169
73133533
73061008
76746043
73097071
73593442
75449663
74056232
74192137
72987903
74389306
74427788
73410433
73820545
73405884
75172272
74348674
73214499
74494623
73935146
76149480
73477452
75645473
74301416
73181918
73489830
73692507
76676908
74209866
76624851
73578864
78257652
76337918
73542210
72843308
76692402
73324493
73331430
74503846
73642393
72901419
72501005
76191305
74111037
73511693
73057733
73569818
74153529
75328643
72883443
75987441
73452281
74208148
73226982
73197335
77763235
73884981
72436558
75145929
73729770
73116013
73147383
73514527
73177130
73522778
74383130
75561390
74177045
78043450
73742710
74146586
74828810
76608136
79570622
77646260
73947448
86543376
74545779
73762518
79936280
77297491
78063147
73251590
73958556
74538988
74156281
74246695
73853434
73473836
73212046
77086131
73573192
73957174
74503740
73632573
74214118
73207732
75384259
73713981
72204805
73177357
74363701
73736657
74503333
72883468
73916218
72580570
75219538
73449980
73791899
74226404
73360530
105888553
73685029
71628264
138302431
77788096
119953838
78616440
73684852
100334235
74592802
88924631
74450034
74395556
77581903
74147894
77450387
73520533
73343796
74630813
76403898
76226565
77103962
74085976
73995977
73251300
77434470
73867633
76059262
73492045
73909935
73382690
73749700
73726698
72524329
73761129
74063480
75398164
74438695
73736417
74502001
73677049
96781688
75063489
73490883
85948042
73677312
73343617
79971109
74790461
75210773
77772893
74598507
78044779
74972769
73930007
74643363
73945132
77472275
74217931
74992436
74358375
77155083
73840665
77080738
74138739
74316254
76472189
73802239
73726804
73359319
76891524
73997102
73681051
73678536
73538910
75798455
74110623
74657540
74546347
74002043
73871956
73367638
73332730
74536983
73347602
73730772
73886626
74634777
74449488
77526671
72839964
73361443
73504257
72357877
77362062
76810850
74644166
73230356
73835684
74196289
72582684
73486886
76749780
76003514
73864903
77495775
73743946
75381535
74316976
73426896
74295808
73920824
73685858
73414052
73141168
76846848
73955208
73647878
72684031
73808081
73603137
76573540
73594587
74124038
74405514
74426850
72960962
73427850
74619658
73206843
73811945
76787634
73990958
77351097
73550494
74330215
78526743
73320015
78259352
93998760
99634238
146917697
173189049
214442431
196681174
237445658
172166682
223248770
215511725
196847450
153782228
191706209
184539739
143529946
178825394
158907299
118500256
155504753
138817727
93127167
133272203
110757204
75318078
105065167
87545359
85553040
72943018
77531331
72730084
73283947
77911306
72809002
73476920
74386569
73719988
75914268
72880393
76781966
74640854
73231791
76163204
73254154
73071822
73960384
74353776
74123338
73252537
77237241
73014633
77283905
80582180
150051847
152427683
187606801
229459710
212115233
208893862
193649347
182049038
168705716
165332028
157593611
153400419
150993069
148227188
131646701
130474221
119791594
108284865
92949346
116428228
87350099
98790334
82499561
76684087
77897148
73862011
73479620
73547661
76606633
73711400
76389807
74468166
73097416
72924473
73105212
73186893
73807968
73151753
74157175
72758460
78412994
74033864
78818615
72508297
73921547
103880357
73545671
74241288
134805003
81769978
156175914
155070025
189928487
242572668
213883901
224526606
205859370
189095252
173796033
211273849
174609810
158162768
187989300
154341743
136092813
162162596
136595376
104948165
142591693
104292848
103696873
87330244
83984766
81371558
74934088
72749931
78204885
74254997
77101401
73731919
73972832
73160069
75689794
74562112
72745800
72322675
73290785
75357937
72873952
73724599
73388296
72168399
74622896
72544823
73718222
73163937
73279089
75954720
72948320
83463324
145259380
151398804
194649552
228534019
240177945
221629753
215773544
199036282
232743641
192441102
165877635
166004199
217630212
154430175
199924344
153200998
143670918
180760033
135254707
116526085
161427396
113783969
95849495
137177165
92678530
76193737
112637609
76980149
89176616
73752294
76416577
81569539
74010260
72705560
73058599
74951258
74289542
73020986
77967895
74352486
73267176
74256433
74437238
73665526
76172813
73560088
72699282
76628240
74347627
73718398
160536957
159400108
193911012
206290987
230586966
171522669
207967275
237635205
180483316
161858562
218249036
164212387
147492504
195326993
174455472
148370365
132114640
158872455
139062634
116419908
119687398
97745927
143403076
116865837
92777019
78661941
95757174
82969174
73014582
84961985
74880658
76579167
76828884
76774041
74218515
73621395
74345108
77016498
72879321
73411140
73193179
73801597
73614530
73267320
76508178
81841242
77014162
76251294
74259820
81694338
80151643
182759838
198170351
187866223
226026191
214529672
229370853
208920791
191173438
212999203
190165586
170832287
181348707
174674587
154776580
165469429
155985853
155259716
150537930
133018251
144301215
130845954
101352157
123137617
104427724
85334019
97041585
92914537
75342521
83722552
73284038
73433423
73454999
73347304
73697059
73028198
74109688
76623904
73185755
74043318
73775583
73702616
78019977
75313827
75415596
73537428
73007773
73532811
73899234
80550902
76030300
104229681
192710286
176866160
234756122
256900039
242430822
233464842
227305148
273061237
201604166
210101017
264018579
230652148
221750405
201934948
181788459
210920743
163671556
177315907
159842426
137475402
155437519
134090325
110992097
90268333
113648082
138955000
106490646
89535062
77621641
81593725
76314587
77509405
73848160
73140455
73176664
73454004
73581759
74303269
73766435
75377424
73961620
73416984
73255391
81659076
73761898
74213408
72775647
73457008
73796418
81298025
73488117
82287121
74522371
82792530
74285714
74674895
75379434
73733668
73073768
73625687
74070828
74605161
73714795
74190675
73664169
72440753
73464310
74110082
77713322
77307296
75290606
72989568
73781418
73643560
76851233
73960104
74142297
75957200
74120427
75073389
72842689
73910225
73747211
73191760
73993789
76680184
76901114
76263363
74496933
73818206
95727787
81412611
153746883
199918228
189961599
218470253
202886532
200163433
170569214
168215409
220181258
158499349
182070105
150135898
131239133
159761809
123871549
103752838
144081654
98774191
108015324
89929147
81930383
85128557
73415730
75757522
77589283
73070748
73520508
73107128
74127462
74634530
73942057
73747052
73535712
73121955
74026479
76541292
73382910
73851165
73166095
73569356
77525783
74381689
73020814
79840245
78548573
85204807
88187182
73522676
79148056
76645272
77265677
73570193
73758976
73895207
74555404
76889586
73305944
74434838
74455392
74502851
78038799
73368978
73995679
74021570
74525381
81188472
73565598
73396608
77508873
73400957
76576869
73613274
73231471
74123039
75990780
78414157
77901068
73094392
75351095
73403231
73486835
78209228
73297944
74266397
74273748
76695761
74280589
74450168
73500267
73144979
74115306
75032697
76640975
77493067
74433637
74473158
74802092
76328993
75944396
73569908
74377419
74355903
78452599
73442117
75405665
75761876
73594410
77640388
74422987
73876613
76969734
73306920
74070267
73298467
73659022
78405581
72593970
73428481
72981578
73492940
73925248
74723883
74662585
74792296
72885716
72936216
74126184
73768720
72380380
73743266
77233928
73476033
73924447
72349310
72564563
73907392
75223595
76275581
73032816
74114844
75567473
73690753
72403872
73025177
74849628
78221274
75420659
73209839
74500324
72715687
74368437
73371052
73697758
73055623
72904341
72584352
73312374
76632156
74156207
77415365
74358157
73149013
73698127
72505483
75275360
73260768
73601073
73871269
73465701
74887688
72792056
74341327
72520411
72700616
73972414
76672220
72638279
74212495
73056214
76422695
73307017
72553280
73852097
74444109
73322918
73338122
74198869
73129809
96559997
76703148
75588337
84874046
73701994
72697755
77390011
73329604
73284854
73513696
73758139
73170349
73562784
74619692
73515100
73945000
73338964
75980103
74098189
73959573
73585471
73276934
73819829
73928831
75794710
73907270
74156986
74092595
73816000
72298622
73507196
73621542
73483512
73525125
74397902
74371883
74072098
73913680
74337667
73317130
74581540
73235524
74162576
77068768
73242006
77458282
74195427
74617175
78866562
73810532
72408611
75062617
73347774
74565743
73892195
73595334
72530351
73649978
73751083
77250728
73955536
73267989
73240123
73923533
73953413
73504179
73605602
73564847
72288057
73197873
73657081
72769472
73944931
73332919
74038174
72184848
75592524
73095317
73574145
74159209
73885443
72305141
77820790
73047311
74315787
77806009
73855069
72704443
73976337
77156244
78202607
74993500
73215574
73340985
73339610
72997595
74021273
74707218
76890140
77216438
77596570
72922437
73819261
74580726
72367498
72510480
73466756
72429455
74019084
74957168
72897594
73255374
74661697
73380226
73738021
74315807
74708689
73561573
73694700
73496967
73293618
75403444
72723925
72974348
73771848
73877479
73061971
74651048
73679903
76597455
78095094
74306504
72497896
77526475
74486792
76912776
73501965
75731131
73097541
74389194
74042063
73844071
73771932
80085250
73158372
74108632
78263036
75632135
76383615
73031798
74170890
74863476
74062316
73333774
74933095
74024929
73028608
74167069
70411977
77570793
74120244
73836318
73897958
74622075
71995648
72993635
75374583
72678296
73812767
73792394
73205439
73696661
77892554
76174346
73024590
73703029
72688423
77172228
74641682
72235789
73445505
73392945
73533109
73154138
73645820
72811639
73996607
73654421
75573287
77839405
77954978
76108721
73313824
73760442
71931798
73594839
74874974
71959979
73700617
73548038
72874126
73092883
73472090
74209192
74614973
74353155
74179645
74894076
75453298
73803900
73267687
74123019
74913040
73964111
77568956
73293252
73048976
74262028
73465129
78744293
73662821
73933367
72821603
73998379
72214349
73999749
74137149
74113175
74294127
74267247
73101050
73949471
74324027
73240795
74260690
76490496
71901031
75147316
74585323
73821996
75452148
72784489
72881820
72638613
74966724
73018794
77816085
73448793
72939008
73616652
73830254
76291598
73042209
73447630
77128294
72828655
74409325
73112853
73744793
76330195
78509372
73616200
73957506
71174689
77147191
78853669
79000905
80133060
74504203
73421987
73393714
74522855
72670052
73718750
75774971
77575832
74708219
73757709
73415658
74027004
77515993
74027915
74552637
74295398
73617528
73069223
73850951
75042666
74563875
75445891
75568810
73520208
73701499
73547509
74048479
94453841
74881108
72337282
81797321
73052295
77008926
77919318
73875810
73717266
75589874
76242608
78225640
74386330
73958050
72958568
74469109
77801424
75435515
73817029
75758617
73389497
73897159
77016404
74561588
74025745
73591441
73227329
73746701
74125001
73387601
75977821
74101387
76510448
74582282
72578000
73423687
73421659
72935570
73749640
73681720
78682259
75830426
74634050
74382112
73074815
73432930
73879906
74451460
77299706
74480000
72997324
77038922
73619590
76961512
73784178
73398858
73100430
73893519
74347416
74812296
73210297
73780568
74480008
78084235
76233458
76179049
73529993
72610615
76914474
73454087
73280858
72814935
77040663
72926954
72934833
73954014
72380963
74574327
73978568
73954135
73239467
73659829
74074136
73003914
73725841
72218940
74147279
73269271
78838984
73601245
77184575
72806771
73064012
73916661
72703547
77742078
73339515
73138294
73307857
74720604
75610212
73661804
76614282
73753350
72771859
73419237
77541187
76431238
73597124
73163187
73271949
74277641
75964317
75843276
74494822
74394687
72872918
74038638
73186436
72908822
73547504
74180681
73335771
73444164
76183567
74520481
74858671
73282467
73946748
76107097
73979020
73971067
77695320
73687036
73640755
74085836
73966644
76543457
76700495
73584582
72500586
74020294
73138787
73192080
74347633
78628804
74197522
74102757
77951138
73070049
74568682
73006465
73463364
73492562
77203020
75019891
74759305
72988561
74777932
73656238
73247276
73696560
72559838
75302973
73399523
77440975
76391345
74463573
74494920
73373912
72993767
76357033
75842617
73961731
80256672
76222343
73447062
73434668
72110133
77732056
74341892
73548141
73124921
76247155
75558477
72910751
73645398
73412325
73520767
73077332
78135839
72165105
73966697
74035080
73784932
74078646
73311633
72849656
73480586
75722201
74492297
73205854
73482014
74078780
74168774
73215494
73155475
74061986
73164454
73688812
74803420
73256600
73322356
75073120
75871701
74673009
76488755
74620803
73225642
74811874
73965107
77103356
73792691
75730970
77812771
73366636
74210336
74249524
73740636
75883881
73278707
73431856
79215536
76615017
73516162
73309071
73256713
75830557
74271683
76435000
74419197
73196596
74226899
73452629
74820656
73884335
74017711
73901237
72408310
73948863
74034872
73959003
74485169
73202782
72521038
74215878
74077387
73062143
73285597
73933254
74427874
77017756
75781027
73382698
73378110
73599406
77447649
74797427
76298861
73066106
74422177
74413838
79196469
79154450
84454791
133655715
193736473
191834880
184168042
167705515
153235216
303208641
140943323
307364611
284628168
121053806
268788077
316139638
98572920
300948842
84279601
305850401
73782066
316387375
299421870
279884186
73643856
276987375
304459714
75470961
236187919
266768167
254435992
238206184
78150524
238029288
214693021
73106330
230403449
201500334
73919141
208115454
188606772
182545311
165059522
73346692
157840442
150802603
73677283
150690390
138763916
73437848
130038966
117601949
101534061
91354894
85123791
79757589
74061573
200952384
81519630
217618848
175705479
186077006
186503095
165685239
146566251
226974223
212221720
119292567
171879714
202750718
92255682
156802751
180125107
80700971
139303267
163885936
77652016
116696941
143187810
87361675
75565631
123377668
95945106
98015685
74301369
79738209
79723480
73396470
77999561
76434027
72668040
74196509
73920139
74882571
73606469
74259941
73978928
73920082
73982979
73508098
74038457
74077559
93523983
74337555
75467301
74010493
74081672
81710518
197890396
103170435
202506588
168921375
193400070
153251207
219028655
148548407
236928678
218191845
135228429
192408610
218692632
115373931
191837400
176822190
92270986
174874918
159853565
77998402
157780141
148528011
73116581
143645656
126031153
112233426
98701276
77242794
86396101
78914779
77382694
73176937
73644380
76051054
73612526
76812269
73882702
73717102
74311736
74553120
73321121
75732248
73410729
75157007
74849320
73160268
75749105
156010289
77328982
73952998
114112162
258358782
179380601
232747574
214680846
195821818
212845591
193475115
195708721
178315049
163803604
160126019
169734034
149032671
149345874
121833506
154497985
118586191
106373810
141173047
103128474
88475355
120140325
85808177
94479978
78616873
74314757
78136611
73391953
72930069
74054537
74274649
73498084
75746624
73843262
74002093
72941735
73903178
74217378
74753304
73672624
75966776
78905546
78051441
74528321
73448367
74442774
76556380
74350928
190930793
84425900
228597031
171784660
211337513
198499866
190871140
162340856
219744891
213326781
195147066
151538387
186662370
172735860
130224157
164208574
99078530
155727810
144614839
84125518
141070302
126259101
118443344
76258191
110182785
105551609
88822827
75562080
89214042
75630746
72736785
78724710
72788449
74767191
77659683
72826166
77486846
74057789
74002279
77664895
108035699
71326915
73461783
137713054
73752816
118762904
82530810
95282410
77945401
79291520
75977118
92234081
197822101
139293721
206718919
178543746
168022440
223406718
150254341
257304699
141442558
244277423
271829811
116001061
250724776
240411973
90248543
220458124
222062448
79316189
218672315
209233429
184504949
74299821
178583807
168251772
160682373
73630584
161362543
139707751
76192159
117358935
144546343
90011392
120810266
75254736
96943405
80173247
74143330
85081874
73964917
72998080
74427198
75643846
72785831
73458504
75636920
96000125
74557467
75115843
73664475
72382088
76165845
76600945
232506761
81543608
73897983
73836125
256694095
74080492
241772792
76958039
72697708
206634394
73357076
178809372
74307401
162011061
77718375
73503240
153911491
74003052
73593684
141257072
73296079
75472645
124108426
74866450
104993507
76269940
85306957
73076903
78336262
74371844
73953999
77793669
73341187
74066419
74108868
73575019
73921432
79110722
73261110
74239520
72699212
78848179
91067420
74133783
82087752
188278524
190594574
74109223
225651139
73064178
197848494
201365168
160678828
73415732
182722681
153918107
158397991
72944659
141292937
142552331
106085182
81707982
108200211
86205493
85668443
73665124
73333169
77562422
73903143
74113857
73750585
74006835
74078296
76519587
72862358
74042992
75848026
73651466
73509267
74244117
77238086
74553755
71999698
73172455
73644731
72907104
74250809
109140615
73115883
74021393
78098487
76001204
71892161
214818324
77206952
72981069
209498999
73939774
181359525
76009450
160302821
75938785
72904322
139357749
78315642
123469179
75115799
73172884
95964672
77631206
74880847
112586167
73862227
89427345
74319276
79023609
75855686
77206522
72541312
75535069
73465510
72428573
73674387
77694952
75634829
75440684
73985638
73796303
73637263
73520107
73914048
73275998
74288234
73498556
74279767
73341060
73293836
73842962
74761902
74592776
74147197
77182263
74853288
73022395
74013769
73055916
77765627
73685003
76507953
73302446
74630149
73943539
73299026
74275337
73918772
74179552
74890342
79148311
73666348
74073373
73113586
73556598
75113351
72891030
73629643
73546331
77873456
73376169
72963941
73954992
72937159
72681056
75042190
74451618
72688615
77516483
75108684
78644565
76763491
74103955
73042433
73389507
74796765
75676010
78130749
73303286
73479269
73602545
78150534
73040422
73393257
73093151
73217675
75596424
74604219
72992772
76201935
73797950
72844685
74669344
73603553
73693985
73344069
74309005
73688257
77104705
73248486
73616617
75371141
73857958
74032084
76658623
73669763
73957241
73996167
73360702
73628743
73495818
73615089
73203141
74895539
74350365
78051286
74953748
77644943
73992861
73281410
73227166
76800813
72836842
73090278
76285333
73737975
80480489
73037021
77705034
74865784
77181530
75960128
73919298
73369773
72882242
74094955
73985425
92284614
80299461
90103401
87886779
73507876
79583684
77087704
73911073
74612147
74475588
73988830
74362699
74073664
78788322
74646850
74334331
74106891
74337202
73943935
75092537
73908548
76415798
74348543
74383949
76110262
78743134
74710479
74510217
73740237
74411161
80019091
74036419
74713949
73645492
74458989
76465086
74790883
73777442
75769556
73800488
73322299
79677006
73932236
73821589
73953294
74681438
74907341
74023728
74355852
73520193
74646133
74703467
73318435
75034389
74808727
75235453
74272518
74042433
74555825
73492311
76042550
76441515
75009137
75815714
74106638
73434916
75241855
76991209
73409988
73955319
73406134
73133369
79707508
73010040
73019274
74062656
74652841
73587602
73727025
73438244
73803324
73788130
77170541
76221068
74647811
73122993
73371796
77602894
73641129
73144298
74653572
73450400
73874758
75130619
73407380
74109458
74120669
74042434
73276253
74230632
73277689
77078949
74614254
73939231
77584691
74019889
74656735
73436310
74668750
77360890
73174051
74468113
73449370
74184006
79077791
73427476
78144500
74099103
73308437
74869766
75093850
73709842
75963442
76095988
73894102
77582911
74789691
73152275
74231538
74223529
77583768
75878830
74377747
73774219
74491956
75631241
73538686
74050728
74282418
73353662
74316004
75466478
73883127
73033844
73574315
73745567
78427929
73731174
73480413
73419250
76554897
79982796
73846559
78078737
73554059
77013252
79228596
73110943
77158469
74259654
73716315
74674603
74842891
75990429
73336348
77680361
73941071
73212793
75002344
74193902
73971549
73855189
73913764
74784854
76590407
74985735
74225777
74126059
74280006
74087580
73930391
74196446
73740173
74607485
73340154
73659667
77856138
77142998
74002698
74517148
74157117
75050445
73399220
73738860
73596940
74394003
76696709
75053210
77137334
73974399
76497559
78317716
74127419
73113093
73592268
73813772
74047759
73891304
73233511
74025646
73463499
74935261
78278332
75697046
77059404
73832492
74667530
73541124
74655644
75659760
74546689
74912388
77901560
73623852
73288457
74471534
73583493
74802882
74585032
72997089
73584930
74403564
91286215
74394726
74064013
80435160
73791683
74324022
77009384
72966047
73828498
73680621
73717988
81935051
75842396
74172477
74485865
74465848
74391327
73617771
73245615
74439282
74550170
73805080
77800072
74284508
77521217
74206012
74764822
74196491
78326640
74481648
73166451
76556792
75042568
74026379
74284626
74348168
74000410
75032511
74251001
72930966
73699337
73653643
75444376
73705294
74640081
72944341
79506029
73706824
77239400
74072685
75123228
73110999
74922008
78611580
73323745
76101148
76924310
73633505
74745260
74053905
76426403
77050624
80395691
77323949
80502557
74242484
73940352
73912532
74778509
73950410
74409727
74227546
73299493
76199784
74589940
74269369
73330238
74033741
73135176
74443581
74053349
76381470
74457172
73777705
74711380
74777774
77606461
73542603
73501477
74756080
77184407
73576094
74064281
76845715
74448517
78830708
74251922
74348180
73758874
73935642
76146561
74030506
74115075
74589109
73438156
73705793
76939930
74097651
73462839
73609182
73823438
78100310
79872797
85441064
84553309
73730773
75816576
73492886
73581484
72971261
73935295
73647210
73886366
74081819
74512745
74829989
73442972
73356632
75907126
73750515
73546465
72839269
69687404
74814812
76812212
73798746
73942537
76273337
74401231
81680182
73717617
72767688
76509311
73647668
73325232
74443326
73166722
73354374
73515121
74109031
76697828
74379271
73418112
72640612
73969017
74888421
77205904
73285102
77039679
74902540
73599833
74084768
73674084
74733788
72722636
73834191
73679321
74616966
73577284
73586913
73463929
73389477
73375636
73611786
74923626
73696793
77773343
74160216
73680793
72932621
74109107
78896389
73441059
74000851
73291613
74382919
75705317
74493409
73370084
74117196
73149392
72736709
77632989
74819581
75728378
77149937
73577150
76470635
76726355
74010571
73741083
76838119
73930696
74496629
74039351
73628624
73005588
74535093
74600471
73394715
75795924
73713390
74418779
74374766
73508039
73222769
73735219
74674957
76085450
74266287
77879517
72788352
74542694
77955915
73659888
73709774
76553201
74510371
73773559
74222302
73491313
73116068
73672222
73303206
75017998
73991701
74051320
76744156
73820086
73278202
74545419
74300178
73121645
74324630
73389107
73708658
74316859
74498446
73529710
73977655
74750642
73484648
73479755
73242632
72921387
74034141
74795639
75676119
74054856
74391484
73707144
73799356
72851276
79684615
76185298
73211953
74026242
73361342
77733950
72851172
72569100
73929423
74269128
91329997
74811011
72963139
79479087
74565752
73790653
76946199
73428821
73153426
73867407
73866786
73710298
77091252
73859033
73712975
73172503
73986397
73515443
73555663
74095264
73004625
73107976
73293507
73069165
75204523
74238697
75344830
73944811
74017454
73166621
73606340
77849585
77228744
73489714
73455391
75145238
74033166
77822555
75720997
76587356
72623442
73316445
74242143
74063757
72805265
73237739
73252728
74944980
77433263
73414324
73290662
74093007
74362766
73727251
74462020
74014026
74142181
73648069
73866445
74192845
74352734
74412647
78608124
76877844
74943225
74149791
75872171
73937558
73838119
73289753
73706451
73430161
75801467
78831128
84024076
108927413
78292281
165585383
182535348
159576490
214190242
173640233
174089990
168411933
152464383
154750186
138261151
126757003
114660991
97704102
99494613
88110496
81028182
87607286
78771157
76806841
80021983
73640790
74025734
73753697
76180182
73622077
78650782
76060369
76464710
115967945
74120468
73647085
136067318
75231579
114449957
73648741
89130938
73725656
74030723
73979397
74980440
73444248
77437044
78500687
77007620
73643655
81430124
74382624
76532592
167020861
75861288
201527610
226364679
223729733
183180165
209666729
194481674
186485909
209159441
161267377
190040152
164696778
159825456
148622957
159153997
142522342
136753425
139081107
117615936
116615525
111934826
92259419
89526178
88682711
81138451
79112114
79512259
74188572
73185827
76976061
76418855
74206018
73260898
75536827
73379866
73492804
73984545
74783658
75451523
73442889
73342942
76737303
73599765
77211724
74852867
74586820
74354678
73733203
81650692
74062538
180752184
187701333
140955468
214027900
175169303
208591024
174533756
165355054
224725035
162333127
147719159
214247624
143204724
119962450
184849388
109995124
99539868
161775731
82565725
76824732
137181555
103250027
75389978
73546849
80695693
74268564
74898922
111308271
73629889
73935224
138319391
73652052
117067843
74867523
90991074
75253628
73854142
76791086
72848371
79989089
73055811
73607829
73295931
73353365
74691792
74551380
73253830
80124524
73495219
172568165
94554353
199239599
231545313
234321190
216835565
222895944
215299332
196571484
194890068
174723736
239084116
185485324
166695034
221498084
182695544
162517904
148303748
146663116
127570165
185198906
120210676
102813835
162161822
97406793
85342849
151028882
84620811
77108617
127613324
73642975
108339825
77590121
88273613
74614897
73707941
73942142
73396242
74907558
73703197
73330826
75421596
73908263
75096707
74135120
73820597
73471858
85137348
74710405
112176228
74844614
190234704
111353025
213862933
214543109
182192379
217405556
164126675
212249120
203878302
152972304
181424243
223386623
159708827
147801222
204635331
146104189
121972882
174414000
90576363
120739222
157050261
92244728
83782029
135450277
80602145
107864007
73763756
87828607
72612856
73837396
78669985
73303403
72946770
73571113
72673717
74088080
74055196
73331784
77832878
73076344
73640228
75852802
73047303
72739922
73393078
73313826
73463042
94567470
74038656
73740822
143959562
205791155
126534216
224915679
214266262
178269599
204799778
174561793
161541244
221165103
155618126
142458850
213058168
145315348
132088303
192713664
124973999
117709760
176960261
98284132
93782591
156880996
84567465
82914713
140285162
75147189
110594230
73372777
87341517
74028345
74175613
74117700
73645472
73848157
74590001
73517494
74117361
74280226
74370755
73687773
73934780
73942648
74100700
96333853
77419663
73936317
83325813
74766120
101511712
80819644
73346460
161000907
106525251
218359433
257476003
240760297
244668676
224707343
224755472
220494551
202028275
201967194
178314781
250274540
171579371
160797325
223637904
152588948
146228580
197702356
132332484
123276457
197429846
103584278
95985087
160692149
87000051
81501530
152073498
76134099
73134102
122976180
73549804
102170258
74007724
86954639
76789734
74726192
78565126
73049896
76017092
77498129
74531960
73485063
76110609
73320011
73859612
74559772
73893577
82670967
73439757
83029027
78393244
73057011
74596648
74633173
74597142
73772758
74612964
82989698
74548356
75523822
74154629
73451001
76127134
77529117
73780607
76686374
74047103
73540043
72980785
73722718
74249484
74196189
73076007
73783399
73249745
77974991
80413326
73773951
73854523
73675074
72924637
77998071
73825205
72648502
73176782
73676864
73801533
73947420
74763169
73534093
106426524
77350095
165852613
96324302
208884943
223371149
204897243
167726325
207614608
155453261
183171928
211114162
160663752
133130854
210075797
134576498
115144184
176103496
89215444
116407442
166489202
90706177
79838857
145932445
79223925
74733279
125156657
98923266
76757553
73807192
87405738
73553551
73422161
81487932
73676632
72966371
72858839
72551713
74815933
73285654
74374166
73370063
73548011
73609805
77824565
73779686
75012502
73186200
73184444
73597503
76599431
73255645
75787501
73609675
72017505
73302879
74385277
76570762
77127147
72872335
73767847
73670109
73423800
72306525
73466378
78315342
71828423
74542856
75287922
74578611
73581978
74422438
75744140
78078570
73648772
73254394
73299587
73875941
76475491
72919575
73176311
73248340
74396280
73399307
72955454
73619261
74318697
73068613
72618002
77573777
72589343
74286871
75007915
73392680
74176349
73411638
73608643
73587051
74017168
73428512
73318928
73861621
73048875
72622568
74207177
73457167
74190346
72884572
74595662
74273889
74465819
71773462
77127602
73321716
73022890
77680038
73664049
73083878
73886786
73638773
78107832
73798417
74014086
77083107
77418732
76563003
74262084
74471536
73234686
74092612
74048869
77741874
73245681
73970922
76477745
72814965
72662039
73879310
74061648
72503080
73122826
73188237
74236991
75413308
73437000
72457106
73796589
74950199
73053584
73264768
72628180
72691093
73374903
74255050
74039081
74437144
75600743
77331425
74428244
72539560
74352030
75730249
73817036
76466388
71428451
75125489
73613002
71836852
73341401
76946418
73086900
74034174
72820596
74391800
73292608
73571948
78986677
72366623
73279022
73218474
73223122
74354018
73078755
73091539
74183698
69303728
71473127
78915833
80188105
87086035
88089221
73922285
78458889
73286134
75398433
74271693
75131533
72164656
73379911
72293102
74115241
77272973
72440747
73442371
72983111
73176559
81505823
74021354
72582427
73820884
73878826
75615210
73844597
86875558
72353174
73444255
78474040
77458417
71561423
73869132
72470546
74834216
77093735
76423228
75213116
74487783
73077024
73320731
76563453
73052488
72355229
73841557
72483460
72403747
75975193
73771359
73549726
74290563
73274592
72304402
75921786
74223002
72907803
77402682
73474723
73848883
73131105
74147584
77072815
73158891
73269114
76813850
73963214
72267171
73069574
73857400
75008398
73431262
72905633
74415006
72825802
73547576
73869391
71868630
74589978
75177170
73072374
74036185
73075324
72853890
73366410
74201099
72844260
76353272
74649511
73135509
74173884
74416225
72618071
72954793
73083463
71642148
73430609
74045687
72677190
72767012
73987418
73063928
76373713
74742981
76917167
73286506
72724267
77322324
73682141
72999572
72256041
73350983
73614024
76585522
74395875
77718029
73623869
73986741
77273973
73586479
75529564
73323407
72641023
74942161
72942853
73743354
72959448
72990518
73904852
76554697
72466048
76482104
74090519
74202358
73328028
73295468
74142039
74677216
75321649
73891776
73800135
76993241
76009406
71509687
77195040
73833947
72419540
73604347
73768402
78370040
73392712
72332233
73281904
73831276
73514221
73194182
73765893
73406934
73871908
74592115
75768271
71597547
73859866
72803943
72577093
74569969
72713868
73070675
74256324
72979808
72302416
73565088
72464435
73448334
74648820
73470037
71740042
73131745
73511099
72798760
74678111
73440888
70930526
74034161
73972237
74008197
76820955
72416996
73931151
74259691
72742787
75082306
75254984
71642652
73016808
73456941
72641942
108228568
74666025
73663111
136471118
72944873
120008043
76516010
96495695
74853209
75025105
82832492
73691867
73740530
72266644
76186202
72408361
73037172
73234276
73829113
72645029
72828048
73885496
72742028
72929251
72797376
72163095
73178933
73704223
75881431
73302648
74091973
71391232
77783910
73518818
70948248
74590528
77397252
75657151
73847635
74004950
75171889
73625628
75263564
72348383
74036493
74026082
72047668
74115962
77673165
71739129
74072976
73617180
72393753
74670435
73279405
72760450
74263053
73350043
72957536
73270111
75972957
71885986
73596501
74314027
71729053
73430475
73541515
72452386
73914446
73012969
72903887
72764183
78845734
76614858
83686923
77799801
76506867
109119792
73209720
76118007
135906991
72712614
116723528
73438209
94417743
76600560
72003850
82653769
74441412
73136630
75154010
76396193
73380594
73739886
73489469
73725469
73537527
74482367
72780753
73090872
71976790
73025118
75918901
74429461
72193497
89117578
83166685
90871086
87523853
72645681
80292227
77516078
71416694
74158908
73751162
72818538
73551607
72059531
72918612
76510480
74169432
73427276
74079910
72916266
73727784
74229763
72950523
72918312
74296215
78069882
73334173
73291502
72787866
73065965
76693925
71727870
101932640
74143176
82483085
72598961
74114155
73797615
77498844
74443802
73234979
75152206
76898279
72213557
73438851
72666175
74144598
73603039
72771679
73746495
73280807
73039154
72624887
72897414
73023603
73264351
73572040
75990528
73259705
72689994
73031695
77133949
77615325
73433651
73439962
73420605
73614831
75592018
73518648
72728835
72946000
73535023
73245254
80880843
73252002
75247146
76051660
73567452
74222540
73329246
73429950
73106183
72493103
74590203
74425214
73744516
77533186
75532380
74457491
72563165
73591085
74037220
74121811
74654935
72390970
74164827
74191397
73957077
73210052
76816632
72426293
72611155
73578765
74985362
76770141
73596187
74327444
73720554
77592093
73988253
74098882
73643666
73697124
74036745
73898453
76994297
73815918
75263315
73343755
73902812
74757798
72922115
73868649
73083992
77712150
73124673
74278287
73581258
73594387
73511185
74260385
73183469
73783095
72738592
73530234
75027350
72966425
72210081
74285298
69873772
73338369
73049819
74491042
72583393
75103756
73718430
72667320
73141352
72354128
72619006
73435957
73018548
71787138
73886126
76933660
72630988
73015728
72822347
72791392
74248010
78553567
72791522
73677481
73114224
74212160
73707905
72952590
73992631
74195344
72921420
73674492
74089970
72309706
76680728
74078163
73635817
73956418
73510595
73325910
74011579
73627200
73849267
73329699
74347825
73377914
73699841
76356356
73525608
73346286
73534770
75728766
77169867
74173778
73975249
74241062
73652061
75899022
74926035
73404714
74169817
72741553
73599684
77196010
76471048
73645618
73298124
73692863
74411513
73626377
73167459
74024886
73044785
77286877
73583402
72165185
76412960
74934655
74168020
73099932
73148644
73300494
72956919
73478438
72318550
72013283
76419577
73016782
77519625
77478720
72859390
73937067
74250455
74227638
77728804
72827866
72798726
73331521
73206565
73926564
74399980
73926534
72167837
78941757
80168629
86091057
86353797
72982866
76499277
76430945
73001282
72674043
74444490
73260928
74606396
73152407
73555298
73659958
74463277
71732636
73080683
73714181
72944227
77152602
73670872
74554049
73813072
74200962
73452579
110471083
82928609
101131354
156721736
158663893
182255536
248360181
198357584
189456745
249328613
167401290
157537959
229079879
152879079
152077727
203301165
132923537
130097123
102885853
200133340
100386956
162666741
85258755
79734017
152667258
74037952
119109251
74234926
91430325
74851433
74265123
78377108
74137018
74500346
77850116
73671295
73923861
72924146
75071433
73428665
74589746
74657140
73723852
74561313
81654433
77565919
73891710
73851018
72960175
77559343
73187757
81527300
79979595
161682702
198566601
195612871
227873640
221471671
224255751
208199377
180713176
204528035
182476761
170735155
164353577
155943608
149121755
140610689
136978978
122177222
108193812
99332159
88783702
80399446
80615557
74383806
73403126
74181659
76832283
73261812
74194797
73982843
74209879
73573141
74124038
73462221
77277993
73518715
72782089
73401400
74996663
77122845
73767171
73574444
72817452
74640944
73717084
73942805
76000235
73158973
73453291
85223363
93624140
140070056
181786105
224100495
221001919
210642945
166761033
222462341
244765409
203504457
161373556
118481270
178320066
224066005
192043638
94101997
153287595
165631229
76681349
128647184
146286743
103907873
73337129
122676255
87470123
92409371
76205468
76398082
75880530
77083249
74848896
75374563
73153273
73257549
76105538
72669541
75641089
73830870
72767543
77291203
73520438
72597414
77407856
73548278
73466469
74088317
73345635
74555882
72747779
74381540
189015232
174619513
182502650
243286504
234316536
225390329
268640613
225157167
202942171
251576232
204253210
226553915
204261081
187743110
165917481
202661257
160968146
178686734
155727897
138883086
131804471
160311419
112804608
101702749
88287330
140630841
84729739
113651161
76009516
89650046
73697885
73923898
76448063
73474200
77304024
73268455
74888031
73384185
73469487
74161579
74959454
74346039
73954938
73636383
73849254
74966346
77074424
75405976
83065960
92944583
75079355
186699369
190403065
197754002
210190739
201377910
179396397
163144982
222856962
163918789
192346234
152024001
140880367
169329853
126427811
103863870
92578040
152459650
83396530
116756804
74574496
89253137
73599827
77761946
76770419
74130062
74516128
73513290
73763164
73069819
72906219
72738968
72514654
73179700
73969429
73595431
73896746
73784533
72773031
73200743
74484290
75948671
73655012
74379483
76487445
77712296
74661864
73847089
78366976
144998247
100237381
165935622
219290880
226832371
217372522
208929219
206943927
178745108
223802700
177208096
160018370
196896822
158525436
143935887
175404791
144900069
120412567
155636618
125590783
100980514
141268856
107103141
85416275
117655677
86857005
89262864
73690288
74204350
77163683
73796859
73659998
73954226
73077841
73928553
73509736
73136908
73204267
75856493
75381057
74846202
73503781
75441363
74774989
73572486
77633870
73188147
72650977
73305495
81745855
77971631
90752182
160456719
163767627
252743383
211216430
253359331
243547763
232115128
222413872
249873190
212028297
207077181
230651134
192292981
199357547
176238681
171244540
157554939
192781357
150729203
161749526
139648036
129865040
107218562
141503478
103221607
87358674
113828539
85991078
89028277
76607434
75180334
73411738
73564121
74115524
73505160
76582411
73940136
72861470
75081014
74139637
78682723
76142976
77728368
79557410
73345762
75502832
72871189
73863899
73246935
72959517
82094192
85119254
74090366
74454690
77566337
81149086
73830909
73849027
76380361
72857007
74555328
74409131
73980547
73256278
74247424
72474615
75072565
75385411
75330672
73137352
75034571
75327362
74541817
73343754
76518406
73389803
75247729
76944489
72781460
73709563
73862390
73356703
78260955
73637096
73880511
73080559
73969367
73834673
75125607
73442963
77967551
72863031
102497908
167394073
194367861
212898839
214752595
214106423
191373983
186034169
175639608
215188188
168352103
154078912
149586922
195970299
140259664
173883198
130717837
107158457
97020399
153908980
90460457
81752171
131535667
101640787
81526677
72469649
81785048
80520144
73718901
74110724
75110282
73254437
78034794
73198897
72846442
77507133
73868088
73908190
73908987
81704481
74277223
75865052
78170040
77141067
75137734
74992135
74627901
76053385
75875938
75788577
72936664
73426631
72726042
76170168
72862660
73790419
73669344
73399450
73754917
73197366
73138719
72695483
73213751
73978782
73190964
77961799
74956921
77883964
73926215
77994328
73636842
73793879
73474545
76132275
78090173
73719384
74293631
73351346
74731884
73583806
74134899
73813080
77987122
73699514
73163175
76601465
74115173
73597790
73591654
74046140
74050444
74045864
73301913
76407322
74099215
77369710
73350441
74544402
73922262
73155178
72099542
73725567
73761178
75032782
73647116
72848810
73059091
73880207
75109929
75062774
73421276
77345791
72684110
74421860
77214732
73628243
73401005
76522926
73400899
78023773
79151510
73075728
74668028
75013760
76558675
73909996
75364402
73244205
73855242
74116225
73282478
73806537
73594051
73081265
73636496
73744143
75926917
74822882
73578919
71422957
74533821
74303122
73463771
73604108
73282323
75764742
73809985
73047773
74635806
76488675
74589569
73915771
73737140
73469971
74487472
73601490
77323744
82242270
75408167
73299604
77733712
78901542
77722945
71839706
74580068
77618786
72487710
74234607
73331151
73616208
72681752
73055449
77343815
73960668
73539304
72123515
73053370
73356240
74547899
76893865
73162578
76796993
75156347
73231725
75527542
75743860
73962640
74278016
74403166
73993429
72132813
74004637
74031380
72480740
74272163
76031353
73264440
74340827
77725836
79271635
74186700
73457407
72912885
78628367
76370061
73048863
75605032
72720028
74611226
75753290
76227159
72446334
73687115
75982572
80861769
74832491
73374098
73029553
73487193
73991159
72423607
74322710
74072318
72756210
73954352
72965903
73258308
74191108
73731147
76994135
74252705
73852284
71968920
75431879
74401869
73161200
73824104
73416968
75204458
74010986
78299211
72417314
73528109
74327997
72582000
77761755
73501768
93597248
75381171
88324375
82226228
73562410
75404823
73506987
73091142
73771594
74028278
72321702
76846990
74092892
77640608
76962719
74602758
73817605
73565376
73671268
73009915
73883284
73912137
72854007
73547825
74578067
72903339
79130192
73936817
73589138
71018926
73679444
73620200
77146987
73966060
75468244
76505348
74693625
77002422
73758102
73453207
72831785
76331305
78588758
71748901
72978988
73399310
72652580
74330383
73023830
74446506
72041642
73721673
73200570
75202848
73660374
73152835
73082223
73976194
73819716
73669506
73589049
73112871
72379154
74402524
74126602
72862112
74513795
76474574
73059075
73491939
73059569
73050247
72878543
72322817
74044148
74114782
73960849
77527139
74439251
76347020
73636867
74200965
74901115
76136473
77823228
73643683
73506025
74275419
76572747
74772392
74448486
74221180
74582942
73766025
73061243
72609398
73443924
73732582
72759494
73564654
73016066
72767195
73480901
73167227
73847993
74438155
74310916
73914572
73589667
73495031
72044571
75371165
74087993
74917561
78068056
73359355
73003625
75258629
73722538
76436744
76376700
73404955
74692536
74185192
76569704
73082996
73998232
73572264
74085858
78575341
74196939
73547960
73408578
77775251
74633512
73731669
74241940
74909047
74037610
75322870
78779304
74914900
75451042
73865151
75384292
76107279
73693279
75271241
73974953
74198834
73854638
73603381
73260112
74225217
73285346
73927619
76109300
73203983
73508398
73644801
74177465
73232305
73857882
73932199
73953996
74190811
78048346
77642172
74889342
73689865
72801005
78247906
73875151
75158252
74334609
76114981
92287076
75590910
76453870
78726312
74727299
92458874
82066417
77133916
79254755
73755472
76037538
74028604
74924895
75778140
73570340
77202749
77240543
74260322
77986206
74981863
73949846
76315467
75809524
74802266
74417026
74919253
74992649
74535531
73960317
72707506
78530375
78709334
85907325
77420193
78579260
74294126
74952788
79098238
73140205
73524274
73844730
74172864
73891244
74050714
72907507
73222620
73979140
103901481
73391397
113921842
75363773
88608201
73623536
73627865
80106034
73891975
74226679
72999742
74918842
73956580
73833148
73768246
74714468
73870643
73636414
74584330
73726459
74493247
74704220
74749125
73294159
74961818
73745259
74556584
74217174
73626117
74183064
77893393
74416758
74543513
74009563
73480461
78099981
76741037
73850808
74218276
73591772
73387631
73112245
73437472
73301738
74278584
74000911
73467613
73855645
73966046
75045824
74346117
73903559
74345694
76838848
74648391
73634500
76254026
73673696
73628511
76564716
73065537
73860791
74002092
75431655
74278106
74452792
73551252
74617709
74125079
73637110
76341214
74099986
79554600
78750842
93168805
84134760
74457711
80158691
73361622
74727278
77242805
73929973
73623999
73649439
74338934
77190870
74498079
73544519
73591398
73707268
73914074
73968230
73902255
73345131
73753498
73149978
73786994
72757173
74570342
73787480
74366999
73520921
73619261
73144915
73535886
74042929
78173027
74153063
76590690
72259776
74448549
77409584
72051346
73782263
73377391
73953204
77378497
73696684
73287687
73065313
74319618
74647314
74386781
74747399
73135596
78163498
73770960
77731169
73836936
74610012
73383692
73813432
75427262
74890250
73813135
74215887
73026221
73021825
73221941
74050346
74579503
74034138
73966610
74117023
74307493
74080106
74700877
73765057
73961042
72977769
73658708
74367263
74049506
73392507
73542598
75852982
73486539
74594229
74388673
74457013
77718545
76568159
74371710
73032959
75393685
78103582
73366878
74701898
73187480
74698720
74312383
74530873
76366260
73062079
74615450
74124878
73664377
73760280
74078359
73888128
73812497
73127245
76811686
73403170
73455639
73980125
73671901
73479605
72689343
76932681
77986314
73853396
74260691
73469325
74083752
74456232
73559452
73113349
76673394
73023561
73853307
73940504
74557934
82145212
74149447
73313534
74228254
73465257
73562800
73452831
73191737
73234043
73109173
73646130
80010793
72570171
73342905
74784311
73386325
73212702
74338025
73008514
73311260
74205376
74622321
74052362
77042984
73370511
74311756
74288925
73917848
74450487
73931599
76509215
74863370
74051449
73069421
73236481
75974813
92393407
77339262
79152591
80245569
74057856
73034999
78253211
74188424
75592373
74031853
77389792
78205101
73384578
73397968
73802502
72929491
74006031
78078615
73390296
73281212
73542682
74150550
73644563
73151750
73419165
72788065
74977913
77769536
72926598
81553180
74385483
73373389
74678235
74230560
74012072
74208353
73065197
74428056
75835478
73476041
73990614
74329981
73559366
77228252
74249553
74560981
73615160
73140994
77040720
72607002
74632813
73828498
72911574
73676278
74128375
73279738
78468056
82908261
84506412
87008295
77584047
77480060
82037385
91268286
137535323
195002646
193513476
213888783
219707137
199978171
196485235
165581319
197515800
169442990
173007763
153124739
154438408
152239763
127532550
144161261
106250320
131247759
120656346
102319520
91433323
92470565
81912887
73429320
77803637
73863969
73702032
73470167
73530091
73328047
78104681
76819588
74360062
75057360
74115603
73909300
73933912
74803327
72736746
74029684
72916726
73460183
73277209
74143720
73201742
73665788
73310863
74048064
73775048
81503891
152535273
167763363
168590521
213608459
219160000
176682533
192958839
166429204
356230570
180005774
152765711
165973346
143684886
389433544
156052694
123463549
377178206
144591165
99777460
357741217
123684488
85476411
328960244
102306912
74840344
86365788
363679993
78058874
76478132
353567791
77343916
325210999
74570781
296165875
72721805
73836902
74916025
317765043
73833093
305851355
72918578
73894241
274433298
73996504
245519947
74141235
242729798
81215530
82180322
218113724
206480890
191662500
202677825
171849782
198640248
216234455
192890281
230596756
191793646
212966781
171932623
197830491
158182199
271878718
180692329
137804677
160887168
112949542
142564359
97404710
115630515
84251065
94656247
441140886
76290442
79945954
427478466
73702083
399813966
74025292
351217359
73437361
73668116
75739159
401034710
73532496
74844296
392502197
73447443
357369048
78592866
318241342
73450181
74244383
73566582
386470045
96390027
81911661
389712994
377506475
310626586
302407573
215546202
216705925
219645898
311800801
243805299
203100979
294480266
265047305
220779939
185821341
196176566
248970055
168391902
166733900
231490484
153617642
157475152
134123313
142964227
101135545
269224652
104929657
81393015
82428815
74446580
73167274
73762242
397381044
73787435
74158816
73522030
76546175
73483423
523885481
73748302
73759072
500286971
75419081
473356080
77901414
445865924
74143915
399934861
77401154
115321971
470583845
175351098
452353058
429114407
385872502
236727090
214570085
362960760
213736532
215163159
200286154
183494518
175941505
166758080
428569878
159111762
149072967
408951753
145666234
124950799
394423654
106420616
350474770
100433082
310389798
81692254
82099765
74185962
74095009
356817764
310954435
74680914
74109170
75013158
74859358
356164698
73396225
78081465
74646245
74614861
434933217
73877359
74273455
73589672
73343365
532342682
89781685
76718825
550019228
504769361
470661961
142160855
189911259
489466112
215098033
213379834
186388852
501698203
201514490
165578524
175206680
526362971
150560736
474952317
160312838
424805913
122265998
132037379
92840367
98299679
438631909
74488869
75601365
457918846
74139616
73273470
468043467
74073052
411281650
78011157
386964122
73876416
73168094
384337509
74849558
73698124
73530400
391605463
73712357
80227034
73226152
348136786
428478104
73755563
73709096
381684464
75868178
72441561
82488366
426919020
145127020
447708449
440684003
385457976
212187124
333717346
241135027
246068564
362523084
265991982
232272139
237507407
212735893
390445609
212145123
195271893
386244326
315982836
198600609
171981572
176808601
296809492
157642506
164307038
296895221
140051297
149053026
122183842
292886451
127999588
94403204
269962972
101646516
241899233
86802954
84474700
227213073
73902725
76726175
206302994
173783222
74418504
73949069
169392130
76361084
73193115
75780724
73828398
75898565
73484049
265323128
81487111
73971566
75358847
82290150
349191823
74731290
73273734
336629813
304243315
73853054
72267579
294364931
73255673
76566559
285510300
73770394
72902615
281840795
79245943
250713798
73378888
232814934
72928579
76948140
219312363
78524339
72384584
194919196
167138175
74602032
75325850
153876967
73227187
75472174
132371184
74516505
110975831
73876006
87132501
73043911
74139916
73464623
74515441
72739933
73255555
84013547
114017588
73322254
195503661
77203742
220098307
209355883
182010265
73639051
209069018
164266784
174424219
73889793
140309132
163682366
74223275
119283459
146634007
103354286
73975529
130069140
88895341
74185969
112063651
82054575
90652641
75793704
78609677
73289953
74328725
74357296
74204332
74891705
78618105
74353537
77965434
75687732
74632275
73761657
74962112
72824889
74596653
124037552
74339159
73341250
73348646
76773867
73760079
211086554
74138273
77808272
208492910
76769829
180180101
77534676
161455194
74423004
73089612
145878833
74592535
73637058
130320943
76300558
107738690
73350171
87378957
77835349
73267102
77965205
73497777
73590670
73567218
73474547
73422766
73744892
74104216
73261769
73244343
73730914
73142602
74666657
73897489
74516346
72952392
74316534
73583564
73151324
73820809
74593398
74116979
75908756
74313895
82369072
73465858
72686537
73032364
74591880
77265989
73824316
73807413
73251768
72753911
74207247
73804875
73741655
73828534
72691605
76525961
77111604
76087014
72898082
74778975
73058298
72905009
73975028
73327957
73773173
73417823
73474768
73737718
74265876
73163139
72622488
73088297
73004178
74126611
75029333
73916278
73203103
74462380
77075879
75110412
74557079
74159564
73537276
73386064
73905191
77481308
74775593
74428125
73794010
74474541
76797896
77075279
73563146
76390741
73330504
75037730
75331879
74682232
72807133
73477695
74098019
78724897
72628161
73939421
74009953
73692321
73852425
74573845
72957289
73322107
74366340
73713962
74661540
76083933
74520827
74296204
74181367
76254442
73546206
74000552
73737332
75266180
73236106
73785463
74556173
75211060
73571299
76484572
73491668
73797755
73445199
73495328
77810727
74386247
76287737
73090240
74628125
75347142
73302407
73509636
73660995
73768671
73833265
77280837
76915368
74016479
77245447
74382758
74688418
73378378
73834356
73950549
73693935
74319643
73896354
74373542
72687877
74064475
74840826
72757038
73555653
74452519
73317189
75073210
78503625
73207114
73810798
74298920
73400215
77109400
74592376
73646239
73998635
74672732
76977340
74289815
74699281
73410958
73835333
74747818
107239070
74606008
78490421
132125994
77902128
104281701
105222755
87277316
73646677
92201412
78196418
75681243
76850597
74454880
73506448
73714417
74321580
73488345
73977413
73650113
73907329
74609088
72545373
73807793
74812777
73164750
73862394
74998364
74129445
74768651
74813438
74188904
76765684
73680668
74407439
73915886
74079256
77224369
73032955
80676683
73483527
79836367
82860219
85521348
86434244
73362178
77188999
80146301
73833866
73504947
74141885
73474314
73883119
73550305
74028940
72955817
73279988
73716870
74297097
72964781
74510691
74024885
76768110
74314529
73553400
74520354
73995497
74196331
73639525
73549085
73983318
73265247
73537893
73835451
75226456
74094598
76570831
74666273
74124502
73639395
73158686
81472604
73820587
72885550
73546994
74989654
74611689
73461333
74076009
73656521
73279766
77208818
76797987
75990448
74299236
74916321
74645207
77116548
73000908
73892717
73660152
75226369
74698644
74256961
73487961
74105501
74325663
75400256
73453110
73447877
73852730
74545940
75214559
74403092
73715852
74426243
74528636
74492326
76761846
73512328
73201606
74624767
76162223
77641173
73940617
73367380
73834497
73407080
78403994
73441069
74721169
73617653
74015584
75289160
80293458
73012289
78461779
74907293
73748999
74614971
73061560
73738909
73743989
73891850
73130066
73988254
74391839
74188521
74147845
76981606
73496833
73174689
73728590
73644796
77996858
74893978
