73869537
72930716
79005667
73128909
73680151
74892893
72883972
72831581
72681384
73370284
73703992
73368814
73859147
73714763
73775157
72949497
76943902
74268060
73359952
74178866
73282637
73620508
72726264
73838132
73603958
73418648
73389081
72985775
74123629
73499238
73077765
73929782
73091208
73362106
74287689
73346891
73612448
73619960
73327845
73113657
73605726
73066896
72897739
79659546
82180439
216201668
211204221
212102891
263486632
250655537
240221042
231297067
276839071
205814857
248260516
205770691
207687414
257796946
243564371
232248983
265320091
224723487
200113126
199414467
261953007
217092067
238898050
241975470
210121888
223623087
198918925
295706194
235216679
209430452
233411400
229148823
217964262
206336871
239035173
205921350
205191331
201172563
254009664
201918566
224085644
195133966
217012366
203431882
193272690
220546482
201664713
182938487
216465906
177891162
200193415
212548821
263639345
276179670
320917818
319683583
328466789
340826768
341046875
332359374
308481631
291995837
265806162
353656917
281711467
330007995
309192163
349831524
344904699
333946302
298628155
387568866
353949182
355645468
281321705
330631684
333961867
317995439
314493736
326282244
307531783
327640267
331824041
310640587
306054349
318656218
367734898
293943454
315173189
294954274
320310530
282074026
307877343
314206507
294935216
276464762
293037095
323757070
282592023
282556650
280307272
346679779
294003361
359100747
351407824
374957612
395347964
394354488
423698992
403245388
406368569
411446956
418697723
414910284
393342188
375369370
421061922
338091640
367437711
395756102
364747381
385068885
384738215
409831445
393298301
393460113
410824704
410292531
404947456
348894323
387610790
414808389
329634438
363795738
396056231
341352630
384414159
368480712
402060783
392733566
381577828
395043614
397453216
393855675
344378453
373850945
407268974
320191016
350750511
383429028
324739389
367750243
360303382
382044584
396501780
416645044
425528587
501962665
493784361
443649521
505572694
488269163
459595605
450079693
500783805
447042829
478897191
479242949
466914927
504303032
472485267
499309769
502697635
487404413
426393417
466442615
503340166
459811666
439174730
493379022
431974095
475999238
463184040
459909608
495121158
458627541
490606549
498962487
416026994
480033087
445841404
491424848
430571399
454562558
482839601
420735931
466696543
454509820
458199409
482835389
449209979
479400216
468029440
406331718
490937052
431585617
480674046
430468153
402324048
466607697
430241237
472003033
453330777
477914739
464956208
450350854
483047302
460908829
398578811
497974463
437379576
474189689
431480601
415107922
397369421
465904663
434457163
459928530
472041677
450508817
434665787
468975754
445779969
385202913
483101521
429443956
458250441
414408394
381694025
405378176
448145606
422095727
451888386
456727768
448297764
431823417
450581530
441582032
380223420
408758006
473646590
442085019
408365889
431993810
369120254
394824212
483730278
474444618
520589297
497021855
526368472
539808313
528978126
465184656
495081051
559327623
535988682
512823613
453888337
500395909
480068226
458478741
495527855
564181338
464144767
499906189
577117914
427763262
490841765
521562045
459546113
568995777
536302144
477993632
442744196
470000086
456658283
482916204
560173850
454866702
491602883
478678097
415297257
585639862
520055027
455581649
575336600
464266881
531322018
451788160
433733949
441762034
476117324
442269123
482775849
567156476
571516864
468655718
406374857
442459976
506360588
563236304
508713043
450516663
448274225
431737664
432695794
477037173
425769522
565317633
480124816
384588894
449203680
566070680
502072269
439619639
533329301
496575658
436275232
411062049
438726510
415476446
467322127
412965949
460588502
551561462
370685185
435314244
547500604
488146395
426790918
514325415
478252058
417123370
424660892
408786882
405997672
457031002
406609826
529766376
454479300
420321599
359907425
538897999
490140690
479580130
416392036
464566836
405373329
417202849
396564788
396446474
449258801
390553430
518199202
446087126
409031126
351451666
522613744
473431537
409058592
472246248
439014417
383414972
380373288
407478579
384485672
437852004
368454948
514715272
430626617
402578440
341883359
513362679
451839592
454405115
392614037
358841740
423421679
396133608
374929177
379563972
419713788
358635537
496751373
414508608
494208698
431122857
326425345
391099838
370993307
327589335
394331842
436528129
373495265
357967521
358789784
397833375
322718123
475119796
406355052
473422548
412570893
376751566
314334094
360897610
421406074
358501263
320033706
338948647
369700552
354191383
389608071
314946202
454948197
382079524
370905441
455571666
314334661
413930121
350989710
380890363
318705427
309637523
324897611
372870937
385545903
349743657
345147992
402897593
346443117
404832149
340410444
304716717
333997654
397173822
361848923
309535199
298867601
311688131
370793039
319629058
375196900
325067747
367654745
307149218
306656248
371458763
323217992
379368422
315699657
308102871
307743666
300908475
298279126
351003521
295455933
329320952
352258787
298072379
298387493
336991329
302470228
282200079
356602454
302113252
285652506
282065033
268621003
323127736
309366878
264303168
298356850
328055797
259651209
290044093
313377251
273632082
258191514
330306059
272022650
254591813
313986923
285679097
250860195
272557226
231125263
272202917
299223721
247335070
232718287
300401367
230311363
217089645
217211014
304094182
204560418
201547053
307912927
184333771
189217561
174531208
317306371
315394914
183205149
173518189
180527001
329955780
164147582
176108371
155366200
325797419
161029395
149271215
333617477
161682800
141679331
342396627
153821920
138273765
317342288
151055132
130157276
321802848
139683334
119532839
310055328
133252853
112428247
297718794
128656669
107802526
293678074
115832975
98842840
295328348
101997469
90648687
277408967
91227528
84482088
280393777
81654986
80390890
269810267
76033357
77341565
261140644
71350454
73894756
254339221
70406742
73250330
249933295
71041763
230723736
76316901
70988657
226310465
73023917
75598144
228457671
72590997
72430545
224664804
72910234
207142347
73176998
73352863
206444168
72566665
73171660
211269110
72384069
73956381
204660625
73494243
74186074
205076643
72735229
72825349
196878601
71814359
72054478
189191043
74407675
174881982
72729682
73420587
164758937
72886966
73073189
156702426
71504283
151463977
71392156
73044816
147720626
70487339
72163761
144087300
71621514
77086219
139925797
70708143
73535246
148516999
75034148
72762431
168868121
71297905
72483997
187790427
71661891
72515147
191801311
72111345
71800118
183211222
72458145
73451654
180869004
73013428
175093881
73496147
71925201
162656160
72443023
72030525
156692609
73433374
70553412
158385318
72875349
149598158
73225909
72791816
141745950
71730828
72929870
135538764
72642733
73153392
130944704
70686661
73323719
123102804
71795284
73499345
117022141
71387398
110853686
76535535
71281880
97128665
74969097
91857964
75493136
72531659
85973504
71875232
73406932
81699494
72654937
73065673
76109187
70950818
73205416
80064661
72095791
72966101
75245908
71957381
73051531
72463342
73300876
73044281
72241038
73002576
72419615
74990908
72584259
72776651
73204836
73242583
72968216
72981839
73254253
72838732
72534848
72263651
72797079
72332128
73510046
72595770
72032349
73249910
79116754
73019775
72771659
74528731
72404623
71678053
72975275
78830614
74300473
72612626
74125180
71894466
72415757
74278194
72922654
72366840
73568645
71459649
72170046
77126906
71785772
73211924
73804087
72244537
72669926
72413584
73293016
72711480
73066980
72827190
72403958
72100438
71936193
72398054
72854458
70971037
72837152
72791019
73289753
72377794
72149257
72794702
72575470
72270808
71332844
71642157
72585219
72033806
76946688
72706438
73046682
72646095
72073139
77406533
72065443
72135919
74480856
71986141
73832152
73263743
72000204
73851259
73655420
72742621
72717063
72425567
73524137
76321285
72802428
74072372
74544806
72923049
73744208
73076447
71282192
72951176
71799429
71150291
80116608
80422578
80079450
77202074
76260984
75466349
72298464
76558830
72688086
72547903
73252375
72121661
72554098
73765536
74508702
74058265
73083358
73308791
77526055
73014346
73570016
73615781
73068276
77598836
72175238
71317343
72820331
71214758
73138885
71697167
71843114
73705805
71007280
72625155
77846800
70282549
72060813
73465427
71236095
72014857
71312812
71418061
70765821
72249849
70774133
84626995
72541870
72897716
84899993
72660548
71850980
79660182
72662086
72137307
74548541
73132008
72383138
72376566
71272115
70703458
71829607
71694274
72062442
73755588
73403776
71836985
77844307
72341750
72186531
74157975
72580492
76475419
73567114
73517104
72177964
72485981
72897917
72206171
73181621
73163560
71610842
70843337
77145645
72080682
71820506
73069261
72574541
73028025
76412960
72211726
72594843
72948769
71814031
71581557
71797145
72138833
72776897
72007329
72417919
72539064
72241421
71455840
72877713
73827719
72272151
73893374
73278196
72474791
72248934
71764039
75072360
77074923
73835459
74123873
73831080
72518830
76572893
72904526
74146768
72944644
73014426
72932272
73807723
73066150
73404634
74276545
72388832
73613825
72331296
72283097
76739863
72101580
73329963
72229144
73698070
72720245
73643552
72790564
72660785
72870779
73203143
73551623
72991512
72611429
72916390
71338270
71618446
73720109
71738343
72495858
72826420
73359453
72198551
73085339
75492906
71582965
73197226
72300032
72576759
80949425
72119839
74128495
77726401
72106001
80435229
73354542
72264903
75433763
73080403
86360994
73398158
73558900
86728353
74169571
73229653
85303805
73222843
73271791
83115530
73107573
73278824
78934141
73679659
72903814
73763608
72308967
72355214
72226519
71333899
73410926
71999484
71666460
72229756
73497352
72176674
73673132
74648411
73333780
72804140
72816168
72543690
72544846
73246577
71729358
72460444
73399897
73122386
76791946
72208023
75083655
72772579
72919557
77122504
73114147
72601929
72692000
72499424
74093149
72420337
72906784
73130337
72879797
72345557
77260126
73321370
72558984
73450424
71402578
72400346
73235385
71161915
73098951
72283771
72053858
73428775
73394403
72637998
73014052
73318973
72900730
73269660
73270119
73099146
72691065
84033020
73568322
73656448
80240122
105079881
96394181
75094530
121382840
83691406
114062143
77516333
76944238
101458139
73618421
92385413
77125356
73452453
85224687
71995145
72947537
79630976
72303229
73415746
76496692
73110221
73522796
75124337
73536554
72776070
72976813
73897660
73111511
73136847
72027246
73610655
71460596
71398618
72873109
73352062
71067240
71966603
72627023
71868099
70577892
72610630
71142234
71753147
72811708
73500059
72544347
72639376
72479532
72735930
73008242
72385922
72656740
73089238
71222635
76705623
71921382
73624427
73098099
72298903
75274569
72804669
72972605
71030469
72569914
72654445
72759439
77089229
78382226
80415069
93989619
177583094
203864420
206149928
239037629
211503634
236183451
211066553
211416011
195281966
207755119
212892598
191311717
198974920
170597552
208035151
181802588
162722239
198591145
167341181
155418213
189861130
161590314
163980785
161262453
133845535
161930029
82559370
174216835
174442855
168427831
77228363
173548580
165484424
76861971
172363808
156847562
152247687
73120230
150608258
153140469
73693751
142429912
141997446
72457295
139510285
140983087
71773737
131821695
137723549
72984712
127018089
137640328
81037335
145667396
179415925
210817810
272908722
303926544
282205313
274230985
257818796
228627951
263901489
293152923
222036068
272650883
251591648
211705609
281018713
283974213
207936562
269494832
252508858
203932844
243146705
268942563
198719602
230770318
258886335
198544468
227296910
254913665
188530607
225067600
247737036
173794807
228928936
221727563
159188354
220970712
218133926
154455826
217150591
212760810
144014921
215714456
211384539
139944087
200256892
206814532
128942728
195025423
190752047
118365415
180219164
117728673
211324163
249773759
294334794
242944020
323784128
332681208
294247259
316353552
367477992
281975791
288470047
336440567
271500568
266569752
313111578
261303447
310075569
323324267
295112479
275353981
297699469
269509331
270466486
324816317
253625187
285534676
261023375
281994469
256599365
301725070
284217588
270952884
255527768
270096666
230053980
254263221
258112506
246668668
228034288
244388222
227156018
267416360
249198576
218033086
245662478
227642576
228701724
210838301
220208535
203922069
231985617
220172488
196199210
249213058
295765624
259266289
343229295
349257448
372869497
333062955
354088906
350877897
313311028
409014147
309574245
385709304
298140248
329171689
360638412
326137621
317956943
341006822
357060947
337586206
334287976
295724901
283917823
281096893
387316041
318184870
353061503
342626532
328378319
310846617
329305784
353594443
295408681
344698967
286776975
340161838
284535062
369765599
352536313
284855939
330051810
333294211
270205775
298766620
321602448
269151413
331886278
316452834
257974823
305515418
330439143
247891438
411883164
434635982
346906021
420400966
400040697
414676548
377554650
409131371
422216430
392536511
424197423
371551495
404325212
394248127
353449365
399143367
428587599
332082213
407514834
395316964
346257774
399698808
393659922
407999463
365518029
395272539
347570825
390094669
366759728
327687829
406741985
387184713
311093150
389900547
382010238
311073328
390000141
377735388
322583782
395171776
382731188
325097456
325845137
389569869
282379056
360685224
281307662
395341722
363435138
351374281
279417942
375366527
282029138
411606097
327656012
476703817
459206707
404415591
463201818
388647280
443010296
481579114
440047636
398184144
439616239
416569514
437961929
408857621
370347654
330533041
439268712
462347901
383851494
451491649
376096874
431187895
466009442
419001921
381171258
416777893
421703140
400577442
413861077
364144708
412731760
356998773
339085287
451799893
439267900
404058673
384583347
454308912
395057228
394314772
383010068
373433979
399671827
398804299
344502689
396299539
335424338
423329268
323601749
420227008
368464047
428617351
439130072
506415727
407263858
488845874
479280597
509448366
497477265
452823106
438608936
502498175
531794978
448302430
526406379
475720044
476140847
527635419
464873757
438584977
470899000
461073502
496211325
478016902
423260836
479148386
415681197
516447202
442187267
513517924
453063137
458189084
450035696
514440228
418522207
443225256
441958738
477144699
457966045
399029224
458732528
396713485
504743369
412239141
497020609
434697662
438505019
497605031
434087113
365377186
431340477
434440559
483974152
396062114
331972540
402446565
465859502
336230418
511388328
509954741
440764282
374656358
506865907
442740997
348275226
438817430
426157487
465466298
379816039
320533330
449093400
383819578
503189166
330262141
487280463
418872651
347685614
419557525
483036526
318958966
419046870
395409928
454282246
354191635
302947800
422045739
358335072
482431734
311308460
462746199
310758131
399780544
283756862
457965116
396266887
396885631
380807181
304644276
432142707
274799434
345829388
410045892
273038179
467242311
266543877
512394308
312406188
465014784
533111761
471450797
464139756
447585006
372743833
489854775
389678639
477546759
416961459
539618594
398638818
516021176
445966333
373834771
325434368
520881040
461375699
445618153
421676789
354035452
470819995
383120163
449749927
363677827
526025066
378918076
496565894
427206586
348565409
303225602
433403943
500584149
430146180
404517061
321619097
456164973
337486693
363745343
436959701
491141109
353152292
481116785
310363526
404299420
291278455
481281432
417720454
408382515
260652911
391201530
241990260
440751091
205390326
409924733
348779044
187198741
477889479
462604885
185514526
384716633
165047435
464795687
424086848
405492174
159332537
381912091
154583244
455029998
408943924
352691844
147351411
484200258
146235356
449353307
367604259
140752277
376741127
474411786
413697690
129089643
372269662
116856406
436603844
102989474
396396603
337072581
92035774
464381781
436584630
356528354
83592226
76974604
362738328
388812297
454853815
345268525
73201054
418787003
72770126
373062092
311655933
72992399
443957505
399091151
323332645
71763295
329440367
372062138
437812517
73036289
308001409
74022277
316060550
405034535
76497630
295270817
282694989
71933500
435940771
377130607
278460902
71545502
270033670
423586547
358750864
72731744
260489825
73183054
390174000
254658461
72089291
250477824
409807205
351322615
73760415
231600221
75057318
233387765
407568600
342672516
221032929
73604514
207759641
73723584
376114453
207534556
72749602
393948036
329791997
200045015
73376109
180769238
72264285
167859849
383926918
320679795
156403617
72097891
351265214
145313313
72290767
142439373
371937469
72676606
319175840
136551392
77374696
125323950
357337403
73035636
313319855
116692904
73232699
113735087
329758100
72694539
97657906
348773713
73261448
97369081
311638767
87432854
75071582
342004622
82633109
308012208
74002179
76901727
73532357
316154204
73306865
70907468
324612113
73477153
299320913
71500080
72971295
298010715
71331393
72080403
296542902
72449596
285524240
73053773
72284567
284794526
72951819
71677755
284436631
72601941
74117142
273609857
72684637
75352311
278401146
71715896
72225212
274653856
72180778
72195433
262561040
73573242
71178046
258798188
75416633
71299396
253313930
77838154
70396106
244287961
72037454
227051908
71974636
72847133
226535572
72054515
72773752
224949525
71155618
215212683
71298433
71032218
216950365
72205280
73377239
208832602
72464086
72630504
197286486
72188866
72241139
190406049
71606394
72848813
184160300
71667073
177821113
73344320
71393766
167029446
72025832
71358877
164252768
77170801
158585245
73190971
73044682
150066512
73023616
73025151
141377552
74090431
73360193
133118338
77849753
73206955
123926688
74872327
73300325
118023737
72928593
109659225
73329297
73309633
94460774
73051869
84197751
72266775
73431376
78077444
72475449
73016963
74167707
72760954
74094467
74894965
72765104
74283680
73671061
73927733
73342867
72517377
73205889
73576810
77052584
73728623
73707808
73661648
72137087
80854246
72527196
71220804
76596002
71500510
72408292
73632596
72808977
73236062
73584130
72492653
78039754
73210203
73484818
78238358
72646503
72793520
74349604
73571292
72284124
73298144
73613572
72610816
71723670
73324968
72684427
73229790
73360675
72814969
72734804
73092894
73448489
73247453
73688738
71870844
71162010
73031794
73744884
74162996
73103981
72997121
74310072
73403156
80388165
71588659
73326596
75886361
72194063
76964689
72797060
71296858
72549927
73117674
71777408
72997453
72979085
73162285
106639225
73836771
76828519
141546871
73191969
71717908
133830495
74015617
72052790
123069340
72833408
71800048
116582833
74418127
107907576
72088391
73678944
95152848
72609933
83710534
72987761
74195917
77119715
73855934
71536959
72960621
73106750
75257467
72641870
72716738
71929948
71746154
77171310
73232774
73344344
73252116
72954059
77188064
72830666
72306297
73537202
72443861
72584495
73335405
74303836
99118007
72681077
88203115
76830071
72242707
82390967
75149644
70605877
77423286
73248521
72338684
73322869
73323013
72021175
72863562
72801768
72405002
72338953
72387267
71260831
71796041
71539783
72111391
72317291
73163574
71886007
72076096
72599864
72987181
72932275
73353768
73954589
72997872
73214546
73327271
76300079
72255485
73040993
73795949
73019853
75782224
73021350
73469033
70882804
73078417
73657555
72310962
73233825
73038752
70542629
73392062
77193401
72627279
73388508
73449327
73335683
73349950
72745380
70913008
73174536
73319933
72991122
73679971
73343936
73237852
73360436
74096417
70995359
72884869
72944696
68321419
72897795
73166248
73378942
73676441
73388327
73087623
74060681
73848890
73151654
76656415
73492413
72246105
73480647
73804569
76059155
72928699
73014673
72452425
73283923
73634471
72875454
73506901
73571045
76577330
81308703
80715283
76671814
77308666
79437753
73958318
73717744
73724793
72263338
73590059
72523222
72888127
73830986
73227815
72046816
72287779
72962578
72933469
73284563
73569290
73081032
72999532
73994090
72940561
73177992
89377664
72171533
73461031
88036229
73369113
72488566
82065117
73375908
76524040
74236389
73383314
72664239
72563074
76863890
72773382
76089195
72713658
72976076
73251135
73180226
73143954
73495176
72990083
73208442
77124158
71855114
73506220
74255104
71944061
73029667
72958591
72662577
73145345
73562500
72152750
72050853
73166075
72411091
72958723
73506442
70914186
72574345
72980711
73840433
73009503
74048671
73180827
73477413
73288638
73038620
72831244
71628110
73490499
77129140
73634106
73301953
74055411
72075317
76921991
73508122
72014346
72615895
72634111
72968375
72542428
73393520
73704722
73287339
73002749
73947272
73193991
74916720
77270531
72867810
75019573
73921096
72516455
74431905
73015290
73020396
73463731
73146085
74157295
73285926
72252079
74341320
72704803
72030075
72717860
72669835
75726374
73538593
72752380
71559737
72510421
72968386
73333543
73674237
74041261
75103569
73792586
76338058
73308695
72434836
73330811
72322533
114590533
72691684
73620525
143708288
73207573
73445115
135567022
73002674
74129454
130601973
73247351
77602985
121669693
73422014
112901586
72713353
74003316
105491302
76476963
93075840
72705374
74138169
86040911
72414890
72225627
79761150
73030543
72868004
73892416
73370811
74167772
73622137
72617847
73526439
72729523
73582558
73804067
73095644
81224076
74876059
73479914
80790914
72334972
72428156
75946315
72830830
78433256
79109891
73976419
73834040
75441069
73241149
73472727
73924251
73624578
73184850
71990167
73482089
73170968
72508524
77829882
72907574
75933819
74919651
73158130
73517991
72670980
73118314
72455642
73668700
73067242
73446896
72288545
73005427
73155338
73394949
72651316
72751484
73601733
71862866
72420029
72661376
72005189
73370330
72267502
73202787
86345196
86180259
105910201
72658127
94845727
93633000
82799334
76246080
84572567
77592374
72475250
78704796
71886263
71844499
73106954
74253038
72657568
73319866
72819172
72163102
73513504
76238390
71918461
72797761
74693023
72771174
72867098
72347449
72093558
72627507
72420702
73284994
72488405
72476188
71856147
72273486
72276030
72132070
71750436
72632994
72224791
72265908
71406590
72510376
72960756
72474196
73173415
72917832
71790857
72251215
76941799
73426005
72084631
73277694
71760527
76102090
73280061
74775158
70761642
73400018
74189304
72940103
72394693
72825353
72835013
73833022
76583895
71459914
73220462
72356932
73082698
74802462
72063271
71904793
72732035
73193189
110413570
72818067
72672061
140062290
73000491
73540441
126833515
73036562
115031130
72951921
72776309
108180407
78724531
73261927
95377035
73435719
85510351
72515160
73368708
78873247
75184041
72643951
73981187
73307450
73020970
76798910
73467326
72879146
71764228
72649874
72629048
72763427
73675691
72761461
73284434
72576621
79648760
73161550
72577830
75507618
73131985
73936816
73497347
74565613
72355180
73157878
73987036
73070358
72907866
73329453
73015194
73923029
72784420
73237299
73466994
74366934
72449216
73248584
75303359
73090981
73955319
73883719
72721223
73849889
73104741
76122918
73747941
75193107
72619131
73609812
76974474
72260189
73280021
73038208
72432387
80959774
78464163
90728069
96112281
184051862
204334555
207744498
235584411
226620125
216489311
209868032
204217805
207284544
203324903
192791545
198050369
176171532
201217432
182253468
167191121
189669476
167476058
155098155
181534754
163450791
147660102
169387588
151394337
156199491
141217810
141934790
148768571
126953055
132143399
139230153
121611805
116612919
129516762
109513277
109693288
96555664
132594268
93889944
84838580
111333295
83275090
95677660
78196267
76114576
86451614
73340216
73192244
79201688
73352270
79317213
73034574
92508416
113004132
178237556
212392064
225104786
242093582
236600970
227179807
223217229
213921381
214544385
210101751
201312170
205467975
205265794
199319757
198275036
199258524
185876734
184956011
177012275
201680923
175779080
165948649
166462099
210221302
158293620
152641191
204479273
148117808
143214003
199446114
139686131
135190390
188882264
131233148
122458280
178944033
120406477
115595471
165187343
111432674
154756620
115900695
99548565
145785488
108106825
92418527
93879240
140453020
83431134
85921379
133205023
86033323
91236232
144829226
210504324
210566642
273665916
248235367
249237645
293325869
220567556
241080585
291405729
214337922
210889003
259115298
212009614
211523066
263354692
209320378
201590902
273489567
201369769
199945724
187637319
274772763
188625721
260632104
182787522
165833991
250751422
177645843
164400707
243323405
163990823
162843668
222174654
157565754
147123016
222882597
149184960
141965774
210751027
141166774
132829199
204307785
135068083
122148299
198161831
120366608
108699494
176095588
111523397
96336380
165192842
102997965
91362523
188681248
215956418
263475817
290124740
289435090
274565345
349803784
284502890
263540628
327584701
237891718
261364538
288594400
253873852
279316348
238938559
235309982
270265387
226084284
249087557
339127116
311867659
214402603
241382750
268171867
210050860
233313982
268352602
216160128
202553085
205758582
192007602
332053298
200196967
180296040
309905817
187542526
165354871
275380902
153166264
182222192
281131747
156984302
178865879
283836430
162724196
144482656
267260879
147254609
138654675
259055287
159848158
281120700
208684270
260700294
378020430
296114522
387439608
304418491
288376786
278744593
285895427
415244589
262531553
255192847
375152635
268319659
250824766
361035868
271854224
361870279
256237598
238461622
238449903
376861453
220981388
241648451
225499526
220512301
400122670
361527041
213372383
208656538
341354203
206946350
201863650
339422896
199075525
188811005
184052907
176642592
353500176
174064832
165377930
373928946
316455856
170255714
161709342
159545251
316351562
152141614
148030493
142288745
321076866
304048525
168272107
149020016
273574533
437422431
275265796
404744123
298297056
296480707
411700282
278360454
282047751
264865148
426625281
264176683
252360035
405420201
257008550
261056328
423703011
269132014
379289560
235701416
257551324
220733219
394518587
231545708
221796705
407191967
234157257
209972037
384157847
223753623
202001340
214875707
396179500
192666816
348117678
204133166
177640604
194884559
374421522
176789139
184820572
159113373
393533208
181299577
156733152
383862325
173379808
148159400
386800000
325171272
159281898
161435194
198594129
374755938
283058213
483603881
336977715
330730548
497451133
316786386
386304666
508265207
442185459
296349051
369259080
270859735
352195298
470830340
327615356
300192479
308348045
486046337
309451188
480827906
278813511
354513017
481491668
427355411
277232520
332141806
295672203
277385018
449481521
286048036
270278628
288375710
465130287
248918988
276185082
232644918
468924555
230350308
276904018
461920247
395378928
222414425
270381832
421908287
210080500
269636568
204798134
267177570
453488048
194602776
256599819
448309964
190422168
248219805
451775822
392616032
185952293
247021786
177932492
404842710
237698879
160964930
222772091
153202488
440011269
208177847
150573586
436150934
209804920
424739297
145991644
360684809
201958791
141177011
193326747
380384247
129811575
184506303
121200304
178190300
418263156
155943918
113034890
409810997
101572068
148021733
331091921
406759244
91670978
139400622
84104582
370326987
138408940
77796758
141069323
402134478
73330909
134866179
397523578
367605194
308768562
154371340
181178872
426602602
232743837
289869874
217914853
281423847
464746467
203930947
277014682
462718996
199105734
268305986
445058405
394048933
190389627
266889508
189590596
405717223
259570625
180003190
240164537
162699373
448218090
242061917
154664311
445000871
223993944
144577359
432319567
374646533
214313442
138696020
210621436
390414266
133766643
207834402
128638487
429521795
208314970
111759773
422783605
190540343
95650471
402231758
353743716
182966672
83978914
168389994
77998262
365684352
156529857
75826628
149575270
407528188
74977454
144412409
407476368
73773426
135534500
380870283
318684371
73571038
122965692
335488758
112120467
76943074
349038685
111408062
73865166
92589974
76305271
374816227
82837033
333051877
73460016
307423478
77360481
73276116
307758405
74002133
72802813
309310009
76804193
71887060
74547051
332069618
289459683
73160621
73019410
288383754
72305993
73506262
281663981
75286299
74807532
268349805
73093660
75842693
255192200
72983044
246074309
73375110
73237999
228928619
73025474
220655058
74503873
72607936
213379318
73939243
73838810
207457625
77988615
73724409
196525658
74944750
73199394
193028232
72609071
73243749
189658199
72320570
73326083
184444849
72826329
173045513
74607618
158180277
72943490
73084701
154766245
72903825
74949525
144669082
73032720
73499005
130471724
72973063
73547326
118300555
73034297
115791774
73990718
72761349
107797924
73110995
89583415
72790288
73039408
82202770
72882695
73112434
74746581
73733936
72881582
72520405
72158097
73092282
73484243
78542337
73944373
72830560
91136137
73502905
73029418
82752039
73743587
74923533
76646325
74544947
72659017
72968673
73447925
74084981
73060454
75375143
72696112
72414017
77023481
72291552
73011690
73049664
73002285
73747494
72778332
72963207
74017957
73208312
73459533
73556867
72649881
72924036
72048094
73726703
72794803
72878085
72783274
73356297
72904932
73228878
73772196
75088376
72906300
73504326
73440649
73111590
73657473
77004303
73420097
72955483
73714420
73338266
76710397
73268423
73192677
73089695
72917796
73645250
73088049
73405300
73654794
73670175
73009014
76425648
73376888
72597905
73471422
73172926
73453820
74778827
73429600
72861735
73236472
72447992
72680991
73924747
73063453
72690327
72834615
72759966
73756914
72611892
72806411
72868033
74102759
73044785
73247456
74241966
72962518
75342918
72987116
73171324
76950274
72924648
72963624
73155477
72888023
76638600
72672411
72931812
89146690
87984030
95431099
93684124
74704496
91922549
84819470
72618686
82957773
77554535
77521366
75630805
72017067
73052403
72230593
73519772
72640874
72612304
72192458
72944272
73198402
73458541
72413983
72627311
72107597
72983674
73053537
72820360
72915565
72787845
72300893
72635124
72956331
72473956
73947434
72584372
73161699
75190556
72859591
77327185
72734549
72565097
72212005
74193502
76576961
72848205
72954529
74098704
73200877
72715417
73321051
72977272
72828921
73804200
72141551
73358253
72536662
71757459
78915516
73469773
72758833
74030741
73262347
72644055
73515104
73216900
72623732
72543507
73400859
71609513
72276134
72897908
72340366
72220761
73309070
72352167
72334091
72694941
72474085
73151451
73512171
72494417
72739020
73179354
72371593
74994112
72857492
76215931
73288235
73208692
72885765
72954634
76319211
71653774
73149354
73473001
72446801
73300082
94986733
72428005
85044418
72637290
72829736
82736024
71777156
73192631
77203951
72355214
73250719
72441742
72120959
71449788
72098873
72888829
71423751
71879023
71918854
72243733
72289988
72054484
71694950
73609879
72855557
72264134
71467936
73080369
72509942
73325902
72607032
72927100
73607777
72874780
75800259
73709740
71819925
73460020
72211464
75970027
72508056
71842720
72921243
72407912
72627527
73655162
72367552
73466780
72880363
71407373
72507877
72521415
72036690
74564170
72187046
73759742
72353298
105946920
72653076
72430184
141229773
72936296
73462290
132275190
72902511
72791841
120269471
73041365
110742112
73090742
73427786
104557715
72723108
92735934
73409152
73178572
82825423
72821413
72813834
76641081
78806283
71300967
73169393
74583016
72732497
76817791
72436353
72125179
73326014
73027865
72830151
73176093
73363606
73273934
73356279
73157465
72067619
72792579
72323418
75777757
72836568
73127273
72681018
73127454
72939377
72389054
72796437
72259921
72520013
73093048
72704620
72970557
72731790
73126463
73238920
73506314
72788980
73528200
73315641
73412002
77651596
73117581
73777546
71786560
73763155
72767059
72711727
73048712
78240458
71850221
72732696
73907884
73828828
77076130
73393582
72946813
73535394
77088092
76965616
81585467
76793810
75805367
75046618
73654874
75006220
73317237
73619271
76029363
73311113
73454836
73544653
72831721
72505466
72480311
72187073
73129144
73413032
71895557
71723426
73070399
72370532
72768830
73169147
72784021
73013198
72799990
72442498
73404931
74199625
71945440
73389461
72537440
73022697
76870046
72927431
72479744
72464712
75158518
77589659
72100255
72369972
73796006
72248279
74084806
72981335
73514195
74711334
73256519
72619094
73363471
72718798
72730224
75766114
72609521
73646109
72067444
73229880
72942439
72357234
73044813
72265775
73144968
73450997
73201934
73339159
72046823
71993078
72425327
72363292
71469250
72544025
72543999
71036508
71713715
72336069
71929139
72914261
72669587
71929227
73778777
72979219
76661733
72595424
72571976
73245822
73069245
77058882
72462995
73218571
72764950
72696052
73579655
73621751
73728712
72750867
72441416
71944056
75811830
72483992
72593946
72688137
72997495
72620582
72633353
72098990
71446962
72371724
72464058
71233701
72538604
72129018
71531675
72413700
71747625
71342113
72042908
72473762
72618605
72312926
72577130
72475070
72694218
71724679
72787112
71692447
72656376
76351416
71980384
71982229
72983406
72362698
77832117
72043069
72496821
73037034
88363705
87829451
95189989
73467021
96613155
87657293
87927453
73518769
81322520
84722580
73670380
72891331
77699437
72712738
73086407
71964088
72537348
72306216
71237610
72865605
72248257
71741660
72278168
72554934
72891152
72843199
73367201
72720648
72552516
72927461
70151516
72207622
73166786
70617208
72471065
72746987
71106704
72957937
76394615
71178700
72595710
72470107
70810089
75872029
72387860
71400570
72724846
73678041
72483481
72844124
71964691
73110682
72942441
72529557
75671272
72778749
73261012
73440354
73159665
73170946
72874883
72723516
73582166
69212414
73674916
73643129
73006547
91692128
72697509
72564802
82191659
75695336
73388728
88257500
85499299
95756200
93435240
72888036
85315023
81521026
71242472
80015903
80860910
74290261
73699279
75025162
72224052
72838228
72922394
71724188
76940371
72770514
73615373
73849080
73109495
75135779
73011349
72422524
73362661
72783245
72729436
75669975
72860836
73066393
73326064
72981281
73108947
72896849
73224290
71700369
72838567
73245366
72053917
73579610
73525527
72413451
73619784
73464448
73055631
73268516
73952984
73860177
72674939
73314080
73095195
74141921
73570727
73514064
72423662
73567838
76835494
73096743
73334506
71994562
74117075
81404571
73055090
71697931
82454834
73283218
72392948
76029373
71916250
73724940
73395716
72204002
76461033
72285360
73399178
73470088
72043618
72755814
72871122
72327075
72135660
71729715
72679212
71880019
72995396
73110818
72118112
72573010
72270480
71657160
72692030
72616209
71866739
72693540
73255769
72286688
72739027
72816194
71729023
72470960
72556216
78887297
72633013
72357199
74462469
72473044
71915828
72585436
73651143
73014348
72807828
73516078
72018573
71675556
78716368
77010382
111465423
175932628
192842949
219645108
230779709
224448896
216611102
204860494
207735893
209630660
190442801
199561007
197467500
201639210
186047030
191656103
176894477
171854486
169024806
168274015
157294812
159515557
156053588
147078249
149107934
150402674
139929214
144244977
140846624
126679612
137305361
128399474
111676994
123505103
112465251
103133411
111542865
101044682
89417969
91037726
86137225
81951631
81807659
78955782
75528671
76973291
72988092
73444120
73790923
76112178
73349619
73315286
73175910
81068537
118694330
192610390
199295565
217922525
225609761
247402042
234162605
221867215
229845640
210949607
207948989
212481698
206372249
202058301
205534743
197114156
192981545
198295399
183653356
180078011
187886442
179111577
167448473
170741432
160799225
151288060
157886836
149220763
138345115
148029980
143199566
127364455
140268688
135174532
119358300
133112768
123325677
110577216
102974864
96946763
73871669
73355563
156838296
73314812
168681901
73361343
73973911
164743695
72962719
146690305
73442941
73015885
159423696
80252159
160025625
268007572
196740343
227269057
304372704
224562291
218170119
288418128
205969388
201629053
253761618
199377458
205881434
249517513
194961288
197537950
261245031
189120240
188439271
233058115
171362568
168954747
224566105
159344884
156451505
214816821
146982675
145658336
205759009
140715740
138689113
204874713
135183235
131684269
199896973
122313631
121593773
194214295
114801175
114172116
186308108
106726398
101586663
178601676
92906931
91532458
86776793
173200772
83431299
161160059
79917507
76738069
169844923
80940331
143730182
188789605
289897635
269773176
338254730
271454327
262729158
310576254
269548743
240768553
266264440
233611844
272208369
231664772
227956166
228948870
222470496
322751198
215461834
278797885
211198288
200002478
259114900
205741936
199581455
259888529
198062704
187473571
186584985
169254896
279564439
247360099
166265460
160054336
153747489
250089606
156267540
229124780
143894997
144730734
224852170
137145040
125234449
120562207
215068158
114787215
106124307
203920839
97603918
88973212
200234103
93950353
96723217
222653091
194401850
305783246
227495396
261808394
335665107
233300911
260125400
288624158
212672351
247382535
275705357
230498444
210441522
294964556
222398287
207020343
197767052
219722443
319930811
258123037
214225008
243497014
199090805
208263266
230599325
204122341
170619525
194905392
216792207
153941420
181861729
209937003
160295887
142221436
189618003
168117846
149277992
127735331
114253432
138439533
160886903
105462088
128796571
154028622
85690086
118541794
141420442
79067501
108585077
134136562
89982787
122797511
80670003
126063502
131926864
181264350
227301892
256655981
221418332
229195396
210671060
277668480
210210167
200363864
267865344
206380120
189386765
243727558
191799683
178797907
249226895
169039806
159976250
232263006
153494678
148213811
222948083
146120542
142916165
206140762
133061058
129628625
197868488
117993422
118906922
180302828
103816254
105204771
162767038
93284355
89418730
150343431
80467089
79322271
147629181
72238388
73686381
141257493
72161583
74275382
129782720
72263178
75058393
118529097
72556111
108144274
84216902
105816420
128099984
206525089
238487322
261860794
283636188
268740152
311257741
278729630
262898900
263581087
308697489
234352320
292058196
251487499
223289562
231083145
276554272
214757410
219495562
276221250
211755168
213998123
264230632
206091180
206843770
249815959
197582846
195180545
245888174
183167780
181232340
229005168
158365378
166735822
221347987
149836650
156671649
215558584
145673177
146702022
208237808
135935701
143306778
196320832
122396567
131652075
178337173
109231431
116505861
176045176
90453321
102222761
162153170
81880818
149624384
106269511
82770002
90659842
149570994
73717432
81722234
143619457
74226291
76114607
132576836
90218912
73243894
119956266
80936947
102564184
73647949
90602141
77737676
72303527
81797901
72689196
73905843
77015870
72015353
74149954
72233411
71598760
89138474
87788050
97065579
75246889
98947883
92881395
85170013
73570264
87503926
78994469
72296597
81342235
72522109
74185987
73988418
72203397
79175628
83752769
132305291
178986826
220363241
197780603
209270662
214340080
184474234
225361536
201369281
177095878
210829064
188406135
164652846
200672857
169247390
154948856
187319597
156768905
146689837
180419646
150068665
140040922
173692202
144243381
126265960
158315581
134178591
112213234
148278632
122620436
103086952
144819950
114749949
88574185
130955823
106481319
80828075
116568027
94030455
74650282
102014734
81491478
85755474
72619292
74844301
78360375
72302948
72386115
71512508
73088940
72817761
71653215
74636058
75310421
75584739
72980480
73654623
72703079
72967896
72807435
71809980
72401477
72314623
72952692
76589545
72033091
72361937
72735043
74244144
76626597
71925106
73219433
72087896
71908660
73339061
72644597
72079166
72444117
72680205
72260572
75719884
73123305
73747332
73293047
72487475
72552268
72402139
72895410
73250119
71646920
72783681
72621118
72429880
72382187
71788541
72834774
72009760
72850680
73026863
72891779
72103431
72056632
73010384
73474832
73165190
72673989
72284408
73819165
73246680
77010660
74293807
72675377
73727606
72736772
77160476
72672277
73658319
72579704
72136845
72663996
72863160
73011101
73481621
74730223
73253400
75924766
72551449
72184766
72084799
72386454
74049399
72425702
72119393
73206974
72525877
72955603
72756811
73886949
72221616
73268322
71096689
71718807
72981438
73026122
72295569
72893752
73055211
71971551
73602326
71964428
71853683
72930362
71976741
72772890
76499507
72275392
72686252
73425644
71373418
76424125
73252227
71979341
73114361
72873937
74319120
72864402
73393848
73368320
96170563
72617562
82294641
73582531
72451864
81880699
72581848
72780445
75010379
74051630
72183590
72368809
73044191
72591318
73728001
73642261
72936701
73076030
73107168
72570440
72693204
72183439
72383279
73927938
72969689
72514303
72435866
72789308
73369556
73509906
73591771
72134542
73364371
72062178
73998517
73236697
71855960
72521249
77279601
75610505
72202344
80817400
72673402
72715235
75304170
73367340
72689009
71652284
72568455
73889055
77360120
72536840
72440395
72184376
72147566
73533213
72251488
72501999
72601186
72701805
72505523
73043040
71971433
72182975
72881776
75470727
71839005
72451304
72792487
71611596
72494851
71487241
72126872
73079738
72691368
72516928
73339955
72832099
72883620
77160380
72351598
73540207
72636254
72124519
76687897
71700043
72590586
72503871
72431618
72410640
73658852
73716765
71989178
72679244
72059590
78355215
72745398
71784306
72588628
72804356
72209334
72523444
72447749
73029397
72438752
73273249
72676009
74623272
72241559
72339012
73093386
71997693
72881306
72457774
72536850
73648645
73790173
73518631
73214789
72935963
71196386
72091356
73130365
72406660
76200160
73085797
73382205
72263965
70665896
76169933
72634993
71897334
72612542
72804813
72809100
72180566
73532222
74964300
72647978
74644637
72583178
72921448
73360361
77449696
72516711
73064171
72418143
72697835
73012793
72139514
72220610
73098742
72806108
72483289
73615945
71326631
72600421
72786436
72978132
72668690
72104643
73386958
72940439
74238832
71982461
71691016
73020531
72159378
72060519
72123414
71976657
72719735
76544326
71208212
72454803
73108371
71699233
76273388
72376650
71528420
72392698
72707072
75169131
73207416
72935885
73666416
72645782
74125507
75981452
72953009
71917505
73576996
73400570
73983626
72356908
74118268
73857833
73264596
72968170
72728024
72010499
72701803
72867015
72287146
72241476
72896402
72412922
73349874
72453842
73485046
73228979
72998576
73206375
72797142
73256457
72552301
72549044
76794785
73024073
72554002
72352953
72425174
80323736
72017359
71068420
74733537
72349234
73574655
73477784
72466468
73431984
73327685
72329733
76907925
72021105
72902637
72336701
71464372
73260899
73090694
71832576
72691827
72321052
73485811
71606310
73198179
73130427
72117865
73115945
72640041
71730972
72950587
72053223
71775436
73593196
72394376
72524970
73344748
72673126
74040004
72301202
72715492
81256041
72588983
72643790
75704803
72748873
76268491
72324698
72883603
73220354
72322084
73458918
73016731
73399906
73195136
74034288
72269872
73347656
73226853
73296747
77505714
72609095
74223170
73457582
72736541
72554893
72119707
73057414
71379912
70948419
73685597
72057344
72284183
72269041
71221061
72203173
73066346
73071281
74261103
73281837
72784243
71790549
73401515
73633004
72923945
72735939
73938978
73377266
74313623
78783347
71832691
72454145
73532504
71611028
77590788
72572273
74607786
73269184
71570579
73410982
72662460
77409615
81048160
74609022
107672438
78682033
93786082
74069685
73765516
80738262
73065733
73394590
74291419
71802872
72406829
72877054
73174360
72928530
73611590
73426928
73164038
72910942
72241696
73100899
73136944
72779074
73697719
74219750
74871058
72339569
73280343
72436875
74185629
73847901
76135146
73970599
72726465
72021086
72060414
78278695
73484779
71934394
72740692
71614300
71794522
72499439
73259150
72418464
73152583
71767006
76760610
73911586
73706822
72456063
72618431
72378552
73935662
72573315
73864508
71832320
72900419
71725117
72344359
72987096
73372366
72451574
73696778
72291402
73205651
73073768
72529698
72705774
72763740
73003060
72647898
72954188
72017551
72682903
73069958
75756663
73081990
72799137
72356970
71324379
76693766
71284810
71209089
72671203
73646663
73077994
72942281
72676591
72916929
73010046
71925549
77297815
73105296
72284768
73012230
73000382
72959344
72795874
72485336
72525135
72422085
72913154
74271665
72294974
73374277
72674869
71348272
73269263
72381845
72496776
73810026
73277697
73344118
73010526
71432082
72884708
73569182
72003603
73401457
73578384
72418399
72222628
73015090
73209139
71099939
72961120
72173202
71492550
78167647
73036023
71585847
73154174
73581563
73224823
72708323
72610104
72216512
73424197
72593502
77462220
73840807
73453568
72892264
73278862
72605131
72302492
73231817
72134732
72400466
72999075
73815464
72230196
73110081
72540088
72149168
73203050
72166250
74245776
73557566
73075649
73348386
73343631
73147590
73114735
73875925
72420993
72685858
73508281
76638683
73037997
72782041
103743424
71862355
74258719
135301065
73160179
70715900
119360699
73717847
110724556
72053071
90863005
73533560
73564980
85918085
76539389
72177596
76081034
78507714
73319138
72580781
72641418
72344203
72563805
72567567
72996758
72442301
73590470
74322992
72360169
74070953
73026479
71738651
72975818
71896476
79012569
73099280
72429331
73103583
74126361
74214145
72902298
75776665
72311505
77302370
72626849
73170745
72556314
72386951
77442646
72470430
72723049
73538486
72164731
72910162
73004698
73028910
72859323
71565300
72799203
76603762
71935599
71758176
73646442
72937724
73938283
73660000
73300901
71584272
71301793
73256366
71725736
71761439
72886382
71884262
74474260
73914530
73199882
73207747
74220228
72513644
73419577
73591741
73179852
73951779
72714292
72906611
73258959
72740166
76672127
73774864
72882110
72502654
73175421
77566991
71430804
73509616
72820490
72589563
72318303
72937973
72912682
74596245
74903779
73898378
76341914
71568189
72755714
80375565
72731636
72401536
74151098
72603014
74019316
72166375
71629187
72499283
71930447
72226481
74065092
72096249
72825302
73832176
73563085
74911056
72906867
72262680
72446118
73497539
73275274
73203270
72349424
73333158
72261688
76416189
71645517
71856103
74494815
71480705
77452237
72584338
72224366
72587156
72852739
73101409
72861909
72690050
72679498
72134282
72513111
76204615
73458498
73489008
73069855
72928886
72250909
73173017
74156238
72934557
71951558
72754312
73117131
73552762
77038706
89966559
116901636
144510936
203259868
206649290
212147702
209313396
208384494
194467482
184842808
182649785
171038772
178524617
156647226
178769949
163863517
158155910
152009438
149197505
147587296
146862816
135013480
130768746
128340616
123219876
118084166
118123123
103896069
97610963
98777738
87094141
89647871
85288056
78528548
81260720
74952910
72721642
74472983
74529239
72093403
72265753
73413456
71101046
73317063
72498748
71760319
72569174
72630438
71528347
72995362
72392181
72229772
73014837
81559440
92540970
174491096
191165881
214324463
234512429
233117155
227360770
207046312
219025833
212747866
196584921
202094391
208152224
201980564
218235761
178674590
204887873
199714626
183451740
163540529
173389173
168597403
157768371
167985965
153352243
147953777
148989706
141017986
134133041
143682733
128680811
117257123
134950824
118455384
105986636
114950669
99723941
90876317
97626381
84481886
79248547
85522378
73149251
77748328
74365734
73215149
72289914
73879446
72477305
74002978
73372214
76249014
80477001
81092705
126641546
151261818
201399000
218653654
217921546
232124406
215819710
197711230
210656398
194999208
193896560
168820911
192560063
171055190
152898137
192909302
161668552
144355956
168914639
151375855
158335025
137143973
139151282
118737824
152695860
126830851
99214570
143341489
113910959
86608651
127009945
93032101
76145139
115383140
82721944
72789117
96265608
75421387
86343472
72024423
74202228
81251931
76320930
73063746
110588014
73292761
73741943
145984098
72138281
73114848
136273798
79370122
127825133
120771187
144115311
206726449
189597191
283617306
266198141
256512150
167672294
241603477
236682530
156237610
206212272
147133885
304240454
240794672
134328466
225627685
223535150
208959689
121108564
106526788
197476175
200315451
116701838
314295193
252425698
185923536
224565157
115125539
174832694
108934461
226110559
162671938
97313340
238475720
155686360
85101247
213453916
145612219
76729399
205561044
137857828
72743289
196279935
122951024
180639049
74993592
102320398
163735466
90000013
74776465
179578833
90058771
179595220
286220806
212535485
226582917
319331221
240036996
218864349
290945593
219872168
199011611
281885806
205464765
190869363
262539956
161705089
198660024
171741899
156708989
277747857
232774349
158769475
149336550
224535942
151280102
147698757
218171098
143718700
129886231
206985387
107971480
131104421
194481531
89729239
114725068
169283554
92363775
78891214
155525962
81552948
74534152
144186379
74139039
73555749
137252764
74247312
73093171
123336076
74218882
107689626
74035077
90532965
75543930
95421685
143167244
120710855
200034183
231381642
218658952
241240308
219280663
201645086
242488506
213434230
183861882
221614472
196043162
171365924
207747529
184244098
157841973
196972763
163180347
144634731
185866326
148428104
133650846
168794358
139397373
122652640
159156484
122027870
98919520
149789063
107650893
85630038
131686044
96314016
76235993
116628643
83247225
73666470
97424066
76376844
86773624
73363933
73158885
76906466
73356505
73458721
73452226
73870525
73516655
73249414
72800460
72878141
73752244
149943877
135516165
210765178
281184168
277581052
285339449
269305910
251933510
214634927
264964207
290160471
235000011
295111232
251936103
228189271
272354331
233086116
189988928
216847030
265919727
208589993
258936405
228517532
193180358
244466759
206404511
179175046
224142599
194325716
159469432
228872403
151533637
196951006
170691182
216057328
142701934
158322325
209868758
128050730
194025332
154876478
116405169
184188132
142602297
98160565
164775633
127513459
85066206
107234487
155527885
74461645
92176981
141933035
86421241
128718351
93512226
78694421
82755976
132324499
75761498
73470229
126761500
73120774
107960704
73793851
92640174
73063914
73017923
82659636
74651603
94786448
75812582
73358723
88271675
74005034
74631201
81142420
74425354
73974843
73860510
73592937
72880334
74595124
73448316
73089157
73208645
74151055
73652877
73054406
73284392
72679694
74335798
80745999
73126706
73321496
76776509
81920465
80563471
74065999
209719168
199433854
201399842
234651375
223479502
209262285
197181144
274500440
194032508
189691148
259968160
200164583
180052993
231529600
177902410
163272720
228879208
170622270
155434672
218687057
152885334
144108981
205096192
146949841
136612764
201033786
137119936
121786696
182898155
120336533
98729371
161902850
88744291
109237784
152020406
95063192
79089534
143994345
82921009
74586801
132244757
76281878
73672385
120950113
80718072
113182784
74342787
95204491
73386404
73455897
95792320
76271174
76024967
84577561
73436021
73490561
80833424
73097526
73830894
75117869
73962487
76979210
73337072
73847787
73332239
73619926
73401532
72659661
73857156
73679704
73219734
74029377
73431916
72892926
73250435
73158087
73353236
73118566
73037635
72825327
73927991
73325215
72434516
73767744
73389722
74674916
72041783
72388870
73243530
72737994
77722004
75409516
73830199
73424503
73368270
76946269
106950996
73965942
74398475
140735685
75295338
74851432
125153633
73157265
112926651
73882567
77173580
101104393
74076024
85028841
74432699
73880631
76657936
73649574
73818268
72902207
73329248
73847075
73242995
74489117
72871051
72839358
73727613
72914160
72881327
72828386
73423010
73633329
72647989
73472768
72919115
72990098
72773358
73265050
74354187
73390099
78050299
73493219
73080434
72728198
73047270
79127989
73175695
73626183
74328885
72952172
73991199
73030765
72638483
73877107
73574384
73432207
76964143
72677372
73065110
72997618
73358983
74458390
73802176
73370359
73020569
73023587
73607028
73442523
73242677
76513381
72940754
72832376
73674574
72822587
73103798
75529414
73713747
74768605
75026420
74801644
73784317
73840339
73084245
74110279
73690166
76851547
72869857
73260192
72753874
72828912
78178993
73683423
73741083
75153078
76107873
72859436
74578434
74563028
75032739
74068406
73230946
77084133
74178521
72982609
73454942
73936187
75155459
72933581
73262605
73554898
73128036
73955146
73598461
73136642
73752684
72846974
72911068
74069554
75990903
73162587
73746395
73238999
73052910
73260769
73301805
73894075
73410087
73623961
73173289
73981866
77957226
74049353
73401189
73155110
73271334
79379095
73395749
73672046
74443151
73922026
73545472
74345687
72867327
74845310
73524663
73985283
76623546
73411235
73512759
73339943
73704691
73953123
73544493
73122307
73783332
73216369
74861901
72872112
73344279
72898685
72418784
72958440
73886983
74001912
73799854
74000511
73529502
73344454
73187562
73477677
73372969
73884884
72885626
73042520
73694311
76846207
73630964
73743497
73344781
72875595
77941992
73349596
72323647
73835120
72615851
72918098
76146665
73381343
73237053
73807537
73167754
77800820
73333732
73063631
73382218
74050811
72771296
74308873
73387253
74076262
73173466
73810040
74161310
74264397
74297103
72785032
73362820
73569218
72929972
73507287
73689569
74291722
73194341
73107345
73853669
73027052
72975067
72388114
72709689
74245713
76799760
72918453
73434041
72768553
72934190
77835163
73265632
73216845
73361108
73234767
73259580
75642425
74266553
74537661
75236097
85724695
91073071
90309571
73806997
98203138
83560637
88245152
73264530
77757416
80150851
73371278
72662464
73477302
74066775
74126903
72972124
73394347
72501498
73093604
73277895
73153352
73141228
73782873
72617299
73132923
72442046
96220420
73048414
88778248
72428946
72961374
79830208
75993325
73616103
73395537
72734784
73050841
77724256
72749750
73933559
73162992
72011516
72907123
73142655
72428174
73393536
73805009
74033832
75771963
73990229
73969079
77841560
73049673
74281132
72768811
73028296
72817693
74033532
73188764
73243034
75601456
74663250
73334048
74513216
72905604
72950766
73738811
74189033
73192719
73155702
72872064
73060460
74933353
73184041
73117994
73739893
74534646
77070151
73428320
73247585
73380682
73480380
77034382
73010567
73408963
73967138
73049784
72962634
74253243
73200169
74929671
74451196
73149935
76848566
72843462
74129331
73677113
74284910
74316900
73502878
73140088
73953271
73867200
73244345
74168703
75462063
72608306
74324686
73844811
72748751
73752609
74178216
73453774
73338102
74150213
73179468
73436410
73512142
73368764
74130163
73425057
73610964
77069344
73101710
73033886
73370971
72613442
77074243
73309834
74084311
72164372
74312968
73770723
73127556
73030800
73559004
73564598
73951899
78281441
73299437
73426150
74550924
74317542
76096245
74039964
72477046
72593504
73080813
73442199
76053090
77012041
80087422
76302396
77197694
74526864
72800552
72991124
72850804
72892370
73078549
73059534
73498859
74354121
73062594
73197460
73390337
73081089
78312007
73813775
73610791
73199668
75870010
76999655
72286748
72536132
73322728
73043382
74058572
74030352
73561957
73387000
74867698
91027275
90106265
99994887
73897367
106954464
87439274
93651906
72765271
79708838
79593279
74850476
74645626
74428223
73010902
72318271
72673545
72880705
72731817
73408929
72583980
73149907
73971225
73059392
73116219
75593332
72045201
73294065
72057832
73564242
77592055
74817366
72367945
74107223
73334801
76843032
73311614
73973191
74036376
72763480
72567413
72515005
73081013
72907816
72470673
73190744
73043079
73467061
73152743
76815988
71005363
73780371
74083677
72197908
73779831
72603086
73259755
74245322
72684002
72574060
72882414
73085401
73195413
72248613
72629098
73058975
73062299
104781441
72381080
73719278
135333012
73159144
74054755
121365030
74950507
102107377
77144707
91260304
76219731
73786107
82600455
76978691
73274718
75975981
72878399
72871511
72578225
73533639
73904151
73795344
73887318
72893104
73194222
74164775
74440678
73211149
72287340
73432486
73180348
72685140
74455305
73687371
72739300
72999292
72826342
75957118
73382652
73460917
73038412
73951758
74132897
74905845
74740568
71853914
73782480
73602622
71952375
73252335
73635500
72786441
75011681
78613364
72474660
73636223
74628482
72158311
78076363
73654933
73307071
73447698
72104905
73362746
73516057
73579941
73645184
74154573
72966501
77577626
73499452
73180000
72505717
75216997
74011048
72760718
73556617
73109274
71961852
73730664
71812725
72837033
73644985
72938219
72253645
73442199
73292840
73054531
73407479
72259116
72357562
73913501
73615731
68931199
73832427
73298533
72260491
74001610
77096748
74165419
73406801
73719550
73184385
78425991
72869582
72069417
74346178
74194979
71768742
74348288
73569596
73396908
74524968
73349124
72542095
73616538
72871219
74243762
73860045
73473025
72348672
74036091
74394396
72606215
72972725
72807417
72038413
73985490
73973440
72021935
73535560
72994498
73580032
74150846
72589144
72437531
72153994
73692677
73416986
72166438
72179041
71554767
73123518
77183498
72452340
71766297
72895978
70300191
76501078
72514095
71979795
72961379
72246922
71914059
72817802
72409497
73336580
73046504
73593668
72783150
72710025
73682780
76993044
72670425
72135656
73467962
72902560
72974954
72149526
73844593
72621379
73182326
72845477
73062318
73085549
72736458
72920216
75899303
73814048
74241848
73485482
74745749
73866442
72918078
72680297
72570377
72653834
73320273
73377194
74225009
73010051
74379915
73523059
73251481
73458093
73036054
78427113
72643552
73859104
73353575
72945095
73044270
72841778
73237525
72778839
73541424
71806051
76602552
73072094
72471999
73308378
73823879
72975480
72200466
73754741
72063947
72742431
73640842
72736477
72319489
73087781
72331831
73089642
73183123
72059647
73537289
73084665
73018567
72157159
74074760
72741132
72686989
73016746
89238286
74202313
73614658
83562867
72362781
79906497
79023660
79046225
141495722
162604668
190437675
237566601
225693890
210721858
214695382
197464410
198899363
209001595
191401118
185175765
171731256
203573139
166841707
160549208
193098736
151554723
182581636
161644187
145599076
157629510
144992715
128253019
152683597
130702394
112060362
112667840
90863803
139933886
92317241
117647791
82621600
87165271
79701985
72699796
77843918
73207178
73296039
72067387
72845776
73244156
72510254
73984610
73090342
74575732
73387154
72405812
73363924
73906208
74118421
73507284
91947720
161876063
182189302
212234833
236668646
240704000
224982270
216893156
198053023
226042713
194562792
185199883
207491749
200471791
202298893
182975999
178872727
152715264
191906538
164744521
151955105
185068592
150177137
162078545
141706278
145873226
127684680
160620851
125526659
100757383
147782974
125805098
94265122
121814270
80813431
78275018
111147914
71976815
73236276
97557944
75164351
85235897
73274376
72433535
77068156
72594571
71863801
73329778
69954072
76246756
72946489
73261073
81007511
81745382
176028115
183966960
205330846
234291729
223107599
183090597
231463147
214020766
192788017
212955175
173021923
198072316
159429902
189270091
159230535
184573995
146387261
159482587
135251294
161183254
157767509
122930472
146903033
148201835
112591449
140088455
95984401
145062736
131386445
91963422
136282502
122327622
122920650
80333223
112254353
114993547
96733608
74347061
98343734
82576642
78496573
86471731
76109811
73926425
79635363
74424018
72804798
73219471
73587940
72839877
74240318
73215371
83910639
110244667
170868290
220823844
214455013
222954341
223139812
211574706
252811665
214546992
194654545
231693770
194004666
192477847
214572300
183823150
166120470
212725371
168489778
151135847
151846587
199410721
138819224
186931816
143933743
131005016
166716960
130480413
116555553
153013138
123095330
102520724
148857324
108842120
94633031
130842049
91460838
79865613
114361758
80847020
73853232
97366074
73231246
82065860
75034392
73457267
75028503
73382907
72588961
73803765
74032346
80199099
72699335
142503189
137137176
229210997
235247842
252338763
215730963
241791544
239353763
203173513
239314601
213936292
225168795
204855100
213145358
174839192
216762163
193113401
169240247
201546424
178363758
153240906
183429779
170804268
159524563
141900829
150785918
122024929
152976760
137746257
107313525
139337252
124565787
95410681
127245535
110647263
83726435
113419324
88659457
74876407
99125628
76657700
83095092
73169955
73371058
77334619
74283065
73137968
73522779
73642062
72747528
75887558
85169006
92255732
77273151
170580593
201456384
214314843
219617495
203492484
191965593
183310338
252767597
173159649
169303295
221599413
157070060
150909031
210122007
143556357
140994099
193658656
132526479
126019227
181155414
118671836
114090463
169011437
102321007
97968814
151907981
88762954
82757047
147867112
79159195
76560728
138090197
74910288
73957252
122609705
72677523
114950272
72294537
72511446
99954457
76901860
85509419
77212811
72936029
78532788
90583978
71520687
76774477
78707245
73727043
73503259
104648818
84081302
187443077
236577543
242905370
284138431
252300176
227653750
283608652
287706123
254667605
211296637
278695323
235656558
225152734
249212783
232189351
204268881
240001460
212905561
191147778
226518049
212149448
184924423
214917426
161378209
204887314
213226082
188552464
156237605
205966314
168538511
149477572
192663643
152815355
144857526
174991114
143562632
129304507
160478949
132976378
118794913
155011546
118536593
99051264
145254473
107586819
86118148
89290271
136361226
76160481
118078920
81794006
73553167
103272975
83961217
89911041
78212374
76919663
72766585
96074074
73882182
85407765
73473144
73554994
80914018
72701614
75452783
73457088
73614097
73738990
74912213
73893829
73526660
73181511
73149124
73644817
73814071
73628286
74102645
73393236
77342941
73259699
74517844
73625145
73287776
76549725
70660631
73632438
73396245
73459178
73330663
72638397
72287166
74131541
73484095
73542020
77536680
73993420
90855739
136720989
181363106
223881626
232717740
216172879
217255295
211671125
229168572
207070160
197638511
186335592
214262338
197233138
172638132
197867878
173028692
161466235
189244000
165204296
163316832
148888480
153078494
152857196
140400728
137639564
141087688
121763327
123994586
101823996
127587824
109163404
86211512
114343746
90741822
99078268
79472157
83872987
90796338
73004312
77020160
79731271
72844469
77572783
72508954
73414733
107439919
73539142
74358607
141089163
74710847
75073007
124705021
74053739
112766712
73107914
91398689
75119388
72911041
81600179
73073585
73188553
74212524
73290485
73328329
73048673
72427166
72778704
72731654
73627865
77030874
73422697
73195252
72594557
73525157
80729529
75792852
74987773
73415381
72288605
74234502
74103042
74291126
72971069
73743299
73396044
77581112
72308020
73421058
74458618
72775027
73863392
72877624
73133437
73412786
72899164
73293790
74931331
72683052
73271781
73159248
72631452
73873423
73728504
74662215
73714001
73197052
73068881
73957503
73633702
75122969
73354538
73450802
73591572
73509145
77275946
73061164
74440053
74385217
72974251
77516792
73637608
73597022
73401690
73025260
74335560
74727085
97783326
72937606
87438207
73139904
76398459
79946456
73547489
72815811
73505869
73234092
76079834
72244527
73594640
73598443
73161761
73305883
73404722
74505559
73012174
72994601
72371212
73044611
73928534
73607926
74243825
72725640
72859109
73734168
73561870
71746725
74739989
73549514
73645960
77252068
73225107
73151346
73228719
72816059
78020461
73368137
72819437
73380407
73093474
77468211
73254224
73733984
73218532
73885690
72983030
74032001
73004777
72988271
73194715
73146142
72616976
73257795
73579108
73580890
73295022
74132883
72816169
73684586
73882618
72269634
73141327
73042920
72139919
73586584
73290205
72701131
73143870
72542869
72159806
74075077
72884539
72560361
73422823
72736653
75741625
73132199
73857638
72408010
73803334
77109952
72182200
74888674
73921337
72046990
73736207
72731258
72764844
72775797
71621149
72764872
74032632
74496938
72411888
76296645
71799542
73119719
73712112
72705006
73951793
74206027
73958162
73503646
73873838
74928213
74153846
73275511
70769847
72531420
74328436
73751919
72537539
72656935
73137979
74132186
74230722
73760936
73054970
73020864
73338350
77177454
72441555
72943858
74215474
73595883
78222756
73224697
72340612
73388796
72421620
74347343
72760179
72891096
73582856
72934017
73180073
73976493
71223706
72599817
75717468
71667524
73620486
72681885
72507317
73977295
72984900
71912918
72439952
73193207
72804246
73354485
72298019
71638457
72026112
72578604
72183165
73006958
72843479
68842239
73134486
73420219
73932180
74269715
73323353
72783685
76595809
72933274
73671221
73350490
72552763
75475925
72794055
73215241
73291490
72376476
73634724
72101348
72859241
73285492
72910143
72646322
73324076
71948090
72994177
77412714
73672491
73574215
74482545
73523876
73479994
73682008
71772234
72917195
73400185
73307294
72338539
73265536
71087951
72261563
73440771
73310763
73744535
72986781
74000982
72395451
70631389
72494294
74070541
74653985
72798634
77314458
74068013
74387468
73324302
73064375
76570915
75556108
73452674
72844079
73695850
75672695
73304678
73140175
72820430
73030326
73399985
74128885
71671413
73360156
76931414
71722515
74104968
73821806
74049895
74523867
72686114
71556792
74127639
72653545
72677735
73753895
72728674
71759179
72553061
73403857
72161852
72746837
72816775
71560170
72645999
73059984
70360361
73236115
73014393
107369387
76931212
73213225
133752888
73281023
110282741
73394474
94505160
76845912
74892373
80907078
74320317
74728148
74138503
73676796
73951722
72816946
73599392
77456586
71824517
73932395
73817828
72508625
73747888
73664563
72110243
73684134
72647257
72642619
73016262
73699622
70884394
74341588
74166483
72585021
73519956
73382466
74427390
73184083
73348242
73400465
73107826
73725264
71437481
73604564
73187847
74202801
76852407
73135182
72748018
73151776
73747295
75742166
72945122
72733489
71111754
73105998
73373763
73984689
73805083
76235879
74242420
73160506
77663293
72191382
73560662
73945613
72635614
73759444
73432232
72631305
72584775
73306554
72047841
73090453
73938370
73422981
72878382
107029230
71801722
73240705
137329712
70677799
73872573
127560382
70795052
110314720
73365558
71569583
97682271
74142786
85475033
72522538
75065078
76448046
72853388
79608757
80180919
80709219
73110617
72460364
72741365
73310767
73644322
71956184
73059457
72944638
73552189
73441733
76378255
71360759
73156181
72273173
72674401
73282840
72287269
72356576
73043580
73702179
73890985
74010986
72545705
73725900
73292112
73686251
72263924
72210920
73131029
73067237
72607129
73182786
71381209
72966397
73339447
72944541
73820144
75395288
71723436
74837164
73961483
72425702
72974439
73210078
76870095
72566780
73361700
72578957
73263307
73623954
72370898
73246015
72858646
73291221
73593306
77170327
73139489
73988670
74239056
72490929
73880611
74578225
72012120
73632983
73731796
72845060
72952556
74147136
72358020
73578397
78659559
73107207
73315402
74340841
72203046
73088454
73277187
73627391
73453763
73269126
72605849
72733610
74872255
73132408
77917909
73755408
74037037
72884218
73181465
76973459
72569648
73452693
73007012
74039703
76298990
73427358
73571290
73993345
73749737
73109747
77673732
73441060
73221291
73722173
73348530
78644378
74372689
73616288
72566342
73914195
74440757
73475955
74202494
73331255
72990795
74036545
72501039
72736721
72584557
73557880
74537426
73387512
72622832
73588103
73478618
73536544
73516177
75766496
72171247
76559381
73830032
72179229
72949831
73259452
78186398
72379651
73387077
74996369
90421969
74664361
73574441
81124444
73550365
74277506
74921955
77444372
73181758
72680181
73587654
72453971
72051206
72569046
72927443
73388125
73775180
72745853
72089639
73622977
73208090
71532479
73223366
71789806
75186745
73747179
73283927
73120853
74529085
72438229
74451001
73423117
73077373
73049532
73485304
71604045
73423680
73400212
72429547
72603367
75084923
74630835
74864216
73952949
72712641
73747406
73953838
72346591
72448806
73104267
72632617
72339502
78398905
72642061
72043377
73243034
73038057
72425435
73535388
71662672
72274001
73311163
71277679
72514277
73379240
71010788
72603412
74091184
72518051
72353338
73282967
72682544
73782848
73382338
71261199
73116590
73299554
73543420
72951908
73398069
72666690
76823673
73683244
72899042
73446218
73659386
76073615
75403345
74455619
70605823
74186940
73256336
72084265
73042097
73146763
72998341
73451373
78875453
103889374
73715766
73037331
134442852
73803516
115349427
75888397
90390724
73088124
75276951
78354641
74024546
75137262
73823531
73324930
75792581
70397502
73296835
73763642
73053273
73583242
75628322
71868754
73274899
73097125
74591392
76814233
75616817
75978822
72569435
73204843
76239844
73395520
72947833
73357594
71766766
73838332
72223623
73443578
75701320
72751538
72763386
73847377
73127876
72721753
73103297
99823793
73257823
83481573
74533106
75021926
77238930
72582964
73174146
74042912
73199214
72789331
72849043
72143097
72381894
72921023
71913427
71992086
74161538
74846659
72590778
74424722
72677489
73403040
73416952
73218206
76969586
73143718
72404820
73042987
73250854
77962349
73204688
73912005
72568780
72820888
73421273
73316710
73416081
73774361
72156655
73272983
76030783
72074487
73524670
74457983
72703348
73423890
78281322
79105919
81399960
85070141
144646186
188862443
180384621
212161036
209616158
195677858
171468782
201313048
169957670
171831777
159910556
160337775
161701361
151112236
143512065
144829549
146215465
137357894
137899871
140027128
124992255
126746478
127330538
115362951
118782351
116322054
100675289
96492763
97188200
83798662
83430522
79972162
72676826
74123394
73554733
77384894
72001836
73363593
73731399
72523249
72791831
73367414
72687929
73936994
73120149
72941836
72778215
74569884
72464616
72861813
73989179
73501271
158039728
175367488
168375456
231422000
221198699
214628587
217637548
199097808
195489563
196181465
185833332
169234459
162222521
190514411
156808746
159832431
149232406
150495152
153711870
144247630
135469079
142640229
131151363
122330779
127370015
109497150
97009210
108446084
94417221
79820841
89692007
83264309
72169043
78256158
75539120
72931972
72739838
73739559
73193982
72789253
73751285
73604184
74535092
73151937
73819120
72897993
72476331
72813820
72341803
72628481
71034503
82985274
118325593
114026178
211879042
215583549
224544114
226965835
219741623
207970056
229638681
208657619
209493326
192682204
194071418
201124661
195801396
186510254
167768380
189185304
170385917
166161078
155099817
158578318
154491193
148657171
147785038
141488078
130106988
132988232
120020811
115051248
116536589
108629755
101686022
103870324
92554106
87263852
86057337
78812594
78285261
72778330
73158909
73521563
73959917
72525803
73621231
73528857
73301712
72843290
73017530
73154378
74750214
73825925
75542143
149155292
182121074
187720752
236745796
244639071
219524670
258505455
220158034
198955124
235843098
202999372
201547526
202476762
208210741
182626462
172436050
223984566
167827754
201514139
165384851
150694920
182855147
152928840
163342122
144273306
146676597
128170516
151187425
129332326
112129519
140883009
110255570
95011865
126063068
89865051
100438554
80853981
76291740
84305298
77130437
73120046
76857629
73504846
73403972
77593180
73067400
77917394
72203769
73920296
73777982
72959211
90935186
92882748
138492827
199032323
230926032
209435177
216655266
216339625
190921879
221906277
200001540
199511838
180962239
196452353
179239742
158698160
175614139
162048260
146347110
163218892
146828627
128954835
152259857
133684485
117673494
118755830
141136709
96440070
119215988
103409809
83497070
101275667
87388591
78832539
89672877
77289655
72533569
78811706
76589431
72550040
73470440
72639476
71790178
73030979
72668008
74783845
74035360
74646334
73290400
78169295
73541139
73634402
80702703
73201562
189976108
147172586
190601781
232603251
228803521
209744794
235343719
200184568
190035620
216977236
190720590
210044354
197255227
191226990
177762360
201170563
168895728
162409487
187396092
159993580
170172253
150647220
146828268
157120664
148363890
137484576
150345237
134600078
119046095
109782025
136138329
97299964
112140015
93021493
83530127
94815730
83366265
74391545
81285595
76878906
76339439
73807200
73240363
72961549
71720754
74584032
72913483
71831492
73492770
72782093
74931221
82502667
94616580
73428864
208429618
176235720
229535750
268183025
266454067
265956876
253130534
240702026
236898278
223367449
216933891
213880677
218133608
208273338
195001331
233858565
188191772
174685978
205412126
167024016
163951254
189912341
149691093
151929722
185900550
145789871
159996113
144727426
138331039
145815038
125620165
128433204
129749465
112175699
115437364
116413727
102544986
98184847
103315034
87492473
87420262
87216429
78408220
80250923
75890801
73302085
73823628
70929244
72669606
73561302
71573161
72944316
80986852
94766803
75925712
73554942
96966220
77458609
72332981
87649082
88785128
86641856
96393788
78064614
98797928
85878398
86618355
73917776
78830043
78518288
72001986
73327939
74007228
72819642
73022453
76533044
71563403
72761321
73945447
71703338
72987206
73329383
72461536
73512011
73592949
72196774
73237929
73744308
72484399
72915934
73496155
71334087
72821998
73091408
74230196
90622977
92236676
77742323
199985500
197231207
182652084
214749446
205826927
187839871
180133938
229986942
170147678
207566801
172118855
158999650
192767525
157174903
148639706
198276076
154007824
140151544
179627196
147053116
129009169
164946749
137575944
111467914
149507060
120204034
95606568
144407900
104218875
83400778
131748246
93915848
75505780
117471224
84598849
72814501
107277636
77783037
93496999
73107796
74635682
83424819
73298320
73698531
76769264
73372929
73266836
73397690
73243407
74041215
73407626
80609595
76111848
75758220
74462220
73185828
77702696
75168378
73770253
73090941
74788637
74129005
74024247
73632788
73375423
73589170
74240769
79050498
73156982
73316706
73885382
73714648
73571003
74568658
73413126
73183137
73794982
74533917
73685270
74065030
74295511
73440605
75069229
73919686
73711913
73546616
75547172
73811368
74662131
73162669
73415917
75499873
74066714
73716863
74374471
73669887
76737829
73504479
73599923
73187279
73572260
78893694
73090115
75287577
72839167
74104682
74363314
73753763
73128382
73744827
73999645
73542233
77605412
75245153
72989922
74247684
72444286
75146358
74466881
72763580
73522931
73524749
74125462
73428227
73510117
73612325
74594632
73607955
73630211
74094653
73063359
77140451
74636670
74379515
72648222
73242014
72929045
73561283
76993793
73008784
73203547
73196662
73229536
73438569
73248706
73938229
76279403
72702487
73842475
72298442
74248283
73251885
72989457
73069356
72936756
73368545
73478581
78306714
72302254
72867477
73601394
72483414
74276411
72654975
74889711
73635902
72083771
73289454
73359078
73249287
72466068
72638422
73491852
72776290
72327402
73075835
72677625
73848730
73044992
74100926
73289378
75405763
87487432
94435502
91072503
74066178
106411182
80886937
88408832
72936498
77792332
82078189
73012213
72753213
76069004
74498821
72894562
73793126
74463814
73271076
73404812
77227340
73164811
74861105
75724829
72851932
73976572
73797535
72612145
72611493
73714134
72701467
73548283
74107898
72551825
73754755
73672416
72699304
73197024
73941239
72287985
72761491
73605373
72457673
73246446
73745405
72735083
73550844
73143157
73066282
77036359
73708935
72488567
73821870
73458840
77305425
73228480
73491132
72816868
74403452
74449195
73264730
73134583
75720446
73498672
73904679
78053542
73995055
73417506
74467747
73745860
74222180
73586089
73182517
73859635
72479239
73316496
73369357
72468407
73770703
73876163
74617043
73736872
73739970
78754974
74169451
73654597
73223751
72980981
73758365
74450026
74224949
72878266
74217274
73995057
78217556
72982385
73209237
73806199
73903949
78362817
74795903
73691561
72954899
73488081
76611816
75329414
73536144
74544998
73728435
73808579
114546535
73426340
73713262
146136259
73946724
74124323
131163159
75920205
75481202
119770087
74318748
98383624
75288439
85801547
75238776
73342687
78281551
73900587
73963588
73891790
73861141
74469658
74578525
74353878
74216026
74074948
73929108
77453683
74652748
76354932
72901501
73989522
78609188
73812782
73510720
74360131
74244424
74786348
73468865
74409976
74143720
74333175
73430289
77811260
74052980
73611775
74334430
73091267
73790523
73504126
74458984
74341171
73602071
74023127
74035650
75713617
70454621
74993539
73668948
72881932
74363552
74174261
73477144
73708623
74044532
73215085
76123653
73907868
72888054
74022798
80688306
74289364
78630439
73871670
73985012
73853406
72661310
78042226
75456362
73888761
73942912
74050524
72709714
73454647
74164650
72484922
73854693
72966747
76622806
73546809
74167397
72850973
73370687
73549708
73529261
74301366
73719518
73329060
74108600
73367377
73089574
73085999
73597803
76318979
73366301
73603019
74573196
72938901
73171491
75354924
74899499
75378612
73824600
74326417
74648234
73370601
73143322
76980254
73456547
74296442
73612518
73098528
78139102
73178664
74999913
73973043
73028487
73679650
73823893
74764097
73783612
73922151
73230498
77925591
73188512
73355489
74633276
73098436
73042787
73234146
73097872
73186793
73390134
73548784
73234803
74629587
73765111
73318784
72869108
73090010
72201932
73325820
73062883
73118039
73602683
72555320
73642210
75586822
73846010
73713928
75681393
74553842
78777830
74141777
74350957
73762691
72933486
78231925
74177474
73291286
73419646
74428048
75270778
73972338
73122457
75109499
73908380
74095959
78364884
74239772
73959609
73662266
74388658
77767355
77772129
77807032
77827656
101557929
77914436
88629351
73823166
73610755
76162792
74632112
76045163
74650823
74039003
73876153
73733613
74218745
73706768
74664370
73383775
74127348
78386001
69969615
73282224
73667575
74473829
78631389
74716269
73262714
73471200
73172085
73632252
73609742
73759214
74359566
74997903
73810107
72948331
73804700
75795508
76068683
74123213
74624395
74440939
74488529
75059591
74307289
74013037
73115702
73074911
73337640
73706511
73665649
73395677
74182840
73898264
73381257
73221350
72906798
73222441
73713821
73350827
73669763
73731317
73079829
74116167
78816381
74237290
73368672
74001716
73485818
78678862
74057603
73067137
73349032
75124838
80845412
73296481
73326837
83109791
106037162
74347863
77907606
139304434
73490934
73683031
128167157
73402718
113909513
73666566
73711177
97579924
73236763
87046199
72871939
74583026
79573684
73518321
74583329
73148608
73463415
73317050
74078191
73336885
74025579
74405045
73221979
73982019
75495984
74504334
72821397
73670272
77981492
74273240
73027239
72797461
73657685
77700152
74468369
75163792
75630535
73632423
73090980
74537599
73375449
72732418
73769769
73104122
76114028
73318339
74236361
72248962
72844224
73724890
74482865
73001077
73812186
72646863
73900832
73032301
72180087
73136425
74214091
73307301
74456010
73785581
72479823
73119944
73107256
71985700
74999495
73251419
72056690
73913121
73083795
73259223
74130052
78528250
73821925
72887481
73675643
73215038
78891876
73243932
73032511
73974088
74090362
74176647
72884651
73153769
73473110
74438560
73283805
77191536
75803661
73612997
83409761
73640245
74404000
73959032
72922497
72862190
72385396
73568250
73590819
75372800
73394682
76809736
73951483
74049519
73323645
74796738
74265636
72850754
72771494
73532436
73971259
72816549
73926025
73919255
72548755
73538598
77136677
72603481
72942288
73467332
72229012
77528652
73088950
72940136
75343220
74275643
73987018
73192130
73610704
74624064
74327408
73398975
76987332
74695107
76730997
73647092
73068291
76293970
73617174
75867277
73788755
73338726
74070053
73568645
73118784
72916519
72675838
72693987
73291670
73249648
73163324
73789364
73078444
73900950
73036010
73718988
73115403
75498759
77211935
73525056
73124458
73699995
72532014
73347736
73592986
73720231
73568971
72706912
72942930
73583465
73536743
79090507
73198877
73313029
73933325
74116876
73356262
77469269
73315994
74593261
76550356
74216726
74086907
74797780
73701620
73956047
72734564
73885796
72865113
74120182
73015351
73761506
73457116
74073408
73705791
75723618
72998707
72817158
73330410
72956733
72783448
72774936
73654893
76662367
73681439
73163343
72958566
72819554
78713439
78401865
90399453
149235063
166492803
201235100
228268408
211321202
219191593
186293532
208516699
203890441
165112330
194828422
148822976
195723993
175802615
162071459
154068781
131867889
151338212
109839857
145557258
93163471
139958979
122349707
122023464
81510695
111655308
108585795
73609839
97512039
92758709
83837325
72791729
84005738
76643339
71889089
76003121
73348755
76263086
72744561
73456426
72415513
73347348
79457757
73237442
73623493
73706322
72602069
73316138
72933287
72541925
73472372
82734036
118939274
171977502
193809068
215227101
234628881
235644538
214418801
210761928
209118295
200945237
190066766
195944596
189078069
196158428
160754786
200845481
162863110
159529561
183040896
163534135
168904044
146789368
143968983
127066382
153551625
129176961
111033621
143627694
114652434
94427633
125043310
96495027
85239497
114919045
84995398
77817430
105480017
77977401
90066587
73397444
75743820
78435590
73731712
73722793
74129149
73083513
77403691
73101313
73492582
74134212
73971051
73644402
82585258
84600153
175443929
190926956
197271211
211701083
214287319
183819221
226462600
192693880
178330939
204239531
181246534
158846769
193979385
162862164
149876003
181468478
152915402
159117134
140528158
140784831
151157034
132174014
127126197
113748262
146061375
106513400
94184917
134502507
90408455
85136417
119808351
82951286
76732561
109634163
78178167
73762344
96172194
76923549
86191033
73618228
73826009
79388002
73246403
72572505
73574884
74101973
73410217
73915428
73781824
73359616
73937028
107130012
131973617
127650665
217467652
223415499
245350743
228245850
224044010
210694548
244908182
207698334
197112320
191625857
235761781
176953293
167821091
216329181
160835168
152866431
200764502
151207483
141696629
192802065
126009152
120564567
170641461
104468804
105449324
153902593
89591535
90527225
141741943
79351950
80867585
130104283
73215644
117535297
74438265
72626047
98191035
73664812
86182545
74876355
74162088
78270258
73572948
73265784
72288958
73138433
73220360
73485181
79772660
96590527
81206033
188280233
205882367
226828878
214433468
210433730
184753773
171619339
127368063
273061825
181949767
73962970
177766346
269260980
74267589
241024001
180258285
239932244
156580399
77886468
232057183
147291625
72112329
213228346
131583082
73879054
192022322
114757521
167800277
97076164
73443926
155996678
85656566
73218688
146277053
78349212
78323426
135491307
74071824
74041934
121279349
73472001
108772696
73069531
91598280
72946752
73036250
82900532
82326880
73764865
75565169
106609227
85759885
150345393
197768617
178465193
213715837
198555574
192146930
162463808
167208077
222604793
150880824
193150661
151462839
138879774
186749333
145293657
120912020
160152245
128070807
110205181
152160010
116317353
94406460
142988081
103558296
83927679
135699820
93688461
79086253
122985757
82174403
74423049
109100344
72822499
92500746
73142421
73727210
82497607
72962998
73588686
74978854
77136461
74251132
73273661
72922594
73336172
76703835
73327718
72475525
73208082
81144591
81517416
73150893
91111392
163943552
230393142
263640578
261845510
291981710
255678794
225257762
276346452
288684817
254379929
223246616
276571102
242174322
216042377
259699173
231756588
202547788
244824163
216458480
184046562
230337843
201309303
165933573
217067613
183132290
151408548
207799474
165880953
148572551
186928117
150899037
131879359
172349251
133567595
112778257
157284057
115267768
93375231
104831339
150075678
83668756
91214045
140121203
74639125
124280846
78895645
73806501
114601488
77501170
97243127
74398584
74228021
85323507
82126747
81103583
78693031
74908396
74765597
83517068
73405884
73144091
113917441
74142198
76128799
142341480
75406027
72281516
126607527
72645056
112682870
74154652
73247567
95264680
74178393
87235684
76391189
73680197
78500998
72238807
73770047
77630047
72556050
73721412
72442616
72664771
73748807
73261630
73108928
72955214
73123965
72906298
77434881
75124355
75975320
77648148
73723402
84748078
163386509
183121838
222975279
202332974
224431022
196852929
204359761
187688918
235255532
191749671
157086157
164072380
213716451
144026818
194822138
151849430
132586647
184021013
145152214
122626641
168102020
133689462
116820030
154853654
121366128
93596410
147098940
104671873
82337756
90048250
143810621
77398800
81897482
133180361
74599984
113082148
73672121
90848467
73510334
77186637
76806579
75767146
74558094
73284449
72865253
72435150
87826689
87511310
95719909
75754574
99985945
85969914
86150384
73632570
77034818
108275689
74165098
74289238
73086457
118204661
73011203
110088928
73449317
74554990
95827381
75619596
77869965
109150233
72994515
72041863
73074383
123828820
73969940
74183959
120062950
73837152
99870687
74182740
73739258
96792864
73406251
93296067
72579364
76692185
73359037
102747370
74516136
73696171
102981886
74121405
87002276
73065196
73415103
73332945
74192715
121402165
73119885
73704741
152781717
72003970
73730413
73801352
165132157
103757070
74316152
74680510
98742398
73838546
89537212
73568552
73388659
79028727
77027014
73631595
76305959
73557309
72809718
76764061
73615914
74093671
71039069
72644741
74292816
73416352
72466330
72990043
72333253
73056162
75596023
71662653
72855755
73427329
72073915
75743754
72874420
72963040
73009654
74186699
74140998
72571657
73674678
72585430
72967516
73294299
72899618
73012813
72972008
72990555
76238101
72703928
72679827
73830064
75981574
72846805
74060752
73783209
72525519
78190923
73618204
73258572
73074382
111048634
73260230
72507127
136449372
75836252
117224593
73530195
96593003
74738237
73589046
88240522
74090224
73385480
81890185
73968979
77260437
75739257
76741468
73210542
74047220
73996786
72154308
73123361
74079005
73608961
72707851
73272485
73187394
75170515
74081139
74154139
74246375
74532063
74695703
73275611
73705442
73346260
73474281
75703452
77780548
73768166
73164259
73212017
73337474
77659662
74162255
73768885
73257345
72026340
74570825
73956415
73873369
73331016
72941864
71993770
77074811
72449037
72793392
73196619
74162944
73915921
73091204
72490636
72723525
73935859
72001447
72654848
72896900
71999662
72038936
72459160
72632165
72642604
72522657
73129089
72728243
74405606
73683364
73666932
73611005
74405009
72822141
72844215
73452982
76578166
73219269
73517178
73059377
73269925
76867006
72384178
73941543
73109137
73154511
73714918
73884721
72678830
73236256
73116764
73079396
76701230
73105135
72111737
74154303
72814186
72746876
73325725
72720119
73456558
73208160
73491329
73296953
74126504
73830919
72943081
73010389
73271684
72239592
73610423
74184853
72336995
73109447
73242483
72567167
73598250
74500626
73052429
74315773
74104975
76467730
73681087
73848840
73148387
73386775
78882500
72513808
72701510
73586391
72895531
73865954
73412875
73270853
73605698
73420237
72792737
76556593
73598899
73152320
74319084
74465049
74675314
73562060
73634285
74213061
74201133
74361393
73445804
74156770
74273256
72883988
75188476
73195385
72796566
72897813
73912090
73664099
74327004
73916834
91689004
73358721
73165695
80653754
74633436
74014131
78222087
73854035
72830320
72906588
72874815
78198201
71464922
73920935
74539238
73688461
73851757
82538423
86067564
88205357
88707073
77491436
78116382
77679426
73877855
72471925
72367914
73878470
76670708
73483547
73882163
73767722
75939514
73637703
73114066
72666309
73647197
73056409
72727576
74857290
74270239
73726598
74322353
73318907
72705561
74799742
72902728
72223425
73720467
74109398
76643391
74316003
74375538
72660328
73582842
77912112
72483858
73870560
73446716
72409475
74030064
74186624
72816601
73659949
73353610
73181249
77984728
73022429
73396631
74148277
73851588
73203938
73840369
73176761
75421126
73658509
74162563
73420952
74518978
74372329
73948745
74528260
73051861
73329871
74731399
73938015
72909834
74030364
73054393
74397779
73573242
74858662
73317242
73720842
73955965
76966345
73217143
74186264
72675773
73747968
75996453
72677863
73648294
73374509
73931449
73199889
73041214
73309052
73480659
74279532
72340482
80357391
73407533
73382118
74073913
73085684
73950776
73552524
74076942
72719683
72746188
73966348
73028443
73808559
73463518
74009562
73350612
74710998
72776083
73854043
73679441
72177679
72798309
73365180
72984712
73603746
72980531
73770077
74075790
73326096
78242550
72913268
73943432
75985717
76674926
81048637
76224834
94162037
77316479
76879066
83136464
74285846
73072180
79525264
73921321
73502843
77275359
74662907
75017401
73338948
72912160
80014662
77572898
73363530
74605846
77349257
74193307
74017525
72710203
74213750
73646519
73398144
73680156
72390859
74005870
73735325
75906479
74346226
74176984
72614140
72952928
73761935
76270973
73170359
72880098
72550140
73367612
77138634
73169703
73473635
73722754
73084531
73440985
75506311
73589255
73746204
73913167
72850795
73345510
73963861
74329516
78329339
73878030
74176755
73866297
75175481
74508166
86287141
80330763
93426870
89393887
77710732
81160729
76665528
73121687
73135982
72817241
73575812
75203331
73237335
72687521
73718081
73334860
72863034
73064774
73278563
72641245
74799443
73095850
77196342
74935449
73995818
73374481
73926405
74378770
73880037
73855686
73339219
73100584
73773696
73936000
73693804
72564098
73339505
72339594
76773583
74448528
73702295
73332697
74128809
73966871
73097614
73995329
74782771
73552400
74385382
73150802
73952569
74081719
72814946
74464793
74087275
74801320
75590600
73659498
73881390
74233193
73883311
74389201
72016206
73487022
77639929
74204744
74779234
73642623
72487294
72868107
75287739
72378472
73316365
71400261
74204996
72600767
72950506
73366286
73472413
72509156
73250551
75151950
73433543
75023815
74622764
73195866
73869156
72902571
73750827
74219088
73700862
73415223
72537884
73393191
74270864
73379619
73203563
73854161
73755714
73384111
72895805
73201734
73450310
74140212
73791593
72875258
72996819
71957281
76204629
77276506
74664491
74495528
74518896
75627810
76927238
72936504
73738859
74352956
74570612
73647726
73402708
74014745
73390134
73981328
73651863
76195403
73793769
73321855
72440460
74478722
73439623
75344385
73677909
74680724
75085323
75194383
74791712
73522617
75750653
72236651
73174602
73176454
73029708
73486870
73137767
72524553
72592626
72998306
73201169
72877397
73128138
73290598
72944074
75349025
81101688
73053202
74230830
74085622
73215528
76810950
72614035
73484516
73756319
72785449
73752798
74415828
73631931
75368116
74697010
74424380
76645648
74173453
74579818
73202036
73410833
73379607
72351705
73615311
74604040
72936190
73599052
73509058
73041823
73516391
73390724
73524129
73763554
73070964
72622993
72910674
73808547
72486489
74024617
73221035
73402379
74011488
73209116
73442893
72991152
77213087
76326652
73481588
73282845
73313511
77905209
74065394
73259633
73782198
73503571
74156271
73930745
72894286
73666811
73646221
72782083
76516624
73437139
88802996
85793504
92486157
91255974
73823170
82484121
77908448
75767459
74018589
72912445
73236081
73395080
74222783
73103253
73517236
73125110
73154478
72733997
72996454
73681024
73549141
73563557
73217327
73610597
74701438
73551806
76173442
74643425
75369985
73130532
72971988
73310987
72417906
73265422
73270621
75208238
73377222
73450159
81141282
80977530
144700771
187869495
248859368
228648794
214619191
187053894
216591112
171452068
200672930
343786909
158575334
189014606
329709179
154186734
182508061
305813035
160397245
144857991
128862594
151635915
108038815
356443507
137834406
91046329
118067615
357358581
313589855
91975035
77557529
269388434
76032273
75356263
73499252
311279386
72849585
73326131
326027205
261460362
78452340
73895305
243656788
74398155
73123454
248243949
77356941
73204362
257223096
74094845
222533959
95844291
211582456
201770438
166375572
173210441
156966481
209635224
208935374
189006101
221013903
199419262
161866558
189467894
162631379
148572241
126313728
168907502
114588804
324980209
158809187
92199492
146636920
79439670
127625999
73391009
103964151
416836444
74044108
401236743
358169915
128988656
72864459
347195601
118594266
72202373
100969308
87063828
388983793
73656234
368500356
79249563
74521816
319775041
73299779
73633754
325211056
73308381
74236538
359103854
81595411
349403589
292237400
179781991
305880309
180582908
236658348
366814122
235752920
215382687
362942642
214531987
309173688
208931249
296016404
208958523
196087378
166025632
194680699
289907533
152082656
184423794
156281936
139755366
352007588
119740563
148241032
96202895
125375670
391333948
86183053
109285381
76544526
101210181
84859353
73295592
76023814
512067511
75534256
76705392
547287919
82419866
501288696
73244219
462638539
72685743
74748052
458412963
72448043
73157936
486857617
167590879
528543632
459871075
184689420
424938316
398832603
259466200
243316718
271384023
446140668
218714763
261643539
231729718
212682917
477443489
406668568
200681484
224576484
385479861
180883786
365282771
212083890
172985336
205457080
157128178
409209029
190958039
148011746
170950190
437461796
131274024
155293908
385901531
111537977
143213787
107784828
91208069
417975196
425146467
491563815
507518313
439898262
