91613261
71867540
80966336
73230021
193564571
74011906
73978997
73878980
223233956
77134907
74165301
192776891
71419096
179892565
73144310
72430053
174122686
75512985
72205300
162531803
73644274
150599479
74203144
75385517
139779339
74178425
78416866
123062894
74081473
101781578
73523035
83478384
74899851
73722214
73261117
73536123
73299536
73079919
73402203
73176279
71669811
76608961
74346003
74039564
76043509
76937190
74474992
72870219
73542224
73159863
72925097
73656345
76222917
73958107
73650497
73845929
77238823
73237089
72993507
74395943
74496322
79442089
73232889
73770690
74475421
73532853
74663932
73603297
73732484
72924540
73095314
73133355
76789029
73468181
74128130
75673424
73833065
74731952
74471605
74341105
73846577
73896323
72961097
73240776
78434720
72879358
73220301
73121923
72969381
73974273
74358690
74327961
74169894
73043644
74008191
73767118
74269797
72838919
76288223
73771223
73458237
78659456
73268433
72525284
73778723
73243471
77944277
73097121
76763255
72667634
73430913
74620554
72279250
73319123
73450649
72387599
73112054
77480672
72990701
74077729
74291022
72440184
74060015
74056158
73365361
73267554
73894457
72660436
72837437
74010543
72590611
72513911
73784071
72381053
72556014
73585253
72718894
73708585
76034247
72669860
74271086
73413425
73879713
73294939
73975624
72635864
77645906
74191456
73783495
74385153
74168742
78536966
74126672
74893103
72660461
73100544
74249141
74311120
71909178
73456801
73295997
72698537
81542965
72941630
71733324
75792556
72998774
72939497
73492372
73765296
74101630
73139576
73776211
71912134
74051443
74443397
74055159
75035371
73996900
72690710
74563507
74242227
72262903
74133338
71967822
72289820
74231810
74521158
73104632
74329311
73379187
73357472
75441888
73042796
75306655
73253972
74860830
73454582
74284408
72673584
72931179
73787229
73715941
73097010
72922527
73819716
73157362
77370224
72702919
71990593
73256056
73522368
72245768
73360982
73957174
73392722
73981717
74055951
72765695
74116224
76936997
73049567
73081624
81959273
71843286
73710885
73872644
73364332
73934962
73535911
72771657
72959842
73715664
75950679
72732282
73418047
72498970
72930203
77943362
72187900
73190404
73563881
72504034
73507243
74396375
73091612
73893367
73611495
71979330
77999950
74636467
72814523
73942787
73280901
73460279
73659966
73250000
72368218
73735343
73322305
72192083
73308539
73947694
73932937
73666419
72993562
73057836
73668590
75790196
73122888
73717784
74926755
72562652
75248609
74152757
72913406
74860759
73785768
78249459
72147653
74979208
74268939
72332012
78418709
73439774
71881255
73364711
72458632
73446324
73118741
73535824
72975793
74587460
72976549
75562506
72882776
73245826
73097512
73207289
73063210
104505907
74299927
74289721
127774742
74287475
108143243
73845366
89318650
73990298
72871119
79352476
73526479
74021108
72224043
74132417
72652272
74312021
72921100
72460727
72563485
77642218
78801233
74364597
74016628
73203021
73234808
77287911
72945749
73712750
73334995
72268175
73007979
73244565
71815273
73936136
73155033
73352743
76871336
73496934
72955678
75049763
72997674
73044590
74095101
74235521
72356112
73737724
74516721
72715943
74433055
73670192
73411331
73375102
73228960
74979740
74075619
74608695
75132870
73794091
77951010
74804200
73763093
73899033
72921464
73600586
88081480
94181197
88087466
96164666
73636713
82010402
118192326
74128360
74105094
99235664
75301150
83968792
74280988
74096698
73783039
73305073
77779994
74482950
73140943
73975204
73313296
73405947
75271523
73890718
73460039
72952381
73562198
73449644
73411767
73568369
72667095
74047407
73579841
74454009
74922735
73380525
74587737
74344733
73631360
72883725
75446002
73660254
78523232
73006678
72897123
74216125
73440831
77252034
72789986
73525905
73133640
75158178
73665092
73594189
73797853
73828782
72747892
72872778
73404101
73188741
73758147
78343798
73943800
73990248
73538839
73722425
74024874
73146647
73028594
73597715
73453943
73133602
73888316
71936329
72636647
73785894
75095271
72870707
73479882
74197551
73654213
80145527
80250709
78238542
74049521
73276516
73451740
81312294
74520596
72820206
75694175
73567553
77197696
73262691
72793715
72941543
72873736
73041351
73474031
73430280
74156117
73260399
73575838
77428977
72969628
72645110
73123652
72637473
73376494
72664947
72881245
74365868
73436007
73179618
73618220
73143523
74415419
74028732
73852017
72302649
74502155
72913130
73814097
73736830
72890441
73679008
73591812
73728572
73578546
73058497
73042936
73993037
77268291
74881236
73040421
73136012
73165176
78231684
75531414
74562297
73855917
73325191
75380474
74490234
73686736
74049751
73319799
88859622
91257728
93737088
74269125
98807026
82827603
86879938
73343080
73701592
76634410
75839988
73045400
73780017
73496675
75033309
73371503
73134675
72679988
73465261
74840525
72203395
72810421
73293371
75857689
73765894
73990558
73583672
73274815
77773963
76955715
73225988
74542793
73228148
77697427
78729436
74777239
72779150
73357184
73163541
77290833
75427697
73333159
73205989
73923169
73613331
78880561
74504328
73609713
73852209
73560662
73669462
71960160
74083633
74662090
73919236
73216426
73848897
73580838
74780325
73777804
75300348
73373397
73488706
75347485
73727648
73090197
73722696
75707962
73960219
73908192
74329140
73210440
73903032
73448472
77422153
73430657
72921281
73468383
75083156
76958464
73285943
73314465
73694936
73795987
73946759
73499793
73269425
73210162
74579219
72879642
76537710
74777034
74195113
74906193
73258904
73677781
77176515
76041045
74065622
73868530
75019234
73508889
73476997
73673642
73091490
73531748
73362949
74289170
74568813
74710977
74138114
73672095
73461027
74520451
75258747
75212632
73252721
73553119
74209631
75143886
74618228
73521799
73777376
73507581
74386040
73965343
73029295
72855822
73737194
73679006
73673838
72833148
73486625
73781103
73606025
78373288
75185576
73829089
73559412
73310017
74671387
73887826
74095572
74023139
73385069
72921723
73676760
73973937
74260940
73486652
74380389
74237076
73477428
73032442
76605302
73412143
74580991
73791602
73340783
74383587
74278035
77101329
73103815
74317883
74314452
74806812
81544986
73495642
73446290
75347801
73524989
75828481
76004033
73306115
73605390
74799445
73855643
77133336
74283516
73731873
73668350
73366815
74283343
73169343
74199294
73511511
74592694
73371907
73981076
73119566
72833686
72829958
72875787
76154659
73124787
73208319
73458855
73076337
73363251
73472605
73694783
73619099
75506776
74645289
74824179
73673242
77431635
72985990
73210980
73450919
72890084
85690991
80380463
97240785
161246751
210077099
241898041
316496869
345593059
349691767
329523019
356662750
330341344
293784960
337369629
294911658
337387842
313364844
325256626
299262155
331756642
302398661
263175686
308594151
267797060
289519613
348002130
272301680
322622266
239571587
318159633
365688057
318567716
302023448
280267362
283500546
287826083
270933670
311139940
233884555
284139485
222876834
270170906
327619699
277055675
239651168
206786261
246556004
180900582
226868636
237854037
166002996
217547289
181173282
235314642
143210993
200561785
165703617
120604456
191116188
112624701
159345299
173977703
225392166
238612421
292845032
414369454
414370282
480793385
447455534
440092160
437482952
404329800
502298587
422568391
487322703
409740504
464033966
419255519
380317776
430055133
439031183
373074848
443406384
402828836
399298755
338830377
398640203
469081245
367333044
369368059
464607387
424138282
391335164
343924814
397257039
391226070
328051013
364643622
413032084
346936511
362416987
319304320
326465708
441402811
297303460
419245615
350849888
306916459
401653876
306929459
356898485
282092081
271784463
318492283
391798464
314433018
284357552
447213735
371927314
362836976
493362014
442668742
505015945
453937541
493413351
545434493
535149835
549033888
520966501
611788186
509555389
477073618
487122616
451641889
651389286
469597038
453265782
635091509
585335122
561499086
516603793
495226408
525165347
484641736
468942928
429420422
588693879
463867660
422099124
445866096
630142647
429848763
617178429
556325246
492798974
548916946
465967611
494309669
458861379
443692962
399675768
575792627
434988272
395477305
417227675
611109381
395714631
594021919
529152620
467644123
524887693
435739798
422848182
455963936
548479686
502535684
396849897
436332446
609884150
512855979
506402577
659135178
621108663
546826204
542246641
550652581
485586440
680017494
636358425
510131291
623092488
558642493
491070811
538365562
778791156
553529756
539971283
805904296
450294952
773386175
534934752
729621589
608859667
478663609
733744832
583961629
519428174
459786097
504142666
759004220
515265003
512176652
770132758
487646770
743700643
427647961
696463623
563357800
697614939
476623350
459642934
547947194
462330171
462801428
729075213
485866340
732310308
697662553
677065349
532307595
581476614
487445524
554936214
673692745
469659440
553314992
516895548
706263786
485695804
532590361
763938189
554093708
539061407
462081637
776289189
529083679
732879529
597825432
549203630
490169093
489428144
753326648
450211123
503213047
766507610
517215222
523923722
781293081
742625404
499435313
432290283
716921913
564740189
506749201
442344598
474223158
727346332
421194557
470718830
738982204
489746564
495312018
751233784
711850164
409299756
475953103
686027875
404997185
537230001
472518793
703670260
447125071
719668462
545753991
494268253
498027294
730937287
704206532
662321003
570864830
446636206
519786371
531269234
596417916
464881790
751708259
506218070
466066053
506031731
508914014
809606463
551673880
481435588
426896696
816278067
551627424
416252496
486828384
788609015
727517436
474056528
410763064
759731710
463454179
467464359
783061713
496204668
454464743
387447437
794266780
732367490
449596362
377817577
517234447
685082163
437013203
372714172
417758586
726319716
428463167
758816005
768687281
471634563
336388637
708087402
404022539
664960699
582345961
455435685
535240776
694201814
435975231
530909767
466181859
738064542
499018300
418989170
490360723
560439296
816244046
759612182
545163691
483875240
737854445
445468300
489850208
416699720
442300246
791540750
460246794
818242130
442503590
508978452
385514521
498264994
445690088
831454307
765135583
701543236
411777874
404799213
451250763
386008850
753233314
421649663
782175896
334373221
478061976
408989612
460941189
391340300
731225975
797465790
331670336
659645498
299202395
391423878
462251034
248517733
723699367
237488767
222756549
755654838
368164112
489541616
445048440
217919515
758238019
664060460
597110755
195533464
169724741
360802118
445128049
158640430
675068017
146212294
121090648
714536674
462443081
324499139
392345427
99388285
731625764
662948752
588546922
85460836
380486287
315699568
81992070
657286294
75493036
393640188
73983461
331522226
676891935
297202462
77474181
683011169
618734494
550830336
73609246
326971384
73986628
625883612
391242804
74486235
650736083
93093402
438040462
388328496
507716397
579062123
654809033
402879420
375939804
206647211
358100891
641399051
210380293
176018519
398422800
337622025
185493451
722628341
344257521
307672293
191765125
653508170
586810604
723471896
207680734
283337188
199840328
259122721
187622818
236780185
661194170
163412247
220474843
137829337
202269991
697512145
96898825
170121277
620402906
691626610
551755427
85462127
146125211
77544011
132459377
73670451
125450272
605894149
113564172
74139525
95637275
639175364
73156533
82515473
558225190
499004618
635053018
74047897
77043001
76249181
73132567
619719155
72947847
73991986
72956506
665130559
73807387
643403397
580809350
76137135
513300749
75492997
74959413
74780933
76872518
593375110
74535402
73778954
72723266
630414433
72853851
72575917
470139227
609302569
540476232
74190888
74212439
73235983
73088840
557436093
73508550
77032277
73038788
596741118
73632986
555696539
499500751
434022893
72537948
74990192
73728816
74363116
72397687
73828173
536899045
72696209
74555887
570219684
72026844
511110929
73186694
460498215
402492356
72780594
74528005
73073795
73605800
491828253
73404199
74018070
77985035
74765150
531003388
467467747
410375888
352232033
72446693
72991024
72276206
72922446
72933197
73741398
476400352
72620412
72623670
73038142
502870551
442177197
376289624
313290756
76706970
72436694
74731192
73704476
73459397
423919158
73281595
73791413
73645728
74865087
467661094
402591219
338079247
73336323
305974663
76036507
73687486
74045936
74137786
380458908
74212745
72927996
73865733
415133827
352210734
298613473
77243956
74138460
73547779
296361883
74733587
73616246
73891965
337754429
72770182
74069965
73047364
364787604
303157095
74025009
293180388
74257571
74073336
289622503
74537106
75003852
288317525
73428407
73038692
287122618
72987534
74802828
263201478
74421154
247004455
73350811
229054492
74197941
73306358
220867914
73084913
77677217
210319910
73091761
193862029
74137321
73644469
172219074
73860609
158387391
73275953
72910202
147729973
76692819
73093120
135931156
73268437
114473649
77156491
73265094
107619011
73925726
88571038
73882057
74166040
74181226
105911514
74743469
89159373
73112326
77403253
76733006
74267305
75711301
73950104
74581587
74173956
75117578
73759569
74451983
74385093
73675868
73999867
74574108
74152524
73515903
74082436
73626593
73420321
73080957
72712581
72455921
75218017
73561696
73269192
73191479
72567057
73007722
73636806
76305990
72286293
73495476
73245953
73011284
77222513
73016632
73042173
74754312
73256399
74536374
74257238
73918744
72776389
73926717
74112328
77853812
73740685
73115901
74891260
72968433
73511074
72837655
73325874
73402591
73186024
74042762
73544926
73137809
73313574
72298787
73841738
74618119
73090275
73542313
73727406
73070347
72623784
73612496
73494789
73577140
73778043
72972271
77209211
76672899
75334846
73534324
73611942
72416009
73256593
74692682
71844337
72795141
74528325
73367765
73281604
73550229
80931306
72826035
77741039
72994188
77773885
73541151
72063928
74288199
73878863
72524139
73552402
73560689
72741343
73310470
75129434
73271988
73509005
73845731
72691254
76135835
73429211
72657324
74274640
75538032
72982521
73129697
74169022
72516163
74020723
74679860
76815921
73876272
73527678
73284738
74104835
81721685
72542996
73428711
75534843
72692205
73975277
73997478
73000822
74324871
73585592
73038910
76926191
74100572
71870151
73485330
73560765
75352183
73778654
73762897
75170428
72673820
73754863
73633549
75714483
73695352
72272190
72629695
73708014
72886832
73725083
73996589
72728067
75611386
74897429
73995771
73811657
74947540
72858910
73211387
75071173
77214000
72642037
73518352
73304430
72597586
77140110
76472573
73539174
74853587
73603773
74700726
73771673
75308557
73657772
73104488
72959356
76216104
73575212
72477333
73998852
74085406
73176649
73084714
74580480
76949865
73235171
74254668
72875942
72674765
73756665
72645786
74691741
76054578
72908815
78193824
76600223
72465116
73022550
75344568
75651878
73627173
74054702
76366004
73147183
75418110
73319308
72520581
78658110
76385325
77677947
80932922
75976611
73657471
76103059
77542914
73604104
75839181
72777620
76666352
73923573
72885862
73249624
73632372
73147738
73737346
73658588
77223547
73360438
73746070
73076897
73704193
73747124
72891679
73086108
73298075
72754371
72568411
72818777
72454362
73728413
73306006
74297516
74055645
73858965
73957461
74000914
74466578
76149214
73788218
73947213
73437942
74113863
77176218
73193646
73015658
73501943
73413855
74410269
74162145
72575244
73538107
73151749
73212371
76415116
73177970
73539509
74006937
73329171
75883474
73567845
73820832
73098368
73976924
74659152
74438987
74131624
73327458
74376126
72808279
74292480
75395401
73802952
74552751
73751239
72555491
73449900
72176060
72023004
73934626
77684183
73145149
73420013
75383044
73533495
78043614
73056226
73885131
73905339
72940852
74501259
75224780
73521315
73858978
74858680
74414241
76132823
74150282
73146716
76521793
73527781
73083426
77136907
76256429
73952678
73133139
73733318
73825404
73460141
73619393
73629897
73720933
73953154
72559234
73628558
73379846
72681848
73013306
73391456
72700884
73449152
73737700
73168621
72666834
73854684
77210370
74156505
73507763
73620639
73338891
77501599
73596396
73676905
74378880
72778609
73478180
73455268
73043111
73778186
74276649
72682287
73004074
74625093
75679777
74692874
76766339
72764342
74078593
73337729
73673691
73228182
73439486
73250895
73132082
74157730
72744175
72430328
73310212
73129071
74640992
74397179
73637742
72924842
74547331
74956999
73509478
74059510
73129679
73532986
74711321
73526795
101093332
73396990
89851227
72485620
77799584
78866863
72726327
74022199
72513104
73401256
74418431
73763154
73570923
73866047
72776575
78595365
75239789
73445695
73639935
73456977
73233830
73180110
73441257
73385098
73663480
73290085
73640395
74773427
74729392
73146940
74059707
73618339
72926567
74703967
73961504
74918868
72786621
73631900
73514318
73223273
73522902
73577624
73376726
73627677
78428800
73620255
73601869
73303785
73181024
76309460
73740663
73245827
73691700
74722853
74205922
78234218
74318567
75313408
73292797
73929371
77637814
74082287
73596437
73312887
75318801
73390884
73372676
73209760
73243336
73473163
75958185
73022899
72749387
73745307
73410921
73452057
74271822
75868936
74053546
73903169
73609024
74278634
73250540
73717311
73501396
73517989
76552646
74424986
74045559
73207081
72978211
77297125
73338563
73153581
73049104
72508850
74624330
73449750
74418841
73972141
74445511
73807762
73161735
74050815
77416626
80060338
73786940
76647720
74246375
74384510
73439381
73415029
74723067
73578936
73318238
73556560
73116660
74350629
73123526
74862274
73755171
75292368
73993743
73771912
74110436
74117777
73801473
73329889
73344523
73424557
73395781
77561992
74201518
72924106
72935453
74125463
78076327
73843675
77204913
74056035
74972438
75355863
74148358
74555904
73679629
73086480
74357791
79313481
74279237
73055123
74229611
74102457
73663134
74207537
74231631
73323427
74123872
74108888
77693533
83943208
116388837
125756449
202047429
221720185
209061207
223020643
198565762
224534621
204141166
177299814
202342475
179417354
177582743
160005698
159109531
167109940
146467231
148272615
128532366
155879877
139572524
107039461
142272193
121052135
87105569
124907983
99092444
72653910
99226495
89053580
86385859
72654495
81507810
78008984
74138823
74044742
73055058
73985578
74103199
72731656
72945755
74228960
72970355
73135836
73777636
73363835
73116359
74390537
74077545
73493810
73652958
80745833
104205984
161248250
227360398
204437458
239649283
216087362
203639569
182807960
164945502
226129026
166770697
153292936
201966210
147514690
170456744
143439612
122130839
158184957
115807191
95894674
91084791
149026259
80097066
125805580
79637386
73979136
106219969
73466426
81598168
74311012
76857621
73571917
74275118
72928722
73544077
74351274
73325960
73007181
72136203
71976426
72901617
74631679
73261620
73087285
74576009
74302595
73800785
73136512
76379482
73722643
81373363
137226870
190407572
203461752
217240348
219842804
221281641
210026570
206065249
201151263
184953699
196723162
180438580
162755943
173346463
165962912
148253430
156283092
145280097
126885298
144671597
130349980
109877444
130884211
90579315
114053227
109743550
95731496
78643756
89001828
81295382
73225163
80901330
77042308
73552978
73728154
73539377
73166252
74518598
72876150
77800139
73394808
74064997
77062776
73613843
73000443
73164176
73047377
76501441
73080855
73791849
74167822
102702438
162001641
179335719
229473337
273684841
273682427
255151854
253789640
227407615
252561463
227601935
206820953
228845547
221786424
190222230
222403685
201190317
165451098
196968479
176317699
173047784
149764084
161523237
135029354
156859342
144414489
115812829
146637625
126324168
92971873
124447247
100616980
102344032
88101046
84262068
86194935
76662990
74468800
81180105
73731613
73709535
73351724
73456416
73511564
73455651
73085532
74012573
73232310
74484679
77422407
73014505
88516665
117763146
144853286
199327028
224417393
225692031
221845396
217476778
199655352
225859847
207423269
207560174
188087211
190079974
165911477
196444442
172966291
167149041
155401068
120271306
154525339
151058338
75036336
148304137
157896976
154474225
73195301
151144293
144871893
76632541
137622715
127340690
121906772
74623764
109486462
91655344
87711699
73336691
80373976
74333558
72997517
74217123
76377385
72941751
73046871
72785932
72383253
73833745
72927023
72835254
73257264
73037792
73477783
118462813
156211857
171109508
199926073
223404680
227256130
205968626
201988741
172842681
205761526
176961914
190974617
169260962
162752689
167671095
154989432
155676785
158953353
150201166
142831303
154024207
135621502
128910982
117957817
143646421
109550635
118919687
99205725
94988926
96798883
82950287
78086300
85200804
73747467
78236328
73285181
73935327
75164431
74520313
73614417
74034046
73252398
73767753
73586965
73598403
73348511
74109815
73637213
74175361
74147937
73323946
103769114
119283964
121300929
227062240
243619358
240261712
249953631
255472629
242818205
270697244
238674195
210068961
251026767
211352025
222418312
197715583
185342490
167929998
215799118
168904426
169759969
155121273
153360114
139821768
164911040
147188150
118980457
148272893
129659534
102785177
142682175
113877430
86210126
116204145
92150180
89895335
72889418
76092994
77928160
73387736
74447777
72930009
73325790
73102827
73754023
72879777
73653384
72890794
73037039
73016811
73317336
72481612
72604280
72677000
82308315
81403083
86073447
73330574
74027814
76700995
72756842
72369130
75025500
72871358
72435957
74349444
74439167
73290697
72764900
72938828
75746910
73080823
75930876
74236517
72931338
74483310
73232531
72872388
73009695
73106813
73212186
73509059
73451681
72409973
72555557
73133097
72658517
75082853
73047087
73871814
74893445
73368714
74550220
74051353
81243018
82714840
164472655
190387011
185352853
215906318
206234878
193353943
175748600
230967269
172924642
164107002
214388462
157282845
192341548
155246977
146056730
175348400
143989751
127425276
153615294
123469160
114281364
142704622
109545276
91003276
128222686
87864171
81158164
103054255
75790486
84450207
73346698
72923837
77230205
73772647
73474373
72701417
73509314
74492300
73237144
72633403
72401682
73662536
76555102
74453855
73164386
74085131
76086074
76998939
73930350
77671737
72853954
75913597
75260996
75869328
73925293
74803802
72916868
73699041
74183761
73198900
72683251
76903684
73644191
75163555
73848782
73368993
73055389
75081816
73313338
73638529
72449032
73891946
73771811
72280132
72446025
72132406
74071749
72817844
72839848
72682048
73069809
73679538
75008599
73722740
96175894
72219396
87028079
76801022
72352408
79969129
73391083
73645933
77344472
73143179
73198374
72734221
73639063
74922877
73151342
73039029
72368767
73621743
74951745
75335190
74340716
74702809
73743225
73215011
73315408
75404700
72982230
73356358
73500514
74811031
76850744
74770907
73842761
73247257
72449344
72804192
72901665
73616789
73042251
73639058
74715166
75445421
78085141
74637847
73833507
73098246
74811831
74090290
76458938
73222743
72761698
72472874
73381535
77492091
72705560
73287097
76080437
73089790
74311513
73854969
72596618
73587773
74756409
74241090
78499983
73116972
74531168
75296345
72987003
72955159
73465932
72989853
73693194
73096025
73287453
72797277
73991756
72448030
72616993
73492441
72745081
72622510
73129590
73741747
72367599
74573573
73512924
73813184
73237652
73194424
72499005
74063268
73120686
77196449
73438108
76580558
74928593
76076840
78305055
73316972
72929190
73326957
75577978
73967845
74451606
74039977
76126320
74024825
73687107
77896774
73992924
74628432
74562784
72775562
75097428
74379779
73477388
73639803
73548111
74157942
72257260
73623104
73009842
72531219
74877652
74154879
73053333
73859637
74292109
72824779
74187820
73910589
72521867
73959965
74208917
76960495
73531119
72637526
74350675
77854065
77122254
72999810
73066334
73330512
73319552
75215180
73310440
73384434
72943826
73807934
72230761
72728520
72954054
73403384
75156134
73438113
73266388
73812600
74341606
74358695
73982613
73802832
74513537
74454646
73086695
73660792
73637409
74713614
73398951
74750404
73717761
73064680
73777002
74228810
73565109
73774616
73949834
75303583
73266881
73029693
77741724
75420884
74460976
73160732
74430077
77222396
73825169
74571202
72920315
72546359
73741701
72422244
74265328
73764019
74228789
74081698
77524060
77756628
73079250
77974712
73151290
75657101
73503834
72816988
73785124
74043607
74013734
73351923
72929590
72446604
74310785
74240679
73537853
73659820
74896318
74168380
74009433
73119606
74426823
74044714
73173024
73571374
76097841
74150870
72983036
75591794
73877767
77763028
72484433
74259693
76604873
76776414
74422946
73218018
72956718
73614165
76866772
76202111
77030581
74159132
74787721
73692930
74038716
73228603
74683875
73549822
73499246
74377269
73910586
72875965
73335965
73881077
72922872
72892438
73241649
73291430
73210295
73575109
74220206
73784974
73607305
72528198
72869100
74159464
76363606
73159774
74665129
72677084
72525979
77316622
73101165
72772266
73244944
72641676
73088573
73174982
73086709
73000967
73645742
74447929
72962272
75486762
73369672
80919883
73284188
81077629
74202824
72975114
75372839
73348777
73962749
72959603
73514688
74387581
72922134
73217690
72853823
72891532
73512422
74932873
74451647
73266953
73437299
72993875
74200282
74013287
75189418
73062748
73757324
76968131
73050888
73219751
73393960
72965570
78273296
73380449
73357934
73063166
73903610
74309686
73955187
74341480
73043195
73284117
73536967
75549614
73863193
73046242
73881985
73065629
72854763
73108739
73232405
72912667
72695703
73201084
72376170
73636434
73389625
72931147
74186197
73324953
73604152
73517404
73343624
75684392
73637335
73600009
74251455
73781262
73984855
74432563
73519064
74058461
77829844
74174304
73470829
73225253
73133953
77380675
72750555
73235189
72980964
73320884
74881345
73980580
74485116
73309195
74021607
73376654
78149708
77552749
75152823
74131860
73236295
73502079
73882948
72756770
73732658
74478734
73310855
98021722
76785717
76295759
89093719
78880186
75458507
77921504
73544164
73255092
73438451
73617639
73081432
73879572
74114754
73963359
76989863
74366704
72874089
73310475
73014775
76420207
74675429
74635215
73144552
72622729
73824221
73205866
73772283
73598760
73570145
74670777
74139037
72861380
73327410
73508299
73536436
73452897
73302346
73059965
73454250
73479041
74108959
77352753
75614894
74061400
73524783
78740213
73855388
73525123
73487608
73768604
73327230
73256051
73600045
74420746
75278629
72596480
73731351
77457563
74219757
76999791
73982765
73216702
73494607
72428980
77207351
72822571
73981461
72751969
73924960
76477042
73577578
73521801
73565227
73575278
74277818
77177930
73246740
73486838
73644380
73275229
77561436
73066177
73680055
73511630
74291463
73531485
73213051
73881754
73649116
73996432
73774175
73285927
72495451
73884647
73260951
76054130
74403232
73973635
73966300
73113863
73764872
77318755
74228691
73289495
74296187
76342937
77261041
72895657
73329797
73581160
72781487
74367266
73024687
72722109
73659618
74260262
73706681
73770060
74594245
72444864
76443243
73235804
73846582
73828128
73337706
72525483
72901122
73239290
73150523
74852158
74116494
72722997
73787111
72910320
74245529
73373995
72883267
72693387
73216437
73483107
69582125
73352566
72798732
73338965
73149123
73370982
79127299
73078989
73251525
72525979
73846855
77541730
72320387
73415637
73090713
72619446
86036199
73732851
72991381
78011242
73368788
72958817
77294378
74325851
74564258
73129046
73248114
73343844
73082524
72935531
73374079
73314050
73110146
73563820
73238537
72868657
73867004
74089100
72905208
75068621
73455607
73728053
74062133
73399627
72530175
74070848
73842478
72916791
73874231
73632509
73645446
77260494
73637721
72919806
73266330
73464743
77754797
73283666
73348925
72894430
73904191
72899542
72734902
72848287
72692062
72775042
73789099
77426027
73122713
73323761
72951532
72545814
74146479
73100804
72756015
72851422
73849559
73559060
74123518
73942509
74192339
73169974
74121846
72976610
74597982
73275010
72909806
73373026
73676705
72950024
74884152
73483121
74170020
73137839
73059164
72619045
76876701
73603647
73091521
73802103
74156761
77047192
73383304
76021655
72745772
74819852
74444706
73731968
74352335
73277644
74101480
73517404
76483016
73379795
72941798
74269271
73354893
74012856
73279653
73757539
74628876
69099441
73138203
74299791
72853397
73180941
74591020
73693811
74160009
75035673
74759951
72980461
76107021
74028460
73256756
74068851
74176105
73612048
76710341
73527236
73314540
73907634
73291018
76875001
73246563
72772415
73254834
72779289
73595499
72855836
73977721
73730281
73712209
72851997
73950368
73991820
73251590
73377750
74048002
73775880
73676864
73903879
72929644
73468095
75250513
72863545
73382582
74141780
74171693
73597951
73162556
76558086
77648759
79965012
109793787
143149509
196174160
207744259
214133082
230105980
195797230
218550986
209570660
199208715
188797637
195173866
164233536
186840373
163591100
189108976
153611676
160663878
150071796
133617309
147263035
126459477
103362743
97996115
126786626
89722819
99767294
83175978
78972408
84752430
74628278
74798013
74146883
73351339
73178731
74827652
73906622
74323185
73727394
72773118
73374181
74876909
74801855
72893176
77599171
74228675
73312574
73826381
72933182
73375425
77213271
137395897
166487812
193431919
219396530
214267260
183705626
213210421
241794124
210320620
169743969
194516389
156656346
202525164
186425847
161896730
149804203
203374345
168053157
146832437
126377943
108480048
90626776
153919294
90425046
75833423
127028426
78514802
108215655
73113367
90745881
73511928
74194845
82360717
73666285
73488588
74895061
73925768
74229199
74389406
78385813
73530864
75587528
78963453
73656826
74152237
72894338
74626324
77398222
73369290
72950061
74943092
111777980
134263585
165562184
211976938
218531724
227301412
206390182
184481047
182504846
166365570
215231794
157372105
192850913
150384424
165388955
143811027
129631663
115008271
149885856
100490086
89656179
122763071
85117178
97017837
82828588
73170102
81623917
75119404
73231068
73747511
75023756
72981334
73239145
73067926
73528596
75585562
73627474
73194116
74147716
70002008
77136747
74099142
72892130
72930150
74039030
72601922
73151777
74100514
73372934
81411246
73399473
166094869
138681645
219526019
256055080
246545413
245784322
240181557
219200358
231929933
190642809
223139566
217342282
202229149
176830120
169995920
151278968
199352231
167335543
155862893
134278375
111922906
157945970
141942490
88710358
124167974
146817141
80563486
129590887
109707123
73522794
97275668
118917963
106045621
84686849
75678016
89234261
73879960
73774956
77512735
73923740
72440538
73322076
73008219
77450531
73902207
72633760
73061556
73123844
72865837
79899103
74964826
138783673
104982140
191373912
213034213
208651238
209312221
169101973
199607049
173938835
161467894
213190696
155993261
146169490
195557377
144929977
123728676
173461948
103010035
128337712
155288930
84861133
117777726
146591894
88865929
75767994
126594895
74528475
109135875
81244571
90842300
75754055
74592294
79518765
73962173
77871770
75077898
73654625
74118867
84008200
92942483
87994877
93809379
74882844
76932824
78841426
73220034
75768024
73511002
73510889
73795972
101797391
81930088
191091739
207658681
218875787
198108682
215920402
198249046
193337262
226582226
184926754
177296236
161484587
212554543
185202312
161948226
151928696
115953223
141141429
166883589
113423371
88943576
142944897
87561910
113529349
75202804
91613551
73598728
77452479
76567733
73323789
74655017
73612448
73300969
73245942
74438972
75445538
73579546
74522612
73320169
73823467
73363694
74207084
77771234
74025230
73694414
73388109
73266940
73907047
82038205
73699849
137353949
140197604
213198596
262841910
260406870
243304013
286683021
245574929
230962931
217244025
297015190
217700624
202324843
288661528
202044314
189417525
258550919
184501425
166966083
163967173
253124303
153896942
232472627
148958788
140582823
219202699
136782349
125183884
206896038
126085435
115923982
192814407
116063492
97488914
172082140
101868413
87230379
166909056
86242326
78332480
153127148
73842007
124007430
74006619
74021433
105826846
73036148
89751290
72872396
73685956
84411776
74426806
81863678
75745821
82321635
73358748
80273911
73132542
76894088
75981296
73673280
73619212
75712722
74344442
73687462
74134050
73181509
73093883
73464060
73145132
72880982
73744681
73423950
73215783
74378066
73330140
73731551
74007551
73705811
74696797
73737240
72851616
74018186
74569136
74992534
73455168
74229300
73151629
72847924
73896246
78370156
73864390
73997301
73922685
77859147
131274207
84633876
181418671
221228290
219331446
222021900
196380347
194530418
204091818
176395302
226621648
195816260
155709470
209134966
180622346
148397004
195235355
158970682
138714317
171576281
152266634
124154848
163327628
141617113
111467086
149625863
129969887
93724905
144082531
114972597
81175675
113051660
89901195
85928092
73176712
73514293
74644378
77410848
75269272
73666907
73466299
74090512
77249615
73513651
73674263
73711810
73498733
74887138
74214165
74180559
76122630
72311087
73683580
78092840
88356107
74763136
74485319
77991089
73439824
74205021
74576018
75037417
74892049
74779944
73678187
74903006
73695416
73936631
74972246
74181208
74319025
74522287
74398750
73900659
73609037
74431489
74588503
75553662
74476116
73835321
72792942
73456759
77670126
72576500
73271967
74166307
74088410
77049786
73306538
73287764
74660137
73883905
73670183
74076217
73382943
73264621
73320911
74211060
77317620
74190390
73921753
73638769
74144390
73866615
73992258
74120310
74381627
73840149
73652580
73140651
73370893
73781714
72965391
73278528
73854371
73752577
73536698
74135195
73733845
77679995
75524588
74020398
74317757
74364780
77606778
77392841
73566147
73725468
73937367
78009040
73355633
73742611
74196130
72546458
73896324
73382093
73343524
73409869
74339303
72930703
76505051
73809508
73998358
73520008
74043634
74104317
73458561
73662417
73625863
73766178
74082664
73219397
73344919
77047017
78011654
74682558
74314409
72666657
73140421
73953580
72066994
72840457
73962087
73708441
77749111
74685854
73307046
73859394
74007274
76191035
73955850
73607884
73526753
73192377
77168368
72290847
76334833
73243241
72546863
73922046
73201727
72167781
73434110
73246190
75182570
76672114
73335093
73303850
73866570
73150017
72702185
73284232
73645576
72595823
73032216
73230389
72697120
73205274
73207290
72839267
73189043
73498791
74078989
73232930
73764605
72988500
72469158
72890582
73388613
75698390
74455833
73860510
72746491
75078309
73406135
72952483
73576166
73603311
76335831
73776477
72988076
73970242
74261522
73872876
73476807
74640795
74495209
73615183
73460700
74279792
77645489
73477185
73477760
74443681
74657586
74876860
76940602
74190345
74433769
74362016
73968058
73911946
74524908
73244111
78040504
73312433
74264323
74062082
74813187
76172576
73805193
76315490
77818033
72572555
73834892
73804088
80228903
74318780
73197041
72818631
73367413
77130238
72484600
72769341
73093859
72455141
76556043
74216577
73016598
74235399
75778508
73986812
77807455
74947706
73285036
76112172
73028087
73675890
72961506
73496014
74183346
74060769
73980722
73100612
74309050
74140214
73391569
73044868
72840264
73088097
72910475
73384139
73419828
74578664
73944548
73874171
73033450
77713539
95056401
73310407
73230978
82688379
74267603
73849314
75338549
73714617
72936967
73338029
73168303
74676692
77329472
73437045
77106182
73653603
73880537
107529209
74390009
74087738
138465422
75341034
117128847
74183424
73994574
95638770
73508727
86298849
74832122
73171898
76865851
73954073
73349276
73440385
73610741
73837647
77655550
74291441
72980933
73785215
75743514
73967544
73868477
74191711
73591635
75112300
75014907
73902214
74366396
74046596
74108967
77219430
73461269
74530446
74292165
73972086
73220582
73344100
73797797
73362048
73489859
73771993
76699194
73544055
73634367
73734249
72769042
73665078
72962680
73150090
73681791
73135670
73732997
73525860
72912314
72540100
73172583
73322965
73349257
72892225
73880844
73540050
75954632
74373584
72725159
73487603
73343400
73465995
77568276
74426654
72865684
73457214
73328663
77191225
74057310
73688304
74294550
73399858
74166758
73542383
74289528
73024418
73930071
74681556
78122628
73275247
74221948
73294893
74454995
73336832
74461834
73454859
72793362
73416581
73792511
74485137
75427672
73536760
73134136
73446050
73361575
73872060
76271564
70922089
72972151
75438968
72887773
74442062
73789409
73551590
74356199
74147100
72806113
74474065
73304549
71464220
73405729
74272764
78080115
73954334
73599416
73263935
76196931
73342772
74718700
74223484
73479223
72904964
73798484
77795177
71989944
76097285
74491333
76261991
74576716
75283079
74098939
73786479
74608976
74633675
73457047
74054501
74482440
73895869
76513560
78218246
78963597
97380288
76715302
73530642
85348104
72555793
76141457
79218340
73861940
77385544
75441765
72929688
73960585
74301056
80586204
73621236
73292150
72690114
73067400
73453485
73928761
74350081
74238094
75434175
73343053
76461913
73063830
73813481
74067491
73615684
74291611
73629459
72861409
74105909
74221196
72939920
73426280
73600058
73435145
73549799
73205312
73825230
72735875
74933623
74382763
73384654
74314896
74401607
72694108
73894297
73089920
76566176
73821485
71936610
75028477
73652192
78087947
72915070
75182122
73467389
72999644
73774110
73613947
72799422
73286772
72103338
73227484
82020003
72529714
73155973
76837840
73595085
73762589
73093367
73822118
72333814
73435539
73012970
74158087
73674942
73144012
73423042
78334286
76219065
73489445
73589873
74164155
73008448
73107691
74245579
74261296
74629028
72777608
74410837
74320111
72702200
77844538
72973636
76483961
73385685
73776972
77444025
73876051
73704569
74552562
76218802
75057367
73936922
73883490
72974442
73363310
72920752
77642839
74019651
74447017
73813217
74870740
73546646
72883214
73808249
73638841
74318776
74661528
73768608
72979040
73440361
73522652
74280335
74917299
74052600
73823367
74078920
73812255
72266505
74540526
73717903
71823881
74067621
76568776
74109064
73854649
73463647
73987558
78304666
74051431
73041795
73406578
73399128
73856257
73405736
72375594
73545125
73202479
74656754
72229634
73525050
72639082
74006078
74891236
72279985
73533198
73398786
72990853
73623167
74085372
73093857
73178868
73877829
72519730
73727032
73327551
73308908
73447726
73204413
73591852
72689192
73340432
72609798
72733068
74313333
72762394
73514617
73679915
77372119
74238835
75773135
72628597
73218068
79152780
73358042
73577056
73180199
73589377
73966369
75563910
72890361
74810787
73752763
72739787
76245647
73991718
73776678
74038580
75622322
74057962
73091459
74487530
73430916
73189516
74808319
72814291
73604879
73581897
72716641
74329934
74074726
72864934
73093481
75002334
74365003
73349273
73725457
73602311
73807385
74585410
76725862
73384155
73716442
73067748
77596098
77838287
76067524
75677543
74174206
74037811
74801842
73772957
73531348
73614520
73399521
74239226
77401579
73922937
73457757
74274087
73643478
76782646
73972492
73683761
73867054
73196903
73911723
74500327
74385388
73085278
73496613
73884985
74020239
73516887
73917601
73557090
73780142
74526075
73728009
74025321
73570172
74493398
73892841
73683261
73231137
77456765
73047187
73683840
74111698
73871687
74259263
73669973
73584034
73686077
73744496
74273389
74141038
74657109
75240002
95822648
169618878
184175728
231930366
261305430
201219601
229963116
253520941
164190414
209351528
236949654
154429863
201560166
216843286
137836462
171880890
207267421
100968188
168029835
164686576
84098175
149185453
143387005
73522072
129374395
118001793
110020129
74148666
103763744
90040924
85385685
72649974
78659950
73549799
72704381
73532898
73916936
73761198
73459049
73712059
73436762
72994282
73846107
78210891
74714182
75722804
73965107
74306261
73917908
73854931
72825962
122512659
116022758
188277491
217924027
211829873
229529722
212004372
207243043
189383007
213203918
186682081
179610208
162525072
160298244
160746881
147650919
145707066
147381807
138995611
128804120
136050060
125756367
109376660
126200599
110997119
92130909
105273588
88539735
80117975
87569294
79485212
75576149
78389363
74018307
74242881
73565903
73496952
72981275
73341612
73839303
73812452
73830117
73442413
74868761
73724186
74066869
73064511
72663226
73913912
73579580
73425511
158529823
138925190
185889238
261300485
257162458
241410183
224382548
249089291
212832309
219696554
197571942
179800644
242912026
248164142
167317684
218812021
202864667
196979490
180825803
163800588
171517564
157420671
154427181
156726198
149494115
139465729
142396686
140744768
119978668
126476207
122181581
104388819
109512398
111057814
90340218
90151521
90447035
76428002
79766833
75283042
73394345
73727108
74107611
73083312
74626249
74241392
74625973
73692251
75848637
73892256
81969782
81837888
82306937
183211749
217484030
214379638
245435929
272204983
224218826
248047174
272112811
218898059
245507916
215289462
217804318
216319575
201018302
211755195
174539638
198330329
189064626
170718867
160906003
167670105
156962564
143915942
144841776
119708064
148525396
122705011
116655182
95843622
112134793
96604442
85037897
91615048
84993302
74174825
79344317
73760601
73123413
73421936
74030840
73674863
73186721
73206963
72969368
74031655
76828638
73869389
73919548
72867419
72964637
77888272
180528232
183965168
172141728
209169828
168585243
222663153
222509718
200602074
155394251
201634755
179120511
140275984
171771340
159729340
117211547
158368008
95431732
145295901
143300470
80783131
127780263
119543223
109938092
73872574
109053645
94779189
89447234
73687217
82426843
75750534
75279207
73211742
73727534
73382125
72711733
73683335
72902312
73048879
73983142
74109704
74411451
109628228
73426434
73863872
145754016
74125479
74890023
130624930
102081760
92589064
95489199
104774348
185497254
205855262
191177082
218304763
155280932
211628610
168506996
221792068
135611598
185504109
154220037
113661908
168913033
137168005
90393971
147312696
108428284
78035742
121145883
87818597
96529076
75281826
75886471
84452774
76592573
73372560
75358954
77223626
76352182
73090310
73865892
73192034
77626230
74183369
73562013
73772542
73975164
73672616
73291066
74365738
73555565
74295783
75145025
78070936
73528825
73380638
73728283
73345944
101854770
142986917
186081809
241822753
231905088
295943008
223626742
229908593
289065037
193933627
197243643
277631814
257324602
170149840
172412738
154065452
156589329
133849540
301106620
140284440
102304317
295032706
116774839
86030890
273114392
98996100
76247305
256891739
82204445
236662077
73768161
74481738
223384377
74904889
73442795
201127338
76618151
176349981
73836053
74867785
167057134
74648495
145477377
74311244
72392288
125518133
73800723
109466283
74632456
93970391
74700194
73084557
95552169
82927767
73220704
86404080
77555798
80154885
77846264
73304549
72669553
73811206
73707939
74105160
74271895
73939784
73709278
76665230
73676362
72923866
73344005
73524121
75921415
73494127
73558824
73442923
73445600
73660108
73099996
73181418
74263750
73051133
75547201
77230176
74208791
80533261
77037074
76272918
77058461
75275725
74047889
75309553
79152149
74299455
81832521
136950603
133236126
186239784
170275489
252674756
159932892
171820103
145814312
271842406
256316165
149267402
126966681
243645536
140723060
120718067
230404642
130830003
105115448
120024843
88859727
250941084
98626235
220417575
77546445
83883809
213793706
74759036
73709861
193146669
169511821
76604155
74855303
152072315
73825265
123991837
76486790
73455037
98922386
73774883
88392624
73737583
72943215
80310185
73843384
73177102
73921940
76020472
73575245
74116149
74030308
72979210
76038690
76494550
79254154
73987226
77785825
74624136
77085539
77976150
73996165
74645091
74240240
76547813
75141211
73198603
73092713
73995322
77473226
73251749
77599807
73836012
76014024
77411987
77379484
73517425
73544997
73956409
72944266
74058523
73942502
73819235
72833956
73932370
73318132
73883059
73423095
74026289
72582714
73904070
74540088
74011234
76458014
74158475
73384125
73008183
73947734
73330092
73493621
73131352
73491592
74828707
73248784
75590672
72891389
77789779
72927024
73040673
75266341
73421911
73031483
73459427
72522419
74031639
72867026
73511354
72588578
72809813
73418283
77185965
74538118
73812882
73797543
74056634
74470994
74662828
74561865
74108856
73990233
73776011
74257770
77248323
73435660
73461551
74208974
73083255
74099683
73252763
75087783
73972495
73353598
73037734
73527195
73660422
77649141
74820021
99599841
73039811
85833323
74233642
80039158
75742473
73782504
72618891
75383831
74844141
74154707
74577947
72992459
72982118
73919116
77532626
73649254
74608497
77819515
73668622
75386503
73977596
73524289
73608100
73340198
73116765
73631551
73747831
75642662
75974176
73263377
73361927
73927724
73585468
73371610
73423603
72960648
72837137
73211959
73645251
75001043
76845549
72635598
73208361
73804222
73412857
78548877
73207977
73159080
75398291
73169634
73411433
73965904
73658569
72418662
73082992
73028298
74633378
73287368
76401880
75327343
73874840
73652865
74472195
73481408
72887817
72827391
73485774
74234950
73734330
73516476
72880329
72660163
72720080
73531014
74217627
73340903
72574965
72735177
73543233
72697049
73662833
73666559
73648667
73827293
74135480
76638476
74627469
74787586
74259614
74721771
77526829
72626631
72470103
73301446
72814431
72931265
73469934
73692184
73901904
72687934
73333558
76312498
77799330
73746283
73625456
75203723
73732394
73993234
73180112
73939397
76713989
74406599
74088050
73537584
74589058
73084289
72439237
73145984
72909954
73681749
74140761
78295902
74316816
74839091
74210704
73313157
73447457
73575956
73348831
76655706
74047619
74262675
74156109
73517305
73443006
74816664
73176459
72862678
74650033
74111822
73026347
73392178
73755760
74085751
73629858
74220611
77369164
74046368
73686917
73677409
75535421
74016487
74259527
73543696
73460587
74158302
73437843
73751362
73234594
73516795
73288803
73076819
73270006
73190202
73890505
73091229
75487208
74515912
73477332
73959561
73473272
74026849
77011351
73490742
73122571
74012983
73110362
76625412
73267157
73177754
73302090
73102691
90777953
74013818
74626183
81284077
73568614
73358251
77841668
75067716
73092218
73166508
73568623
73547505
74088875
73413884
73796055
72791334
73498807
73776875
73732070
75438145
74453858
74106471
74969376
73335871
74014598
73853489
76880408
77829668
73322753
74136152
73152288
73891223
78030258
73268958
73436602
74505497
73296600
77004302
73131647
72976488
72919824
74645485
73923699
73148184
77555606
73684335
73412468
73302117
73775992
74156500
74585521
76019678
73052600
74744645
73072994
73469752
74760194
73367560
76295220
74292834
73331869
74405476
74587632
72878641
73192989
72732926
74207613
73908987
74248856
74237084
73311157
75000730
73753394
73811279
73743791
73190915
74179697
77633513
73540063
73435952
76580505
73063264
77433744
73239596
71861123
74230474
74295809
77486272
73406079
73669495
73506735
73199030
73768245
78376384
73288314
74341439
73803251
74679768
78933138
74850290
74015443
74707517
74169456
73008502
74142397
73166895
73479730
74704089
75224051
73481941
73326398
74653745
75268304
74193744
73332367
77410755
74492242
74610121
73991105
77852829
73750144
72963158
73930665
73510819
77548911
72729737
73630167
76008085
73950813
74151345
74076934
73972557
75389219
73438593
73635326
79218713
76681712
80573803
76777848
77001240
73927955
74228260
72874205
74147007
73741425
74444336
74934718
73937921
74223839
74205004
73479555
74427879
73613001
73579356
73354335
73341890
74108161
74329536
73729932
73597762
75642093
72922253
72446356
73574699
77685247
73196480
76656288
73682868
72888644
77973873
73658296
72771452
73073240
72997476
73627262
72764289
73509426
72505614
74173607
73375335
84867494
73622493
73616362
75918177
72592234
74528710
72488226
73490553
73067677
73439104
73139009
73604730
74091447
73174670
74167537
73724113
76622704
73414493
73303864
73215318
74043394
72725221
73456674
73236507
76217687
73637392
77221050
73764089
72835080
73420956
73317883
77450105
77698599
74476219
75256074
73662840
77374872
73908753
73801456
73515267
72589257
74344854
79078364
72536512
73708344
73344525
74754047
73217785
74561965
73691586
76426795
74123813
73720471
74981599
73462383
73493476
73373884
74062807
73945887
74690250
75525784
73534317
73564612
74049999
73422221
74749956
73998946
74011473
74450246
77329894
73043073
76422240
77524573
76787938
74528595
73613163
75310698
74631600
75025293
73568177
74107209
73492730
73847713
75791507
73197261
73989835
73695243
76584120
73747982
73617815
73635032
73315328
73997440
72958914
77851462
73718327
73622616
73374026
73712513
73719415
72612588
73396014
73234094
73026976
73525489
73151744
73866553
74485144
74743304
74613508
73720906
73240525
73504917
77503323
73410379
73314113
74767920
72649393
77416424
74008565
73277926
74012748
74387579
73581492
74066297
74053917
72965411
73753771
86155741
87977222
89959693
90184791
75105641
76094284
75709466
75872255
74859030
73174794
73775183
73845042
74169314
72799990
73428904
73224101
72416686
73362346
73415363
74974325
73758643
74206930
73474129
75148045
73971074
73697839
73682979
73287355
73232329
77369837
73373447
73960295
73649979
74822329
78588237
74451145
73465057
73576810
73960618
73848270
73693798
73840965
75577840
72507401
74435492
76923131
72514220
73295303
78062162
74146880
74013883
74115765
74379268
73802954
73261665
73753652
74538356
74442580
74106284
73948207
73384594
73774345
75086086
74122178
73935797
73929385
73647617
74043241
74653507
74353252
73528599
77015834
74877220
73242850
75538420
75187911
73811073
75591466
73355953
73101406
76442083
73071061
73030977
74544546
72877103
73588953
72884117
74347288
73088316
73191942
75672991
74432628
73635343
74313299
73655642
73667123
73017107
73299513
73365925
85162022
73120491
73619662
77027633
73892994
73907601
73361754
72779235
72295480
74527222
74023422
74302447
73653296
73274501
73668880
73960952
95083508
80013130
73260193
83952802
73912768
74593416
78476285
74143592
74363163
73096741
74081831
73822495
73978603
73686474
73739465
73348529
73469181
78182313
73350096
74380337
73394834
74003421
73827122
73959625
77876930
74651829
74423996
74259535
73926361
74731057
74256550
74558247
74300860
73845399
73358205
75609603
73846796
79478771
98939576
146919890
174388517
198152950
218118482
205180839
191163042
175360999
305241928
175477816
166741006
315961348
155318207
148061735
306780876
147619384
140183339
135137216
294079389
125631822
118248476
289662265
106652945
93214429
88764348
280035777
81337871
75367301
275835509
74274714
264418624
74930031
72832945
252411881
73315481
73893977
241318409
74278430
233817387
74024690
75643082
206276246
74211260
73332836
211954835
73230596
74001051
194654395
76614846
182815365
91584184
160038173
152109938
172202162
126217437
175673031
108964976
196408072
189778052
172570151
157605911
156650070
150792015
214479079
137665730
129213066
115165413
108544082
243675002
94685468
88191254
228709130
80235839
73878993
202475333
72886016
182893172
73374104
162520316
74443709
74338798
151160697
76306632
73702470
137844937
75203283
120239384
74757634
73756116
96798258
73188746
85668726
77994962
74311639
78025652
72387474
74432585
78344971
76370443
73544214
110414233
109824074
139629566
108627310
92980806
203162007
96558012
211442767
240057824
216389439
225900944
190921698
215051140
183153535
214164725
165566088
210520171
194859282
152843821
283121385
174648383
138097920
161244247
110622238
273527132
233169289
90374120
146815600
223261045
120084237
74820429
204770862
87964442
172217590
77930346
77345010
152691146
74348046
73573204
138703019
77021274
73952213
123368498
74544427
99580291
75789547
87105856
73906443
74115556
77927506
74100379
78924534
72851593
100146852
75149753
150255171
74293022
216392899
81852665
217438323
273030620
166339176
276815213
264966536
152358116
185898327
140385012
260216963
122920470
221533860
273261409
94460328
193096365
250978989
165687056
84828653
227977843
152014586
76696664
207358356
136381170
176281395
73067843
122889787
163904538
72310972
101065833
144609695
83503367
120271957
75611030
73667540
96885686
75409660
88403799
74776308
74166536
80690878
73898165
74615862
72791307
73733902
74629009
84449177
75315937
78833598
185419178
73311906
188497362
81447006
225745192
205963915
172857602
197294681
173724549
161370851
185431850
165086228
146194900
126493005
151006589
215609335
105377573
141221382
193598128
89190276
121172727
100298271
192490242
80456963
160887550
84545966
75161399
150934008
75707645
78535877
132333961
74723164
112074849
73007588
90865680
73619295
74455852
77532973
73901531
74981322
73804440
75553626
74451311
73660393
75447138
74957749
74637292
80851322
75996985
122050106
73874957
188633021
73599751
216747368
90968093
216430249
214785297
186860874
186318888
171204164
164324203
156864329
151157802
148771372
246726348
144880884
136791131
133136144
119146239
285276976
120007425
99644397
284255015
106287146
85959041
243866353
87314682
230668562
74570896
73172302
212438602
74464447
73743884
201353625
74120021
168373961
76223560
153668827
74470958
73267191
141598664
73035100
73112649
119780583
77937020
109976678
72766244
83727772
91890955
137752040
140686159
129805869
256448365
234942489
186066787
205018083
305014934
289441570
210948477
263009720
190280033
247450433
328693087
341404578
479020210
560597474
342121596
271946035
699653746
767535161
286130713
406211234
348773490
670914182
615645954
345323488
559193157
549551377
625982149
519358880
354457143
475367530
321132084
527256823
367118600
676199287
615329802
387844789
556319002
621439374
345862289
616694064
371358271
340438562
645531205
630425466
596923449
564808925
360475200
647598654
579238217
566117503
385832987
318394608
487231098
559208748
295706457
564203264
278990096
560230412
588990378
264990679
528268261
234862636
498546573
570052374
505608308
221322732
525559259
503963021
432437865
209586920
190524612
522076879
175230588
504839239
546103279
161187483
482716074
456753974
151563288
518945394
455974979
492605788
217341089
458271774
527475200
485621876
507552639
455202836
294213555
431053305
569300555
277911119
239212593
466543543
584314832
515308799
227503147
456749372
212117310
445748481
519188055
173292195
481168707
408649265
156682167
395997588
132334898
522988060
110629815
536425626
464333843
425473230
90473150
459983562
386062281
413971209
80430967
77786423
424567062
354523199
329730854
74636342
468309387
73765322
359278028
478874363
409363940
74115990
348623505
338796030
407400195
74282931
364689567
313340284
79617644
411773307
302906664
73357641
290079035
424116117
355715048
74204025
283935798
357027922
73428596
260399474
322175424
240743135
72722098
232374461
348171836
74899355
220103801
361109545
73377006
303251918
211894670
288180698
77214672
195323557
293157843
183534607
74995460
159417361
276088987
73885669
143118295
266019127
238730814
122936575
75865966
104109838
221192100
74976706
91136308
205549835
74693335
182325085
77500721
74681345
168603578
73323001
153593707
73754515
74368304
140024603
77291980
115414525
74255452
73173487
96396653
74447315
86079775
75440510
74002636
80760991
74655836
78431309
75094953
77959248
73858024
73122908
73904829
74846590
74308809
75051542
74398835
73411710
75409937
73585706
73429943
74933748
76074724
76432005
74079140
73420976
75593497
74782567
110183691
76671735
73943540
139635599
73119207
74028860
120611923
74841527
101130375
75197993
86630485
73177915
80214870
76075494
73588270
74537049
73429947
73986181
73488722
74964604
74760503
74276947
74008650
73806860
74260405
74558472
73091828
72964132
74726275
75215151
74774543
74890743
75356245
75125455
74190266
73832522
91206544
73814272
78450546
82251790
74392049
74341668
113846795
78231452
73984674
139985090
73609893
73837010
123707830
73485797
106241566
73314088
87391076
77374340
75440985
81486661
76380427
73717048
73895593
73727483
73699302
73721315
73269433
73971096
74568342
73275236
74442232
73116637
72986273
74062346
74436732
74742212
73486767
73567641
73602530
73779562
74306367
73685144
75156960
73902973
74999114
77531098
73125451
73713772
73733222
73957153
78729648
74630899
74549096
73930720
73733863
76028010
75436208
77988389
73783024
74107259
73380608
77811691
72919344
72316402
73524121
73480484
73449449
74220096
73695019
73001271
73353397
73212370
73305913
73465538
73319180
73394670
73233202
73793485
73202971
73317222
73753728
74395510
73864071
74707929
74548500
73416829
73991489
73753070
72537304
74537958
77886466
73164317
72929710
73884187
73707659
79462029
73334658
73635349
73525990
73492298
73552459
74072562
76853501
73219006
74254496
74059845
77847795
73824156
73273490
73279290
73337435
73343846
76827101
73748552
73767032
73561562
74346177
73411649
73357553
73523182
73082799
73639553
74760475
75484315
73556313
73695031
74246974
74244672
73572328
73125957
73308779
73591728
76839681
73681809
74069360
73183337
72815208
77612674
74340277
73715466
73654318
73842519
73430509
73107723
73532060
74329081
72857027
73648873
77466882
72482989
74328508
75120178
75089334
73390235
73970554
74040679
73077315
73657837
73236275
74693938
76561087
73359362
76410768
73078375
74143983
74089595
73785878
73867475
74144099
73617500
76342837
74904954
74044345
73338163
73361937
75069670
73941744
76188992
73442568
77135632
73639629
73870365
78619722
74126182
74225739
73635784
73538023
73470556
74496582
74509734
76060668
75000348
74245729
77725858
74121149
73982488
74974388
77247817
74828211
73499719
72621391
73857315
73845078
74210721
73224361
73740899
74883766
74043682
76046862
75342404
72882041
73978087
75453510
73025547
73421961
77094749
74005237
74603443
90803269
99463602
91502008
74428984
98308831
85254512
85183541
73888133
77162275
77875512
74828738
74193237
73031852
73942912
74010966
73831521
78941750
74140772
74336099
74549401
74668483
74056201
74695065
74151190
72996291
73488741
74268234
73589582
73478303
74112996
73479278
73268052
74035346
73558241
73251275
74625817
73887675
73527264
74002468
73094307
73550327
74721939
72628294
72646314
73166944
74521553
73668757
73593028
73156006
74820480
74749560
72885691
72938639
74526305
74623540
73791945
77740459
73012721
73100219
73096541
73578724
77789399
73388758
73181060
73296418
77621022
78441147
76484438
76782210
73440365
74216173
74142007
73184914
73231840
73965086
73861072
73560290
73994493
74339526
77596909
78689853
78474072
77685984
77984453
75881449
73880654
74016898
77928672
73044480
74965363
73447130
73262610
81155855
75202937
77981462
110409449
74183455
73963392
136431247
74011506
109329333
73937639
88459398
74651205
77647475
77608012
75167520
76036247
73739242
73528943
73808827
73673259
73922632
73654072
74318614
73513027
73889556
74178506
73239589
73928563
73951214
73810855
74073366
73952249
74956428
73269033
75042684
74455988
77227417
73632679
78204722
74035786
74434640
73616107
73568709
79117727
73379128
74075717
73495858
74365245
73441354
73776057
73483115
72993554
73708582
74566836
78977612
77641319
75766647
79584583
74769904
74414512
74017860
78238334
73069623
74803092
75223261
73599939
73839951
74470059
73289860
75513916
73968508
74914012
73493979
74645244
73436565
74152327
73566535
76767996
73776013
73997575
76962016
73105028
74786412
72701366
73890725
77867413
77901282
74022210
74995535
82053424
87321798
89913106
95889879
74947180
80332149
82242884
75079416
73641345
78590282
73733528
73535759
73597644
74539737
73686908
76767617
74152419
72888539
73009941
92967226
73656491
74291791
81713320
73710967
73668171
77956497
73458786
73168061
75125729
76992037
74221468
73774172
73116372
74362027
73777543
77335027
73892275
73127919
73852450
73130541
83829140
74125946
73267246
76260433
76688345
74562808
75170938
72849581
73734511
74632092
73339449
77730279
73965389
74907136
78911761
74462751
73204337
73705447
73392635
76909104
73351942
74820915
74103791
75317434
74704394
74343599
75367691
73613496
73454598
74181007
74292729
73518770
74805661
73063372
73254035
76360754
74752753
77134713
73469980
73975808
73367158
73675262
78451964
74350116
74453641
77063628
74181551
75820796
73059662
74150408
74446166
74163120
73210306
77164208
73017101
73271154
73845222
74582289
74078309
75251251
74077016
74004493
88394309
88569028
92028222
91137425
73475783
83181896
81468033
77239804
74908110
75864774
74824744
73872307
75022119
74561411
74433557
74242899
73595253
73163790
73849961
78041361
73745905
73314514
75193903
73660456
77996942
73338783
75922172
75325858
73085915
74639681
74647204
73836742
74264824
73280108
73014404
77539351
73182086
72471068
73512067
75148543
73516079
73976902
73459299
73441034
72963739
74306670
73547669
73652678
73976432
73751700
73530884
73737713
74178391
73238642
73180552
73595283
73308067
74647754
73752847
73780435
73178579
73455409
73702568
74056596
75379496
74193545
73645333
73278413
74616497
74494425
73459332
73778203
73495205
72965603
73675104
74887710
74306600
79443008
81520227
90512301
144491869
214647165
199606836
217978427
206081461
201065853
179970416
183107522
320044483
158596126
164103723
306509434
125814760
166230653
276474791
85641042
180058973
78518872
293703446
189978174
283223318
75573119
187332503
222199988
159747606
73245667
148696171
264556993
74874442
132494408
247989648
73768528
112287179
216141463
90266635
74779326
210827829
81438410
77125559
194191434
73931366
168973414
78181542
154395347
74346485
74386177
132214800
73651882
117698152
74784194
95778061
85292482
147410471
161580684
73779054
216192496
212512365
185230516
174914783
163264455
162952714
152046608
110303094
103806520
91030433
83018200
83783739
76801135
312904859
293252721
73294387
76113341
280921989
73172957
74258639
268766734
73533947
252831096
73920971
227131495
72913942
73216928
218608343
72636761
77109681
210063358
72886305
73426195
200303781
74106095
175976961
73525675
158031563
73161221
74277011
143357543
74642963
126482239
78136275
98333100
80427033
101554257
83100034
75436469
184902751
72633453
211935484
211820923
213420579
195937543
186256049
189699186
211971130
172706666
168546229
157218867
154696551
147934389
285279405
144166486
132625970
265208468
121274698
103489537
237990097
92989584
91648321
226010272
76219149
77617891
202245999
73891950
170086155
73685820
158714937
73806270
73505547
144878601
73359794
73155319
126455018
73007505
109892383
72487322
90320853
73981089
73470726
80496608
77330773
76720171
72274980
73404397
88796873
78130835
73123109
72674866
192309573
203414906
135260078
233291471
256055309
212214169
240624948
194855915
219521323
180460494
206495315
230313500
179861319
165673635
223349303
168329785
149902714
197836905
145866691
122235157
176009752
98267959
123593442
158488571
110634411
88254658
140496553
89471377
76388988
126017700
78965153
112759880
73311240
91380029
74038397
74795745
78682080
92299722
73172230
72874005
82612363
73808357
74971675
78952851
72896183
77620370
73614713
81374429
78662628
73920191
172034417
73917425
176758528
225089257
206751079
124992106
170477734
204101553
163506924
190273401
161426324
147047023
226062922
154366806
140946942
113308209
226268387
138967351
105727275
206205188
88228843
181201958
91391086
74071946
158855171
79182940
74113260
145398115
73302466
73841732
121477287
73735381
98715352
74957250
86438737
77114769
73474783
78026107
73396290
76885686
79120969
73215477
73200260
73613880
72931946
73216800
74876416
73314875
93774718
76193396
74240663
156766361
74487641
212288082
213342676
105264395
205870165
186690951
170914749
167762555
155841656
156432699
140722441
140242449
121251827
241642485
115851131
96716998
90116788
269030769
79988345
74378888
258759315
74293553
221092448
76085780
73667325
205840586
72844054
74533831
190574572
73851504
182279946
73749583
72714339
167822819
73663576
153459043
73846432
75027459
134707200
73837934
106788381
73770397
85422196
73341971
73809346
88425784
78877248
91764947
84371542
170788698
194958490
72982209
76463595
235741634
82882212
281415955
222948376
73979731
270774425
200189708
237530467
72788575
178510345
228713621
157984251
73641821
216624611
149150237
73748417
200349159
137569032
176615194
78657184
117396313
156675674
94059994
73230850
145468235
79979263
109580462
74190294
84927348
73969876
72612535
75727617
80061779
72620024
73541699
73221541
72361219
73445736
74296619
73007972
72760246
74293341
73459471
73808764
73506452
72642676
81933778
81963816
73043055
73714211
75265068
188292932
74949097
72741734
74059382
218893599
76760984
75198524
192733967
72741683
173759875
73087287
159270122
76370053
77255017
148527353
73973586
138059388
95879998
73113283
120398086
84712974
73460158
101360655
77807949
87403582
73186451
73639835
76316122
76872387
74951792
74053324
73817853
73113233
74626667
72961685
72857931
73276272
73892088
127279905
73906947
181381495
74839082
215410661
220390702
77265839
208257432
197928506
186943362
74746351
176488576
167814894
158539624
75337057
152916341
147835643
76393030
138613636
120263960
119595529
74450786
105226620
96946517
89695653
75404416
85303212
81411081
73761329
77810363
112253698
74119610
74031600
138467472
74567620
119628106
74578589
75715119
99883718
75221479
83614697
74330398
74036609
75475392
74222070
72677593
73931945
74336777
72764112
76445025
73983540
75617496
74073697
73333754
72653034
73739521
73349384
76361942
73287431
73708068
72403001
73733085
77158783
74138751
73562615
73317008
74281554
73792307
72860705
73796470
74543068
73004210
74564811
77756729
74329460
73387283
73705595
73313029
74121089
74006035
74462813
72769322
73141540
73415912
73596429
73294151
73266152
74698420
73994062
73751605
73497593
73197729
74123788
73814381
74255039
74305896
73809571
72555605
73292540
79495195
74053971
76773812
73919190
73760605
78172613
77444046
73476180
73042951
74376753
74078848
77252976
74746433
73675307
74166350
73894832
76989969
75808995
73036672
73949759
75117027
74052783
73862932
73119948
73621960
76229544
75596128
72609960
73366293
73012369
72860773
73236421
72702059
72937441
75910866
73368150
75703890
74379112
73999977
73107640
73471534
74355300
73438028
72669259
73575879
75804598
74051303
73473312
73034881
73487471
77692441
72640299
73255255
76656978
74479362
74404615
73778128
73046507
73757322
72998579
73211544
77679426
73133536
72796903
73623228
78244844
74739071
74614928
73543590
75295086
73335938
74773221
73630790
73697876
73618795
73088542
74530647
73733145
73149713
73492108
74027200
73480287
74752042
77441681
73601304
76382667
74243204
76098750
74271950
73797038
73133875
73101550
78402193
72842372
72749567
73244441
75725266
74125706
74321126
75250272
74695471
74161681
74145248
74142348
73250189
73054939
73935322
74311568
73098938
74109794
73562491
74512578
73251736
73260777
73618099
74368233
73134395
78409999
73617431
73460527
73374375
74001387
73974788
72495825
72931033
78481586
78124593
74383537
77449440
73300079
73494800
75039706
77933831
73765944
73592496
73338455
74118333
78483480
73504405
75401399
74066283
72776703
74475813
74401750
73893882
74878036
73949294
74266550
77988506
75643658
73485659
75108250
74977607
73261665
74156317
73869052
73599206
73224718
74727522
74154030
72473682
73082040
75932662
73269341
75274869
74446527
74477687
74086997
72668827
73721777
73601382
72883978
73417114
77723982
76384848
73801841
73670173
73164272
74229210
78992539
74023038
73284957
76782980
74612043
74505896
74799604
73750395
76706398
77230048
77027242
78213869
73987779
73459816
73223458
73814994
73729685
74007047
73474827
73643015
73376710
74587109
73622781
73583290
73454802
74284409
73892166
72904157
75151128
73110370
74125246
73722084
76048040
72675359
75406026
73379568
72756342
73344963
74352909
73592932
77520466
73231834
73558287
73046813
74577496
83292344
73855817
73637036
74595005
74508393
74149541
73356893
74070397
73814754
73497388
73279805
78666719
70017300
72904976
74317923
74189671
74306731
73436145
73727906
73377229
73580614
74380222
82935533
76801125
73278311
76267031
74585979
77561673
77486373
74524359
74345762
73532416
73663841
74084607
73324164
73381568
73707458
78204364
73704272
73999652
73180693
73843679
79637012
73293106
72634202
73679838
73010494
74318353
73426924
72711599
73554038
74017691
73810069
73425883
73979570
73959706
78011515
73605133
73618777
78580336
73449470
74054480
73247251
74537037
72546157
73460123
74235456
73926005
73034587
73735677
73445621
74600411
73302040
72407783
73472445
74993061
73587458
73214814
73828603
73409670
74453406
74285050
77292048
82451223
89118745
89992972
95973523
73885428
75932191
81515121
77519329
73531435
74399961
73586631
73930336
75586875
73743932
73603837
73874783
73858787
73818438
73786379
74319582
75144282
74150162
77876012
74317708
73873264
73469136
73880995
74119738
77085651
73893423
74373523
74221504
73265606
73814498
72836442
75868375
76940979
77192003
76566908
74117399
73542133
73206846
73778124
78052583
73631044
73720717
73977771
73684847
77905517
74004899
74873318
74030958
73981336
73966465
73452423
73505657
76668704
77389122
76539478
80590159
74140076
104548470
74430575
88251023
73157157
73567614
80272881
77559492
73446362
73851115
74960170
74018082
73506070
72718100
73653189
73682636
73268759
73082873
76506240
73712449
74212510
74323057
73020854
73628978
74556506
77032740
74221656
74075789
73703940
73783346
78699123
73173960
72818163
73331388
72868952
74154182
74278674
77466591
74712768
74082583
73395604
78371898
73138319
75103600
76936027
76630166
73680410
74232966
73375725
73146124
76979119
72768798
73478245
73883068
73907583
74454165
73767363
73302189
73188065
73351273
74740392
73940582
73428477
72802136
73330843
73771946
73628011
73309448
73534865
73013909
75705731
73961793
73826626
72762823
73445577
76889800
73476794
74544812
73064568
73178831
73520645
73506199
73473624
74157243
73950760
73557715
78381829
73214083
74218555
73607007
73715199
73418378
74536770
74121274
73762893
74016728
74547631
73488824
73665178
73427434
73380580
74475014
74010871
72551148
73467031
74150783
73475897
73942111
73877155
72680442
74446901
74038466
76981331
74809846
73334446
74055093
73938767
79285984
73574890
72985805
74241973
76767863
74025574
72915065
73095632
73449939
73709793
74289308
77686791
73007183
73825291
73417774
73143074
73168836
74748404
74666314
73862692
72923478
74197315
73248611
73623110
73813184
72554808
72947828
72805512
73441293
73220863
74354812
77435381
74733683
73398044
73430261
73418918
73861258
77810556
74004715
73619258
73413197
73479453
77499787
74235142
74177116
72930807
74630207
73820269
74553658
73849637
73329443
72963191
73420003
74534720
73004140
73908723
73568362
74978348
74843482
74707496
73898538
73436393
73183259
73311062
73421307
75086917
73088673
73461927
73863022
73516926
73412926
73357066
74367982
74758580
74389691
73727278
74084124
73647000
72927998
73042418
74713140
74340772
77461400
75114735
74632241
74573437
74391162
78466787
74680370
73735228
73649221
74907695
75006679
75139441
74932906
74383461
73769489
73597006
81014155
76269278
73864599
74660287
74091551
74505249
75272655
74138329
72426561
75393159
73671940
73601195
75639271
73108636
73919599
74903563
73873184
72570111
73161180
73907721
72657618
73985003
74997138
73783301
74090338
74608597
77533488
73683440
73389529
74982905
74104632
78266383
73403081
73943386
73193088
74526980
77388745
76264617
73814416
74330771
73489801
73503967
78169372
74182586
76559665
74509675
73559980
73549159
74513332
73950831
73371919
73864628
74036860
73789204
74260023
74304672
74858505
75079076
73644546
73200434
74081070
73773003
72756214
74520115
73032358
73198972
73448317
72427171
76722267
73482481
74661503
78244356
73342787
73415930
73385125
73240955
77638987
83443093
85360394
89622697
91091926
74255726
78614712
79100056
74082937
74005965
76618154
73344733
77097105
72915482
74341137
73815441
73935633
73014047
72997723
73848652
79463322
81349292
127247441
137100359
181301279
201268444
201558961
197365768
194508595
173250188
160926683
159912444
153554288
152641053
145605654
137423361
121840214
153830740
114844928
96140433
98419926
173221792
76099405
75865008
183771782
74587359
73897966
199211014
74015217
185084946
75288134
161394915
78152616
72963327
144846381
73901491
72716176
127032731
74915189
118013520
73786448
88638666
73171637
74148647
75079787
73291842
73709683
72851194
73060852
72693941
73493898
79666406
81108171
138276201
165150636
182588378
211425640
213607594
214605609
199340303
174046536
179023362
167336951
157271505
170932084
151435837
139475221
148514969
139040071
119365032
138073175
117296153
108646406
99000516
122649358
100332761
102554655
86629356
90096840
87193604
75080927
79789984
79105735
73575637
73959953
74674804
73463226
73903875
74092545
74167669
73292612
73022294
73814756
74584140
74421604
73332421
74172887
73741729
73967391
74542732
73810879
75216288
74715441
82446179
168331117
180503753
196011875
227012088
220391224
210703004
235714987
198655040
208541210
184323792
171251155
183626297
160573011
155133322
156513706
136385476
138694470
109101896
141133811
120085797
87537545
112923392
94652286
89414083
73617414
80222926
75099677
73963126
76945599
73149350
72645693
78744730
74244101
72879375
74756812
74494977
72588371
73919278
73538632
72947619
73000261
73603727
79444359
73220172
73411793
73076636
74060657
79780381
73200570
82472736
81380460
170162295
187868831
221348963
234398331
246185952
217215739
242280079
219479172
201607340
224495329
195321809
197079435
183147962
204296586
162804471
210248159
166002741
166278807
148170932
158795042
129024862
156738205
144225083
105934848
141479734
127271599
88452920
124236357
97571849
94110694
75592234
82587048
82355896
77081738
74229492
75955006
73978766
75932020
79835501
73890042
73806178
73373561
74412805
74910272
75224944
73444784
76626537
74111724
80013833
73431335
153006245
177881784
187223000
215241384
265636017
230431667
190714196
231982441
212975488
174350596
211433782
152761866
191798350
235551315
139375104
198712217
177211735
116074970
175622922
159205462
89914979
167478056
147900875
78874608
148835076
126713744
76260711
107637666
139515404
89658925
117140082
73819340
94197092
80060844
72517240
78336202
76971141
73988749
74338861
73659957
73627225
74472814
74118508
74264022
76692072
72056564
73973153
74354438
73882851
83754753
82168143
72747091
192883979
152113284
180671783
218117196
215687691
186081148
176721783
225797570
166856840
199766731
163367113
169776226
151883691
148836388
159350841
141319938
140232081
150135616
135911539
120375348
120230956
146618421
107692632
97366906
89952021
139942127
86371636
115127664
78790792
76148064
96393257
75824248
81071822
73645838
77578954
72871967
73778077
73877145
73855944
73914516
73997066
72985953
73756733
73524625
73033753
73516155
77526155
75417153
73613132
74291912
73568039
115994924
188184228
206897296
284850749
240860423
263949226
238338574
272368143
210233780
248596867
278566372
259999090
238418161
229780066
233223395
222653270
210143083
222825264
179153569
206995071
201825236
184876021
166851328
172749833
159913924
156149039
162362687
152489056
147142866
149883066
143510691
136828369
143004265
107990900
132114440
107245147
101806931
88256978
85102139
77771957
75755048
77123033
75077025
74367847
73642203
74298184
73789379
72743754
74232402
73690215
72355621
81417220
81974164
72785033
76641672
73720693
83611699
73078104
73019813
86780787
73485694
73985006
77263162
73373384
74157853
75310340
73584486
73570510
106243796
74419741
77866652
139391308
73449030
119033532
74442172
91236128
73276534
73980422
80351564
74660561
73619769
74825165
73891932
74193176
74023596
75051600
73523318
73676523
73313531
73285737
73120211
73078572
73548223
76033324
97824849
159021302
193516328
215291472
218188878
175577836
203376352
176822167
154620943
156605017
217048469
132841399
173546304
138455623
120101084
161557675
122648522
90007554
96094403
142682285
74168367
109997127
82403963
86808480
73193460
72958461
75105042
73086955
72634480
74490570
73752013
74309974
72913586
74791072
75598200
74079260
72931610
75284493
73840135
74535718
73501272
72831110
73222074
73328065
75583867
77213458
73565726
72850931
75592784
75693408
78251160
73584640
74245350
76529357
74693034
73193366
74310874
74632089
73595949
73132671
73979964
76942808
72416405
73135961
73706464
74637277
74605403
82519364
74423052
74082156
77651861
74851016
73804158
73309189
74571128
76829726
73742407
74242864
72817557
73901598
74063857
74474725
73283795
73386698
72487591
73402630
74244476
73237072
72363985
74001081
117494491
139066629
126312522
121292123
104505256
166697681
98621652
84407283
143889204
81851814
77376814
122286807
75401072
104909357
77131543
86959092
73202483
73700629
75217501
72973408
76951634
73922987
72524213
75743001
73973941
74501315
73099228
73849098
73238531
76091956
73901335
75153951
73697484
75397167
73316034
73341791
75058046
72953372
74942632
75773798
76816963
72921870
75499380
73374548
72406709
77519947
73544445
73378874
73010818
73905969
72946873
73101969
73283644
73842592
72603256
73395524
73548927
72913563
72904442
72910665
73554201
73542982
73286107
72493240
73625794
73106634
73157155
72799802
75507748
73844320
73615522
73074931
76203636
73486531
73917513
73006740
70331453
74294158
74016413
73434729
76724195
72715837
72945592
74072335
74264067
76917621
72914474
73812255
75145217
73535530
78596481
72886430
72844968
74028624
73715784
73379704
74467553
73285376
73116675
74006200
73332853
77973267
73894743
74165957
77455852
73895286
73421348
74086541
74345157
74634015
73745467
79186927
74146077
74441598
74709566
74146559
73449740
77641619
73573704
74271812
73943216
84360870
82656209
87083584
86249360
74777775
77002546
73557927
73622606
76710039
73355789
78860026
75939018
73923886
73449505
74525064
73198406
73712181
73425141
73798544
73754060
73398299
73617732
76731483
72583984
73356389
74470718
73771274
74430940
73356370
73554112
72988681
73823016
73121493
77285281
75065748
72903445
73386625
74500847
73573135
73746865
73921196
73600645
73103887
74506803
73285255
74089913
74480783
73573027
73320808
74421757
77751140
73700586
73954816
73156733
73254018
79175460
73419788
73579248
73848560
72928070
73745800
77084495
73740889
74696763
75616990
73507966
76111167
72992342
76137446
73080431
74257146
73639199
73329605
74161877
72795664
77785742
73800012
74915056
73902191
73415102
73472257
73395607
73748231
73233390
72874962
73784545
73363499
75242168
73683902
73351605
76212046
91660010
77117321
73581064
78634567
73637722
73180374
78591952
77060124
74619287
73562888
76710709
73267752
74115391
73627518
72950758
75216745
72951904
81457208
73414274
74796085
73894120
75457813
73497246
73823904
77308833
75082429
74015058
73781639
72829466
73953640
74389564
74094951
77061119
72731817
73464789
76711454
73887300
72462145
73975573
74262076
75371546
73030302
74287775
74624836
74304490
73911843
77347973
72706096
74089359
72638554
72925805
77580805
76220591
75006736
76533522
75568417
74893729
76258215
73884172
73021537
73360362
73870130
76894999
73682337
73533615
73704160
73697781
74483354
72926245
74117761
73788265
73735994
73414429
73318568
72652064
73842588
72684778
72777651
73436186
72913114
73331573
73805883
72909422
73435320
73104899
73599572
74208183
74039702
77016363
74070825
74109324
72880476
74421766
79595136
73079403
73853575
73856036
74798199
73702766
74076357
73374323
73091597
73602972
72174674
78525244
73354423
73309016
73844086
74155406
73498182
74545684
73597705
72883729
73057270
73933707
74509513
74034913
73874688
75294011
73135911
73699248
73811887
74285248
73256752
73519152
73434046
72257750
73217927
73623097
73839375
74245625
72704226
73074175
74053507
77646980
78896534
74157222
73865712
77394891
76680669
76976898
74115299
77671249
73469809
73793312
74433111
78994303
76543871
77653725
75473694
74643140
73264182
74204954
74599603
72958613
74015547
73717086
78082522
76930050
81053317
80984946
74991319
77384758
74625432
73942406
74316415
73590489
73287538
73781486
73369127
75314345
72878044
75068303
73811627
72937112
77266658
73562135
73865164
73709712
76409431
78485913
74124295
74143326
73517968
73681840
73860935
106293361
73571187
77745533
129904733
73315490
116790324
74402105
91350140
74734414
74427075
81352940
73932168
73486594
74075566
73162262
73392212
74270356
73986039
74623285
73525426
73863029
74547865
74200818
73621262
74242495
76673538
74808965
74179438
73615152
76868119
76700729
74096889
77311669
74180965
73835018
73813829
74993464
79526648
74198788
76879302
73746357
73696121
73766042
74355230
73714325
75012188
73590270
73413404
77289436
72805950
72910230
75855304
74800716
74615032
73752244
74612622
76796933
75388789
77304278
73862217
73511867
74189612
73130857
75026842
74761339
73603221
74676657
73725260
73040408
73420091
74101851
73424883
73014405
75034729
80096945
78747840
75351807
76737254
72502626
80351360
73057343
73117155
73842364
74814419
74102801
73700795
72422707
73157607
73783192
73777000
77759458
73931439
74461248
76377646
75154055
72724756
73992171
73758094
73926964
74760690
74705820
73824843
73757472
73937344
74837991
73890469
73086371
74084903
77363126
74650295
73707145
74053013
73667567
75196378
74355599
74716076
74531684
75632874
78050248
100122069
74075857
74858957
82034260
76062081
78746066
74119704
74050430
73532100
74112530
74392478
74390507
73368445
73280623
73934101
74532480
77915438
73253214
72441734
77516099
74674629
72970374
74753893
74740438
72402689
73593188
74207066
73434290
74794310
76225413
73116616
74326382
74047259
72981857
74283920
74044174
73507837
74233801
74612385
75922262
73977616
73889603
76237891
75011797
73256748
72470451
73894284
78717540
72456796
73231591
74139454
73132555
74354203
74235989
72363782
74220356
72896174
75260429
76807779
76316929
74385142
73596305
74589264
73741227
74351456
73349188
73953517
72762064
73645311
73406680
74126542
75124952
74717870
74495897
75667878
73794232
73914490
73309258
73889324
73553836
74653776
73870769
74959845
74297775
74751914
73634162
74875298
74898456
74149681
73368087
72651725
73651375
76880753
74379307
73479831
75544568
73496248
74610813
73651160
73313612
74119461
73812787
73679328
75241977
73646145
73506052
73997609
73653184
73299943
72851684
73325475
73032921
72952365
73701340
73768265
72330320
73277876
73639327
74701559
73499058
73841137
74527766
74355298
73105707
72951716
74287851
73345386
72500013
73900700
77955676
73577973
76569006
74478441
75728116
78807753
73965214
73880301
73144519
72474383
73634357
75519135
74851956
74300209
73940261
73749115
73910131
72989123
73928915
73325841
73835575
72833473
72110570
78901854
81427609
137794109
154637044
192318127
208592839
221542755
210877578
200745109
171061711
200846699
168431253
164503958
191700030
154199392
163569857
149392240
135255579
153318117
130636219
117139010
95195613
140428674
120910777
99157757
82118488
130812501
86256581
70865058
122224168
74191087
104517007
73119606
91014148
73620228
73427137
80621058
76472806
75112511
74361556
74643120
75379354
75794724
74465378
73832687
75018685
74010956
89494147
75966774
74380456
78796474
73099087
90541877
137222108
155250284
194783846
214274619
231685593
215898387
210713332
210598189
190147181
197434234
193578410
190282013
172356300
167765844
207317628
163742480
152219906
179350992
149201783
134870974
162143449
130141139
116269731
144157071
103259662
89886590
123271153
92367543
95100466
79407456
80136334
78761619
73114849
74052983
73649876
73620288
72991704
73161284
74755552
74114555
73401915
73974422
73815507
71059811
73327277
74095671
76452138
73505038
74125228
73667110
82445515
115263529
112899696
198493236
209761125
223835104
231564836
213640981
202089976
181320683
238494946
185499452
163827638
217726063
162460606
148123794
201147234
147251334
133658929
180057690
132098324
167828716
121093182
99416166
91974097
147873914
84951307
79703170
127399635
77669006
109640930
74011301
94686518
74437918
74060164
84171611
73532589
75552333
77399187
77219302
78113996
74313700
74003336
73455908
74986461
75702639
76007441
74216535
77273691
73916081
74916187
91138720
101577070
156001010
211276025
238428492
235522095
233352646
232997122
214473173
216974274
265596605
192300937
235117318
202654845
184339646
214486165
189832897
161417897
203120965
166750893
150541285
187798773
154066506
124985685
159837505
124834323
97274927
148443159
103052007
81851194
125367114
87993811
73357932
108268975
77775413
87440538
73771492
73044998
75768309
77279442
74779266
73371013
73441262
73900328
77838613
73228186
73732899
73804858
75051908
74596006
76335233
91877075
81816594
159602212
198859630
190326661
224347545
216086160
210203399
187076675
218656339
194178915
166782557
194666722
168104626
168742350
152098856
167537037
153665398
136531033
127924133
108732149
136987060
111115793
89613263
113639015
90168806
92631655
78080959
76291263
79843972
73370337
75255980
74013129
73867031
73136993
73662131
73820041
73240152
74077938
74028389
73652597
73640146
77680550
73394350
74293763
73929212
73714611
73315661
110136585
77009827
73691668
186793817
93389728
184183854
264083705
214891186
203755804
252804299
178285231
227565118
161106465
208066450
170404606
236033896
147202745
157160021
116070480
228768441
131740368
184998307
91640562
96561120
167524188
74164994
81976540
144997594
73877380
121364523
78121175
72393410
97076628
74652599
85418804
74718927
74102112
76575565
73789318
73393152
73169503
72209397
73049551
73693005
74292542
75115722
73785747
78043500
72942655
73588902
74988180
72404861
73843342
81886409
73172483
121960477
190894523
209641172
260681426
260004872
243476110
236918785
238121271
211449211
245132705
212546351
227181181
208284236
233802114
222334982
210304444
191588363
177524494
162818228
234632347
156565343
179501762
209111146
155767128
143264780
190793360
116087524
171881337
146128104
126769209
149259585
104278293
110021486
89563553
145275630
91406229
123799413
75974027
78291387
99750735
74911991
86662193
74589828
75921875
75372405
73983034
73412589
74356449
72831829
74140448
73776039
78073334
81402542
74750989
80270044
73518439
88683086
79978409
73954760
77071812
73383817
77778377
73695423
72159246
73877119
73358350
73603562
73771022
74682747
74317052
74649413
72961080
72056445
72779187
74233706
77649585
73095797
73666446
73089029
73754399
72957298
73500172
74207619
74802106
72831335
74444056
74422721
73994671
73437472
72606780
74010875
74871300
80868849
73862460
104089675
190165619
146022198
194054000
219964290
200521758
193453171
170435799
233186618
175571613
155339763
226824712
151016038
137709718
209930867
136944697
115278730
194884537
93767417
117999623
170408856
99029842
82683726
151057127
82213969
73941411
134078769
73739003
111000072
76503095
88284060
77374431
74206859
74167722
74593012
73690781
73632317
74341485
73574965
73063545
73391849
73946394
75407113
73678698
74041961
73018877
72461690
72891393
73838508
79134100
75403824
74862563
73340432
72835907
80954921
73473336
72457422
73787382
73543273
74284675
74834561
75001200
76942511
73116723
73635236
77352580
73358825
73217330
74366664
74688325
74862111
74054044
73735557
73661111
74102394
73938578
75588865
73210914
73914846
73524250
74401107
76036160
73159637
74018080
73446424
73231192
72998160
73472720
73082130
70163638
74662036
77158889
73915288
73884618
74102685
73781795
79389316
74089621
74177057
75738333
73173945
74354536
74028723
73436310
74640864
74236797
72901330
72166048
73677639
75450029
74090506
73479615
73600488
73982220
73801082
73387190
74417044
73887902
72911033
72805013
74751655
72775855
73713221
73917931
72283450
74093035
73797280
73210302
73162779
73104732
72551238
73702470
74534254
73402539
73825812
96018171
76634109
74424366
83675572
73727672
74275945
81159565
73875253
73771156
74804187
75090127
73950033
74158544
73521730
73492526
73477870
73782499
77115921
74068049
74097139
75331552
74679402
75587165
73329072
73543781
74179628
72920174
73617836
72867161
73178588
73419595
73216090
73238236
73469610
73548992
73802109
72775023
73133777
76510967
74223777
73987169
72630270
74043359
76836214
73132673
74844641
73499766
73839016
79122044
77629685
75959093
74448403
74208506
74290274
74785716
73340808
73766390
74176769
73076276
76727516
74236612
74092312
72520287
73566385
73861216
72829976
75099508
73848216
72727782
76341691
73900531
72722491
73857351
73295984
75727853
73897210
72822603
76806401
74179925
72562607
73536492
75592685
73771829
72988986
73685967
72730693
73973229
73990276
81284497
73126883
74590762
72484763
73596421
78690027
73166926
72571302
73000767
72863168
74121102
73395501
76155803
72907847
73730776
73984367
79177314
74404468
73413939
74310771
75459787
74142879
73532558
74247934
73657447
73427621
74032027
73119309
72858830
73239043
73630840
76192893
73749283
73702203
74306328
74877654
72970206
73883076
76835565
73196767
73741960
73722978
77222190
73809656
74233500
75732360
74979172
78774715
74145087
72880040
73246527
73685534
73391040
73548320
73652641
73935707
74292201
73874103
73599798
73976696
78469465
73007205
75017281
74281163
76055015
74663886
73807666
73346408
75620586
74090719
76597566
74384700
104119831
74591790
73508330
134643323
76691759
117080152
74537627
72677526
95540159
73178291
84286348
78116591
73265457
78443143
72300086
73784399
72730886
71400847
78808529
73725512
71664798
76807297
73363019
72516518
73181040
74877864
73066552
73211231
73363349
72953957
73811036
75106239
82540864
74547932
74708000
74397725
74855195
73694690
71707919
73693658
76456861
76885220
73919631
73659508
74749113
73118101
73739155
73594637
74597607
73357278
72284486
73362954
73682582
73893269
74549818
76431499
76059836
74428969
77546119
72569330
73465440
74541399
73801510
79291746
74116181
75485711
73405500
73280809
74020549
76744086
74691735
72974844
73920350
77123581
77563014
73951650
74911247
73790965
73428067
73577446
73646313
72754654
76907795
74837292
74061315
73949675
72773027
78141891
73462653
74475476
73748540
73262452
74812408
73247199
73713832
72214644
74156856
75099665
73852778
73596696
77325856
74125461
72642093
73474232
73392476
77722534
74093395
77078444
72637623
76523479
73840798
72174568
73745123
72542820
73590235
72625427
76100321
73434504
73370233
73139174
74167070
74306386
73028436
72751346
72907556
72484029
72220896
74589855
73537986
72815496
72640298
72847765
75463086
73230104
72645400
73806499
73733611
72392838
73411372
73864186
74376997
71707112
73312758
74510176
74411999
76680053
73171633
73224904
72146800
73679332
80974157
72906694
72265636
73339677
73315383
74357451
73355458
73287761
73187787
72330708
72787983
78363487
70815327
73242610
73207715
75654760
76060282
77529172
79249774
92386884
76992222
72734823
85837136
73432823
73205743
76356061
74714863
72928537
74112661
74227080
73506595
73178122
73810657
73748564
73108426
76679602
74565989
77308479
76394065
73706396
77050458
73183616
78870198
74340688
77152291
76786191
72800782
74413605
77760177
73646712
77582932
75336102
76499237
77334355
73310152
74178477
73562873
73592051
78233256
74617103
81861427
75309791
74259490
73512329
73518768
73884221
73104438
74156134
74725729
74333797
72731157
73397073
73241162
73378993
74091965
73192319
73332200
73215071
73681828
75634556
73555962
72509277
73282246
74663653
76065608
73090962
73978607
73750892
74324363
74757696
73177891
74308133
74448669
74544719
72554015
75072000
73908247
73576936
77974663
74411265
73113581
73742609
76470836
74218115
73554324
74176365
72705903
73758335
73249642
73026083
75243326
73784341
73952995
74395756
73223984
75352397
74484925
72620974
73443398
74483353
77166496
73157653
74076720
73787837
76115141
75250488
72305566
73512315
72937141
77969175
72148115
72880535
72938103
74840605
73944382
72388985
73591072
76628304
73021196
72875537
76414126
72695996
72823305
73471102
72600593
72540766
73748491
74333804
72506137
76210590
74200044
72761553
76526933
73737584
73863690
74819712
73979578
72361998
73641479
73635963
73361560
74072067
75645039
73916617
73592224
73596693
76699225
74327323
73516166
73008662
71645784
76809591
73288324
72900061
73587247
72902788
73320218
73334299
73304173
85353220
73722475
73164836
75025891
73525825
74388917
76705361
71697313
73299856
73539037
74338550
73782943
73344761
72711057
74702537
73901801
74277332
72491226
72368574
72020013
72948170
74016779
77224031
72781900
73349616
71962925
74120217
73666156
72112931
73539887
72592685
73415226
76601794
73735767
71546715
73209432
74382140
77510962
72589423
