73577053
73646909
72862193
73320228
167284414
73516833
73874042
74781620
219118294
108319619
212690773
74117778
168652543
215542215
84064550
182746021
161553322
110887236
190822598
135232083
197951157
143037488
194363848
117858084
167649545
95542579
225784033
83979082
203855080
219453258
184207025
76588754
165447779
77117760
239410327
152412412
76980252
140819451
260273728
73376474
125936687
260497236
111813397
72600294
95623456
273204582
72580675
81848427
72651239
72705142
320679327
73184340
72328649
341842339
73603517
75376988
345420623
73028501
72758115
316173544
72397432
73078492
345906153
73395676
72472892
73040830
379833340
73848097
73224228
387137811
76229010
357700496
74071936
73714854
73430476
391121567
73538144
72455775
73181616
419232039
77343743
74640907
412395233
73180441
73099173
393421700
73092035
67981238
415849354
72768633
72425412
73750625
75849566
474141175
73577701
74272087
483837849
72576273
470819871
76195260
74540777
73007117
479304550
431083776
72829059
71896453
72746373
70522627
492455935
73491527
72801322
73545407
509552967
72378618
485883675
73353590
73828080
492064785
431048248
76419161
73298994
83368507
74093024
75559606
518428746
73218961
73372982
73571215
534705154
72823830
519365259
73257867
71809375
74323488
521698343
458072863
72525787
73220686
73397578
72756612
541103954
72639880
77586033
563927171
75721192
73036669
526267914
74327991
72370978
544713363
486435339
73297446
72649245
72819112
73577495
74642528
577350131
73646394
72891171
74849232
595760031
72427848
569996033
73674576
77478816
577956169
74216142
514082402
72625408
72474660
73453335
72710332
600695291
72454664
72929367
619700955
73737566
74620280
596877835
73327447
73974526
539074618
606970605
72650150
74347539
73087575
76806331
73089803
639504416
73413081
72615849
639185120
72779182
630519595
73574582
73158083
74393201
636235377
571927837
73481514
72525617
73272392
74276777
73487801
665499099
73000079
74034105
669476526
638176347
77507973
78275610
73798556
664477679
599227830
73535047
73645627
75167176
71935928
75016179
699667728
76057012
73652969
690203355
75396337
666240107
75490175
73001335
79155283
691634130
624073872
73332140
73776189
73672939
73141923
72828737
725970293
73107171
73484728
716560918
661750700
73040256
73172750
72696919
632380142
698240132
72932784
72888867
73650560
74520194
73249589
73974871
747582237
79191170
71969452
738371096
681936344
74350054
72591336
73082195
643105871
718240260
72492012
72907480
73371834
72899538
73592214
74249879
769275941
72670064
753337615
73015384
696468861
78124982
73480497
73713283
729299512
677036428
71931805
72824979
72228176
73846869
72950006
73154354
795542962
73264757
762455573
73673128
726786306
75471865
74168788
74441137
771935453
708647164
72562007
73436670
74025696
77668639
73194526
73671241
839272522
72929396
803172548
757781401
73494604
72993025
73485334
73581545
808229479
745614985
73245849
73935890
72904642
73390436
72533362
78029128
868874837
73451180
781660501
846955704
75271047
72844183
73814088
767402367
838338020
74406940
72979876
75124123
72417002
73672787
72225871
893135955
74941694
74638816
855206027
798062162
74332103
71953226
72765750
72021500
863698349
797721607
71904552
105687475
87980380
73064248
77535135
71827775
923386328
817373811
883869186
73213929
73763970
72808157
72093236
828905241
897790245
73162552
71998266
73262779
76212904
73934314
75839796
956034677
832361610
906096424
75968457
75857960
72699654
73358873
73868447
929561969
863223125
72864035
86071263
72158486
93452462
74053172
85684555
987471081
859795319
931928212
76539315
74360460
72009801
73483240
71570645
884570020
955764826
72803384
75056496
72804079
74054203
72809151
72352243
1015337068
883907394
954544035
72921558
73985484
73364997
73494276
73031071
915526845
988301301
74004968
74344659
73465882
73676779
73604816
73080112
1042005349
980518702
892869516
73273155
75002860
73337183
73654386
73369212
921692179
995589517
73312854
74726397
74503802
73089725
72560210
73036821
73020023
1060193924
927920156
996014489
72933383
72946161
73248632
73045107
1032641691
967668740
73999533
72867257
73017771
72874809
72481775
72469148
1088799982
954099141
1025777620
76997161
72688085
72296856
74530941
73706101
72523374
1055837758
989255297
73068812
72850234
71163989
72466516
72899761
72814586
1115320788
1055296123
991465129
72822499
72897580
73204305
73048240
1086986669
74532770
1029719557
72554237
73604824
75457780
72264128
72764239
1151159801
1086099307
73182985
1046020433
72841107
72883330
73270070
73736440
72656741
1125273854
1058616500
73677817
73394810
77253172
74129963
1171480464
74732131
1119141684
1063955630
74193904
74073117
72736838
71967799
73236779
1085964435
1162585470
72885106
72709821
73378074
72991223
72685602
74895989
1209432378
1145596750
1084627414
75164925
76132928
73543296
77458321
1183765432
72656090
1120351697
73057597
74746546
72586172
72820637
72762608
1242913767
1174873009
1112170168
72993917
72978621
72648298
73719870
72149792
1201039294
72311367
1149171210
75531405
72900333
72596112
73316840
72516547
1187776679
1256100633
1128089010
72665495
72670420
72490923
72782295
73460570
1231912153
1176009127
73004370
72975823
74611715
73474450
73653829
73280622
1288054967
1158239199
1228284931
73398182
81214093
73423725
74092434
73160891
1250064364
72697857
1195341458
72382215
74212756
71825947
73041670
1167504337
1311701755
1245564826
73031929
95149251
86537432
72642973
82700914
74972811
1269007953
1205757982
74149759
72342414
72998053
72911934
73657814
1327629886
1262302793
1199865975
76656780
73666525
74074010
72313818
73641585
1311013664
72859439
1246592868
73728498
74217488
73076452
73396773
76927733
1357928943
1230828879
1299444409
71781449
73238906
73103297
72231405
73444455
72798051
1266955590
1339974774
74606153
73557880
74186915
73374526
72777861
1402396786
74972499
1334194472
1269838773
77446772
75820178
73145397
76389522
1354052928
1311575528
72329551
74030157
72554935
72887517
72624368
72849687
1299876838
1438889769
1370452376
71850073
73085921
72575170
74304652
1377229972
72479436
72356414
1349490475
72642128
79742991
72057979
72969919
72742868
1326643241
1467052264
1399694611
74229390
78074412
75251288
72532617
1389665046
73653815
1351810823
71911574
73450412
73109747
73531649
73471583
73575881
1490249007
1425778205
1362530803
72409880
73106820
72666045
72922699
1431122515
73056380
1387256314
72368655
73189064
73741687
72068493
73247328
75838697
1521686593
1391972270
1459498385
75420134
73262711
77552597
72942055
1454843691
72544672
1415236231
72800288
73036117
72547408
75331970
72927381
72827046
1484837688
1557548620
1433122539
72461583
72261199
73894356
72542603
1481426958
1452841450
76639817
72453183
73640610
72602634
72545887
73109396
1505531688
1573798671
1454865442
73314954
72409003
73948561
73426902
1514409742
72505112
1479678581
73670090
72749071
74141856
72224837
72843848
72395366
1549809197
1616602357
77386061
1492610742
73409224
74133559
74122751
1547773437
73447473
1519647230
72877979
73543932
73071261
72747918
73528445
74048027
1642480316
1577194261
1512865367
75393385
74026087
75977592
73306305
1567637331
73223125
1541700009
72978130
72652474
73480334
72746277
73140113
72114507
1661429638
1596782054
1533931183
73369240
72454770
73793404
73662933
1593971346
72482362
1573446396
71489534
72873357
72456262
77030546
72672655
72549669
1700225871
1637105803
1567662476
74076592
87168717
73447251
113876030
1633267785
118026679
90782003
1625110301
113706397
137064540
167112136
156669534
1730384214
1600446004
1668012323
186697180
179644196
200874222
199459122
1677642630
206820506
196841082
1671686312
224418487
220828182
244218407
244500109
253688893
239941170
1767894489
1702680516
1642390246
272864162
263084349
297208493
300891151
300664663
1720135182
323269941
1705365649
349086543
363030765
325609738
394925343
359968443
1801500294
1735232209
1669942199
400839558
352586622
366958982
405609834
417480023
376392955
1753079472
1732112584
448826178
422718774
457930178
412587429
436610601
1759546130
469070626
1697255157
1833437075
484584601
439525888
511075388
483291209
475629520
1777014832
526117392
1730279737
494744296
529020403
1652200128
1745410974
545382762
499949003
571142626
578039583
535087373
559133357
592644820
169296944
616916865
660392586
617340843
230266210
689455655
623262503
641164368
710382666
663177117
631209231
269284127
670994368
287837896
702074289
293736324
729815536
693603678
701932958
774237845
342027195
718505421
789864765
682009407
746803699
350965573
729226563
735812676
356755801
707944651
773485892
359640521
693778829
785579215
372386558
690536164
717287131
789101270
657947515
381163399
693890966
383656874
718233636
735648799
668258272
387711340
665340035
759757914
394268074
652097050
760059054
625557969
693704476
404746376
646314849
410002863
685556181
619454224
692745045
417480208
631391891
414601612
732572712
622075159
413635809
666701453
600435484
734803776
619177006
445587608
655957794
595583779
665126182
448133209
599450198
447720627
707820448
584699226
453611432
710795670
573706938
644795246
587653054
448237171
625686338
558734268
624445498
469162213
553780324
473065187
677087927
552372513
474868105
681150354
543495516
616496142
540131883
474381662
456941092
574801367
505281221
601690069
505217795
483253353
647918646
496278511
494416125
556695068
503073041
643329138
503163250
496269687
503580743
563561882
471103318
544291797
489274007
467469570
618079240
461496592
517632143
595174800
466062525
532655748
465568712
528640126
535028891
495444921
428243677
530412112
537653461
437300184
518925798
422266220
582674493
491091006
562208809
431298856
429237526
549036261
554139498
444153434
379668510
505419951
557224577
376972782
376985418
556197124
553469303
445260277
387912765
553021155
532510301
378307092
578126990
411313093
349070381
473908906
575614117
343141228
329337418
590841369
530454454
405769160
480825763
347203410
332235184
587064463
577399151
360967255
305125130
603392313
291733264
448528379
286272985
612022049
276563459
499883496
437058359
372510394
312121398
614322782
267895655
609484332
247335207
599687912
237221220
410520637
226142605
632005639
212368526
469236883
401568008
336927661
638470868
195481356
310154861
175136555
656104542
160791443
648826909
378510448
150189553
644909903
139049365
128325951
368354376
438134763
305306364
678526009
110840758
305313568
682958238
97672276
86912946
687153517
332188395
79317890
691727181
386644962
73511440
322126949
698383483
291178532
74505691
718753988
293813479
72392649
282371047
717228404
77671030
717278100
293292761
72878820
265632506
709995017
249830048
73275544
718872667
250352349
74583231
232161240
740810747
72743645
224833108
745722544
71578121
213133203
76076428
755591894
201343684
72876755
773559946
197390389
72268584
773450790
191471526
173834170
72752008
793151227
160560647
73440910
149894337
795869475
74636794
138003882
799634770
72445172
121382275
795730837
111230284
73941133
799476135
89660306
73888369
96028922
818813740
71275704
89519275
827594181
72303121
78072304
830446679
72391441
72387635
73285223
837117031
73288517
74098176
839613425
72979026
72327719
849806583
72884235
75113095
72363389
861499324
73336299
850486067
73238163
72803104
73672662
872604155
72545141
72366050
876251850
72003500
72537246
877516241
73210245
72805009
73986457
901019170
73191342
886333422
72254079
73231418
72981640
905617460
76269590
73032139
910921832
72487720
72150463
917661028
73266314
71795548
72556525
943026621
72612196
907690185
73903988
72660350
74096769
939344898
71833518
72983544
948100148
71824511
75915566
947714829
72832305
72335119
964738164
69871974
73328851
944324809
71561019
73626932
73487539
994428086
73948184
72231912
996368524
73088052
73902037
986827056
74952567
75358471
73689638
1005729095
967028881
72502555
74798792
72741276
73674184
1024089622
72717519
73047325
1030805680
73306201
1008644692
73752007
73395756
72882950
1028891676
73478718
983627337
72760290
76475227
73337411
73462577
1051414378
72913871
73385346
1057996540
72576214
1039736707
72450521
73726368
74092158
1067752889
74306638
1021843672
72252828
73819035
73272232
73090078
1087933630
75814944
72398128
1089731604
75060416
78460199
1066879890
73054802
75224562
1090471014
1037077552
73548841
73730558
73528588
72487863
72766407
1115751503
73042045
72686030
1120011406
74025354
1090652043
75776533
75094940
1108848733
76934683
1047949395
72872028
73053503
73463164
72221465
73616323
1135257258
71460489
72698575
1150364067
73323993
1127460550
73473475
72194659
72526089
1083806135
1153431513
73541075
73882684
72852741
74468599
1164453008
73802029
78521878
1183961306
72069195
73316306
1147995951
74650959
74759419
1179578902
1110290726
72102093
73352205
74861505
73402266
83267567
1196884472
79334636
74625587
73432942
1208391712
1168500042
77987090
74520012
72140558
1206003763
1141167397
74011021
72732454
73321599
71795595
73158448
1242426500
74384955
72745747
1243740196
72514949
1197386006
73284806
73826073
72689597
1236134993
1170210849
72407907
72462099
73349168
78168931
73106359
73539009
1285860525
72370432
1270172376
72868505
1207782267
73940017
72214209
73085395
1264571358
1194884034
73159393
73288424
73727283
73893176
72871359
1310719255
73490694
73780719
1295359227
1232612396
74394473
73779625
73427711
72497350
1229279650
1296837116
73096749
71930425
72262630
72634136
73022456
72620743
1344381807
75514621
1329062568
1264659430
72794094
72351463
73706285
73229991
1260643084
1329381052
77348438
72316623
72806608
71904144
73873442
74071657
1387945879
73556435
1297958417
1368204312
72793151
74790597
72113582
72793587
1285583478
1361786812
86033958
89618376
73370842
79494890
72493964
1419998228
72209494
73781397
1331991334
1406156789
72361905
73261999
74017864
72510469
1324924821
1398501962
74187953
73017654
72322574
91301482
73209560
1453185834
81508076
72845721
1429656363
1364483233
83266844
73434005
74473320
74421195
1369954995
1436281966
72448419
72837199
72950307
73608320
73531556
72696189
1504840319
1450845486
73195993
1386304636
77076049
73574449
72924548
73982997
1403423231
1473776797
72822706
72884294
73064962
73636930
73934755
75172598
1545627106
1417860533
1501313620
72914792
73296675
74188918
77272507
73629246
1542434181
1472825116
73705278
74197310
77632277
73847687
73498103
1598534992
1534022878
73298888
1477234779
72775154
73842082
74298262
74175413
72856000
1503087251
1581965193
75472472
75136453
72725172
72741929
80675572
73216392
1628884526
1566219121
1509347047
73987546
73395084
72862846
72130309
72926543
1610547796
1541190890
72668786
73197473
73252683
72997909
73823147
1597001668
1667816514
72629325
1541550446
73353680
73702944
73016139
73538638
77820446
1643068890
1570441857
72703731
73452912
72529952
72412721
73443770
1685311533
74045445
1638414603
1572042399
73963596
74397986
74947981
73879009
73455668
1671815107
1599943213
74315098
73384599
73162400
73851506
73143799
1714539145
72317422
1607927526
1680855024
72384465
72380458
73931112
73739383
73658347
1634074129
1703983711
73112409
73840526
74261294
73654462
73543227
1741041839
72961552
1686390583
1632198850
72634377
77453357
73725506
72451964
1728814632
1658882470
73462317
73422396
73653022
72603677
72856577
73310665
1765458410
1634250582
1707826930
73243359
73569473
77457542
73077327
73747945
72736263
1759367066
1695710464
73800674
73311301
73251497
73299256
73712091
1666714489
1737521795
1806614126
74781818
75123952
72742049
74040770
73777212
73467049
1796423790
1730761123
72897162
73598761
78000807
73970908
73618368
1767145940
1833988532
1703060527
75236707
72840136
73465899
72754120
73852972
72694010
1829090637
1764372888
73115966
75774963
73953507
74207426
78222289
1868629096
1800644211
1744461724
74087785
73030326
73050514
74639509
73102990
1861575413
75549918
1792451220
73908361
73039083
73340660
73246143
75548411
1814781577
1890256709
1773126498
90965491
74679558
82626048
73451135
72872932
78619249
1890642578
1826793013
72631266
72935026
73174936
73571880
1910690765
1857310194
73807379
1794400154
72701222
73798868
73800417
73674762
73692449
1913524155
1847137318
73378223
72653754
78406737
73891190
73153193
1943334718
1882051336
73553704
1813082752
73150843
73257650
73437751
73013820
73754635
1936738355
74586474
1882685022
72855042
73871460
72463385
72729397
1965067659
1833499500
1902086027
74644157
72596349
72112356
94714932
99105375
1969599254
78121057
1906600788
85646411
72414879
73555958
72823663
1997502711
75125319
1861095193
1931515768
72325871
73790692
72489437
72601400
75661639
72494864
2006887292
1942393249
72076604
72409179
71923105
73402864
2021120389
1896034541
1966117488
72590525
72337839
73273231
72946607
72829119
72497921
72918121
2028903462
1964350654
72515474
75109024
73458823
73214993
2045152708
1980918091
1914148307
77255866
74447649
73326377
74215982
72749899
72753111
2063827942
1994272699
73147867
72613765
72797710
74039762
2012387884
1945055817
2078420341
82083034
73506792
72947813
77510315
73475115
74613019
73389894
2089754349
2025601914
73742421
73782809
73176036
72928771
73842985
2113562337
1977290834
2047753550
73239902
73556596
73879492
73554837
73830505
76024840
2114647190
2060763496
78210798
72756383
73978833
73598752
2091107330
2140051476
2026462245
73313191
74210887
74604168
75310864
73387611
73623781
2163755495
2101595649
73142089
72890972
72765128
77066953
72547489
2182060266
2051588126
2116952611
73352004
73484216
74652710
74119493
73180270
73368036
72945183
2203122334
2139422830
74699173
74270505
73419189
73273156
2219348061
2156598822
2114091451
73292059
74612185
73399729
73671040
77397783
72709305
2259966232
2201233056
76043523
73201216
73999839
73212858
72836273
2283245976
2213613740
73444750
2145539240
73162070
74689219
73737925
73346822
72918938
2281421385
2218489932
77080223
73524270
73792460
74511410
73122696
2230034321
2299653513
2165030135
73033297
73831750
73552320
73736400
73310203
73495834
2320035214
2253279581
72322090
73157695
73363054
74368663
74000861
2337078344
2267675043
2200410324
72845066
77348903
72849965
73402391
74166861
73326758
2347280615
2278502456
73778206
72867502
73844662
73153698
73853645
2357143310
2223095439
2289593476
73602379
75024662
72942860
77490029
73135404
73549221
2365781289
2303153469
74057357
73632227
73548022
73131669
2381286044
2316787228
2250979738
72646691
73569614
76692481
73861851
73764073
73996533
2401494948
73833056
2338464486
73792946
73467153
73961608
77659959
2343005198
2275970487
2414443506
73302801
73123393
73142363
72773847
72281944
72831648
73183305
2430850867
2362206924
73288925
73360821
73926787
74586368
2365074520
2302266633
2438696214
73050354
76823410
74725318
75693024
73924971
73058684
73448218
2473935943
2404121767
73880938
73136235
73372100
2454432838
73659343
2331782461
2402206396
73933863
73808881
73379376
74144509
73339914
73527886
73460463
2510015145
2442179003
74135057
73188611
74085384
2417212251
2488481316
73579911
2357229761
73007617
74734795
73197002
73460342
72824269
74694913
75892294
2471713737
2539274113
80096402
72826641
73606208
2448825821
2525360499
2391356361
78867410
73768897
72890003
73503136
76534975
73422637
72536403
73358003
2580118929
2513047886
72642462
73496332
75041146
2428379420
2557943285
2496805876
79010560
72370620
75611059
81229273
73685145
72898800
73551426
72314117
2606341053
2544017686
73038729
75396388
73724858
2584037763
2446090156
2518487248
77389764
73838435
73719719
73532512
74055307
78224818
72901769
2564749191
76866182
2632395036
76357418
74532473
76181549
2615436188
2550605807
2485765994
74102133
73244343
74240373
73671914
73967849
74284075
74530075
2676810257
2608296242
73287299
73919103
73058687
74185084
2586065277
2654086792
2523659226
78039794
73228090
73541595
73409676
73227466
74772215
75519872
2706119288
2643534982
74533185
73856077
73208213
73181529
2630591354
2700221324
2565608703
74564732
77328463
72343754
76206865
73091883
73276896
74107623
2759958183
72117287
2697480234
73726221
74419075
73126076
2592867354
2659179313
2722742803
73380356
74412757
74322300
73344307
73759030
72161546
77734778
2790204249
2725038776
73113995
73232989
75152124
2757961980
2624389434
2695877332
74964271
72930186
73795896
73008585
73075467
73492081
72429976
72804258
2823214254
2756009148
73080072
77728557
73305781
2789795027
75352300
2727953433
2655604307
74635313
75262018
72604386
72775292
73106374
73186272
73708393
2787127744
2854602507
76999100
73223905
74680000
2676718789
2744784105
2816595278
73011445
73306464
73627757
74185726
78530536
73352670
73078848
73667388
2869873240
2800037312
73311886
74606442
73447777
2829207792
2694003597
2762835739
73681215
72554848
73677143
73095073
73941478
73379108
77882385
73197987
2821837587
2890224320
73255205
75571978
73152589
2718598077
2783452576
2853869419
73211465
73578780
73111521
73145403
73873796
73405513
72951012
72641253
2912358501
2846336484
73472508
74342585
2811274626
2881347171
2739880004
73820493
72921845
78297257
72679343
73488356
74266565
82653456
73175207
2937383945
2867468251
72730306
73217864
73807743
2751378670
2821165792
2891553160
74200235
73715810
74483772
83654205
77298463
77813633
73294924
73071874
2948150512
2885277544
73642305
73197281
73669784
2778478490
2912339164
2847083122
74460971
72853403
73522037
73255566
112597660
74251425
140716400
2975775330
2909349745
72896314
135220413
2939533631
2876949480
2811756779
123013345
76713437
100818257
74744363
84113158
72408442
74660952
74014121
72247858
3008574232
2944095791
73500353
72944575
72545179
2901627221
2834101635
2972808933
73506296
77127632
74785158
73097034
74913690
72791680
72870969
73658051
3038383976
72826146
2968650335
73304077
74344320
2926676998
2995009284
2859862965
73954387
75199033
74558627
73607131
74831107
73300058
73289129
80556961
2989509069
3063064943
72554535
73226316
72789477
2953871351
3020107336
2889627848
72705297
74014492
72784552
72657823
73197736
72764866
73077753
73232340
3020307726
3087087673
73523456
74788415
72711627
2907370003
2977128014
3049377480
73378537
72676028
73188389
74079540
72578932
73021851
72949643
72863238
3101905445
3049911057
72609136
72814774
3071996022
3002912704
2935679805
76145876
74580669
75106761
73563833
72525910
77179004
72999445
73626220
3128886561
3060793510
71676611
72457148
73194038
3089918234
2954399002
3029037958
72806958
73275134
73528504
72844896
72651227
82220256
72949511
75907570
3153969158
3092263588
75337116
74103221
73015372
3047338481
2983156611
3115455723
72074256
73082854
75930894
73800579
74077840
73535727
75162695
74790707
3190156448
3120336854
73830231
73246087
3136044297
3078172807
3013101816
73201657
77853814
73973979
72544166
72831932
73003351
71762674
72433297
3206564863
3141949130
71834844
73161008
74011330
3163881935
3033733469
3101359260
76580653
74021762
73415060
77703389
73255520
73340893
73657754
72819468
3233066778
3166516214
72037465
72527445
72107526
3114632234
3186172358
3063989789
73573289
73395828
72271478
73557834
73092265
73328838
74081402
73329998
3268895307
3202302878
74301256
77355636
3145073434
3210743103
3086041786
72534847
73417771
73365934
73116577
74184542
73870734
73118120
74976935
3284659642
73216071
3231001454
73577055
3237047608
78733709
3106812457
3176933884
73248312
71997159
75369590
75963855
74232497
73784891
72731774
72859895
73500375
3331959179
3268473046
73097016
75098677
3271193794
3142660581
3211748080
72822220
74890566
73505343
73588122
72169900
74096269
72979587
77865886
3366606510
3298372931
72099252
72824928
3304010802
3172828710
3239793036
72117009
72834844
72233324
73764042
72836673
73814776
73602881
76399849
3386675266
3318132870
76154354
73870692
72564281
3187994043
3325841224
3258239784
72523359
72227723
73352716
72361058
72825453
73301644
72322069
73798194
73618691
3345019972
3413965754
73809068
3281354875
3352560611
3211656387
95258458
73545589
87100917
73913038
82463265
74024991
73154720
73042624
74038797
3429811547
3360495279
73973901
73786818
3374551634
3309716665
3241623465
73663528
73315720
74961790
72989177
73137169
73643741
78117486
73749559
3378659158
74486424
3456472441
74008223
74104619
3268420618
3338743977
3410412399
73444628
73788237
75009917
74257312
73814356
75486510
73334500
73801972
3468481563
74256898
3414222092
74843722
75005725
3424147731
3286945599
3356575452
74192914
79176624
73431602
73461070
72823638
73776924
74000367
73181912
3500410254
3435995934
74382316
73160135
3448124751
3377113509
3310549977
74556666
73983327
78398791
73617095
74012902
73484486
74751863
72618093
3512364342
3452055388
72731298
72181941
72202879
3469182084
3333561023
3401800466
71786695
72968792
74591502
72796486
73658138
72790072
72706110
75318739
3540059148
3474118316
77379932
73452338
3486596452
3416337053
3356164776
74379319
73227163
73225147
73351238
73092737
72516116
72841932
75049723
3566909317
3495695127
75410415
73663311
74255583
3504925063
3437797625
3373247723
76159508
72844340
72588156
72588823
72566460
72823887
73504489
72616477
73117419
3589612536
3518341751
73728708
77079607
3524788892
3385698582
3454955132
72928888
73262757
73114886
79116366
73146775
72953558
76688590
73224481
3604155647
3539340331
72786722
72947804
3545837276
3410507512
3486328460
73725906
75551627
73666329
73785064
73787404
77624720
74350346
78215005
3631149358
3563150360
73586727
73479548
3505408440
3439681806
3583653098
78791028
74289629
74233861
75188325
74971956
73496517
73261010
73273203
72960472
3660962956
3601262560
76654764
73227225
3593681955
3530530265
3463886275
76036319
73208903
73947777
76938644
73136507
72959552
72770002
72542850
72411774
3618868543
3691168066
72553415
72886084
3609309318
3554805296
3488141254
73934023
72148408
73555359
74142212
72982486
76482223
72618947
73250757
73860822
73540129
3646518093
3716908594
74001538
3637507599
74290321
3507035770
3587758415
73598264
75401805
72992034
73105098
72998023
72860338
73301308
73569491
74688283
3746357213
3679911795
79100181
3599969736
3668335406
3535984855
84936046
78748088
73030493
73023857
72883799
74204198
73511858
72856149
89198771
72899845
3770548527
3705390683
83090909
3656309772
3701602928
74985668
3604859918
114577832
73191196
145633685
72578913
134651959
73822514
118635280
101711347
3829889159
3762715672
73388629
86490910
3762664694
3696993301
3626350261
73391266
75598472
73958593
73105202
73717002
73138954
73379388
76360422
77440393
3790242656
3860085673
73782700
72816587
3786892589
3658270906
3726953019
73154426
73232791
73308327
73186964
72663234
73012799
73554195
72676116
77446386
3822174234
3889961730
73122171
72875370
3825742631
3758251851
3685887703
78083260
77394760
74009112
73109894
73032025
72850190
72946799
75145346
74515716
3924107161
3850300531
73247457
73156152
3835210956
3777358432
3707736665
73037333
73323342
74889271
72828259
73162457
74743889
73966600
72447908
72650140
3957889512
76089424
3897505706
73774507
3803474275
3736403467
3874925048
72691956
74230800
72773977
72830153
72980034
77096137
72981476
75205565
73444060
74067266
3994246650
3932402299
73470152
3882985223
3755483170
73792227
3846807295
73028762
73172314
72916215
73624361
73936742
75589028
73306584
73513185
74043195
73771142
3978596730
4045974041
3917717022
3856590729
77960572
3829487158
74639839
73105544
73788514
75056651
73515047
73989754
72709485
73114232
72948616
4083942627
4016765629
3888564112
3956917570
72634166
3854269390
74026793
73493297
78314776
74275301
73480316
83851394
72291857
77021072
87555847
3993933534
3928132516
4060895267
4129836819
3866162429
85384618
119628666
114630725
165603222
185117728
163659835
194816624
177583182
203855083
227787123
4073000798
4007078452
4149758799
3874634640
3941059080
207446064
273268603
252037998
291604145
254204686
302094487
285994673
279217548
276020413
323249460
310256036
4025711786
4164293758
4097522859
3896012943
350858084
3963219884
312449689
363563162
345874701
328584353
331623976
389530029
375082334
413868512
368967337
409228339
432728471
391660765
4124627376
4054753232
4191606271
3989264699
3927784043
392989753
451171057
434245495
465232785
417829247
490693300
442946940
470565650
450288754
535830868
4010182511
4219151101
4147792953
4079450927
3942584837
527995776
573313851
529249640
511311942
542569990
571214157
621823545
567667113
534583795
621076855
610544200
3948153730
4092455929
4021703483
4161215744
4230277610
646235344
601756409
571021222
617961360
692853239
647565268
649467723
614876744
691102916
712715705
690473099
663015319
631967921
4250342282
4185294574
4051238521
3985252518
4121509858
688006043
758964631
712961466
719031988
676060569
755043664
775429776
730575032
693151870
766191168
4073189685
4146882276
4277237857
4212270135
4007097320
762977879
792140766
838994496
796354988
756822009
839644653
853585676
810233691
768674831
851656141
843550133
883887388
930265944
4297191824
4165532924
4234610395
4099881987
4037882387
885348676
849495212
913202973
927988047
883890232
833646850
935605162
908441172
1005326134
959337950
951341974
906958077
4133197154
4334238582
4268376177
4203637635
964773416
4064704141
996573252
949836540
905250799
1017308023
975660837
1041366084
1088553303
1039379806
988228843
1034667436
4209284807
4141097255
4354301038
4284681417
4077888961
1057032393
1014197072
971022343
1091113092
1051227958
1166052233
1122816163
1116177380
1071715003
1113709914
1093675296
1139554011
1053251057
4239707924
4376675803
4311314747
4176055223
4115485148
1179618972
1125201532
1199958197
1248438238
1207154990
1163739154
1201181888
1216765222
1127130877
1173510059
1262917934
1107689805
978268870
1046438743
915298925
850509657
1216630368
1337947647
1296016310
1232665367
1282841864
1280333889
1283660276
1151468770
1216859875
1340071075
1217457402
1064419824
1140353753
931279971
997183382
860865781
1385837438
1319427087
1208082570
1277902754
1259505800
1251651475
1176643356
1108369169
1317373573
1175902438
1349832431
1285677342
1229792382
1172381833
1146305614
1085098832
952207308
1021903877
886611620
1212841567
1199903080
1134755619
1067426282
1282684163
1142246694
1266282953
1337608585
1213465253
1151892422
1177633247
971469478
1091008079
1182563014
1117818180
906442624
1044859249
1172482947
1031364196
1271207559
1096848883
1300775691
1233136445
1099850925
1171323781
1144430103
1102402990
990192567
1057603852
1057377306
1194190654
990189028
922359430
1129363841
1233213128
1073266234
1197750323
1265701240
1064750129
1133343848
1108019991
1068630038
1030159693
964591392
1016708239
1154635081
1223341844
1090581627
955590383
1209389039
1041481696
1037215321
1244522289
1175041992
1107791090
1087758736
1025296533
988929118
924221702
1178419190
1244992670
1179712542
975022602
1115354022
1025719217
1048255266
1208608880
1142524108
1005552655
1076111757
1057092412
1002629302
885057661
969058690
1153985240
997683405
1200979240
1004398528
1149973898
1289581873
973023974
1109157328
1039770054
1179840512
1092462524
1037862345
971338551
843624214
915305845
1110301914
963358292
1067569320
1141063281
928702719
1005378848
992411847
787461537
927504006
857625868
1240123261
1308802260
1172879857
1108466216
1035661087
1076214729
914639107
961790240
1097952419
1033387503
897127665
942250369
879935131
817969852
753440770
1180884236
1253218660
1321538053
1047835697
1116042641
1046151418
885522529
935782940
1071038905
1004899449
867465718
842398841
772262433
910712548
700694008
1277840939
1213290261
1149419162
1345621769
1081840557
1018146512
838342275
1030842414
829440936
897813512
964274565
790126559
865004779
731681377
666342625
1376061620
1306591663
1098520709
1169797348
1236792071
813759617
996427385
1002721875
828680195
760169010
942399756
876117712
811340943
628446267
696359014
773234898
969510762
1118604173
1190123417
1393226097
1324967917
1260501119
796699834
731778135
598001429
845881683
985204382
782091728
913507620
670951634
749520448
938603928
690668141
556325690
766204427
630849777
950074154
818295079
750044308
883938942
1215106784
1424915289
1288938842
1356100630
1152650804
706598056
910756883
654502517
585836600
722163369
515854406
916001350
850069155
781452868
716360544
1446901935
1310224906
1244155292
1381463274
1179914315
674810409
881505675
608805174
480080309
548025571
684616383
877023621
741857182
674634579
811606125
1257337964
1468248305
1192137928
1334781992
1404023080
636048464
840384558
491884879
568996577
641505406
426995055
700829558
839610994
772362111
631691447
1491284522
1357115277
1427689179
1220549221
1292728384
596104818
807133701
518732133
590468929
452809945
384102637
796107251
587805369
728384524
660229821
556566980
1439829934
1507483331
767730684
1308428884
1376887198
1240615228
486207552
352370950
557942804
423271067
620539688
754884417
688696818
556357132
518902049
740994909
523426889
378727530
451645317
307496188
1458537250
666482391
600164205
1326353266
1534464749
1258497852
735961677
534302671
1397679278
458757800
705664566
450501979
382729773
310948376
603199566
540227260
685768950
475642494
305023308
1270887947
1541192278
1476191115
1341430235
1406742841
389474190
387560073
319899093
669932356
287573254
435537262
641633275
576648939
508225081
286744903
295561166
1367491836
1572010623
1505472785
1304198912
1438138107
282107815
261113738
251801368
641132655
529174935
460129276
603601278
403425738
229008031
217489958
201502291
1596987494
1519888948
1310222448
187214403
1456904337
1379156347
162332839
607287419
146932867
498329786
568415253
432895805
368314612
131610974
113339051
94384778
85719520
1461166030
1601278962
1326047257
1530928964
1392431538
78390066
586880415
453437123
527866241
72860758
329678818
398078630
73473279
73438611
73407144
78056479
1338288571
1482895057
1620278246
1414750630
1554544046
545810626
350122087
489020499
422370629
309811149
73461324
73542587
73517041
74459490
501543461
369761594
440170317
306269532
73782251
1501063372
1640991952
1576018398
1374983131
1445829217
301997485
73338986
73689785
74769936
442994361
371422473
305741574
73754022
298806644
74776949
290685057
1659245135
1595226135
1525452400
1390142729
1457428525
73634598
73654273
354967782
282298131
73564035
277312241
77156567
271619214
244895861
73887049
237736024
1678843674
1548837957
1615032531
1412572385
75683749
1485788877
220381736
73404567
213878007
72816665
203336623
187500259
74935396
169017532
72941441
151440045
73653920
145950150
1708323456
1643285660
1578400888
1436076258
1511279348
73228926
121970945
109266849
73442465
92824386
74700339
79429671
76619919
73229009
73064055
74334856
1722807784
1582858103
1453694840
1522058044
1663412899
75368731
74371579
77287664
72553585
72705357
74240498
73562984
87680183
73774466
77804333
1744876050
1606596826
1537829125
1472037563
1679761740
73963969
73098457
72865737
73211206
73031473
72105277
72807511
72898812
72729591
72835898
72493731
1612842276
1484207860
1765561291
1697272995
1561377589
76616531
72988051
73541168
71929782
72720617
74357380
73220011
73200095
72768797
72545456
72286617
1778178508
1577582492
1715794522
1648382622
1512083416
75854108
73435465
72416956
72853982
73643690
73506030
73833095
73427591
73406906
73640482
1804645684
74829860
1667363604
1595374776
1739529888
1526664272
73885431
75190340
72986076
73165960
73641296
72862110
72580057
73234400
77451582
72735580
72901351
1809674038
1667955736
1741374724
1599183193
1533643002
72162795
74435654
73281155
73718663
72940616
75541027
74519484
73109344
76915958
73330618
1756971099
1564898924
1833134354
1699855863
1635112079
72670258
73792011
73939975
72757471
74335055
73924675
72021729
73587202
71166523
73767400
72922810
1729639980
1795389142
1663048749
1862612045
1598576326
72760855
73466300
73528449
73255090
77411190
72368483
73328442
72976800
73159671
72418866
73778434
1822981428
1892150639
1760446859
1690547043
1622025496
72618515
72547718
73601531
78857293
75841316
76488627
77101923
73649773
73972463
74335563
1776763255
1913779483
1847709044
1715298108
1649815809
72701665
73223400
71678436
73352212
73387688
73462405
73275905
73990886
73582165
73363521
75096320
1676670116
1885598929
1747953076
1816843624
1955429422
72814127
72736753
77432512
72804545
74951256
72345394
72718583
75616918
74982624
73451909
1768259012
1698879473
1834741864
1972167951
1906349454
76058320
74217254
74636492
76587763
72391594
72226309
73838050
72580177
73270059
71932924
72622126
1721762131
1792461251
1927217718
1994723994
1862565683
72099267
72246552
73481650
72985143
73473207
73183897
73473533
73633768
73401063
72595555
72802570
1815247175
1750226513
2019850807
1959942662
1893091939
77746080
72082832
74241107
73790427
72998476
73953067
74254389
75874052
75392149
74847419
1767933167
1974747194
2049554141
1907048921
77511802
1839939704
76757183
75730440
74294059
74043688
71861118
73696026
72415498
72461977
73498578
74513760
1933057502
1864344282
1792948896
2007643055
2075086208
72121139
72886566
73160894
74222795
73680199
74162799
72473835
77452314
72312605
73421027
1872271008
2013160276
2082131865
1807892229
1945577700
74254241
73047677
72099361
73022356
72827749
73838241
73752303
73589756
77002796
72875919
1835768578
1967679702
2034427969
2100434938
1903470026
77883953
73657559
73050303
73759085
73945033
107930448
75792713
130380924
72964034
109110472
93923856
74497748
2125543196
1857456097
1993447114
2059972828
1930274653
82903444
73893575
74326071
72822872
80871633
73988691
73167139
73041298
73865225
73099816
2146259019
2076874110
1862473319
2007388537
1933477109
72722873
73560205
73947647
75136894
73303472
73695779
73307700
77112604
73666702
73707346
1941391076
1877879611
2077697714
76524194
2149759956
2013916336
73594863
73066355
73389164
73478135
73138810
73273109
73300034
73693538
73083194
73758987
72785732
2165228718
2105678674
2036975850
1966910650
1908080755
72978133
71309064
77449789
72403040
73343772
72206360
73155323
72773308
73262261
72927814
2193287170
74952632
2125178745
2054617260
1984112087
1911893048
72897494
76130939
73261673
73520225
73207369
73959660
124440965
81974492
170069703
2127653031
2202564377
1874678344
1943230669
2015200690
189609160
115942031
197456050
159334339
196894745
179719686
217543875
196155251
249646793
200527893
244100820
2098114934
2170947309
1962662706
2034548268
1899386562
266694500
245969021
280385443
313418703
291905418
252838134
325458361
361498002
300569123
337462822
2050656878
2118993191
2190149130
337154660
1990014456
1917114872
367570829
353025215
306479667
386116722
427507204
357675416
400401039
394871213
433845293
404317758
355449517
448774558
2076842301
2142502957
2010392506
2210199316
1943788185
411373769
485263086
449131610
451488271
498292341
458981309
415774753
513243885
479702298
563200142
518996443
2162680987
2099226395
2036258199
2233287923
1972670208
551250004
581361644
528056562
576911343
606656712
519371660
677066675
561247932
633290302
626088543
2183732318
625743372
2130141511
657407341
1953035306
2266117855
2062967716
646672895
599094211
684382293
582903320
740558663
695540115
637988626
169802895
681074191
732916038
711981309
219422724
676986316
729251075
767436674
655939865
242603389
773816189
820239197
723361059
749753090
281711425
302191166
816294361
797139111
803444801
761004746
319574271
848806678
734383593
335794836
897562009
853826675
815018751
802063094
345554566
349857603
877902569
857056759
843012166
776726842
357058942
735474196
890303056
360862432
850700145
917688014
788078510
776232186
373145484
380306304
853979080
833063618
817822307
750609227
387259856
861029036
701636379
383494593
887964814
815977094
759189558
740539677
392005688
398193017
793496408
829187631
400658121
715024935
783714613
655025417
839090058
407751189
855551281
789094818
725541456
403642198
717235056
400448467
764434250
796054893
409119248
754364146
682713690
613360741
419930460
813107197
416640394
822966725
754639193
687695420
678785767
420226619
431047552
732636907
756615155
653827819
722346820
584878584
433413035
775864076
432683869
790385907
722541151
652486412
647025357
434781814
437374207
696588708
723286669
672567126
441614750
607094557
538390315
740278406
454293178
609622073
678826562
750200746
603028682
454676014
452896691
652675080
685220353
460335566
631555639
492585853
563497883
694569699
468953493
574356758
649738792
717580395
473173473
567367005
470535913
623105839
650839634
472198647
597473993
527103153
459921106
472099650
664471888
481164233
674539761
537099346
604772316
532436394
487586270
583508615
493549138
620980321
561101668
490875041
426538653
492917838
629751851
492992127
644493433
508486305
575061802
494380412
500473141
519852116
560183139
589313487
445736305
520753597
384717664
517040540
600208436
515521594
473314451
540529078
608427500
465930455
516070349
521542103
529864437
552723492
480143717
531655379
425718138
358868736
566487369
536979102
504954601
575317365
440372440
548904901
439081538
544322289
513747195
489945217
427044321
552102770
384726287
315296148
523613597
559734017
390000673
455247143
531313350
568276362
391470328
567779907
433026556
562637788
377760417
489512694
335634829
319016826
581120872
500034664
582065926
338207168
497175379
430092147
364694942
588718131
320297299
391564888
596033247
295181059
469011483
595214049
288819531
472427072
279849615
609222445
329567779
469385097
399205936
279758278
616775609
239264560
618821728
230085180
413937216
211245465
629274199
426592135
195907125
615907035
185759094
423777606
355333410
169074849
632519868
330256531
159421663
643631705
144821427
380507442
123614057
649357246
398270291
109614062
654738099
89740112
322096113
397368819
631636206
77097269
328727534
652792899
72867560
343136210
76085602
668498567
350341022
72740958
677897385
322121097
73948439
305513896
687552474
295767095
674703559
79886408
290339280
72793976
687817934
268375946
76432248
246453734
702645373
234971989
73127286
714141536
221018135
75719225
198654167
716047925
72543556
182267578
700944442
163663283
72259636
715426927
157962627
73921343
721933516
143507416
72545748
119073487
729007587
73952899
98623206
84155571
743155351
74030865
719456223
76737474
73676074
72945147
738035489
77021776
73261088
74555055
762353026
76395485
76311940
773918173
75698313
73099619
782449270
72999504
76943572
759666474
73519995
75547726
777000482
72613846
74240960
784502296
72730313
73723355
72268670
796779012
73313788
77741735
799024793
73256798
790024932
75714105
72147833
72818315
809672888
73355966
73317061
818645041
73845282
72146455
71985951
819815956
72059013
77033368
827176520
72550060
72200416
816661669
72607143
73272688
822361741
72159731
72150491
834692076
73500369
73067522
72578270
849536838
74896814
72576295
855533226
72600780
839842628
73951762
72803369
72566732
857249309
72805549
75355834
73523466
861669208
73526950
73505093
879462146
72980665
72297975
889459938
71963656
72765940
873084798
73200214
73262834
877788028
76072415
73273477
895155398
74318053
77172549
900240840
73427285
73580439
73739643
924028295
73151168
888373332
74251837
73260885
75437669
920499133
73027528
74208373
939056508
74875301
72872829
73865178
955503639
75148189
74114120
967920555
74267454
936740289
72921289
78165908
74871119
960125209
73147164
73227286
970998854
73548520
72714774
981511521
72663226
75000592
999682265
73666086
74223587
956635951
73091129
78463054
980571963
73908276
73011533
991242728
73268090
74393156
72225312
1002341414
73356413
73055279
1013627360
73988460
978857725
73222083
74065981
73575953
1011344371
73056540
73426941
74591548
1021040677
73282810
74041326
1029401475
73482620
73380972
1043085537
976800013
73338995
72970257
73359737
72545660
1034377952
72315480
86005738
1045051451
90868681
74547702
1057729939
82796460
72886714
79663496
1056692794
993969129
72430976
73411316
73763113
74800661
1057276271
81813622
73881280
73954343
1068962396
74951296
73812418
1085864819
73457035
73006538
1093879047
1027844725
74675200
73468644
73404932
73672324
1090432555
73144514
72975894
1095102329
73779106
77045921
73903141
1111321535
73312214
73039536
1117489531
1052463927
72843898
75136251
73240058
73466594
1120262128
73067850
74070071
1130971670
72947084
77745654
72721064
1154371241
74031856
1148964582
75785634
1083936402
73595884
72589623
73132839
72752560
1161563693
73764591
73504806
1162697386
74493351
73935373
1185986160
73524269
72926073
1112103139
1181266920
72953333
72866673
73414533
73639203
1185020286
72750218
77249433
73466545
1192773108
73353842
73123923
73745068
1219148477
72523402
1140362838
1216024059
75651636
73868334
74590296
74012494
1220700734
73963923
75079584
1223743477
76971420
75118841
76512264
1240685820
74503103
73052525
1160259542
1229160610
73659164
76066975
74324803
73599921
1254750975
73886996
72940636
1261062772
73086530
72982578
73762107
1295086142
74316990
1261196915
1196653706
72397149
77712290
72587222
73212163
73736497
1288912710
73039150
73051745
1281100219
75003519
73260691
73510460
1319321580
73199589
1233964643
1301449894
73350750
77415210
72626878
76626576
72701711
1316729347
73660139
72878072
1306024975
72676075
75143414
72823210
1348496894
72660975
1314102813
1249620859
73280239
72429400
73005227
72876958
73227430
1332013511
72554983
73771744
1324712300
72769207
74284723
76193749
1354719941
77834273
1263515030
1332951692
73535107
75101198
73729264
72711520
1356525798
84426904
74484075
1346437010
78952618
73376191
72890899
1379832217
77073312
1271772714
1342930875
72483140
74058310
74287977
72598276
73478338
1380873775
75959395
73925016
1379656482
73611515
74085823
75355470
73526433
1415338151
1300736814
1368660134
72686905
73680124
72708240
72606407
73210606
1400834783
78007815
73334961
1404455527
74902698
73324956
74382840
1438939910
1324597866
1397312693
73016274
72621017
73901723
73402988
75658053
72831279
1444288999
76287436
73363546
1440714834
72910721
73290531
72664053
1469552486
1345008399
1412931059
72715732
72548707
72741586
73370280
72702312
72917091
1471571823
72995272
75186688
1478776610
73739271
73358902
73886242
1509108383
1378894563
1445610359
72026434
72586072
73396046
76717278
72837608
72970224
1503427646
74045580
73644155
1500878523
73992304
72250281
72631956
1528523125
1401055777
1470308448
72425259
72036841
72453712
76501626
72899259
73480619
1529927682
73402734
72481386
1528909590
72358256
72498815
74135737
1558273364
1424621245
1492843150
72947673
72593141
73893652
73025093
73041460
73129976
1561322223
72757169
78470705
1557172926
73743153
72736583
73780059
1587255952
1521063015
1452874492
76768590
73269442
72993623
72857140
72562296
73216532
1591069550
75324235
75298285
1592830150
73978749
72844922
72910686
1613007275
1544364800
1478506384
77180572
73214462
73115744
72497888
74112597
74710750
1615633638
73583240
74256123
1619487516
74345233
73831908
1575248379
1646165721
1512199101
74349246
73145160
73828643
73434438
74905602
73996171
1652409252
75469009
82323428
1654469665
73801808
74101239
73891866
1614529596
1680679871
1550430039
73118621
73160716
87993970
90136112
73701153
1678119509
81013334
73657901
72834079
1688845719
78320270
73984140
1628841934
1698815408
1561869393
74540117
75941203
74182627
73613172
72596134
73380672
74013080
1709334867
73006844
73356518
1713346531
74284334
73500729
1721360062
1586410225
1655898151
74319335
72601607
72811908
72874300
78531865
73131098
1727490006
73474679
73305715
1727599508
73777850
72920581
1745554220
1608810464
1680829667
74355395
72907845
74992624
73755614
72960407
73562547
72841983
1754287692
73773909
73262468
1746714777
74092517
70201428
1688890191
1758716627
1617404038
75140386
73094312
74006163
76663188
73378964
73606618
1764328031
73093021
73394756
1764745918
73060863
73086174
73587797
1775549235
1705690938
1642479543
73786321
74260565
77577678
73431933
73439718
74042913
1787029444
73454641
73062120
1787958127
73261508
90660136
1800424115
1665713412
1735154079
73018689
82207200
75485612
82803889
73630409
73396740
1816852263
73839208
73687114
72945958
1821742872
72443441
72947195
1830630595
1695799722
72863148
1771046040
73466472
73538315
73286778
72848461
73659685
72217126
1853375010
73213356
72878069
1850904742
78232626
72989636
1718208033
1852884822
1787898364
79876226
75946921
73890128
74588412
73320570
73168692
1876891653
76014545
76461380
1870458502
73473859
73474491
1800720027
1870638699
1731686838
73110037
74386188
73710956
73785090
72380786
72716108
73499388
1890935332
72831956
73845396
1893872635
72913978
73605893
1891331983
1824835504
1754536166
73474710
74409173
74234549
73719753
73238646
73486045
73365267
1915192503
79192345
74376695
1915043327
74212021
1780018729
75866937
1847345198
1913988509
73409027
73911275
76163928
74099616
73303096
73431885
1945466510
72981026
77517303
1952191574
73334297
73109544
1870012900
1939501970
1800449944
76476001
74264979
73388519
73467609
73070424
73586920
72441235
73307259
1979861924
73433582
74377669
1976674012
73403295
1830684850
1902216043
1970018116
74892338
72757983
73034893
77489449
73163575
74742762
73748761
2012302260
72986305
73107017
2012651548
73510612
72877621
1994753332
1922352859
1851568199
73248909
73897384
73141482
74180043
73170031
74111873
2029117279
73023466
73392855
72686734
2030747115
73612039
1940421351
1871511085
2014230542
73324215
73520902
73616709
73205128
73131761
74322615
74077949
72533146
2062942284
73471234
73561885
2055980346
2023606235
73416735
1958263122
1895850798
73168759
78819333
73696816
73380788
74371836
74439726
74177933
2088358948
73571247
73510153
2084255343
73780494
1974003297
2042767917
75555787
1918437606
74616193
78271899
74520742
73192211
73729360
73800400
73851406
2109566190
72500213
73497609
2118238533
73265768
2014086757
2079541475
1958398093
73508088
74622950
74179008
73732200
73005382
74883736
73586373
73654902
2142204845
78605849
73056559
2149406997
2100104630
2034698361
1973278305
76739282
73183188
75104212
74175022
73039603
73216316
73863122
73019452
2168852273
73491735
76918338
2172664285
74199682
2107586570
2037283556
1979110138
73785049
75193531
73478628
72767297
73998392
73441052
73578671
72625498
73139038
2193760415
73384239
2052822444
2190490004
76722046
1990418479
2131705979
73407030
75870868
73199750
73769756
72715853
73932461
77591907
72793902
2223446421
72587156
74647599
2141473941
2214888677
2079377673
2014634103
72451807
74315402
72606847
74107186
72671651
75413914
73664907
81061595
73036686
2244072920
75098607
2233564538
2022783638
2161040921
2096959670
74987041
74041797
76294921
76394298
72871083
74249137
73035156
74031803
73318224
2253203552
74769092
73762330
2175267248
2105379928
2252389743
2036948037
74383269
73070761
74411591
78824258
73443157
72897747
73435250
73039075
73984142
2268491058
76629850
73380874
2182885282
2117704219
2258572493
2056680261
73232225
75008755
73173864
73430772
73996988
73935980
77242359
74526805
2294450131
74352360
74030186
2074717329
2148118561
2287719194
2219722340
74255569
73402512
73124176
75060023
75021097
73879483
75102398
74915932
73139499
2323065629
73269267
2305170739
2238053560
2100103315
2171112653
74152934
73279510
78044133
73713197
73361799
73468132
72828981
72334679
73607921
2347973513
73975387
73409614
2318332942
2181541610
2256422287
2120783262
76056517
72851284
73479981
73098335
73875643
74517935
74248660
73457178
73693691
73944965
2384279327
2327600583
2271159017
2207994006
73703822
2154060562
73848006
74331502
72586679
75486918
72542768
73138998
72751063
73061242
77398988
2412497858
2348922766
73363850
2286021411
2223727640
71885141
2165845806
74216727
73083745
73811580
72825545
73486500
72640668
73026250
72817494
77410313
2432264890
2369839998
75845844
2307807760
2173804295
2249398848
114423060
74115063
137461238
73668579
124362759
107541522
73119877
88477708
73448920
80044572
2469283661
2214209104
2357000171
2427188261
2287229137
74141347
74759370
73928668
72384220
72701442
72600900
77433961
72412576
72902632
72878579
72848219
2439409168
2511473241
2369789787
2293980124
2224233429
71914347
72699033
72771553
73159467
71859302
73518328
72442533
72666532
73355967
72665822
76259820
2516065928
2444393810
2379988327
2314396016
2245331200
73477429
72464788
75299084
76684699
73537849
72976175
75274216
73483959
73338483
74068413
2260472549
2537664936
2328646429
2469642514
2399679841
75022871
74287333
72594105
72750544
79009750
74221503
72924316
74012376
72551955
72896816
73027160
2427201404
2497958483
2365538567
2300175861
2569516670
77573323
103225580
73319514
129126826
114821091
74246573
101466609
74461186
84844383
74381995
75793587
2514970602
2594671117
2328472815
2464652765
2400099852
73083839
72935261
73374574
72849599
73460483
73484916
72800180
72624834
74672216
76137405
72139367
2550310731
2618528444
2488456019
2354012261
2427139538
76801634
71881467
74237269
72387379
73498481
73789811
73052045
72482358
72662173
73417701
73057135
2565979091
2637687401
2438388789
2507459541
2371362636
78420812
73459775
72531637
73291904
73267133
75255187
74545839
75213639
73489476
75008700
2525768431
2600673698
2398862773
2465094489
2668411537
75209654
73565321
74134270
73222889
72612291
73252563
72895086
72841946
74424265
76125740
2690660857
2487145862
2559976852
2626648020
76938876
2422149690
72511369
73712152
72217977
72415622
72449245
73216844
72761096
73184398
72964688
77160713
2441377409
2646762396
2716157574
2583146293
2517320445
76939544
73239882
73828125
72512837
72134500
72941178
72932968
73828971
72997780
73247992
74506794
2741920608
2538714796
2611106052
2679020368
2473393647
72237797
73110808
73141670
72522774
72633931
77362736
73342185
73228106
73311696
72835334
2760288570
2625703016
2695021958
2491837795
2560821058
73477733
72783434
75525190
73371304
73853215
74262371
78474806
73030509
73977640
72657805
74227389
2785992178
2584457696
2519325740
2719981741
2652609035
73378744
74384328
72901431
74160977
72885477
74161454
73817870
73246795
74262067
74077762
73414595
2536182305
2814165156
2616498352
2685537026
2750681875
74150500
72694903
73811750
77901172
73508373
73607384
73846258
73050898
72941198
72445912
2693746507
2830665468
2551634200
2763937584
2626441026
73752285
73038837
75158128
72997404
77573054
73510744
73615255
73130626
74043005
73224452
73250830
2560652223
2771215925
2704348812
72298389
2645662344
2847537122
73149967
75344106
74305223
73875580
73728797
74160572
75023548
73370251
73448739
76216626
2711776179
2854838546
2655578543
2797826531
2591015899
74404503
77557202
74719482
73406826
72976635
76949614
74263057
73145800
74090543
72659424
2743258693
2814855523
2680060621
2887096377
2614681390
74796126
73325484
79182125
74395171
73995360
73230942
73435282
73907582
73271202
72638395
73794770
2823817502
2894634000
2762068662
2694451950
73717836
2629147242
72442920
74715763
72878585
73645355
73303516
73141917
73993752
73706173
72220581
74538371
2848521787
2780405036
2920420679
2648861461
2717044675
72522407
72427921
72441264
73438017
72990400
72886365
73240048
74630900
76818788
73008907
2879028042
2945648021
2746934389
2678649033
2815208942
76704768
73479747
72538080
73927040
72104060
73312517
72179065
73508621
73037607
72924466
75073343
2968881295
2900932758
2700431542
2837098204
2765743359
72640281
74612084
77665802
73437695
75049379
73750731
83004166
74862895
94641496
74586061
2719273914
2861346045
2794062983
2996308091
2930445543
83819937
74841709
73322261
73755050
72925264
73836814
73222398
77405553
72967631
73839190
74049697
2883933960
3020105194
2816399948
2956190985
2750667680
73372487
73123882
73673895
73701927
73752388
73190773
74735312
75184276
74426571
74020424
3043407907
2979799374
2840499814
2772043279
2910457964
74505112
72734056
72458397
77350004
72965397
72973357
72921061
72573903
72766999
72503415
73643990
3057406023
2852980669
2995753629
2791000406
2931610605
73428266
73001681
74063104
80125170
75330292
75200480
73045939
75527437
73933920
74374790
3014960198
74350287
2823344785
3090330608
2896267451
2962274664
74027640
73563416
74189048
72704249
73243075
74093445
110009983
73404981
139354634
3091578739
2899782571
3043671763
2978208451
2851385892
76783391
124615065
102090466
73357907
85933771
72341169
77738346
76857366
73338046
72901586
74202426
3055359835
3125358844
74050183
2990173035
2925314088
2846993246
74260731
74134388
76290052
72710576
73752610
72649333
73029804
72881394
72769571
73327545
3122948303
73327633
3063091056
2994821606
2930658615
2876868853
74604153
73176759
73119569
73821175
73280395
73749894
74133091
72983322
76998865
73225534
2935658259
3144074156
3009389912
3079028726
2880047945
74217852
73199339
73605085
73633707
74029045
73352705
72920251
73984930
75673818
77161017
72983247
3102985441
3039011394
3171718072
2972223001
2902971938
73701988
72631947
73943774
74617395
74140498
72520944
73158266
73441044
73391553
73078028
3037606214
73670979
2971282932
3188706668
3126253327
2914733818
73065017
74580291
78200815
72818786
73453124
107610185
78362418
139806455
73041439
118649940
3126731169
3196560504
3065568909
3008989878
2952573730
74051200
98567014
84657569
73972294
75211359
73766958
74458681
74902377
77927259
75068394
77246209
3158955653
3234109925
3090653960
74460167
3024039966
2956065165
74327472
75041937
73301748
73224515
73496513
73613428
74414488
72681814
73958745
74737244
3244542096
3181204109
3113910905
3047755151
2983640559
74433580
72955600
73341115
72831748
73635136
73059992
73586300
73234713
73330886
73326663
3263966864
3122589365
3193814410
3060580838
72661260
2994534787
76220755
73127532
75170577
77455371
72586090
72264413
77485746
72281401
73734906
3215911332
3153814852
73401436
3288898905
3023988368
3089375425
72486238
76596757
74967521
72687340
72879930
71392370
72922334
73104013
76799962
73030594
3237343280
3038058139
3316336830
3112946682
3181477021
77864108
72738439
77253312
72813562
73473869
93627706
76456475
78620619
72768869
73421940
73536652
3327053009
3058588966
3264753103
3204261052
3136572957
74263518
73298020
77780582
73784859
73790530
72679194
74901550
72583624
73476544
72039506
3358459832
3224285827
3297421280
3158975906
73890726
3099403441
72327462
73969508
73048671
73086383
72860019
74155193
73778067
74637984
74499076
73461438
3387865789
3251359969
3323896222
3185881011
3073435765
84012561
73852389
77230228
75066398
79018006
73556411
73004387
75443893
73337839
74212568
74352666
3358426237
3226684784
3090211116
3300633350
3159307966
77315751
73125318
74375505
74793426
73775371
72801266
72844581
74842059
73749893
72681222
3114162958
3186695768
3391827033
73794701
3259656344
3325889698
73343891
75603752
72844398
74733432
73771566
73468350
77368445
73808217
72524086
73257501
3208657829
3423088016
78851393
3356427322
3290652981
3154554174
72314876
76529847
73623252
73506326
73700073
73749899
77896485
72705577
74206240
72435564
3223449047
3443866773
3310565584
3382307782
3179269868
73360835
72595267
72508979
73608016
72572562
73299096
73313795
72683812
72227437
72835503
73107078
3251283908
3460859050
3388891449
73585261
3328844511
3195240942
72832657
77372968
72977806
77497744
73354243
73314829
73649602
73011224
70882351
72943033
3487481173
3344779293
3421051358
3280712521
3215231580
74242596
73227991
72607230
72990128
77373099
72840945
74617248
73734600
73661975
73075238
73384415
3428665751
3233192101
3372147787
3513181314
72723071
3319207041
74669749
72871307
74296683
73015040
73379463
74874925
74184064
74139451
74133747
73063210
3533382968
3340658729
3472433693
3408175319
3278348785
73293466
76535461
73012694
74008221
73105200
72553542
74333889
73269682
72851835
81336190
3505770626
3576448484
3436146515
3368632243
3303522507
89321622
77925844
76240628
73330982
73747141
72822356
72612343
71460749
73665452
72420986
72675300
72706755
3605082959
3537113414
3467333059
3397466979
3329265439
72994866
72855365
73434572
73317551
73372985
73034876
72673375
72229049
78078091
73876390
3412049876
3486429132
3552829088
3624984830
3348073392
73170113
73849172
73313917
72323747
73110892
74145654
72901114
73367524
73646381
76709766
72706976
3426914545
3644116556
3576563089
3505158282
3370175766
74654939
73693224
72759180
72494744
72962596
72838451
73028262
73120151
72868140
72719380
72360292
3525023968
3668284420
3465485358
3401032508
3607307742
73359119
72972130
75728621
76992060
77654726
74006186
72960925
73090127
72567182
72545356
72242896
3695777739
3631400608
3434654715
3565012291
3501217739
72504188
72857900
72985401
72622432
72211673
72373533
73461822
73512681
72955729
72929050
72909549
3731622809
3666968144
3602972749
3532721617
3465600878
74053024
72444171
75267678
73030272
73246909
73244190
108661520
72862758
141251274
72822462
3764094564
3699587548
3635266372
3572956982
3501525579
126393780
72473892
120142876
72550525
113033987
72920591
98406793
81908123
75208195
72283630
73389739
72548179
3794803761
3728958076
3659963250
3526845705
3600267982
72741127
72701163
76972361
72960347
72848639
74112793
73332787
72986114
72209259
73109318
76619271
3679400562
3756838325
3549261624
3825072694
3619305308
75324202
71658400
73614450
70506314
73043729
73082215
73139227
70370909
77733386
74488771
3776087438
3846586782
3713548929
3573958589
3643291071
76178711
73476177
76031640
72084454
73366953
72735801
73061248
72684182
73184699
77846624
74014482
3733426297
3801338477
3671870022
3872004793
3605811406
73398680
74273598
71993409
73662259
73161497
72553388
72716138
74084414
74852157
72681363
73372310
3841065881
3773390488
3908477229
3705001050
3635634372
74043850
73018953
73867524
73563301
72942596
74367414
77088985
72991861
72853727
73108909
3858831902
3791299840
3928889986
3721508071
3656071763
76036291
72957821
73392741
73975063
72464709
73308261
72895891
76794919
72761680
72995113
73657196
3947527723
3674721349
3885167705
3818635450
3750486431
76068276
74898830
73150916
72527248
72744844
72393162
73894485
74863726
77067994
73072125
3970502772
74075014
3905963876
3774984875
3842906065
3711830553
72802371
74405880
77333126
73359810
72490308
71827078
72896534
72011545
74759526
72283620
3793021681
3996877388
3867644145
3940162701
3742849006
72725763
74032782
73059407
72334787
74527348
74194782
72932243
72752145
72954573
73065716
73002497
3803155362
3967883891
4035133448
3906277840
3749030474
73263672
73306726
72696919
72615314
71236014
73019778
73054894
73710333
72166944
72983611
3976195248
4043516592
3911919611
74016753
3847693700
3781257178
77315946
74527601
75479679
73607608
72480955
73423109
72990787
73846975
74084154
75158971
4003797755
4076612865
3875767109
3944844188
73554062
3818788987
77530209
73787852
74582851
73713213
72981266
73156893
73444571
74173224
73712668
74478920
4107087134
3970645082
3901748764
4041385744
3843236011
73723655
73369717
74239952
76122225
73668485
72779416
77045131
76081883
73755325
77791500
4123654543
3912871029
4057957112
75427146
3848929103
3989780089
72509577
73802176
73510648
73887070
73791255
74134756
72989169
77276003
72646233
73524881
3994892850
4067416327
3933091721
4136423252
3874742442
77230862
73993619
74573916
74009676
72504507
73932250
73192600
73344099
72559860
73410493
73939265
4114284211
3906032082
4183780198
3977889304
4043722536
73824762
73868353
73865644
72745418
73713306
80784176
73914490
72584408
73902696
72478074
74165611
3982436418
4051450802
4122685030
4193970600
3920367036
75363511
73778177
72856742
73981713
73029743
79061171
72908213
78290434
77159584
74185179
4004618723
78490099
4076636572
4216036197
4149190319
3943116093
73342604
73379308
73894161
72997417
75022932
72792913
74459857
74278735
74153873
73331248
3953658289
4025553996
4164913754
4237318133
4097712906
73571012
72982174
74351012
77011579
73771407
72675829
72954355
72689438
73901358
72410506
73934677
4254025094
4191392849
4053010063
4122538087
3983993142
72929334
73898836
72709544
81529640
72639746
75973301
72955766
73728348
73110367
73556135
73230497
4283799468
4076558702
4145221516
4011139977
4217006896
76917726
73731466
74026638
73018048
73044397
72861050
73751430
72683003
73194899
72602107
4172137559
4243859248
74697245
4135168019
4315149664
4068958713
75720104
74290820
73139953
73174081
73541175
74360712
72678906
73683349
72434762
78472587
4081319367
4222247898
4152973070
79656300
4358139044
4291059134
73604521
76199636
73112957
72684276
73984730
73671698
73261210
72590612
73102810
72602404
4380526857
4310902402
4174921017
4107767384
4243990335
74969758
73148182
74743023
73069772
72990642
72461256
72877287
76880594
75425870
72855159
73788965
73287840
4204759649
4340723756
4403484417
4275770838
4139213303
73943315
72352276
74092493
73107357
74524713
72706669
77952449
72606402
74165966
73044594
4352295262
4218210325
4287704998
4429658735
4159743512
73937467
73173219
73727585
73841037
77116235
74530087
73572941
73746164
72501381
74068303
73313199
4460611295
4393583914
4329391283
4262589880
4195017796
74006953
72579472
74795138
72493057
77195974
73776181
73205743
75191092
73638407
72870787
74809689
4279794361
4427036328
4355525746
4495117924
4219958220
72667607
73893030
72133935
76064551
76801066
73443544
72300786
72579570
73127285
73225680
4513838047
4323219067
76423581
4459068604
4393718034
4259936710
72375230
75350838
72586491
74777316
72488035
74271544
72680639
74153720
72835626
73750644
73672972
4547833079
4342706456
4477357326
4413129216
4277857812
72820169
73111852
73732388
73666839
77071979
73099238
74762325
73568856
72981385
4571642332
74002383
4501679823
4438497380
4370120415
4305239197
76880157
72866905
73019527
72736132
73933199
72822901
74833033
72622679
73939864
72822658
74111143
4533700565
4599951236
4335711676
4403532813
4469779027
77627185
72814567
73798864
73650405
73698801
105383008
88089491
72881102
81614000
76277927
4558216089
4633284252
4349539756
4492348603
4419798478
73700681
72870297
73280577
72633903
73099935
73169994
73339300
72595910
73342705
76962603
4507961553
72650383
4448315500
4649000759
4382275498
4584010242
72768449
73169107
73229555
74438376
72570972
75096870
75073501
73530695
73420631
72980954
72196236
4617989675
4478527002
4683624660
4412652892
4552058187
73033029
72982767
73247115
73215406
78418827
71969163
73554787
73620043
73794894
73696633
4505604576
4575345195
4643257700
4708929813
4445524566
73490726
72498792
73284304
72479575
72845080
72939774
73721616
75655546
74489133
73404698
74505168
4673274506
4476105763
4612389837
4546980656
4748188277
73704717
75453743
73717740
73323767
73590669
72946907
73398244
76043244
75124088
74470326
74901520
4708488531
4644692787
4580024579
4507013298
4784962025
74419404
75646270
78366922
73888879
73042507
73660056
73072764
72910699
73334330
74431253
4798374834
4598526029
4668516270
4528205958
4737299684
72955244
73459979
73299965
77106024
72754825
72772590
73914539
73197163
72459450
73177334
72309604
4824901824
4754203472
4688666477
4550036692
4621580293
72749571
73268628
73445480
73136219
72974675
72836136
73626053
72473030
73588218
73214595
73127219
4773812610
4714150147
4645274302
4579268765
4847658512
73186524
76317088
76994276
73359122
74135759
73607537
72746696
73392711
72834250
77577990
4794686593
4662856545
4593189991
4733519996
4870998930
73456590
73089872
73777728
74109179
73607204
73287019
76460917
72926745
72875452
73058308
72906417
4892434322
4778476436
4647524481
4718150442
4833830951
74613963
74176059
74738570
73835533
73524517
72976383
72976890
77651933
74129659
73050495
73990225
4869507740
4737691618
4673788153
4940786855
4807262364
75816837
76874780
74131697
74193773
73094845
73461506
74718802
76450773
73153915
73464366
4829983472
4897926343
4692231937
4969921791
76864366
4767209657
73708978
77560199
74637851
74717333
74037672
73888846
72799736
73343044
71902274
73005233
4712842182
4995749082
4857424449
4783034401
4926266526
76730723
77594964
71871909
73417519
72703655
77462699
71886560
72955309
72359348
74287754
72009728
4744452630
4948572201
4881249731
4814571472
72649391
5023703588
87694286
78481324
71980165
73848989
75199307
73568144
72407042
73813254
72233911
72550890
4833084863
4769504904
5045912972
4907705758
4977755768
75288866
73491981
71638721
73738813
73306985
73612668
73549532
73399240
74935092
73323611
72933422
4867866047
4936182449
5003562382
4804214624
5071949286
79143689
73986003
73555594
73657933
73381439
73254696
72980746
73456953
73477616
72796277
5092974648
4886877673
4967501097
5036691517
4824392396
79251459
77739707
73714827
73566787
73222644
74585350
73878225
73374958
72527999
81694771
72863175
73569838
4923657895
4849009773
5063994619
4996885841
5132532569
72549073
82077422
73437962
73443510
73589054
77102968
73737147
73866400
77526885
73321881
4864568313
5003033904
5073970015
5144705764
4939974181
73224169
74121297
75795586
73792858
72877978
90070588
90634748
73457262
82534295
73454405
73350436
5086957207
5159054061
5022200512
4958334120
4892715337
72949679
84146408
77225665
84788676
73882401
75300959
73225616
74049695
73714768
74096566
74878424
5061649174
5129444230
5198774160
4920283354
4990788582
74264410
73646994
73601557
72553700
74797415
78057717
72713074
73390413
73348015
73635868
73602681
5142645036
5214336053
5007531137
4939894466
5077241910
73733294
78304707
73616874
73959644
73377720
77567322
72956325
74335125
73650162
73277630
5025474183
5167528045
5233737248
4966443972
5101006885
72895947
74202601
73708461
73720771
73262846
74389948
72774566
73426900
75845083
73759744
72929112
5127204095
5194460464
5262941550
5061411457
4994962309
73663973
73844658
74199206
77745051
73945645
72791422
73541075
72365504
73729034
72696860
73331945
5076453931
5145169869
5011543265
5219081745
5290158660
74722020
74911537
74094076
76885714
73091699
74040293
73371811
74427209
76940055
73568010
5312338238
5245623236
5179050298
5112941707
5043544706
75056301
73329480
73115077
73227061
74035314
74752750
73963178
74176693
73902018
73783672
5124477688
5326115681
5066584070
5198137683
77969556
5267581688
73973196
73218368
73107669
73343803
73455788
72838429
73150933
73084620
73149409
73156235
5221323391
78350602
5355755996
5290777304
5080139370
5159022517
73050473
72245207
73094284
75557927
73313156
72415194
73632777
72466692
73983427
73975591
5371681677
5174559726
5308366005
5242449547
5106015507
72574830
72882347
73043270
73011926
74042303
72380739
75132513
72541837
77396540
73087864
73437479
5122132187
5262405179
5399342162
5197714481
5333302007
72855262
76658604
73125426
72591283
73643871
72728482
73384345
72913967
77480438
72964084
73787876
5294742990
5429859880
5232267677
5368345063
5169532489
75339996
72966931
73053311
75149027
73699869
74079537
73092425
74000841
73371215
74044835
5260293834
5464737550
5396924739
77437941
5198988518
5330821752
74825367
74173632
73467871
73033699
73316983
77391776
72020722
74840779
73778787
73243383
73846726
5354930598
5426710663
5287112980
5497728658
5226211606
73691551
73694883
73267850
73682235
74525930
76629069
73213602
73128677
76794836
72595443
5520193852
5244110103
5453265544
5314993682
72892550
5392187894
72654839
73190397
73188842
74468206
73252024
73308247
73526191
73064015
73043696
72762845
5376480603
5307389950
75721436
5239760441
5449347172
5547364366
79669333
77450675
72753569
73650142
73154745
73971679
73029423
73522400
72721198
75395462
5461410893
5326678278
5399083071
5263361743
5537926721
72960575
76909679
72306072
74226509
72623337
73567873
73339135
73056513
71761546
72932515
73386186
5494506951
5428043509
5565252038
5357508885
5288022574
72846436
72367598
72549295
72468619
73152364
73238108
74118432
73196726
73005927
77627933
73526981
5516169512
5448141912
5587119144
5381459608
5317506951
73196334
72993790
75471093
73128165
74115658
73159929
73280729
73054997
73071411
76384115
5413061924
5548113015
5481755590
5620527140
5350122876
74128807
72936118
78395096
72356646
74647768
72529381
72816211
73645932
72918504
72519131
73188535
72411524
5585391193
5517689673
5448973877
5655795598
5384061415
73205853
72469681
73724675
72791830
78229032
72947473
77349080
72293134
73989231
72330934
5536587265
5470355485
5680802182
5610365041
5403826919
75772025
72670378
74772463
72941790
73237996
73140255
73424381
80080265
73438224
72759656
74096287
5689090531
5623692482
5419834775
5554523336
5487409682
73164966
73958440
73412920
73371947
72950497
72728435
72754135
73090632
75259173
73272447
73581279
5591594473
5520634443
5729267589
5664848519
5453626132
73644393
72899027
77948719
73446375
73341455
73767482
76884946
72551187
73528398
73345044
5675239208
5469039569
5746023486
5536818498
5616284794
77706621
72687893
76325517
76261016
72937082
72731867
73275802
73372612
74009762
73436015
72892853
5690727685
73612566
5571245833
5771406426
5642623531
5517056509
73085915
73195487
72384938
73534886
74608104
72888219
73356569
72989984
72907146
73478980
5803299466
5738914092
5673305040
5605907329
5545131310
77616565
73686689
73160686
73785539
72908741
72416604
72625271
74367207
73425120
73227880
74336436
5836421033
5705730777
5772800639
5638241844
5578159292
77256721
73007276
73035676
73921626
73363515
72905437
73314762
72932863
73422031
72414537
72671692
5739653049
5872127812
5807893744
5675652158
5618255802
73651472
73939794
72623249
73082870
73565614
72995163
73543000
73864690
77753471
73526175
75081221
5913272930
5845637571
5778955050
5715353672
5646926668
77781594
75026882
74776488
73156704
73428868
75310231
73593521
73556089
75618642
75017944
72625504
5935007447
5727149298
5861326144
5795382114
5665966263
74259676
73092313
73791445
73223332
73136864
72111530
72954559
73928054
73488654
72653825
5892685629
5827007993
73605592
5967218532
5756332638
5692408985
74626447
76288827
73505059
77145986
73515459
73054028
73545385
73506608
73903720
73318245
5979477396
5909210694
5843382799
5775253839
75611912
5713360762
73056126
73923342
75452963
77761042
73826420
73422924
73182210
75124677
73688578
73079627
6005090516
5939094768
5872893428
5740402424
5809330502
73191861
73732032
73047430
76866878
73097346
73312076
73475371
74314103
74087288
72688760
6027226552
5961617359
5895217412
74815532
5830037577
5763024828
73277097
81452015
74479921
73002651
73102192
72412309
73740275
72195868
74393525
72583854
73962856
5792494413
5926291366
5861230496
6060111028
5994640944
75199225
78148264
73592499
73124910
73855909
73271599
72686563
73518637
72544067
73099016
6082263282
5882439256
6020626124
5954923241
5821412581
72777323
74652647
72694825
73580388
73574792
74050471
72791437
73406546
73126415
74624643
6107020484
77395378
5908807177
5976370436
6045956996
5839970978
75039933
83593247
88043254
73535090
75101829
73794089
72614980
73053166
73732327
77111706
6064901021
5926216595
6132832322
6001502144
5860174100
74298144
73791719
78802144
73414066
72902262
73531851
74670520
74062894
73167640
73532532
72859478
6083256904
6155374595
5951432486
6021248430
5886580774
73647203
74442188
72673532
72614467
71947150
73310378
72591673
76869017
72797653
73087396
73245610
6180060323
6113698745
6049465980
5982939574
5920998683
72918683
72168835
76378099
72154226
73816036
72275808
73761103
71839220
72780685
72039997
6137607084
6213504821
6075939302
5937601271
6010211532
73299030
72231576
73009182
73287018
72750825
72308453
74910681
73019427
73638303
72893588
73531428
6094430742
6237671668
6171108261
5971819194
73526100
6043116900
74290481
74073022
80409025
73097861
73567557
73134693
73151804
73282299
72880044
73509066
6255421576
6125095666
6197366450
5993952825
6069584561
72978159
87463829
74122838
100800030
85156068
73101126
75234538
72916457
73044812
72946652
6279353030
6214075060
6081189369
6158910671
75222894
6039131715
72699383
74768226
73643131
73220768
73780303
73695382
73596328
73890612
72859926
72948577
6107934828
72796311
6241519159
6319163907
6185924091
6069344855
73204657
76722395
73578930
95781445
73536912
85637843
73764679
75386510
73362083
73161765
6340680038
6206556516
6281013884
6141910370
6076650078
77053723
73254475
74490531
72961578
74314695
76974010
74956090
73231610
72923488
73311535
73360411
73034870
6164075165
6370932589
6302538229
6235575259
6106258313
73777716
73009199
76271648
73039748
73680271
72853685
73208973
77068250
73757899
72672164
6399259372
6269520763
6336268376
6198144269
6131694647
73029458
73231928
73404978
74094572
74325504
75799099
76001748
72863266
77999451
72955177
73391494
6426435324
6151179377
6222510397
6292677406
6362032381
73144095
74015306
73312844
73200469
73057356
72821699
72665036
74231880
72368738
73059878
73429081
6388082746
6316884296
6456931030
6253920556
6186750307
73345914
73468678
73462025
72412791
72496147
77318748
73107842
72460789
73754153
72937196
73118547
6341615649
6476883657
6409513836
6210418345
6276970696
72470379
73528982
72853447
74309826
72716156
77206884
72877648
73367528
73181475
73899775
72359186
6431733697
6500739763
6298291355
6370318336
6233693651
73314592
72593431
72863518
73274435
72848301
72989894
73544203
73629329
73095691
73009966
6528078273
6325977675
6459223415
6398759287
6288156058
72982550
72391043
74641171
76666674
73321641
73091830
73764172
72782057
72950305
72079506
73533880
6301944338
6574029251
6510732742
6375809206
6443107784
72315102
76946061
72669875
73419963
73593180
73640302
72913348
73106265
73773287
75369054
77258993
6449594763
6319909943
6391927165
6603705631
6530209557
74450296
74836049
74202647
73666195
73884332
73634141
73732430
72531645
73876009
76936820
6617787259
6478439148
6552679708
6419236491
6355148655
75427961
72052264
73288886
72787216
73194716
72427494
73832216
73479090
73568594
72934601
77166427
6639037653
6506756882
6579048712
6445398226
6380661977
75433671
73526128
72620373
76661028
74355339
74692428
72659605
72878912
73719630
73766847
72776846
6396535325
6679091576
6542601055
6607506239
6478146414
71835863
73822576
72281112
73754411
72114376
72654218
71942808
77294572
72158414
74275224
6555478294
6421482779
6705098977
76005601
6496318923
6635487198
72277530
72847354
72719399
72082496
71837946
71818060
72903209
75521181
73197679
72084476
72594210
6712025811
6646166808
6572753084
6506588126
6437259083
71999440
73130512
72383179
74437038
72560167
72572910
73400261
72054397
73062419
73990863
6731802723
6603301580
6672767600
6470687733
6536373541
78361080
72810970
74312201
73732720
76149463
78078506
77013509
76889455
81474445
72842867
75918248
6758796676
6562489310
6494776349
6627748994
6696491091
71784858
72744522
72605683
77881853
72666036
73398754
72947045
73923557
72771592
72720435
72760453
6655404627
6790450923
6597681255
6728819151
6531151944
73622463
86653131
89234377
72623668
80300813
77352426
73191641
74468757
73885719
73467350
6826821355
6624853761
6760509744
6561172768
6697555246
73528113
72601230
77481123
73446541
73081017
73583359
72560635
73078654
73117052
72520898
73125497
6724487769
6860534547
6661019931
6794402550
6593332790
72950184
74806435
73731283
73166329
73563112
73423711
73217310
75192468
73954027
73203387
73367590
6821862507
6757381210
6693956652
6620522805
6898652722
72306926
73657943
72326178
72783835
72815504
73285277
72747064
72129374
76296954
72842865
72332563
6839385482
6910076851
6774913720
6643321816
6710389264
72668633
73787893
73639358
72585672
72861702
73152803
72864411
72135545
76966867
74627310
73139358
6805524575
6938332053
6743595599
6876697883
6677202326
73307261
74409552
72859196
73535406
72513422
73594470
72633792
108005219
72498977
142550055
6902398559
6842029422
6972530928
6707031477
6778610206
72665780
132193028
73934588
120496056
106106188
72232891
88306329
80487516
73966180
72441266
72993009
6937141202
7006792594
6871515082
6741068608
74327810
6810375728
73491514
74182461
72609196
73726003
76190319
77699755
72167003
75486531
73403830
6960007766
6757092904
6898162975
7040983145
76516972
6836622697
74778681
76455287
72507008
73714704
73511669
75716372
72254296
73330390
73262368
75595923
78126748
7066868256
6999217567
6860296137
6930135812
6796805052
72512630
74285351
73876210
77015378
74045859
72167613
73691429
72018084
73155363
72937738
7093339974
7027730455
6961034088
6895109127
6826889415
77537992
73806259
82133372
72320214
74074518
72830520
73955588
75014993
73603596
72342285
72634930
6832295006
7050790308
6910000200
7126624866
72369166
6994534180
72519880
73730229
74119156
71969075
73907647
72936001
74088811
72848977
74012891
76864481
7132008516
7065932455
7001120980
6939332102
6878413097
73268264
72697789
75082159
72917069
73136381
72151548
72782312
73000315
73027971
72194780
7164766603
7031977460
7100479017
6900609245
6969316685
77199543
73475823
74122407
72497554
73442984
72864554
72278189
72340774
74081224
72578498
72967087
74300128
7202239209
7068854699
6995160019
7137997718
6932408731
72544719
73271716
72811063
73208635
72195322
73037372
72994375
77459483
71995570
73193120
7229442187
7091509183
7162907675
72353801
7028038107
6964602601
73594805
75337810
73331140
71987571
72622697
72616821
72685141
72413061
72400134
72445858
7066174158
77106486
7132271971
7001533420
7266647163
7201163976
72400695
75031737
72713903
72803071
73025488
73827815
74107914
73167055
73734718
73079030
7165365390
7301085041
7231656285
7031095477
7098631079
73840690
73568567
73702350
76229785
74315436
76727841
73818108
72644782
73619222
72532045
7106112456
7034840569
7247369479
7321587050
77718596
7178104464
72941209
75412489
74781176
77585908
72860331
74059572
72927809
73606616
73640209
73802842
7267374682
7134305368
7067288703
7204769060
7337919148
72636974
75420004
73901241
74870280
74109346
73818545
73568567
73636858
73346090
73983147
74081886
7159166553
7300237587
7366599297
7234328081
7097542841
74001287
79067868
74032078
73408384
74831119
73627426
73608165
73306013
73485623
72998459
7310591741
7387365147
7177100162
7249393680
7116640383
78325564
73807158
72504395
73554917
73308887
77708311
73180826
74256574
73211501
73119625
73482444
7410626488
7205229023
7341531689
7276970522
76530201
7141644833
74110310
73786716
73329086
73347645
73477715
74634929
74217822
73332328
73277276
74078846
7177476391
7372997217
7309648567
7244104614
7442458578
74950231
72791256
74504019
73976333
73965820
74107560
72755043
73600209
77048652
73574912
7476362144
7209964219
79614096
7408333968
7348203152
7281887314
73374851
76593592
73802810
72935312
73520102
73118042
73600206
74693528
77568534
73825229
7365900619
7233542392
7443808377
7509820870
7299360111
77534775
73971767
76561917
72544459
73613068
73066121
78265551
72790118
74598117
73055724
73378429
7233280156
7504771271
7371978476
7439456141
7305988609
73505971
75224462
72974390
73879411
78570015
73156164
72478917
75371614
74300623
76010896
7443184665
7374061486
7517228289
7287622178
7355258841
71660443
73148711
72900612
72851390
74248062
72727396
73807411
73301153
74378871
73242640
7579012432
7441902244
7511805191
7382094436
7311918266
73063171
73338373
72822120
73409668
77019348
75254705
73910329
74573299
73364502
74337425
7533121377
7602003865
7467584502
77188736
7330247574
7399193839
84288298
93764973
73017863
81548436
73390777
73949507
73851994
73586974
72378697
74286882
73014352
7566256308
7636362898
7501755288
7439083125
7370985296
73797193
72434334
79873309
73008233
73889660
73610621
74104683
72847141
73234090
76393596
7517766775
7586572862
7656950488
7392128838
7461687877
74192964
77248816
73776596
72924774
73495369
73371104
110024307
73245598
139489031
73442464
7674202787
7407065726
7611034833
7544223757
122022648
7479906798
72736964
99450985
87778735
73678737
79556954
74184776
74375585
73427585
74069230
73516342
7702040941
7641363360
7440142695
7510476107
7576995193
73596756
74417405
76689700
73040465
74068849
74113637
73649055
73062353
73806563
77220566
74002823
7727097729
7458674598
7528991702
7599953776
7665213859
72934616
77391212
74263119
74063664
73313291
73321663
73469878
79170830
74692602
73630088
73053383
7550089931
7758574099
7688598183
7624130239
7490494852
74291806
73797197
73483230
73870196
75706532
77009091
73753253
73805051
72878312
73329387
7789352180
7722331692
7661318168
7595875387
7524524197
73527646
73421001
76250456
73307638
73706592
77597583
72507053
73532657
73957992
74001521
72785197
7815395829
7755075230
7545730122
7683390527
7615442352
72767368
73731777
74467970
73454618
73679889
77577254
73089037
73714008
73686679
73722675
72876518
7704910644
7841042836
7773773759
7567805859
7639991267
73559861
73272644
73402957
74518290
75081653
72930370
73669529
73413306
73566332
74408978
7804397625
7738695375
7667672828
7601082522
73931504
7873583640
72791564
76791982
77105124
73230149
73546056
73591754
73076832
74458947
72719151
73373734
7819100332
74270513
7610444696
7746921733
7894141943
7678928736
78068257
80442458
73955769
73375834
74881595
74569233
72986258
73369252
73957437
73455270
7904293927
7628377104
7838410520
7698532679
7772973002
73773136
72630743
74278681
72993715
73676546
73064797
74132311
73309643
73813191
74053427
73822215
7789674958
7857178563
7929606026
7728025972
7659982453
76850558
74646711
106024431
72961712
133213719
118959029
74898440
98589064
73815382
88193111
77340262
7813840909
7885337202
7959045953
7753615748
7683285987
80075416
74168293
78871968
73647353
74202512
73785581
74567605
74059900
73500089
73612065
74123075
7980867568
7845799257
7916420282
7781309495
7716519333
73930840
74098300
73150873
73003388
72926509
73175564
74109258
77520065
73192402
73471337
72764860
8009556655
7940830586
7734863348
7806044592
7872432178
73610560
73788901
73409606
73646260
73526848
77249547
73384633
90109759
73499977
90820828
73871970
8031368091
7826536961
7962849903
7898844339
7759608940
81109500
73456578
73298425
74295273
73361043
74025062
73551685
76011760
74166859
74178737
73913830
8059040608
7920565037
7790732322
8000493122
7862478497
72936024
72941195
73835372
73034064
72808154
72710931
73422907
72738979
73362412
74541404
7872836750
8012232724
8083327587
7949513339
73414726
7813123816
72770260
77842919
78567489
74544062
72979541
73539415
72755565
74112783
72418132
73890107
8089618494
7884623141
7826948353
8032663040
7967324718
73105938
73187355
73724266
72398808
73803792
72610830
76432271
85508139
73170308
76513791
8160365292
8096840038
77735587
7966125276
8034549211
7900208596
78682396
77496613
73604701
72989423
72920140
73018211
72657883
73670882
73929535
74009858
7981065035
8192180685
8126485841
7916081588
8057877950
76054844
78748124
73552632
73389185
73713527
74028394
73292463
72687143
73883546
72105042
77493128
8081904525
8152452354
8220054244
8016085167
7948999081
71449062
75776913
73464057
73856507
73601717
73254757
73053747
76946643
74271071
73401852
8243473027
72461974
8176514981
8109431242
8042543059
7971810838
72556107
72325087
74240102
72727627
73229062
72768428
72754293
77453181
73025339
72673661
7949879758
8091808771
8161436517
8237888517
8029426238
74180856
72852683
73485387
71402939
72528812
71975995
72826495
74443571
73865437
75501355
8034715448
8247060667
8112482795
74275936
7972768663
8184759090
73297377
75623164
73031407
76145311
75246656
77223297
71097164
73033116
72205282
72953328
72148443
8264282438
8129319409
8196697096
7992902806
8060400835
73049914
72264452
72650231
72819226
74217285
76495071
73346890
73725449
78771409
73762248
8286362120
8080191700
8014421177
8217582354
8152440217
73330950
73048636
73238503
73369295
73713553
73891477
74972155
73649415
73145454
73928126
75518819
8106353065
8031400013
8240629953
8310213557
8179468031
73297305
72969279
73478966
81567397
73859472
75097931
72704899
72713027
73892449
74042312
73095920
8184935371
8121697581
8256852181
8325930093
8057040969
73217629
78576555
73861062
75550983
74407732
73486953
74635873
73070975
74667035
73877322
8278891467
8207998851
8073928419
8142569551
8347781490
72910197
73698850
73754529
73293361
74702255
74532532
74224049
72454856
75136944
72105232
8155654256
8360629794
8226895832
8296054412
8095287305
77792055
72686187
78097172
72455045
73532558
72663061
73720480
72786691
73962186
72747788
73323228
8380090820
8181760144
8315667060
8250941101
8119641913
80066645
73909272
72968417
73278252
72251821
73374860
72254501
73281420
74455859
76885201
8338903871
8411096239
8276628126
8146324827
90093564
8213418552
73104254
82710017
77658158
74001365
74278319
73736435
73575544
73529698
78045335
73781270
8166571761
8439302966
8240518715
8375748478
8309245171
74012596
74398075
73277343
73785194
73076088
75550621
73838372
77581978
73167942
73657471
73655637
8464556620
8237985817
8172180056
8374755104
8308740258
73895659
77145075
74588448
72955153
74487150
72731009
74739858
75925958
73199406
74435043
8404241643
8477221419
8335847413
8199114337
8265874735
73379943
72986336
74766830
73201229
73706914
78378170
73910370
73087191
74628309
72973195
73003318
8228288652
8500445972
8366235922
8433838616
8299555697
73730845
74724750
75271641
77979360
73082558
74217652
73665187
74298632
74120296
73054944
72611193
8457235672
8530790561
8321799328
8254414365
8395532945
73086277
74380846
73594507
72904511
75235914
73787416
73151185
73594453
74377871
72700767
8529896217
8391882960
8461481912
8261293488
8328465631
73436863
73211659
73991496
77886841
73399779
73891023
73265238
72850254
73467741
73310421
72929656
8341019047
8548884128
8482282668
8412576659
8279175364
73653238
92723578
73407185
92879007
73098824
80474713
73363370
72834444
73158499
72882144
72690363
8368702835
8573171228
8507580126
8304003643
8443658554
72532625
73016537
74631096
73971470
72822842
72668467
74314725
74408806
73898130
77525188
8522962192
8453022220
8315587524
8592920581
8395958834
73232319
72889257
73806856
73521698
73460270
72691785
73513198
74473135
74242049
73311838
8526761896
8462768561
76041231
8396911701
8609542421
8332265371
72364639
73914624
72064416
74205864
72463906
79255106
74060237
87145240
73961567
75393852
8474564782
8410970481
8622418205
8352422678
8569450420
72612567
73728255
73338204
73020666
74116278
73319721
74475804
74302478
78071748
73261815
74099954
8633617188
8427051466
8568040812
8500694251
8360636254
73466122
73936676
73942447
73758229
73117836
73772692
76911180
73657707
72199370
75436508
73334230
8438445141
8644941982
8580982169
8511916697
8380175050
73992870
73737510
72996785
72852482
111507415
74177735
141076545
73776199
131331504
8538786615
8474690519
8677736765
8608539151
75013752
119611346
8412610663
93939469
74631816
79809667
74978226
76770540
73422648
72388930
73648192
73000844
73781466
8700357047
8564825348
8639542479
8495681153
73129603
8436104505
73318292
74393826
77168562
72815680
74118929
73200911
74358382
73962077
73286338
72759680
8722921731
8656132584
8524371031
8590180186
8463524917
72486761
73311053
72281535
73642615
73393460
73184882
71897658
76582560
76574793
74983454
8550275633
8624764719
73713612
8492384933
8762635789
8697982770
76068636
76159118
73649579
73188293
76989972
74545110
73436007
72731580
72727195
72038169
8570004212
8781214046
8514324885
8655014159
8724801388
74579509
77207440
73266501
72225021
73228746
73081039
73692463
73054198
72928385
72526782
8673646347
73589759
8608261706
8813428660
8746714133
8546445649
108095020
74468545
133862329
115926480
75046931
89134986
75955113
76033106
77344070
72612008
8698312011
8564618056
8774691891
8845617706
8634034097
72943465
74460628
74806961
73050480
73827271
73375430
75045934
73233686
73279972
77927997
75842338
8860700283
8583009304
8802819268
8728624142
8657541506
73119698
74950346
76226227
73605531
73420453
73115981
73357307
73649325
73386356
73158855
72873959
8886144075
8686490412
8821756768
8619875007
8754652655
70055452
73231589
87524145
82684711
89180188
90505028
83074437
78616274
74864940
73246515
73179911
8906113900
8767774350
8712978722
8851686454
8643980464
72796387
73256875
76226848
74498060
73529424
73365618
73708610
73158025
74218161
73598336
8929348469
8862488909
75828134
8727182642
8795553131
8663763403
73914918
74197061
73171195
72930426
74337705
73616753
72849485
73556730
73237093
73298530
8956702475
8886142118
8816464615
8750394766
8685264874
72331091
74833632
74505226
74062325
73371311
73469151
74269947
73340493
73735267
73621253
73803330
8972721778
8907019202
8793973354
8841536529
8725648582
73177006
73934082
77762013
72949340
73282372
75539304
73752811
74834092
73123878
72701761
8873980747
76685066
8808610316
8953638328
9019427387
8750387162
74087054
73460790
72956065
74622099
72792525
73209183
73605136
72932866
73470827
73669547
9031529882
8896273386
8761642208
8970268649
8845945018
77301066
73606834
72930689
73211339
73266780
72718121
72924740
73326051
72484039
73453442
73668581
9047294534
8983299613
8914448097
8850072394
8787477825
77857452
73161173
73302314
73891888
73308609
73629292
73838774
73837246
72803460
73844613
9079300972
8938027202
9009391365
8807015261
8874188648
73000169
72962867
73383798
73173119
74077528
73109083
73131229
73884728
73825307
77315679
72521773
9095217143
8953019271
9025476817
8819058987
8889902219
72270817
75720905
72329746
73442268
73549120
74862402
72130222
77012351
74025502
73815367
73255878
9090901748
8957380532
9026121735
8894109411
8829224033
73132745
73261814
73229989
74559360
73854680
72255424
74085623
72472765
73268125
72898567
8992940769
8886782500
8931175267
9067774449
9136548890
76602858
73197321
76471566
75832013
73623061
77126693
73655083
73133775
74108550
72271887
73402426
9178052485
8903660392
9043024042
72521297
9114799167
8978267110
74461720
74210972
73750075
73095010
74762298
73337768
73822095
75495678
77467732
77534262
9198991217
9130022500
8966898043
8894681451
9062146704
73563910
73101278
73805930
72460792
75720659
71419744
73566632
73652353
73170949
71407420
72648430
9207633810
9143182625
9004010610
9071314500
8939121846
75404782
72816456
77059359
72550611
72441430
73043779
71366940
73344983
73670656
72528422
9091548976
9163324299
9029467668
74639574
9234295365
8967576009
76497972
74085829
72699443
72746560
72541199
72564543
73206441
71809606
72961439
73142712
9189872928
9259368984
9125093361
9060460412
8989908763
69196478
70808382
73888856
73031106
74304630
72648116
73914753
72570601
74084581
77068022
9214495984
9146945040
9288282689
78320520
9011922626
9081382168
73050471
73649767
72921394
73605439
73420578
77286031
72601225
78320624
75988988
74595738
9236575410
9106225388
9174821655
9313706500
9042009345
75211244
74591816
73238434
73284912
72729462
74923378
73471376
72978962
73355646
73428932
72781689
9196493913
9065728609
9132203605
9267490882
9333996169
73614527
76345890
73708216
73554912
73775694
72532898
72994187
76626641
73004741
72279732
9066788880
9218516977
9291656114
76292586
9364496670
9146045967
71871264
73414751
72540866
72966312
72558689
78367694
73756268
73681197
75876919
73844574
73553340
9361099955
9229600748
9159634491
9298477505
9090766486
73065925
71367024
73497929
72246101
73497004
73995392
73539767
73888862
73206970
73046471
9250464437
9394107481
9186199308
9117477715
75366698
9326922447
72507269
74344759
75578057
72691380
77636700
72443745
72403174
72420594
72580036
72355240
9269742498
76854950
9339767596
9412799163
9205894742
9135899479
71867952
72973886
76560415
72904869
72728613
76568989
74076271
73585154
73107559
72406919
9151594172
9429133758
9365336884
9298430026
9234849487
73956392
73053922
73291698
73172078
73612620
72548651
73077848
73015522
72720168
74066214
72870195
9176974999
9455349322
9322593597
9390241150
9258188713
82543681
73811276
75799167
74162857
73420884
72594156
73662804
74266966
73146544
73117294
73698487
9433027964
9297003390
9232768928
9368397395
9163751736
73547595
73893042
74394672
74407224
73565382
73256185
73854804
73396633
74614503
73889591
9453689541
9383032946
9246246383
9183167699
9319912141
74530185
73230456
74294963
73812894
74302478
73793397
73617997
73828886
75784045
78699432
75839812
9267051453
9470539476
9405286767
9337549612
74391884
9209996476
75100324
73823148
73476999
74403568
72803432
73986276
79636962
75021017
73434953
73541697
9428609693
9295474257
9499114945
9366567468
9232059677
73586168
73950525
73232931
74226529
73025353
73210416
73134651
106470459
73458405
139735432
9529091713
9390356702
9467473822
9262260130
9330502644
78328614
144377822
72912452
132070176
112753115
72068198
96953012
72879260
84319302
72140619
72462065
9553630342
9289954567
9493501962
9428771108
9363607420
72158743
73047806
72349869
72969950
77299889
73244783
73327209
74359308
75729296
73576107
72637199
9313585344
9587992154
9522245441
9388611524
9457399768
72564320
83242125
72549130
90393974
74042127
79642940
74784514
75656760
73396573
74635147
9609569911
9423166623
73814638
9476712999
9547597040
9367138648
72519536
9648834824
9579613270
9511992545
9376715076
9447110517
9671129619
9403374361
9540140604
9605777830
9471895587
9687422369
9482035205
9551572938
9621946014
9414720369
9497148614
9633530309
9568339714
9705526709
9433574172
9584013614
9517196977
9722545648
9449722695
9654350274
9669501697
9736910593
9529637520
9600455544
9465108390
9625857638
9489408282
9765624458
9698503137
9563795751
9712678645
9781730748
9644682101
9577773488
9512355629
9804796200
9742300951
9674452642
9538060520
9609151742
9830762619
9690654636
9763407532
9626095802
9488429224
9785973427
9715823246
9503374113
9926506156
9645055002
9799085400
9933812689
9729446666
9528505612
9665151718
9963073625
9761509746
9693860979
9496901995
9830238674
9926318984
9726542067
9993137509
9795828688
9524641713
9820598587
9689270118
9956878927
9755921823
10025894438
9714256161
9783323896
9515667177
9993954796
9854236404
9742342438
9950807047
9814289086
9542810312
10017786285
9689059150
10035671507
9830089872
9972443647
9762549890
9510199004
9786888046
11017666760
9858549067
9723975275
9748079968
10023396025
9817082017
9955333399
9683484465
9832565275
9703216140
9978409611
9773219490
10729967271
11025234949
9852423208
9713605427
9782981893
9510593825
10007158790
9735418826
9942210779
9805573493
9506666118
11000958448
9520896505
10013290131
9800120546
10731842700
11028620427
9753242804
9819974610
10098974237
9685683931
9682500309
9752643088
10681189646
9821439262
9977873001
9976159700
10278466636
10693901301
10764002741
9911429317
