77159581
74570193
74358840
73200127
163852122
73006387
72582609
73505711
74274838
216623965
72469027
78420131
241217872
77947863
73369384
73520544
253286285
72738088
72692742
73545585
273229004
72983548
73642374
296234683
72827999
73735392
73115551
73296174
337253371
71554843
313304780
72615603
72753665
327270397
73589058
71048612
326172917
73815546
73402276
71882812
76003435
373757710
72250349
344591342
75044437
72494540
350617644
72351242
76506063
347175069
72718223
73202403
72994916
77358534
401566387
74258280
383060657
74886325
73618435
380134785
73767328
72812634
73344199
408183662
72739255
73370627
72407954
72422009
479955309
75347801
463317829
73304707
73896054
464790062
75418726
402048077
73514401
75202184
418974850
72667478
72761183
77749616
73425788
495893931
72586151
72938613
484218039
76572050
73038777
489828204
421032129
73967036
73088202
72932955
454987171
73272876
74642864
74109444
517696390
77363573
72680046
505115957
74432024
74437639
512634020
440100030
74394834
71706152
73941871
72807736
470674772
83891537
87136923
89462099
91485111
545617042
75881216
78377663
528073432
72463713
73463067
520671778
456052781
72769640
73559645
77247832
487305980
73443863
73204172
73175999
73084284
561483532
73544772
72758592
513726615
73315920
436327877
74661246
507477201
77910133
73199468
73590533
477095580
76215574
73339589
75253716
73646932
546157979
72937787
73510688
540610335
72719146
536648730
472109499
74552604
74178407
74423775
507607521
73921452
72809030
73771837
74600979
579308857
72926182
72922834
559531223
76587267
74600784
566609790
496135220
72476701
73462159
73086478
538261298
75865149
72708244
74375457
73113658
596059550
73162654
73106551
580742990
77976981
577358075
512373803
78135907
73684052
74787852
73138935
560472250
73899158
73462694
72540732
73922776
618818953
72959845
73433193
612344619
72937989
534096012
604671627
74471497
73601008
74178527
585349533
74251487
76261606
73259508
73297918
638761323
83102632
75308712
635964412
76285463
74974830
557326657
625941391
72747716
73699678
72886423
597057793
73958209
73347013
76988309
72897984
672905914
75108076
653381383
73774654
73484247
578655381
74268957
651502779
72687555
74690142
72920811
623584638
72488444
73467959
72749303
72735380
697824942
72460833
72866698
674765892
74977442
73498514
675960556
610414596
73410478
72668766
77406625
652667374
72573130
71048076
73009811
71747200
719845867
72006396
708163652
75925312
73988339
623438686
699428768
72572338
73991030
73406620
77298669
688907163
72103052
77626799
72951983
73744153
752041054
71898140
74132935
738751800
72965592
724416930
656735754
72668910
73201233
73820765
707069997
72767509
71109639
73520966
74395351
779519877
74168086
72662930
765741387
74680901
73766072
748104900
686222118
76564132
72320131
73323917
738093071
74408843
73485634
73540222
73294177
73229670
809453612
73347942
791900313
77107570
756421274
701927764
72855386
73923493
73281615
74034363
763958901
75076333
73629712
74646348
73305777
847614213
73463380
73321395
830302400
72321834
798701008
74670430
760043777
73551522
73376104
73535523
801935208
73259872
72106969
72590566
77987176
73471444
881634801
73194731
865229760
73464274
820784602
779852855
72913321
71844271
74081824
72913156
836209249
72597543
72136435
73190526
77996805
906893235
72707656
75174978
895503111
843998223
73205162
797179938
73571629
73932830
72371642
71771243
858381629
74308013
72918366
73344749
73509985
73653338
935574237
73569231
921870463
72468409
865141902
816388815
74653634
73116195
73239074
71917850
891348989
76876495
72138098
72300327
72840721
973253092
72495112
72966149
958204542
907075239
848514497
74883657
74415773
72641803
76602772
72969301
927337233
75509425
71948237
73878356
71924030
1000662486
74517747
983286429
920342117
72307503
860709060
73428329
73124020
73009025
73053112
73316234
959081567
72516967
74122178
74120085
74177580
1033738363
73270964
999524539
946075004
73382777
883104500
77115288
74678297
72919888
75247564
72551718
1000002702
72118854
72995866
73338507
72291138
1085917492
74092604
1025698140
963048324
903917327
73141038
77394824
73294019
73323208
72505016
73851046
1021678146
72611709
72955853
71477607
73272222
1112327069
1051897839
986154542
71974625
921046495
72811285
73081867
71880427
71585237
72630178
1057693294
90990841
72641488
79093570
71894684
76120901
1136990254
1066935115
1002669973
943857443
73035438
74543802
73440997
71705666
72687574
72453980
1081833010
71852534
72997422
75914925
71945231
1163351787
1094810987
1026489907
74321985
959517550
72183375
72583493
73101102
72895202
72042924
72141284
1122328925
72664855
72100143
72439727
72266141
1128857566
1194988586
1054562283
986515201
72769867
73874042
73750018
74540425
72623138
74174653
1136142871
76171029
72432383
72354561
75891720
1210534968
1140643994
1066850692
998307636
72198760
72754482
72929852
72995055
72610751
73872899
73446880
1156891531
72580854
71585628
73394884
73386874
1159463267
1227330725
1021554402
1092249746
73686416
72306200
72637803
73151576
73292596
73594877
73556983
1177282713
72801327
72388477
72286011
72455166
1244509216
1184443509
1112559068
1044845370
69756912
72657922
74834616
74304150
76187389
72396724
1201097703
71712663
72350746
70125217
72514208
71305783
1267983454
1197363051
1129414778
1055251944
72941215
86206678
77416564
90095204
72944750
78809388
73870156
1220980786
74062712
75026804
73262578
1277666845
1211367813
77479715
1076377950
1147688071
75398202
74556331
72205907
73009384
71830612
73836185
74564730
1245247680
72868887
72852393
73008310
1239975846
1306369790
1173773644
1105885427
77425606
73422804
80913981
72097850
73310153
72891425
72618056
1276640783
76481889
73351183
73653978
73059880
1334666517
1202922506
1269967259
1138455002
73593654
73333418
72027142
73617776
77350874
76062208
1286348417
72912938
74175782
73535643
73372288
1270929629
1343706107
1204730994
1137889688
73564312
73589943
72939255
73450598
73994883
73499996
72697645
73498603
1312164864
74040399
77183551
73442463
1360240072
1225715643
1294063925
1158004484
75024942
72242282
70326586
74060835
73100926
72888054
73101613
1340110569
80794751
73347474
72743768
73294111
1385926173
1246389368
1177359895
1319143683
72742357
73551284
73710068
72807052
74189289
72339567
73402863
72760505
1365094153
73929049
74118314
1263139603
1406733638
1337344463
1196691410
87132488
73742332
79607473
72699718
76723132
73510467
74043182
73724383
1393796611
72708479
73177720
74619723
1424119768
1359895305
76408763
1288626186
1218740003
72981687
74230401
73576608
73490925
72497721
72959409
72558077
1408883829
73607986
74476201
74227448
1441676155
1373558726
1308144878
1242588194
73611383
74016150
74023802
73355240
73348628
72669871
73176678
73029144
1447900909
73820218
73594864
1472652996
1408746765
1268887150
1339218914
76726010
72838879
74343620
77261693
73618503
72510530
73463521
72047382
1473491903
73708928
74123590
73845735
1497608642
1299187786
1372325683
1440561140
74415570
76615609
73257712
72804029
72781187
73561553
74472226
72504957
1505883704
72649497
73249780
73588902
1524614526
1321500803
1395543554
1466697396
81454062
86778505
75819119
78047208
73772809
72819970
73090326
73794074
1542364403
72035899
73120249
1542871294
1468119273
1335777955
79114474
1413173070
73497488
74055958
72726281
72545658
73380765
75359676
73121084
74074482
1555531589
77331014
73591300
1559209010
1490636379
1422859303
1357461797
73873676
72177956
76944572
73114128
73366458
73829100
72953193
73709734
1577790554
75282766
73046835
1581339622
1511748171
1443429686
1378126674
74739200
74210194
73638652
74167250
74083671
72133334
73634031
76870872
74379730
1607073478
73062418
73240645
1610731261
1543921976
1429176231
1502516855
73477735
73520101
73975211
73826317
73288139
77407984
73920753
74112619
72902927
1653381993
73805054
73689791
1521943997
1657326033
1592692657
1452732021
73240015
73581334
73367082
72821194
74102691
108313160
74553319
135464243
1687492179
113990848
73381470
1676900037
1608520327
1469645987
1544275452
92860745
73589854
78701201
73151506
78098040
75138899
75572167
74691612
73508007
1703453220
73148192
72285452
1699972763
1566623415
1495389535
1636264614
74671752
72615936
78210361
73597192
72667850
72958210
73591806
72982507
73249966
1725988744
75346204
1692040223
1635597776
1577621599
73431621
1517829920
72006214
73966717
72073642
73458658
72886594
74339044
73812338
72760983
72496077
1763850624
1725623631
1590221231
1661153173
72741430
1534412722
87821803
96027335
74491291
87260353
73553470
77989537
75529705
72860065
73219391
1782538980
1631256971
1726040053
76750373
1568960922
1517502740
77571451
73352574
74369114
72475049
77109371
72775312
75218637
71828369
73278532
73002324
1788169472
1586080715
1722594276
1658202438
1523021554
74352342
72691742
74038800
73568439
73195125
73819318
74268007
73142552
73725833
76837138
1734578708
1530849711
1808926465
1668432776
1602126693
75289326
72622161
73756022
72804489
72777394
73063548
73117148
75122577
79142648
75349355
1798840727
1663449308
1732804114
77139962
1600064053
1826483126
76246112
79492243
74069776
73084370
74554219
73637049
73391139
73130953
72387179
73809683
1710678276
1832275190
1897845037
1652651739
1787988981
74925336
74669003
77843018
76811915
73148977
74101022
77399731
73589246
72471619
73107279
73570880
1938295440
1794596532
1869878062
1653015652
1728819062
73142035
72559800
74295270
74321295
73741422
72696387
75068566
72594287
75671903
73808046
1937035030
1872462520
1796689833
1732704588
1664530354
74853267
73664777
73963258
74379574
74517906
73451427
74539913
73210554
73435462
73135710
1890531588
1821163023
1959303471
1696907691
75979188
1765342836
73702408
74943619
72619530
73824266
77381353
73149025
73676518
74529302
72417324
73700776
1911233677
1846376987
1991069566
73139488
1781056548
1710680464
73792315
72762686
78117573
72653695
73837500
73725483
73742868
75772847
73676836
1983858764
1780177716
1921321938
1710412807
1860066533
76099946
73482170
72308857
73465452
73584483
73578077
73069498
73353498
73627512
74605668
73529629
1993385610
1860519265
1728370634
1801880789
1934922494
72930592
77792471
74079342
72318573
74083941
72861196
74898313
75068166
74391156
72384842
1953072736
2020191112
1887818226
1819366015
1751972541
75810806
72754022
74053520
72332075
73449164
75606699
73442320
73132675
73130317
72311145
73383523
72974915
1905229322
2046670872
1840610302
1980853785
1774640508
74035094
75340526
73901062
72687432
73923293
72726134
73850940
74832025
73663268
2052480455
78232777
1852014607
1990771534
1784358391
1922749035
75178150
76346257
74574420
73076128
75793747
74917687
74446803
73271306
76714706
73142377
1999329462
2073184074
1782855152
1860995166
1930641143
75370519
73168618
74221957
74872955
72993653
73055045
73891222
72887933
74284673
73360615
2082047823
2014522592
1947909470
1810103723
1879128012
77308168
73115751
73580396
73145806
72522411
72675176
76656019
72662509
74782142
76916435
74622101
2029369191
1962764666
2097806836
1900255431
1833710617
74313142
73392482
75950403
76604429
72614950
76973984
72641613
77658741
73433146
73666987
72624337
1915952690
1984486137
2120765362
2052006934
1850749639
73223240
72748352
74082370
72829390
73251697
72602597
73447528
73110305
72771730
73095994
2064485787
2135940376
2000180696
1868670196
1936006679
73277545
74215809
75286593
72952020
74122649
77405647
73899551
73516110
73605501
73122215
2088534415
2162672071
1954748597
1889825750
2028019404
73595858
73315547
73521603
73121731
78152740
72715073
75802091
73539969
73544872
73330600
1971162194
2107609790
1903708820
2040371567
76792183
2176118266
73429582
76680402
73257003
73233042
73779158
73194066
73179775
73352481
73871389
72651765
2190766320
2125443602
1993590964
2060498397
1927403125
72205244
73937618
77644702
73964988
72982661
73799888
73015553
74443614
75222067
73324018
2009587697
2080897159
72598466
2217288072
1943513445
2150835716
80034232
77872528
74308365
72640735
73559116
73875021
76515388
77133136
73212711
74154140
2154047608
2083176852
2225346798
1951484092
2021288817
77244705
73759767
74420499
72432909
72386436
73408597
73933513
72996199
73185864
72299000
2236825483
2097122614
2170014922
2032988844
1961981190
72899483
76622845
74410656
72296972
73276467
72267317
74143469
82619187
74073506
73661796
2102103337
2246396676
2039909711
79267749
2183236243
1974440804
72039861
78238779
73542844
74143148
74001843
73229613
73183649
76359160
78841526
83814808
2120870319
2188783239
2261320015
1983139262
74933330
2056347487
72782385
72563624
77590825
72627066
73381658
72910971
73536216
72346262
73684262
72622633
2216427548
2082417858
2152480433
2289391061
2017008258
73351670
72189320
72878149
72718497
73421672
71744391
73075916
75643151
73106869
72274353
2161684144
2299162850
2024572420
2231224661
2093379359
74005944
72252413
73310085
71939686
72582096
72993537
73660415
72922905
72957487
72967424
72043104
2319044173
2246572438
2039662025
2179189124
2106679908
73016001
74272344
73684258
73118569
73475012
77166597
73596070
72788312
72332136
73605688
74061834
2332830458
2267276011
2201348423
2130409175
2068808584
72726325
75944082
73774642
77526402
72760361
74214515
72264336
72993320
73112906
74433162
2218688412
2290050303
2357024208
2086490464
2157657963
73158157
73527414
74457102
73623195
72883784
73484102
73835047
72795634
73865681
74792330
2300479242
2374122263
2164318177
2096787006
2236044664
74763229
73783237
81836909
74846727
72419964
73380252
73183347
74353177
73522242
74028320
2234351086
2376425967
2168227899
2309781700
75435122
2105349553
73913615
76446366
76918773
72341636
73910444
73221374
73270260
72823803
73384501
73170189
75876585
2327847715
2400233193
2189062105
2262472946
2125541069
73631158
73706481
73615409
74898247
72987611
74714239
73715291
73724822
73675960
73817143
2408546883
2346824917
2210190269
2281355274
2148819081
77529959
72506027
73467506
73842559
73300363
73582490
73475647
73004316
73245622
77472664
2353798000
2287520510
2426447861
2228617485
2159012348
74434086
73495841
72743521
74162326
72728996
74649952
72922334
73497920
72922929
73292601
2439233208
2368983270
2159183269
2229576505
2298890811
72412367
73880262
72999608
73784944
73846589
73589569
73622765
73728376
77476311
72886332
2309755847
2243053723
2448778523
2380887767
2177014540
74287714
75374873
73653622
74257218
72583776
74752254
73512577
73388060
72383823
77793278
73490889
2257399192
2328007539
2394156486
2462351910
2191136749
73696141
75290546
72457759
72917435
73010776
72800807
76617346
73597703
73527322
73828686
2491942740
2222317582
2360305921
2293683313
2426845974
79366017
92896261
76354223
81357837
72664497
74598747
72101318
72975815
72292321
72782380
75933131
2433646327
2507170060
2295802878
2368736586
2230353821
73995083
73504501
73572514
74986808
72918310
77884029
77184924
73035673
73613610
72582723
2229028968
2300627157
2518130753
2436143915
2369555743
73029203
72866729
74026825
77798668
73192212
73331542
73278377
73617915
72298540
72993307
2447894722
2378770998
2519480998
2310093878
2247392795
75892871
74010536
72852886
73205183
77723725
72640431
73019361
73296908
72695909
73042939
2448492320
2382240310
2518702860
2316006441
2250581999
71883203
73359593
72842308
77357961
73449084
73343651
72692575
71902688
72970164
72448186
72529796
2266301791
2536286602
2411214338
2345396870
2479435856
72480482
72605219
72531808
72483504
73307596
75475722
73493331
73833399
73068069
72569502
73168044
2488148843
2558617160
2421927319
2356127339
2288630462
76735972
72815303
72151712
73506413
72981062
73138628
74372318
72920540
73550814
72812738
2361987822
2507005141
2575947538
2438299712
2297814005
72917482
76515143
72427972
73276299
72480015
71483946
73625284
71341970
72626757
71844380
2450734613
2518910566
2590919521
2390945086
75731831
2319654348
72344395
72894667
73315289
73738425
74723208
71180350
73088950
72048707
71731270
77081314
2532478905
2461566674
2601017233
2330298228
2398340291
73900638
72835344
72314211
72623163
73503346
72872695
73734194
75712896
77313404
73442158
2329452685
2472387900
2400483756
78177594
2554645406
2621402228
71296293
77373053
72655534
72492529
75266484
73270611
72893370
72274526
72219356
73757364
2607825613
2403946732
2344344463
2549902531
2481998031
72903298
73537381
73187617
73114988
71276076
74007435
77585988
72494655
72608381
74008553
2494343970
2633288610
2568295648
2435580621
2369869710
73314286
72828674
72253600
74001620
73665696
74133008
73895701
77629014
72600753
74549197
2648415539
2585205966
2384105545
74869367
2459152794
2526384886
90585205
72926680
74027494
73233583
76414410
72661985
72823622
73455942
72939333
2595305601
73302499
2667762668
2533702462
2393627488
2471488327
72188813
73135410
72564946
73203329
72444908
76698985
71875181
71677940
72654688
71398031
2612542538
2547561396
2683420289
2413372556
2485304753
71846286
72650503
75566272
71498659
76704104
73405523
73716160
72303567
72022890
72499030
2701750377
2570009384
2639813842
2503638516
2433049314
72596612
73022925
72579837
73013391
71921133
72293701
74012591
72394587
73419301
73652125
73560951
2649379435
2444266275
2581111716
2512891852
2720805892
72106266
72345046
76920443
73091273
72614897
73635987
73233870
72994578
71943005
72633407
2443030375
75213645
2727478914
2587017440
2661917170
2518168834
77155462
75412751
74941152
71076619
73170014
71914622
75984375
72907748
72779006
73290637
2539351313
2744684443
2607419756
2472076139
2679883199
73443263
72768130
73500467
71743036
73244680
72912126
73633134
70372484
73506911
70334753
2467375208
2687432386
2762065932
2618243028
2549463710
75052728
72799060
73624763
71781125
73304522
71977980
72477333
69988728
72888601
70936908
2755961036
2690976310
2490637152
2626693289
77547353
2564434464
70434978
74596551
69984473
73618553
73416061
74615716
73222729
74110799
69753101
72443001
2807787512
2601731541
75279444
2672249710
2740226789
2533153028
72827039
71471253
73666374
71823237
73610436
71713961
72610372
75861900
73801445
70280665
2826560555
2618773716
2686427514
2757961638
2551767693
72651578
71583708
73844544
72610424
73512761
71963285
78982745
73333193
73236201
74533352
2842313059
2773720194
2569662618
2637887723
2706949784
77981643
72586023
74456038
73099749
72347813
72632715
73236786
71826679
73189205
74385358
72834922
2718097827
2656470221
2587825821
2863597718
2797371212
72737283
73491594
73529824
74379287
71336524
73697052
76751785
73371158
72764987
72975105
72179936
2802472311
2735716748
2876906082
2605606648
2671892890
73095939
72417807
73571214
73218269
77870163
73654097
73168161
71568958
72366145
74137395
2884323434
2821755246
2751319520
2615015124
2685581364
73576796
75179281
73814431
72172985
75216200
73582220
73647826
72671629
73832240
73308043
73289743
2906255494
2768946562
2835922468
2704263692
2638517208
72784822
73869551
78175826
74418290
73276526
73385345
73094371
73957014
73031822
73192752
75231891
2930798709
2723978298
2799004103
2658285111
2866974001
77199949
79053776
73391536
71895857
73484047
73614593
73310069
71944216
74045524
73132050
2951963061
2818951529
2754039716
2888834602
2688633284
72843590
71891168
72961767
72742203
73736212
75838736
77358384
73195879
72466529
73273902
2981369111
2916072109
2850102702
2707590552
2777778964
74975783
76945645
75300794
73575653
72213110
73039558
73344408
73254571
72483708
72776593
76575250
2929920601
3001654631
2794397084
2726518322
2867682658
77000968
75256199
74173647
72947690
73634218
72702687
72912630
73051137
74008396
73512886
73283176
3021805618
2820363449
2958673278
2758079163
2894000168
73862509
73261967
72864300
73984963
73194539
72446381
73165697
76661962
72357961
71975894
2900016072
2973578762
3045265673
2839778567
2775262502
73790200
72653020
73223561
74768147
72668268
71928608
76213983
73283335
72443052
72167760
3059837779
2995204439
76947654
2926407166
2861464244
2791510087
77438782
73479101
73808167
75831199
73133001
76649719
73502426
74052210
76166681
73606321
3084707110
2948328792
3018131238
2816013092
2882946390
76214599
73545239
73421411
72120990
73646132
74498884
76782014
73481814
72852308
72902937
72659799
3032960141
2967074159
3103410890
2897040017
2829951282
73197987
74084789
73064639
73283849
76242626
72936400
72975468
73003552
72715836
73092594
3125527951
2858838938
3062575300
2994520863
2928887338
75759695
72712320
72811864
73025432
73223874
73723425
74351412
73271010
73130165
74445517
73560855
3148923089
3009876064
3079593753
2943186297
2868766374
72600754
72603765
77869541
74281909
72858946
74870537
73020398
72667751
72471612
72702067
72808678
2877436846
3160969064
2958190768
3095861688
3026278236
77410537
73278376
74867762
74194704
73907671
73810921
76933607
73268666
73914283
73521267
3032711497
3102985013
2894570066
3177809836
2972780721
72696280
73094653
73057515
73053004
74205086
73273006
73831041
73497312
74095944
72922001
75940273
3193139401
3127727211
3055633199
2990281279
2918478683
77753002
73855652
71859915
73368285
72614313
74146639
72019966
75281582
72539612
3208474930
3142212561
3076429402
3012000879
2944495161
110017150
72518764
144540686
72912523
137389487
74740952
119852752
92697851
77040622
82107999
72183799
74650022
3230590845
3089897655
2951004746
3166331743
3022985447
77566889
73431852
72121962
75988647
75094868
73792888
72962854
73104709
81542540
74225454
2961376409
73075115
3169387744
3237189503
3038262884
3106663315
73167235
75267526
74548296
73468056
73942909
74199139
79204418
73429700
73361667
72884413
3120489315
3193110998
3260126087
3057019244
2992454534
74683204
73859851
73970814
72790947
73149005
73326405
73366646
74291056
74885143
73381252
3005590696
3211468884
3148653338
3283625132
3079130519
73305579
74132852
74620474
73222036
73270620
78064488
74110280
73811387
73627823
73480092
3225274789
3027132117
3304255174
75479840
3103578940
3172433338
72613772
73845348
73446491
76945908
73109306
73964549
76208083
73960770
73533567
73969699
3251648425
3321235663
3182423531
3114535012
3050211570
72975058
74043685
72486853
73173114
73604545
73660894
72896384
73362460
74256277
74223435
3193278186
3332916471
3132479109
3273347322
3073193614
73006694
74856236
74893567
73234451
73842575
74019146
73219461
73816563
73820559
74587064
3359451857
3292472730
3224626683
3158546264
76174170
3093380995
74322007
74839415
81664948
72736141
74170888
73377565
74289054
72998937
73521203
71996407
3229816463
3389438981
77265845
3162736872
3301209272
3091754626
71832399
74698207
73052157
73381082
73009223
76571514
72878957
73427033
71765720
73711294
3379143860
3235199081
3311913125
3094089235
3171571039
77479887
73981584
72893442
73477387
72271274
74716559
73251450
73502714
70759886
77388821
3172290967
3313121833
3245365258
73177767
3110036072
3388233402
74512560
73599425
73036465
75930426
73461457
72714866
74140648
72037445
73509694
71792451
3256447048
3330539117
3406532740
74406787
3194524113
3128908756
74534669
75916679
72691850
73743999
72665125
74349103
72993566
73945799
76412120
73068625
3431846397
3249402775
3384000383
3320743819
3182366359
72873647
73564743
71921508
73124614
71747097
74505508
73159508
77766861
72583310
77220615
3330314062
3473589373
3265680963
3405076820
73984958
3200891416
73802671
79009480
73350161
72836020
73788783
72909152
73409598
73951898
73169284
72891528
3354993596
3425820192
3493911395
3288952012
76655087
3217732945
76941110
80164261
73193051
73609565
77451951
73517472
72816046
73458623
74051082
74241108
3433389558
3364481153
3296026508
3503809944
3224213427
73870227
74099719
72866513
73878040
76354481
73793997
72680889
73520479
72998691
73771387
3234542672
3508691784
3304220563
3443259521
3373367189
72668158
77197197
73153857
73594325
75584026
73991875
73105849
73683659
73737751
74490466
3527480670
3320713267
3254714984
3460213138
3391998595
72522682
76604231
72271847
73425748
76196051
73540516
72340036
73401624
72827386
72548258
73495647
3476561850
3547983303
3267569095
3408765347
3344074003
77050406
72810525
78421832
72773773
73500403
72908502
73439739
73289276
73045028
72836330
74784951
3430878730
3506101805
3574480896
3369721192
3305178812
72895024
73149539
72739293
73502794
73655694
75051842
73316596
73394118
73232238
73251113
3309400889
3379081619
3588655375
3519051875
3454215240
76894294
73850036
73799155
74018041
86985259
74030729
89829252
75032777
75861653
73240068
73173171
3607998812
3542630935
3476242748
3405564305
3333517664
75058669
71434071
73711231
72965949
73257321
74035071
74217900
71717364
73155786
73145110
3623401144
74341122
3488771181
3557518373
3423835814
3353123234
71509225
76852719
71653582
73772512
91897714
74117575
81358519
73833051
76914616
74807294
3569953755
3638626148
3508080421
3441598960
3372214355
74677184
79212324
72520750
73531843
72629432
73764106
73062293
78468952
74805894
74580886
3581928899
3662993914
3386816843
3523067668
3458063639
80370217
73534976
74471768
73328657
72315886
74374528
72058497
73231903
72423912
73836282
72317732
3675934646
3472405198
3608549515
3546635057
3406631861
74799323
73907531
74001937
75137329
74375347
77587704
73621051
71986203
73430100
74748459
3627615494
3693812448
3559631239
3490773028
3424918806
74655220
72698934
74194276
73252186
77089803
72838004
73462503
73328496
74439918
72799107
3570317354
3642248519
3714334434
3442875084
3510967441
74023229
72820687
76750389
72623139
73431380
73029626
73576292
72947343
72270227
73201312
79053162
3597995525
3667296408
3529791527
3738280026
3464372687
73314751
73697796
73706921
72231722
77160481
71954195
73359827
72265005
72597581
73653734
3615197246
3757966191
3689527907
3556579341
3485563647
76666492
71894584
76792779
76055915
72909744
72909139
74656250
71902478
73075121
73413047
73336264
3569685668
3644143964
3710813416
3779575559
3486182081
71886603
72771429
72509902
72873021
73770960
74005848
72804412
74092361
73323763
73325458
3554894341
3699371911
3632643873
3501641115
3774230816
73634362
76899492
73848720
75923418
76368242
72895402
73137086
72983274
73076143
73140883
3782761207
78183553
3515352893
3583640146
3723122827
3654016339
72719701
72673888
75315327
73258986
73067402
72169059
73603678
73407127
73292160
72371162
72589238
3806442514
3668714410
3601874958
3531063111
3748589409
72839449
73232873
76296059
77779681
73261654
74194434
73358904
75013314
72392068
77162674
3749674662
3819405141
3602792372
3535424498
3678780736
73143744
72413638
72617703
73286982
73630166
72728664
72064066
73154718
77777846
73472492
75700124
3687487711
3614076634
3757647980
3823764194
3552779741
72423914
73800859
76750339
72725399
74058169
74208060
72785097
76499505
72957790
73780139
3619571540
3837541978
3695338375
3765716252
3564514966
73579874
72906607
74242102
72970644
74069604
73745524
77247135
73160156
72712956
73652970
3631532842
3562755480
3846321367
3775227317
3709174172
77740375
84047546
74677606
74039397
73451020
77225444
73670297
73151197
73463039
74167599
75246747
3778427914
3849855912
3643343673
3715444059
3577490600
73891412
72381151
72962847
72631001
76509507
73337157
73663244
73649814
74234735
77457064
3664433317
3870955968
3800534831
3733248749
3598554979
73470075
77429355
73371126
77827062
73948787
73809603
74291943
72758170
74051272
3817719118
72976010
3754015099
3617122690
3895904493
3687804408
73919833
77443651
78514139
73722489
73616461
73107984
73218431
72577505
73213453
72751808
3762393109
3904798444
3835698429
3699330099
3631359069
74368567
72338348
73999953
72808341
73751503
72815953
74328405
74288570
76903514
72849073
3851156557
3923345488
3649243531
3716220618
3783670633
73874864
77954404
73941016
76258122
74501325
74744373
72565128
72298638
73867157
71960866
3800664711
3871845241
3668272361
3736494853
3945500829
77598541
75144969
78716847
71021813
74833070
72566944
73894847
72217402
73191742
72055071
73510186
3685195288
3895686281
3824521482
3963629598
3755831662
73632615
75963029
73173614
73915875
72128359
73684524
72046591
73318160
74849483
73330072
3774225431
3977997437
3711889910
3847715043
78091604
3916284861
73568458
72527304
74932251
73222574
74151485
72892262
73694404
72263471
78612930
72739961
3859542207
4002030887
3791626319
3722699514
3931190964
77179558
73386873
73068044
71409704
73722927
73165864
73449748
74158647
73451435
73113576
3947464740
4017211166
3880195997
3744844077
3812608414
73029592
76326174
73410988
72947157
72890773
72017101
74525918
76673952
75164039
71822246
3812044441
4029823723
3958802678
77460746
3892789883
3752795705
73618800
74705127
75037819
72785520
72967560
78108840
73544455
76714075
73157700
73908323
3737544323
4030836981
3891521792
3961524100
3819456267
75184568
73474794
73756655
73849077
73574678
73347426
77467862
74151141
74001138
74100007
4034101454
74952941
3889846662
3962962339
3745598521
3816462782
74457505
74180365
72981576
73209511
73898752
75109964
74255912
72885019
74684248
74177883
3890547105
3961993262
4034002602
3763325483
3830648323
73562236
75336583
73474462
73480641
78224443
73674329
76509430
73538680
76135693
75448756
3976154763
3769307316
3915133642
3845880518
4052344112
72874734
75034667
74009796
73332273
75730464
73332363
74090271
73063398
78456758
73434796
3778758602
3991337950
3854779785
4065909321
3925487162
73859947
72825956
73530285
76917431
73952524
71373861
73478009
72633783
74178192
73146571
3860882314
4007032341
3792605315
3931434216
79804446
4076496440
74029604
80556816
73119431
74814261
73326904
73966350
74171238
74233213
71554148
73399855
3812240409
4084491621
4022073525
3954257869
3888415612
73835095
74067567
73620846
77320971
72779886
77306555
72052504
87387077
70893784
90483119
3972288120
3829895293
4110770543
4043523056
3908481018
80323021
79224717
70749092
72419854
72578857
73479695
75258658
73595061
72434772
80036448
3836289292
76881176
3907552113
3978607059
4048547549
4116039170
74464931
71157249
73697145
72182038
74390989
71230528
73465402
72481510
74696870
70571418
4134486897
4069860092
3864122496
4003868767
3934582186
75669502
73415783
76811858
76150149
77041962
72396396
74261612
77423729
73719435
72488188
73702563
4015444956
4155088460
4086172828
3881869611
3950628717
75307111
75286858
75043299
73867852
72515465
82011264
73953107
74568126
73882932
77541559
4101822439
3895610568
4034553610
3966461822
4177329102
73920252
74374574
73673791
74076406
74180136
73157675
71945752
74294516
71740593
74194672
4118918140
4055150167
3920842819
4199998362
72950381
3993871075
74232969
72211689
73465570
76710373
78931384
71478394
74484618
72338190
76460864
4134782055
72804851
4069910132
4211933510
3934638765
3999379177
74649445
73048440
73700683
76075453
77408925
73145087
74058690
72768882
73948739
72632204
4018822229
4230089672
3949700475
78148599
4086759344
4164261636
71352616
74044413
72017993
75864080
73890067
73703017
72301179
73877149
71040392
73500729
3949861592
4022044986
4098922688
4173809699
4245232723
71007375
73170114
76373892
74111910
72373590
73899640
72711503
73732673
72717334
74204981
4236532602
4170649437
4035746401
3966932851
4107216464
72001410
78364319
70786214
74943331
71329679
74513402
73218794
74818808
73098425
74496328
4252937756
4183690828
3974145124
4052148437
4119847730
72807396
75766273
71677456
74552121
73323753
74047035
75110562
75295057
71075730
74201997
4260650279
4100176846
4025669675
3956750357
4192337234
77683083
75374472
77248748
73774010
71254543
73401073
73783177
76229501
71931471
78312215
71368527
4246122408
4178085924
3971034901
4042603789
4111571196
73766762
74599573
73320213
71905383
73077970
72533572
73433186
71844266
73328873
73146991
76657820
4192778632
3991330653
4059287635
4127110271
4267168695
71893979
73785496
71621088
73176655
75591746
74333732
77795839
73627522
71209297
73730770
4210218052
4071489625
3997398867
4280717794
4144021785
71437898
74109713
72207361
74100163
72189142
77499200
74480437
73638655
75634150
73979056
4286472129
4151098454
4218842180
4082869395
4006558225
71378054
73905291
71398622
74080799
72716557
77763421
73274341
73649138
74236019
73788161
70265719
4308217599
4166145313
4100689896
4026780043
4238631492
73972689
72452339
73566417
76265400
75331041
75739352
73585340
72638596
74335942
74713584
4245174068
4035435735
4107469365
4316940167
4178011783
74216115
74347713
77162412
72615168
75295134
72881779
74006614
74131408
77124243
72982641
4325834180
4117198579
4261177745
4186983333
4052079322
74825993
74406749
73414551
73398476
77463283
72045296
74208961
73471311
72676738
72291146
4272770011
75714997
4345301417
4138102512
4206913552
4068866586
72710961
75606433
73953500
71902229
73318521
76063828
75614103
74149928
72481203
73206927
4275665066
4354858763
4210419831
4140364667
4074284760
74131084
75816174
71460240
72344966
72061621
71987231
70738313
72526543
70390994
72269611
4225160908
4367489955
4299203643
4157433418
4087169933
72114744
76272305
71488580
76645996
70798072
77797605
71020486
74256842
71548594
77066010
4377240311
4092713789
4239759700
4311634513
4173146223
76196892
73766355
72214870
73615956
69949637
74959740
71886607
73426949
71431752
77911982
70094981
4323192709
4117206975
4188639537
4257095203
4404348049
76506465
70517797
73209469
71183594
76236104
70689232
75504799
70694374
74110924
74331946
73736662
4125326908
4196638224
4268063104
4336647857
4412805267
72244395
75622811
72515895
74043239
72330181
74273069
76629160
73605862
73960587
4423741815
4218985242
4359144193
4151038712
4290293993
76801751
74732797
74463017
71580719
73146403
71230312
77164581
72435352
77083739
71254461
72404692
4439319414
4302474781
4232330511
4160357676
4377466385
75509392
73824690
72237559
74024977
72579120
74558498
72769840
74514380
72150753
74531679
4239262946
4450716628
4381955112
4314420335
4174763818
72066208
73718207
71727134
73849203
76995182
74869375
71750323
74419410
71759499
75622689
4324910703
73370503
4467568974
4399358916
4181322761
4260748692
79608607
72856600
78633348
76257154
73421004
72669615
73633481
71469985
74967581
4179494435
4393902324
4249847150
4323329343
4465322190
76193666
75463672
72820399
73169930
72975739
75437642
74140651
73417998
73835135
73494151
73313704
4325733755
4188067081
4260785633
4397764541
4472584339
76897873
79712461
73685983
73407410
72914245
72277891
73623195
75210686
72927981
71897510
4411883923
4204679099
4482202863
76108294
4274448566
4345937677
71505270
79135881
72119669
73537903
72337141
74757571
71162162
73704860
71306878
73893233
4282243516
4496097882
4349351213
4425018448
4218147115
71628016
73409808
75003327
72383935
73171482
74116480
85024678
73973586
73951152
73308186
4503848894
4221984670
4366931849
4435197803
4295549415
77339677
73047415
72361376
73531153
71599129
73693761
73355453
73727982
71253227
77822716
4436086593
4511725342
4297755790
4373912713
4229682134
70372654
73070407
75643716
74830757
73033754
72322059
73180298
74459018
73454234
74464789
4385195749
4521262373
4319235910
4250285870
4460971888
74049719
72152708
73351389
73949685
73187647
74329723
74341908
73992068
77278724
73394899
72889287
4462745804
4538448755
4247291363
4322950909
4401750190
74975048
71981939
73557087
74892578
73235888
73244325
78088243
73544498
73018491
72831336
73494716
4392808779
4461314291
4327164393
4535168635
4257665919
74145115
72627391
75349821
71404255
72023745
74602407
72404916
73400107
74116213
73682303
4550834834
4485250112
4341946226
4415849327
4269674666
72757517
73871461
72306395
73123789
77207333
73065693
72363802
71833894
72162401
72471085
4409555167
4484218387
4278894934
4557753784
4351882636
71724962
74502879
72566833
77322952
72342533
73515033
76245653
73398299
73251311
73690271
4567050069
4434336298
4503060693
4368815553
4291301938
73434406
73463279
73435234
72840176
71865156
74134626
74615552
73069609
74342737
75124028
73324034
4513755379
4447040941
4582956916
4374209137
4303431833
73508691
78663509
72597717
77024821
72986764
71062168
72745706
72468009
72133968
72693072
4520585852
4455543174
4592917598
4388997253
4322261561
76132816
72124597
77446959
70915861
74221350
71495492
74514843
70898073
73303869
72455170
4606567598
75644708
4480352755
4409310457
4340005118
4548921270
74923700
73581113
70552080
73094700
76751008
73424240
71676630
72649665
71394670
73454875
4621252302
4551181739
4411500584
4483921567
4344226376
74276946
72957260
70831709
72264622
70923235
88803764
71042209
79374636
73209030
76780218
4629483663
4562997698
4353954331
4495425057
4426559428
75510292
75155751
71189844
72791072
69499363
72483217
69830313
73395873
72933759
73430736
4574132815
72993179
4364478909
4651894508
4437650994
4513826193
73143571
72443931
73685802
71065450
71708524
76009964
72576345
77718507
76193402
72793966
4369279667
4585039444
4520196712
4662685917
4446663917
75561851
72785486
71681924
72715733
71533270
71490876
76648264
73906988
73459325
71939184
72205058
4459911880
4599745897
4532335826
4669162340
4399331898
74023379
72893187
72998243
72366169
73325596
73105282
74134048
73875739
72806475
72518374
4548325786
4686756971
4483342747
4619144609
4417124351
73732471
74217740
73678931
73097504
86018154
74139072
98040229
83645001
83696873
74666273
73841824
4565627071
4639068156
4495205563
4715514641
4424302091
73858504
74306063
76505028
72731681
78280225
72608063
74093294
71164364
76135614
73657477
4626934929
4701980896
4563950137
4494651359
4430068896
72338334
74988437
73522179
71530724
75009420
72833763
74031430
72369122
73844317
74462948
4713523029
76099855
4645836712
4580117984
4441365868
4511994276
72238698
74428344
79958627
73805760
72362591
73911080
72705871
70163388
71914492
73805851
4722660032
72126399
4595699459
4663761081
4455472823
4528663027
77958071
73776656
75105623
76667779
74362600
73611640
73456277
72657574
72437761
70987933
4740955307
4540212509
4476212019
4682370726
4611224382
73128137
75636330
74827566
72897100
73264007
72684937
73753728
72579347
73681973
74525860
4611547347
4762113933
4542232394
4684325586
4474727710
73935133
77787664
73640262
72559938
74698221
73347220
73514975
73663137
73651330
73954688
4625441429
4558830722
4698265733
4768032734
4495184647
80363137
72128902
72823539
71548120
74324669
71663317
74922667
71610358
73554707
71528671
72745243
4655365885
4584824647
4515792147
4722116519
4792515613
71701583
72415990
72111158
75421430
71961669
73680996
72132494
73760826
75395392
72407222
72911517
4799271508
4588996190
4736320476
4661722452
4523360579
73223515
70808336
73331982
72977381
74023895
72552228
77599245
73569409
75359378
74796285
4807428258
4739704290
4672963227
4610326356
4544856483
73780426
76014957
74337323
71808476
73644646
74021604
74412359
71185622
74723372
74122380
4829619145
4620696566
4692046009
4761571479
4550072854
74002978
73764324
73760642
73504127
73876908
73179487
74188527
74069211
74078879
72753733
4836295059
4699287721
78483591
4632978876
4772181655
4567964971
72861571
76016513
73557338
73928048
73486646
74207741
74523648
73823907
73461832
73916057
4785758773
4717207085
4647396491
4553569492
4860442901
75520459
73577692
73148968
73462497
73989655
74065487
72921024
75050579
72438360
74432405
4708359006
78686907
4848922017
4573494242
4643505056
4780105498
74298063
73798418
73610648
74261427
73843438
74030088
73380459
74117124
74435796
4724216446
4584196706
4796181517
4869503510
4659275005
75070123
77476743
74550079
77910925
73946883
76633723
73570927
73596432
73766097
72701191
4593898128
4672099012
74751173
4813448570
4883186816
4744892879
72792562
75485519
74585349
73513702
74898114
73798773
74301607
74238844
73197302
73714002
4892601042
4688166116
4760185370
4829037828
4616513367
76942977
81245022
75028826
69570657
73601683
77098012
73512650
72767805
73877216
73404141
4831333586
4694549454
4907251409
4766644176
4629901325
75945393
73023227
73645100
73030293
72933941
73130074
73910352
73047688
73129334
75520397
72808574
4713416205
4921102334
4784180126
4854810779
4648227887
72677153
74035745
72556006
73036635
74389190
73263217
72533405
73319354
78150617
73739009
4933236050
4721611188
4792178983
4868135786
4653821980
72867955
73529848
73548689
73346595
73277742
72844154
72912908
73876240
73676682
74805927
4797401475
4732652127
4871868717
4945673605
4665557323
77636554
73304101
74743120
73219710
73425754
74689530
72541777
73540005
73443312
74318017
72575304
73722207
4823942908
4963032080
4759056804
4897558359
4692741412
74847557
77642874
72827454
74073682
73367084
73855329
77117553
72800152
74365883
73167805
4980393501
4914066128
4844533963
4772601666
4699557175
73149928
74196403
73238621
73492552
73852097
77225928
72624059
74143122
72976606
74256134
4915299632
4850370660
4784609748
4716445709
4989797466
72640041
76977917
75985008
73206512
72776270
73650495
77269699
74228099
74199444
73479491
5015505363
4810316401
4742980662
79569060
4949641549
4883720341
73252560
74514153
72221079
76382196
73411578
72421452
72998404
72970449
75785467
73145682
4894321786
4828312502
4962751899
4759046347
5036295427
72512399
72707954
76159857
72261841
72478811
72569958
72444833
72943005
71924159
72230343
72183921
5038170072
4836292119
4906653558
4769465944
4978816290
76350713
72481955
72906787
72706432
72659893
73303214
75357246
73651057
72608380
74335542
4867768652
4801431814
5080616397
5012902983
4943859889
72179197
74151268
73349110
74519028
73570070
73953414
72410899
74550830
81678747
73683006
4949580345
5016714567
4883175424
5099901029
4811898133
78468777
77680870
72546630
73185194
76156551
73124811
75748663
73251955
73097057
72526055
71562773
5031255423
4894119065
5104316445
4827942290
4967402816
73273376
72798409
77922518
75465096
75036941
70812521
73032882
71220778
74993939
75534276
5039401755
4971716254
4904577087
4837665561
5125570273
74081839
72666382
73701849
72244094
73213958
74399583
73003859
71622954
79790763
71144736
5042861463
4980376283
4844439372
4912819916
5124900850
75967542
70892061
74411161
71018567
72968686
76834512
77686286
73217750
72520673
72935931
4858807931
5134564278
74128573
5068930321
4935668634
5007516173
71794794
76577462
71886979
73740343
70320136
72141841
75998737
72947259
70109324
72042864
5153820481
5020228967
4888082387
5090413460
4958299103
70309737
72761795
72294038
72218468
71201033
77544843
72849095
73053887
69477888
75931672
5105344951
5040232552
4972649300
4903487313
5178987942
71219447
73388752
90058706
86411715
76345483
71964586
73774730
70680592
72925761
72102485
74397829
5133233405
4924480662
4991829081
5202208989
5065025297
71725682
73461197
73982087
73194006
72637186
72321389
70254517
72982737
72813968
73554852
5014174895
5222125892
5152244168
5082467729
4952107597
72420762
73809352
71875876
77863683
71088398
73468158
72924598
73009134
71089728
74802305
5093867380
5163570114
4955583611
5233930773
5023185881
73118114
73618571
71822364
74208625
71578164
73575939
72952548
74923658
72517747
75419534
4955387547
5174395638
75104294
5108614746
5249266657
5033908471
72556568
77829938
74663785
71160148
74160498
72956351
72576996
76561352
76347359
71604419
5252411289
5185509338
4979754316
5117534928
5053363167
78176631
69911293
73971907
71789845
72566106
70776678
72961915
72535171
73507280
69682164
73628304
5272683903
5138396179
5208061586
5068559106
5001574080
70431788
74350017
69767103
78384221
74368588
74981390
71107878
71947168
77646764
72895144
5302595186
5237625564
5099861777
5177021109
5040632794
73497124
72603773
72887988
73069288
72948373
72760383
73485463
73957699
74134500
72983910
5035987838
5107802962
73548747
5328155177
5186300335
5257480655
73760461
73758238
73285939
72525631
73861796
71830422
72599831
73245816
74499316
74517929
72601581
5129072278
5203741378
5346159008
5272929122
5068144540
74513585
74785021
74592353
74092351
73326261
73233758
76356720
72661852
75751061
73580030
5346379754
5272215540
5058715338
5207087226
5134936991
74831158
75036445
73181535
72426833
72445805
76495413
73805487
72559785
73660111
73133812
5129051956
5204246357
5277246629
5348441833
5057940170
73365329
72327476
74489088
72841673
73063746
73710563
73090054
73432655
72332104
74118255
5274445512
5137987734
5207515750
5347547173
5074975889
76896507
73075333
76118552
77126305
77255127
72251826
74283838
73447693
75382458
73190131
5295385496
5230718838
5164028082
5095495512
5367494185
74425865
72545034
76550197
76105021
74548143
78837704
73245739
73112853
73940117
73834130
74709131
5178686495
73531385
5116764123
5255959782
5395857201
5327732041
74548005
75199892
73469304
73072427
74140426
72753184
76747625
76827632
74534372
73478664
5360890489
5431379556
5158619693
5297613116
5231154752
77749334
73328027
73179109
72588292
73216774
73731175
73992751
73376719
72677368
72924448
5445004714
5308145164
5375238041
5238273668
5170858607
74014807
78205739
73511429
73056167
77822213
73226912
73626002
73354925
73310565
74779583
5263391960
5335688050
77407813
5403957859
5195653157
5470990617
76150375
73773184
73134773
80309576
73032970
82759060
76673896
72964871
73173922
77877492
5269581401
5411092630
5337375229
5480664650
5198365052
73633189
74622057
74431797
73851659
73241428
73394587
74451371
73018309
77401597
73743909
5421625824
5353670616
5214150272
5488490627
5290314282
73662559
73036376
73586733
74332798
75139870
74784089
73623270
73486404
73635586
74136999
5433988673
76563467
5505906766
5298696412
5227414444
5369022938
72737198
74860270
73563497
72651303
73916982
73637900
81476386
72782320
73429443
75229724
5519264724
5459044416
5247984737
5315104670
5387438013
73511631
73951453
73312804
74633182
72849103
77761724
73689206
74956097
77121963
73856615
5534301801
5467650872
5323768603
5399417201
5262140515
73764754
74909956
74174301
73638543
73142111
73398044
73636507
73466567
72854252
74117223
5553897144
5487543968
5417213451
5286447882
5357158913
76714974
73987287
73570431
74007922
77671866
75668492
73666637
73893595
76057826
74516050
5584997122
78703529
5373322709
5514653496
5445374303
5302035618
74838974
73890933
78367140
74538130
73993028
72770813
75419669
74324270
74276287
73008878
5382664878
5320305888
5598513108
5532348358
5459181415
80148488
73244305
78987029
74900627
74095586
73363846
73834518
74301328
73476454
72751992
5609340180
5545458231
5479278520
5412557574
5342973537
76520907
77253618
74630937
73477773
74273799
71576711
74585615
73478431
73654125
72919949
82845128
5637765059
5349992341
5569860837
5422058546
5501801056
73617356
73814278
73800011
74259184
74728503
73916123
75516594
74055003
72986041
73153748
72242863
5565889058
5642182616
5434597822
5367501299
5506361781
73422104
73060580
72799952
73403071
72641920
73022213
72047601
76159568
72757300
73459635
5520560205
5381374653
5663830243
5595988382
5456531616
72662792
73250517
72729051
73415739
89482154
73586017
79644610
73221465
74445087
72207543
5670067107
5394946804
5602977884
5537288786
5465563641
72870375
70945480
72357934
74001913
72555707
73998513
72498504
73595286
73014893
72717046
5555795996
5692934673
5489325218
5422431856
5626971361
73915012
73575905
74145472
73209544
72983288
72822570
74688738
78363391
74505798
75839220
74469351
5705039547
5640035682
5571192254
5501515912
5421164284
70897031
89491785
73699590
96383504
72551990
90257764
71929726
82761482
72942765
75315687
73828253
5713646191
5505483088
5576839543
5438834151
5645116130
74010920
75282809
72889144
72913546
76159473
72081708
74182665
72809462
73473547
73758588
5592618918
5737939677
78918955
5524250209
5454308793
5668578206
72705618
73464621
77695824
73359923
72058955
76439535
72293400
73374667
73239937
74517223
5599745186
5679426929
5470770276
5539302348
5751297790
72835495
73485797
73401350
73195798
75073331
74368730
73177643
74487303
71806057
73590204
5553603077
5762819351
5492582751
5633351207
5701371397
77179219
72978220
74329310
74361262
74000993
73754572
73278812
73437931
73202118
73579280
71472673
5568483517
77591344
5502863427
5785368939
5712147541
5644914570
76246893
75842544
72746036
73532095
71344701
74634552
72748096
76987368
73129381
5780728764
78335179
5642428327
5573401289
5714704851
5503630858
74447977
74378974
72395822
73767868
73722678
73673009
74017957
74236413
72846392
73389484
5790082325
5725753182
5654628335
5585233971
5515868559
72609318
74696919
74216227
75897438
73686610
72983989
74117160
72851607
77960126
74490660
5660525630
5733078500
5800802109
76447548
5598735799
5532616291
73302686
72741479
73607380
73057835
73372816
73501506
77164094
74463728
75245748
73807285
75229576
5675583393
5818027871
5753150197
5637506132
5566936538
78755161
76713225
74330174
73645272
73207750
72856856
73458945
74274777
75006777
74967940
5858194409
5787166009
5653327131
5588146641
5723447762
74182094
79138906
73429941
76175396
77574235
73753485
73073316
77187435
77313718
77107201
5877305388
5737458807
5811263103
5670437095
5603706380
73598663
74273297
76076870
77400857
75526795
74776176
73707995
73453481
74272740
73705875
5899776771
5624995039
5835344498
5764801275
5695971225
73555574
73562466
75583332
74480121
76985817
73683702
74145882
74578998
74529996
73587079
5780198010
5921182318
76297646
5639641270
5856248495
5718013096
74649613
78179320
74187017
73839009
75318250
74785786
73270682
73972769
74346846
73682317
5787290524
5858413777
5933022959
5719200453
5642389510
73470837
74357304
76440656
73796091
75019520
76545024
73075529
72653646
73957394
73932184
5932806346
5866484573
5735529004
5665005517
5803455826
79463854
73485736
75788232
72813016
73416117
73949824
73355021
73182843
73568666
73447435
73505076
5792655205
5955713851
5889370717
5667886853
5735645092
78426762
72936018
73058274
73754437
72325751
75320543
72970474
73670019
74004612
77023361
5808582875
5958715351
5890972974
5752364458
5682129171
77307368
73395074
73849734
73262163
77410869
74171467
73772962
73509039
73473264
73562809
5892031426
5828800663
78972194
5764839032
5970312405
5710176063
74107336
75504715
73330540
73795671
73091925
74402655
73536503
78755021
73188944
73132885
5972861385
5774020856
5919569217
5846424937
5712688714
73650991
73447615
74702543
74011148
76880074
73735704
77505073
76250042
77068930
5979455380
74147207
5851230917
5924536308
5802179312
5734977467
75829079
78664564
74603972
71818478
74182405
72558420
74444038
71677869
74357592
75495738
6005159945
5939117209
5871523940
5806018749
5746871630
74403421
74266678
74068562
73263211
73740460
77464319
74031839
73059688
73643164
73525467
6030694574
5885271093
5748241626
5962722631
5819705738
74477920
73705024
72970844
73494753
77290512
73358400
72951342
72845663
74540022
77697083
5963916383
5830493905
6034791219
5900117045
5766259649
77074263
73641195
73716779
73782987
73422541
75432112
80445774
75124444
73404856
74489081
5782291430
5850544853
5922406192
5991838033
6059833367
77428888
74402692
75989562
78646519
75783206
77190566
76104800
73960761
74268614
76328608
6007284209
5942507627
6076966873
5876752178
5801151532
77116510
77191376
78236926
73956406
73405296
73807054
74329868
74729322
76952437
73559621
73967640
6024962156
6093501080
5888471305
5954425028
5813463033
74213215
72571956
73721209
74649266
73699352
73213963
74489929
73665580
73542782
73799147
6094130048
5885664215
6028444019
5957330009
79480969
5817600096
73705142
76368387
73649731
73250658
73725624
73316348
77036430
74149614
77472681
73562220
6038588707
5892105238
5965040521
5827654824
6116717414
72576180
77213721
72896379
73799910
74425308
73540895
73161619
74122966
75878922
79599540
5903901052
6049682032
6119083153
5983548315
5853272713
88005331
75758271
74827459
76286414
73794716
72937548
76261056
75376391
76932658
73162536
5916178540
5986765423
6142621781
6068509312
5863865233
74320806
73285352
72970186
73989861
73136314
74567286
73048054
77880772
72960585
6146841895
6073078962
5934613932
5862169285
6003202594
111739873
73480379
138937722
114341581
73296682
87956331
74026438
73649217
72568571
72935535
72906974
72954461
6152927464
6020966466
6087664738
5891850522
5961039708
73526330
73604247
75764128
78592052
77958965
72851150
72741544
72825683
73337403
72375368
6122509072
6172342516
6057618903
5991619840
5924243078
72719688
72746512
73080022
72843325
73745942
76870797
77260873
73374893
74674483
73812819
6140054742
6077351901
5937405704
6216246089
73504168
6012667258
74227746
72944140
75391164
71876205
74045940
72705834
73238221
74007851
74246548
72282367
6028785995
6168205054
6101828178
5963761016
6241189029
75887290
72608995
76811636
78338949
73651663
74304575
73719037
73399016
74233125
73464527
73577025
6245051134
6102733334
6183957564
5966378634
6038337401
74031805
77542436
74288087
73093847
74923248
74176173
75779020
74312058
75087548
73958584
73665059
6261420077
6049455085
6118223905
6195067123
5982711863
73313145
73319331
73924185
74194032
73661408
74262942
73549551
73872587
76900670
78224277
73964546
6129161587
6273795758
6062229113
6199389612
5994938620
73394955
73963764
73432533
77060941
74504962
74717397
77373589
73831523
73483355
76808976
6072658443
6284749832
6148910896
6218349856
6013925138
73917553
84164394
73927693
73446694
74013156
74447136
72855962
73207540
74479207
74266034
6090418102
6160297548
6235665356
6308031438
6015687931
76412324
72512883
75174557
73985292
72503436
72747698
75964512
73363719
75658712
73515171
73360605
6086432197
6160993949
6303467763
6019454401
6246621720
73759425
74643433
74088623
73345614
73134380
73593637
77392726
72554687
73760152
73066785
6295461421
6090366437
74459611
6236134062
6166029105
6039381480
72287910
72930291
71221728
72926456
74536917
73155861
73648304
76463969
73308114
73835597
6333291802
6265242774
6199396235
73105336
6133680263
6066419054
74480383
74731181
76601774
77101320
77320780
73142071
73952929
73903883
73840256
6339361617
6273354877
6140941326
6210617627
74513243
6073049695
73901872
73543416
76836434
72618559
73252030
75154475
73066438
73719516
73348696
6350028055
6278511422
6209415901
6139209600
6068763626
73701279
73028256
73007590
73839725
72765325
73284185
72821541
73511862
73970272
73757058
73572382
6365513128
6249790608
6296855463
6104442019
6177850110
73931713
78050888
73862339
75560532
73178078
73698563
73894700
75113633
73127621
73282889
6253636164
6116875690
6393956720
6323032280
6190663032
81505931
75541407
73929436
72923526
74465819
74142275
73206906
72782622
73330199
73856022
72290505
6340033076
6270530308
6129108925
6411479989
6204523031
72999145
73331575
72532854
73997154
74128253
72656607
72998794
73006907
77295825
73476424
6125493639
6205065182
6276262295
6349205484
6424027618
73305536
72934938
73755907
73446100
72502687
73590834
73277081
74163583
73175751
77370201
6348497716
6282144118
6216107972
76624963
6417291263
6152023719
74247532
74479751
74908986
92826433
75436096
79622274
73406817
72829304
74164264
73694696
6450163086
6377982468
6239018614
6170485529
6309751847
75329998
73941080
74018940
73110299
73130656
73950290
74103728
78106855
73237300
72766178
73318384
6383958944
6246961923
6181307594
6461947528
6324055994
72810534
107819509
76478744
133320677
117510483
73029497
97608855
73184193
81838993
73064983
6394941680
6466451966
6195348613
6334544026
6268762734
75977353
88066068
89527760
73695445
75228773
72687381
74477259
73378391
73426891
77587444
6285924442
6358428392
6221822984
6500525430
6429497843
73874966
74157779
75657616
73470754
77291862
73734651
77002195
74151754
74944022
74292859
77047039
6237920052
6308421196
6514490840
6448991568
6383744871
74889302
76524652
73426468
69700959
73854072
73367303
73696178
73005196
74059142
73381873
6530149217
6393236319
6470186639
6327413532
73431264
6260430725
74416329
76396461
73268663
72814739
74121672
74543090
73057884
74116849
75930331
73588824
6543046135
6474622734
6335955837
6267765629
6407122168
72600768
74276682
74244360
73600030
73679089
74368011
73307946
75022647
73005449
74354202
6549648681
6415385503
6281741340
6490007183
6353136532
73502246
78081915
71546170
74833216
73482430
73601621
73574877
73435871
72861713
74704704
6507952983
6576378237
6380037319
6447624825
6310405048
73357327
70100332
73594676
74341844
77232117
73118599
76456615
76445530
72882199
74272494
6597191605
6324369601
6528433575
6464643527
6397431590
77373873
73674304
73060762
74097278
72698011
74175124
74561274
73083057
72591914
77087988
74984061
6468915276
6616309750
6400270122
6546528688
6330377216
73639571
76685019
74093894
73155842
76490876
73488515
74540454
73011127
73559823
72665668
6619969903
6398550211
6329958268
6468089256
6551235075
74900888
71023717
72272254
73032860
72937386
72344122
72233941
75595524
72269344
72270326
6471957464
75295967
6550290366
6404062031
6618254252
6337394271
73111036
72904044
72933620
75154107
72796188
77044925
76131571
71830024
75698449
72206975
6409370014
6621626863
6552930346
6344543665
6486467759
71360920
89118859
72190286
80272844
72478446
72255862
73191535
73440153
72624304
74019798
6349789444
6420484804
6636105252
6569260452
6493233690
73700486
72915064
73005800
73340520
76979184
73794572
72982237
73258499
73042042
74247972
6652491060
6447166597
6380540502
6518966720
79394958
6589889905
73264330
73401600
73848553
73503148
76937278
76008990
73682805
73502696
73735996
74168612
6391055763
6602437283
6669299297
6464908960
6544626247
78844503
72791448
74269878
72702684
72284268
74327350
73692381
73161629
73345889
74589711
6419521403
6628216086
75614141
6696940576
6496396741
6565092165
72941588
76394702
77747069
73257337
72527467
72738185
72065933
73873746
73248808
6495181390
6705123434
6565244180
6639257004
6434872964
79130439
74580910
76815489
76321092
75519259
73933198
73685814
73900496
73743407
71373180
75017953
6723483893
6503593658
6664370948
6598916723
6435953458
72573825
74039123
70706446
74705723
73328293
73216851
73824783
73644393
71882481
73552136
6651916169
6720168485
6474391345
6590382298
6545609804
77651116
77681005
76750485
73601449
71808812
75691792
73056469
73016909
73484141
77550575
6695006364
6763671664
6626313865
6558907387
6489111738
73024545
73686956
73320556
73426990
75281074
74282311
73143519
75087696
73062684
72894826
70868555
6571411889
6717548137
6789441180
6649383500
6502682482
73224361
72133618
78056136
74577146
74017657
72492652
73846924
78213680
74201983
71788717
75614074
6509185070
6582328991
6658197827
6794926175
6729427798
71393281
73973609
72745228
73445555
72508635
73063154
73636423
73550092
73735884
73793646
6731469062
6663763935
6597457076
6809129479
6528195601
72448303
73488225
76099330
74223303
70941789
72985706
72702915
74776966
72524052
73092560
72025111
6823187898
6684851956
6752884605
6616481899
6539123800
73760677
72780917
73957906
73616850
73419286
77593744
72749485
72364080
73239204
72894459
6753356553
73610206
6617034512
6693158534
6549496149
6836131429
74458962
75575770
73851982
76878079
73667944
73632798
73088695
72782886
73557512
73686351
6696191524
6838466388
6558212034
6623167804
6769975111
73272852
73748196
73956961
74144907
74480715
73840589
72942603
74567232
74522943
73932513
6641146884
6709961124
6852503919
6784960709
6581809034
75767565
75979977
78708457
73665792
73329752
72448534
73549718
73892490
74783692
74759138
6724106249
6795446486
6594417697
6662957015
6871706051
74347114
77649142
73252541
74537060
73633424
72976046
73885504
76632776
75595784
73531845
6740555497
6671925648
6814616858
6887029634
75681170
6609740665
73380194
74408326
74198355
72176658
73696237
74830300
74418359
72782871
73232984
77400615
6894022756
6823136965
6616603001
6759201924
6691946817
74562038
72950356
73176047
71981157
72955889
73460858
73355132
73267304
77971273
72986263
73301115
6634598241
6910305304
6702626858
6843652992
6772716636
75221337
73695077
72692073
73179243
76281097
76336386
73580433
73862472
73550912
73570506
6796277759
6660251359
6937863471
6871672746
6732901376
73183982
73136888
73579794
74416800
73142525
73588260
73419603
74512533
75028907
72998557
73193750
6950388522
6675502220
6884751136
6748944357
6815692672
73924007
72926900
74126768
73496322
73601724
73697374
78247346
73545122
73504566
72905169
74045987
6749054170
6888434148
6971929178
6684498801
6820703069
73751202
76031731
73169223
74240567
74687435
72951054
76687423
74217195
73778127
74327835
6974124372
6839459337
6908433779
6774934564
6708054128
74331959
72950954
72311064
74065214
76422187
74407566
73234603
73752410
72991028
73824019
6966871091
6894744984
7042865568
6829564882
6759299398
72800911
73389199
72607167
78261853
73906991
73708263
73296318
73545675
77159376
77121252
6978476371
7047295689
6841558384
6911463796
6773938753
73995982
73126349
72800395
73162263
79073477
72710426
85201897
74442118
73115256
73289747
72758027
6858525895
7001641805
7070060454
6792010514
6932396228
73597892
77187557
73848675
72858757
74090633
73868174
73923436
73016241
73710436
73290576
7003061168
6936919329
6801409068
7082828224
6870016206
76824378
72691450
75037372
75092159
73483669
73935798
74170584
73546775
74608995
76635429
6825481075
7098975357
6965803269
7032412678
6895580059
79527976
72844165
75625177
72993106
73683236
74506609
74725378
73621289
73207602
73542186
74233274
6977356507
6909853636
6844925719
7121884384
7054237990
77760537
74937001
74661583
74262429
71698787
74289062
72447090
75004508
72949900
77465311
72899192
6852263215
6998321059
7065929029
7138459348
6933418199
73245740
72586239
74131145
72615586
73722519
73655151
74077926
75886080
77209883
7148083251
7083497519
77348552
7019376587
6949969289
6884826863
74855574
75866516
73882625
72906572
77774456
74496133
73270174
80839665
73138837
72291277
7098932266
7172131474
7029788182
6961316156
6895605983
72293199
72034407
72011344
72349246
73281119
73372242
77774302
70823730
73443094
72180284
7178653488
75835927
7048833848
7113715606
6908937132
6983511433
72574157
78629654
71705557
71878204
72928331
75980695
73349153
73119393
72124325
73817985
7209429615
7073860385
7143298589
7009838560
6942987216
73728412
73307365
71457733
74461232
75931921
72951603
72656677
74380556
72696344
76788059
7222135392
74862650
7080169313
7152415304
6934303030
7009886466
73825254
72670583
73521850
72659464
81942736
73673129
75342799
73868899
73983334
72988611
74574412
7145748092
7216812220
7074373623
6936011007
7005604487
76177625
73679204
71997710
73873104
72292105
73576631
72868565
73804666
74668737
73770137
7086152236
7230241507
7157079294
7024250957
6956624933
74689629
73944577
77894093
73868804
72334336
73185710
73442661
73457414
72990404
73559163
7166836752
7235633533
7103426143
6968243901
7040926559
73901296
78122297
74276876
73947316
73165493
76154321
73038651
74275739
74157406
73688736
72654306
7052292169
7257433670
7191185007
7127318539
6994913469
74697393
73694157
73507546
73467233
74254049
73411436
74436151
75153403
73827710
77493787
7213531676
7284376515
7075999751
77888779
7010233281
7150174098
74131175
84074763
74017716
74213936
75557702
74198342
75667843
77345788
73178847
7086343704
7227237097
7297821709
7163003058
76574409
7026925288
74672164
75502929
72972658
75535568
70777975
74096220
73017765
72834875
72316501
76164124
7248288642
7322669511
7180298832
7109851452
7041099664
71615356
74636050
74657173
74874299
72733383
74345367
73909999
73952418
72310412
73502346
7178823499
7251131441
7324403225
7114870707
7044947954
72730594
73513334
72113642
74042652
72819904
73547634
71988562
78319571
71950656
73712664
7329608564
7048315255
7186383676
7258006270
7119247952
72961239
73564769
70811225
74711845
70553119
73051745
70443212
73915735
72952355
73331590
72630633
7107303369
7202140885
7341355436
7272444470
7040319633
74429781
77296520
73422720
71711691
73821520
76038555
73659415
73380925
72996937
73614569
73695881
7055434623
7126408294
7195753650
7342724952
7271372447
74499682
74588308
73289408
78135016
72039058
72980096
73306475
73237586
73543713
74191987
7213742867
7075164916
7355979300
7144836499
7290126291
76067870
73191988
72333121
73132225
71986607
74448732
71025298
73790434
72590726
73973162
7093249464
7369500503
7300677342
7237543616
7165735949
74081412
74178567
77138431
73362785
73935964
73334346
70656154
73331540
73146546
73340906
7375182605
7173236323
7102232266
74301380
7248543254
7318450146
78084643
72660290
73789443
73076973
73328594
71888835
74029921
75170743
73992641
73300262
7135910689
7320685683
7389140930
7207858846
7282150323
73845927
71208640
73869307
73789291
75486337
72918364
74397793
71433035
74573354
76976509
74434961
7296465022
7436945300
7365768207
7160770984
7231172419
74504938
77619396
75961113
73947684
73867632
74067409
72081194
73497216
71734329
78020662
7362537664
7163739856
7303558735
7447491171
7237497938
71684299
73508324
73530790
73944033
73463617
73523808
72811784
73966864
72326511
75289370
7382529446
7456068919
7324808408
7258827651
7192186123
70544084
73981761
70626133
74231262
71710076
74221722
73299814
74211410
89528316
74493031
7472531599
7403647977
7268357230
7339507808
7205510887
76295219
76271038
71423616
76331192
70552406
73278787
73267269
77915462
70944749
74214127
7488150841
7355704114
7424080095
7220002923
7287245379
72700124
73444081
71143550
73614583
70802654
74250025
73652027
74034861
75974401
74190166
74194234
7378335643
7242957532
7449212350
7519883123
7313929741
78166625
73061993
73990289
73731044
73708726
77461112
73179725
72698047
74266640
72310214
7530811132
7392009420
7327838344
7465740666
7259438227
73336830
72526489
71756117
76022815
77987275
76702581
73859502
72774574
72644542
73060949
7400665588
7336253318
74547171
7474662020
7546319791
7279161261
71901327
73509971
72961184
74014288
72906010
74089364
74227029
74249480
72720480
73476887
7348975230
7561686766
7424087319
7289224140
7496716076
71929099
73893020
75255871
73157133
72391192
73364869
71159718
72905669
71497093
74232868
7574104681
7508180389
72013072
7439168030
7305811938
7372953517
73406877
76632991
77547222
72399332
73667573
72952049
73530253
71405573
73207377
70913278
7378673690
75099563
7597887807
7309001296
7452792645
7519292347
70940775
73945819
72446468
73451790
72828452
75056855
71668627
73867124
72079553
7387645673
7317163951
7460348924
7600572778
7529079768
77957422
77240474
73678034
74634799
74453885
71614697
73923139
72350049
73111856
72876273
77854422
7317895476
7528769468
7457598818
7599432532
7390352503
73456077
73432264
73701184
74153006
72597883
73456924
73859413
73412627
72460448
73242481
7612590290
7476059064
7546147726
7341023438
7412563491
71928184
69116541
70648511
73134858
72619169
74262220
70987868
73307321
73934138
73236203
7418434920
7353200945
73037155
7635631163
7497225695
7564524639
74291735
75139798
74621396
70627025
73448541
70625465
78231426
73066704
73766218
71596210
7430402829
7504247813
7362537871
7646939254
7574487029
73908486
74178608
90724731
70645961
82192154
70974706
74631622
69964543
73992615
70181779
7652275194
7442585362
7375994718
7585402636
7516630166
75544043
71030929
78294095
72231423
73535320
74338892
73074340
71607729
74415848
71055887
72460570
7666863504
7452400787
7599629621
7526587420
7387925477
71555607
73847702
69745873
73132398
72391767
78223265
71346783
73092304
70052752
73244928
7531956076
7465262091
7610419673
7678518046
7397120476
73051508
73943972
71325370
75149096
72292908
73139838
71017693
73709379
72501908
74195751
78869917
7475941113
7411584287
7620463868
7693105885
7548897265
74049191
71709511
73663459
75761728
72345992
71670735
73288149
70843015
73381891
72261569
7697700534
7432675535
7634507156
75821852
7503011038
7569341553
72118746
78412284
73407917
76178978
72195461
72814213
72609527
73828824
73544990
73830786
7495014295
7572769545
7718697541
7645908173
7444368841
72675101
73449587
72140187
73634741
73222105
72719521
74065868
73450080
71595088
72376802
7730528657
7662564896
7587941398
7514677182
7448303615
77642590
72812721
73422949
72180381
72105172
71942978
72653924
72887794
73115634
73319801
7661558250
7734281723
7518720759
7451876665
7589588696
74668992
75735493
72383601
72727161
71492423
71575979
72683952
72664747
72652191
71829535
71493084
7743065344
7673155724
7458012101
7604529710
7528768882
72977926
70613571
73289844
72243784
73235398
72407097
74136327
70227642
73714997
76414679
7745501703
7466847353
7606182376
7674357469
75388733
7534331464
72951598
72201465
72300263
72984617
73592382
73872311
73002299
78342628
74846592
75444057
7544291181
7690363749
7616960502
7475301675
7758633820
73260854
74459092
72572952
74804593
73427915
73237428
72489025
73244783
72267802
73355202
7768800221
7488364083
7627715006
7696433933
7560603340
72919407
73808626
74825984
74438243
78554415
83558296
90993422
89308664
81323122
80174589
75565088
7767887804
7699864807
7633908249
7568308095
7501857767
78165680
74071427
70497692
73905525
72103708
76591611
77599650
73656022
73857241
73439400
7642421029
7782078061
7716524218
7582579603
7518739575
73888821
73455266
72531461
73923380
72572318
75725419
73933382
74163827
75085013
73347962
7738876309
7811862420
7675734767
7607724602
7541509545
73246086
73872219
74105449
72849785
74408142
77967009
73796860
74188984
73929081
72812339
7763776086
7699153075
7834563945
7554201450
7627922773
74538442
73114346
72791780
73293449
74027055
73754279
73025936
73217798
77054993
74649644
7841801773
7771940138
7634843976
7566148828
78796620
7707198792
73334432
77663895
73579246
73416998
73782316
76896184
73052908
73613282
73408236
72627959
7581318968
7794283828
7869688907
7659411416
7732052390
79700548
73688858
82763588
72640626
79802484
73469928
73427790
76288071
72336218
76756160
7599797048
74476868
7805259141
7874777831
7740480107
7675284385
76404236
77245205
75353034
72729693
74192766
72862474
73475334
72625538
74406727
74011427
7825483620
7686577302
7894126983
7614675956
7757922748
73304750
72537894
73882042
73074004
72898990
73741452
73112757
72755463
73101158
76613089
7831304929
7693186258
7766216430
7906824471
7624500173
72819526
73574521
73363208
72469149
76619575
73379386
73618870
72395272
79961850
73098952
7710527980
7642076891
7916065385
7845761029
7782595146
75168369
72442193
76450494
73691463
72567029
72251545
72562648
72058922
73984459
72612041
76142809
7930299671
7649494227
7718842597
7865119403
7789069376
71943994
73293067
73517605
72487907
73115325
74169049
72436406
72255563
73977830
7947055630
7880613470
7677164162
7745216226
7813150765
112187178
73077873
135741180
111796282
72304230
87051093
72737083
81073284
77258351
72856659
73360760
72569262
7966742470
7828414025
7897631717
7765981816
7699294031
71882108
72241939
75588238
75889967
72661791
73258647
72943885
75312517
72406357
74386796
7782369766
7923029427
7993299864
7717101362
72897541
7859036232
73325152
72658758
73577201
76961665
72740282
72943712
72344545
72925176
72226753
8006137301
73389751
7799106619
7734043386
7944605462
7876498193
73052345
73603821
77293753
73358255
72149155
74117897
72665746
73464384
73048664
72918502
7883314561
7821082137
8027430413
76421046
7750062359
7957763845
73166008
74756538
74876730
73208432
74468031
73436426
72948468
72960614
75899089
74043594
7834598284
7975844268
7903627131
8045178515
7768825812
72950022
73282262
76269043
74061104
73526250
73285316
73867749
73884200
76391525
77047084
7985428524
7917996414
7849901819
8060162076
7784786798
72945220
78697468
73048296
74933859
74153019
73120584
76164840
74483550
73197290
73284811
8075156083
8009484131
7804530705
7943205212
7876183961
73822561
74155574
72569743
73385262
73727711
73753916
74172817
73745773
72700319
74074864
8021435136
7875384114
7946343503
8092360762
7811840635
76248766
73372075
72556468
73361026
75730761
73063522
73314404
74117520
73859980
76951538
8036634875
7888531395
7963527163
8106891190
7825067011
77742165
74831323
73608860
73794986
77199192
73638758
76108420
74396713
73710507
74320985
8127469459
8060548912
7924413633
7992919671
7811975379
75363120
74047152
73890387
73670888
73515704
74026166
76376995
74284717
73982080
76876309
76230163
7952084395
8028190121
8100542988
7891942085
7819742233
73622088
72845919
73896660
72519474
108384810
78536132
140219777
108140591
75833891
83861788
8111586688
7906519224
7974352807
8046009667
7839768048
75604686
76205045
72549037
73461162
72815795
74207346
73400874
73768406
72339535
73782408
8156987800
75603605
8092195783
8025186411
7886083993
7953432189
73748000
77221302
74890822
77054894
77780268
75119315
73543533
70845471
73936022
72170878
8166813779
8099873325
8032874845
7961214019
7895040681
74013843
76759294
76905563
77987063
73473559
73502908
74023309
73535834
74180365
74882366
74953751
7977782421
8116551669
8048634231
8187926460
7915218770
74825701
75777659
77420898
74050611
74992100
74246429
73956358
76775652
74139169
73670084
8125630166
7987006227
8062160255
8200503935
7922347929
77381499
73916123
76102885
74181304
73955814
72994996
73364810
73312433
72738140
73050677
7929536577
8214600472
8001506608
8072451144
8149052903
74020655
76846127
72978645
74023540
74131994
73785372
73705393
73793124
72974273
73864063
8147155278
8013937111
8222210840
8085782142
7948850415
73289752
74806438
73148182
75486091
74812570
74438888
73847460
74497810
72742079
74019411
8236582349
79882449
8170830116
8029267436
8098249860
7957317116
74102988
76432606
73802585
72742736
75245229
74464549
73551355
72565104
78537660
73660375
74172119
8242984651
8171642428
8105334364
8037994540
7966726773
73328106
79268345
73522429
74066259
74472946
75530300
73397522
73683660
73281691
73594416
8257607946
8187224736
8124639856
8055389371
7988171132
74376820
74120866
74394061
74155324
73379696
74469802
77335669
73803381
72959237
75295133
8212417018
8282360284
8079181972
8148411367
8010894308
72980739
75478958
73360946
78031534
73883713
77626922
73821471
76207010
75023755
75330176
8291824542
8090188522
8229976811
8161088485
8026619733
74387422
73786351
72941406
74121679
72998603
74318058
75129170
75089141
74615557
75383980
74180461
8257433600
8052628963
8333801604
8125427711
8195425982
73194029
75224942
73883367
77509722
76842680
73796514
74600394
73548148
73093509
73384102
8332664411
8057507058
75403189
8196456520
8270429237
8133528726
99529423
78716292
119927492
95098389
74873779
80716183
74332408
72590247
74031682
8149495078
76185978
8218881719
8288508238
8356879354
8087719270
74382158
75439127
73661956
73164842
73999660
72610090
74825985
73297775
73458730
72329439
8374817320
8304571326
8156183644
8229900255
75648699
8095179364
77615678
74514046
73230815
73388994
75578225
73406669
73218063
74173217
73541222
77632602
8373259735
8304038800
8094483462
8164396394
8239166461
72339217
75911797
71325280
73312918
72346408
74325026
71678881
75065923
71963239
73043060
8386689676
8250468331
8319412963
8110443447
8181135450
72003526
73194606
72237281
74007118
73837718
75064767
74111090
73389719
89039940
73726809
8406742767
8341037653
8270510306
8203331393
8132137297
81799343
72541559
73712462
72265555
72362215
74130804
74332650
75838401
71760164
74494154
75234610
8418624775
8264380019
8397185798
8333240247
8195463168
72832032
74580814
72669088
73890071
74995431
71703222
73457317
71158242
75459475
72330826
73907802
8200973158
8495320788
8421821349
8352232895
8277734001
72288867
73891155
72294640
74587196
72001599
74329029
74279046
72999294
72276213
74132646
8285671303
8356394975
8494826492
8430538553
8217523140
72012225
74091966
71533421
77060797
71944582
77948085
76073465
73271093
72143497
74641014
8504576741
8435161332
8196629739
70600593
8369693332
8274995698
76334171
70717495
74579682
70333584
73321389
72626634
73578724
70872534
77211618
71468614
8419517479
8488950981
8216268632
8285543046
8354446248
73830570
75928736
73900825
77448144
74304951
72331901
73895358
71581313
73769872
72185013
8361607317
8289889703
8434183547
8221364229
8509020966
75261166
72742575
79111350
72038621
75818803
71700895
73731141
72047618
73825141
71073064
8495720848
8362295639
74351676
8226241581
8445504102
8299029733
72313921
75680036
74557436
74518614
76295381
75455102
73611984
73890499
70442070
74708697
8507285040
8301667179
8448059781
8377652053
8241010645
75971121
75638242
73128442
73392002
72452894
73272197
73781239
73223055
73264163
76909578
8454483415
8527287793
8383198763
8251023118
8319154903
73826043
73907323
72679206
73121396
73551779
72937534
73873536
106956188
73629401
137334987
8540816804
74165219
8477877173
8343321954
8266843619
8411592041
112027441
88872485
73560805
83685576
72878059
81193583
73724928
73736487
78986847
74037519
73873440
8551383512
8479722138
8413517338
8277039738
8350414381
74145062
73597315
74222658
73528400
73482685
73746206
78256935
72991308
76467417
77103447
8503056112
8570591102
8435007030
8368849719
8302856161
76074330
73137307
74511396
73621088
74042943
72825954
73595612
73357144
73838964
71804693
8387277208
8597426278
8532556982
75615995
8465874066
8321875962
73271791
74182268
76518943
73314445
73326492
73666738
73246722
73059030
71959638
79690196
8538742414
8610137246
8467095442
8329215095
8400446335
70390820
80133423
72086880
77178913
72138841
73536939
72495070
73237883
72241486
73125133
8614239633
8546868361
8477024947
8338455504
8411201714
72986098
74610551
72168502
73050497
74978407
73945688
73210940
74026443
71677167
74882323
73121533
8558922334
8342482019
8416517446
8632123543
8487070897
74376324
75617827
74772643
81437753
77540070
73619709
75254126
72495107
74084358
72372434
8490955304
8349405460
8423276772
8637553005
8569237649
74094360
71011475
77889399
70894602
74136073
71904302
73676786
71891042
74238169
71666574
8434346200
8509040129
8340938185
8581746000
8653610914
76664297
69362623
74366183
71982465
73239346
69706157
73449927
71983108
72714979
70912787
8553652548
8491989741
8637001095
8352780724
77918925
8423595848
74900198
73127859
72292134
70856148
73706818
71423152
74389017
70731716
79447079
8574293956
8645567921
8507874068
8444266400
8375029724
80421699
76648337
71864914
72479974
71496437
71923564
70508108
72806311
71554010
72881777
71901132
8589150377
8380782817
8458087943
8663325520
8527331391
73273063
76025874
73054037
71007064
73868379
73362990
72627468
76653929
73449790
71940800
8458168120
8667773998
74986287
8533194967
8604239117
8395546910
72798667
78360933
71762218
75732349
71397810
73101342
73502460
78967667
72441795
8678107373
77782693
8544003646
8618334658
8480765040
8411616584
71868079
75278990
71583772
72517376
72273282
71967836
73050903
73927753
70224122
73485856
8698039007
8489892472
8563082855
8634450267
8420433345
72084400
73950906
72564539
77078244
71062215
73997988
76244013
72534379
70691086
72270391
8562901023
8703164911
8634967830
8500778949
70202414
8431883369
73417650
71238039
74201363
70773453
79851520
71132433
73914318
72403880
72483817
72801710
8721583284
8582831122
8652265547
8449633479
8518250629
74083489
76729356
77875539
72737847
76034812
72029867
73222325
73732565
74603233
73894994
8661162408
8526620909
74452677
8736919092
8599388777
8464352766
72978142
76231650
76701681
72827990
71704685
73658910
73148168
73573890
74636702
72549775
8679482644
8757019064
8481279308
8551543280
8620085211
72566110
77800012
74501446
73965117
72181107
73954137
73645664
73034585
72829456
73175518
8751854001
8693543497
8549550860
8620148965
8483088636
75555581
73330348
70209321
74209703
72187599
72698016
72916239
73971688
72998088
73002649
8757389300
8545888937
8479199119
8627462947
8696969265
76801224
74077222
72089715
73511488
73468882
73036924
72457805
74348702
77312912
75999505
71809602
8771888028
8561966611
8701896785
8634404400
8500202370
78859863
71776923
74179285
73337909
75993931
72085798
73377684
71962212
73830315
72768143
74146676
8650185228
8791783831
8722436715
8584731974
8516748170
73142601
73717019
72737390
74122006
74588196
73578422
72134733
76657653
77294138
72641853
8807185615
8668980290
8737774775
8603843998
8492071112
74450550
74201240
71721644
72978868
71551818
72919535
72134084
78176284
72412701
72988049
8702884056
8561253444
8634585947
8493717335
75739078
8777154652
72892352
75065526
73351143
70424264
73640804
72173224
73317561
70724939
74202088
74762178
8712782641
8788465437
8650463225
8517751571
8585298240
76698358
76138214
74987184
71442593
72953818
74615322
73306391
71876338
73749853
71609855
72309479
8800414049
8731204534
8591999788
8525070739
8667288629
71569402
76295166
73945563
72333073
73130880
77658436
70859903
72986823
71792831
74002433
8739457220
8811867645
8535518415
8676702614
8606652371
72360276
73714228
73308363
72652807
73206043
72739878
71973483
72825280
71502680
77666282
8754879655
8605352958
8673206440
8538600780
8828598351
74293169
73070110
72576853
74342009
76257180
76303214
72951471
73074750
73514400
73134374
8815739579
8686789912
8616158662
8755497933
77029530
8551989527
72814255
74425694
77979539
70966306
73328672
72319961
73724713
72325641
73033278
73235844
8710755414
8642234987
76477557
8850763321
8783617974
8575325717
71528679
75373491
81122774
73564787
85729101
75339291
75043371
73359768
71087323
73879201
8779604548
8850991504
70403071
8652570741
8718980194
8580926522
74184874
71694907
73033296
72501056
77921144
73464458
73272886
71551553
77307377
72797024
8859514622
8791641400
8725095832
8654978874
8584779145
73436847
71921093
75561800
73728955
74470334
73544210
73118053
72197885
73417419
71752341
8872801380
8801533443
8742723084
8653537734
8719970366
74005740
72936790
74055954
72291945
73122657
73043220
73374018
72337212
74055791
76932863
8935323046
8648259274
8730348009
8804292508
8871731687
73363067
72734604
73996729
72087809
73618071
73069444
74084366
73307923
78157790
72633284
8731494870
8807489841
8878012125
8946594798
8671263663
76357463
71244065
75302280
72798699
72340671
72812830
73926918
72384342
73417040
72888243
72753111
8763404554
8901295328
8697611877
76420833
8834519497
8968569872
72433190
74152963
73023565
71930182
72036580
75477995
72993250
70645967
72976230
8910598236
8839040622
8767601057
8990174842
8701343045
70795345
72665070
71462661
72219393
72593601
76356673
76025512
72666382
73719908
72314676
8780358306
8986890899
8916431983
8852264654
8715592474
70783221
72016965
71224350
76037199
73444287
72284059
76199967
76779998
72962670
75986969
8860445579
76941799
9007899226
8732754806
8803999649
8942386814
73098135
77574494
73060840
78160274
73859985
73069987
76157713
74357041
74123646
8950291670
8883863104
78204093
9022515159
8752489100
8819569119
73828090
74578165
78575717
70970821
74114031
73821588
74144417
76882888
74131172
75792448
8884033478
8817779582
8751144233
9031459984
8959115494
74274148
70735313
73452815
72116826
74365822
72480145
74772551
74264767
74409052
73106034
9041298405
75241478
8981120782
8910340988
8840503048
8770770735
77159398
74298625
73210347
73139626
72105900
73192848
73940849
74140918
73353148
76891608
8768794606
8980302294
9053452037
8912154501
8840129141
73571851
73278902
73620179
77079779
73879027
76168781
73363383
73617428
73874672
73843689
9069062406
8793045064
8934534965
9001688912
8867430369
73440848
72958168
73323248
73988831
74226421
74047449
74386530
74372792
78081692
73947688
8936510650
9082715484
8874347757
9013151083
8809005631
76493102
74649398
74974272
73952819
74168061
74751304
73960818
72319884
74657459
77589644
8816834753
9096891919
9030076152
74913105
8959519995
8893344112
77055874
74249346
72266953
73609968
73342849
73507770
76030885
73298586
73234601
8975414332
9116045407
9044923873
8911762895
8849449728
77707412
74270536
74529487
74400265
72842751
73262355
78573735
76526536
72835205
73560376
73482179
8933369731
9003069530
9140645869
9071373234
8875023191
73546690
73112644
74735618
76462610
73388727
73979254
74358445
74140857
73814598
74048754
9087623425
9019535305
8951715519
9160990014
8885796231
73625138
75403992
73573651
73300050
73940605
72922695
73354970
73799606
73375457
73403486
73443162
9110252961
9178724645
8903502958
9041677005
8972194232
73611279
74609500
80036968
73199753
73389728
73026650
73875959
73453469
73185012
74168986
8911406143
9196066326
9125193714
9053545310
8991343045
73456373
72681928
72808947
77906773
73066364
72626263
73360353
73031768
73736820
73482959
9000140325
9137205104
9068663465
9207727233
8927989684
72996633
69623506
74050264
73722433
72942918
74116895
73246701
73513789
74470321
73961826
9148701443
9015019632
9224840257
75059264
9084134963
8946780654
72902959
78885671
73192748
74451911
73819891
76416879
73841807
73714508
73332228
73409753
9175670530
8962919795
9105541835
9040541511
9261082273
78744927
73808094
74616812
74530212
73297942
73578425
73386996
73138993
73133345
73696959
72973771
9120007939
9257510582
9056748337
9194059689
8967975228
73483691
72807323
73391453
73229265
73641119
72246940
73680214
72318144
97527053
74317184
9256998865
9122496420
9191312115
9053633451
8986874730
91039927
72729520
77437371
72476897
73472824
72190860
73895543
73235133
73422153
74867358
9056635270
9199843054
9273578546
9130351018
74092080
8995020080
71855457
76411236
71786719
72774941
72245109
76342116
72890189
73613369
74259658
73350387
9218239884
9068659404
9291602832
9005765476
9149861892
77896276
73885283
74044937
74057130
73946259
72956855
72868035
77679287
73795994
73789704
73212903
9017126638
9156348313
9297880211
9225546945
9084776594
73186982
72256152
73417973
73157916
75922751
78304690
73278842
73066118
73595576
74464426
9106815249
9242860424
9175563824
9315400109
9041438520
73574755
73790526
72883323
73587486
75285217
74694831
73282659
73589993
72726800
73954878
73761872
9143303750
9279351213
9349535568
9074816728
9214472780
72818752
74295763
73274020
78424112
74702291
74105620
73733522
72942680
72909178
9361123606
9289235441
9218138573
9109124538
9178606773
106325215
71773251
132868393
118128444
77671994
102651113
73273692
87579719
72979704
79793703
73500822
73140054
9322465359
9396383443
9266868831
9188041754
9124953172
73772325
72960100
72230899
72402172
73068272
74467297
73862629
73206859
73896744
73038468
9331722471
9405413166
9196428191
9268467238
9130460824
73982699
79395500
73599957
73092425
72087185
75264330
72735968
73813438
73593666
73164873
9195033586
81473731
9278411642
9418775717
9131759244
9355354824
73646924
76255688
73223064
71938824
73184049
73346940
96410363
83091686
86168926
90059594
9281537308
9353405241
78934988
9423567109
9213920870
9143848039
79712802
73183258
73358299
73173850
73523983
73091703
75264861
75785164
77946900
72707576
9436627798
9300641249
9372741546
9235851933
9166327006
72178870
73288294
72925808
72311109
72088245
72202746
73589533
78007970
73016209
73567537
9450290271
9379978190
9315034183
9246691196
9174338393
73956370
74420959
72897240
76073347
73280432
73573022
73144776
73491328
73075333
73745282
74543136
9460064557
9310602175
9386810643
9247439900
9177012319
73939306
77383281
73845209
76949729
73223169
77761766
74019740
72479936
76396889
72977695
75144529
9468843193
9331446321
9407964133
9265310038
9194914611
72655678
73504476
73423459
74096062
74309676
77284518
73529255
74025826
73504084
73793199
9342598454
9274814003
9484147031
9210249886
9419251241
73324931
74424959
73743047
74532007
74501315
74511443
73344248
74290080
74103823
74257552
9355494046
9424742428
9502510472
9337239111
9271500540
77309496
74492782
73267917
73796336
76105228
73474410
73980371
73690192
73339195
73954902
9487538415
9560687298
9355658910
9426443346
76136043
9288148160
79442296
92148165
73694398
80198001
73773141
74833159
73029888
73379181
72717374
9284616082
76918893
9570630301
9360902290
9506459846
9438931274
73453340
74976332
73607621
77494686
72614081
73926312
74787713
74707465
73410662
75189002
9510825806
9585852912
9443752956
9377985563
9311483631
77076874
73871498
75921714
73472966
74067555
73376651
74754474
74169149
72980277
73511263
9602563626
9460103999
9320828034
9537537069
9389453667
73699708
76664312
73671511
73838552
77844674
74718504
73162822
73836697
74725833
73318006
73215398
9478715458
9620437145
9550925042
9343754823
9412066436
73415768
75071745
74371836
112533678
78308899
137928732
73666635
120604877
74630027
105378308
9629226302
9426939321
9564964226
9496220289
9361746704
87812445
74446904
77991330
76895171
72612012
74332125
73759047
78446925
74203689
74101026
72899830
9647460562
9580019453
9440843029
9514639040
9373772742
73164162
72736341
75413823
72679957
74073090
72547353
73547308
71908724
74527122
72326295
9652189798
9514706175
9444936070
9586924383
9384602435
75956827
73517620
73364745
72750911
73714985
77210488
73563802
71978230
73632065
74733540
9519469492
73439513
9669446248
9459354526
9391096754
9601012888
72095664
78633872
72766184
73113243
74169827
78101995
74282871
72987237
72521846
75741951
9673367755
9471734214
9539028530
9609970711
9405557868
72569475
72956817
72107997
74166513
72451900
75406460
71376690
72443166
72120488
72482627
9414921771
9489035862
9694449319
9625031587
9558572606
73075109
75957652
72139709
72074312
77763698
72114455
72806586
76116873
73730075
72129826
9701243084
9568034236
9421834485
9638323402
9505001699
72903967
76301412
74259207
75948926
73652374
72148880
72927706
72652438
73919179
72112357
9699582956
9638915536
9573175410
9437083286
9503971622
73000445
72786800
72804342
72253069
73619214
73015075
73917308
75340293
73206738
73809820
76923501
9718318315
9580038330
9645942778
9446514506
9516148199
74073542
78405512
73509851
77247682
73474747
73999089
73623010
73849447
74085225
72906059
9660271372
9590901014
9526974594
9735330801
9387118994
77858393
73652983
72803790
73198664
74635757
73122759
73172806
74647461
73652811
73052196
9670430785
9608140668
9402715302
9539681256
79801419
9824850667
73497264
74210557
71813767
77655692
72958623
73394219
74409451
73598277
76819308
73359392
9616648763
9553144110
9688167806
9416648163
9829388797
73793657
73621268
73460187
73819253
72449309
73938364
74175096
74754465
73955362
77695483
9706286480
9848655214
9573319451
9639759727
9369087159
72364253
73816943
74440302
73964896
76729187
79433527
87613298
72626430
76502716
73043080
9795977779
9863869686
9656201255
9384331511
9594169273
75054004
77201971
75550781
74043221
73516741
73785526
74388411
77883662
73862727
72521956
73468392
9879400323
9808576074
9669717947
9602961013
9399619406
72304820
74053414
73341921
73354996
72755384
78205676
73940405
73690556
73232759
74214445
9886130345
9819207387
73853867
9683441928
9619412961
9404220277
73586996
73989588
73597204
73966664
73687112
73525424
73603994
76324288
74374439
74277600
9632833049
9838863684
9702913391
9907797719
9570725293
73514408
73397042
73267243
74665223
74304541
77347842
73157332
71637905
73806660
73359706
9717052785
9582479860
9651110816
9857074350
9374702513
77924910
74141337
77969125
72778847
78251956
73056551
73056384
74123150
72947426
73852416
74315863
9584028200
9865969718
9798460747
9655198451
9385293892
72629252
73821752
73196827
73439418
74286107
74625775
75028537
75822694
73978248
74283696
9661702966
9601268125
9808261375
9876707192
75096838
9389195128
76492246
73016501
73552826
72936576
73370982
72037760
77083140
72223847
74146799
72896845
9889125494
9403176190
9614881850
10872865068
9687720351
77728195
74063723
73087875
73148597
73574908
73483562
73644313
73008041
73355838
72598750
9900880478
9623609093
9843815407
9369063521
9699784545
73043708
73330262
73762600
70888216
76550957
73854210
73287171
74408671
74765343
74235183
9653301375
9840485856
78117050
9589658067
9915739557
9375375206
77093222
74050352
72818407
72267234
73054707
73599846
73954857
74365482
75016951
77509811
10907374631
9593086315
9877377344
9666921924
9384395498
72551252
77718591
72632093
72306334
72894092
73765833
73195947
73218348
73207512
72672643
72497393
9672040473
9882153682
9606933312
9539362735
9816657541
72380712
74664287
73711304
73406664
73373342
72984885
73345190
77851842
74226585
72490376
10851381488
9682399072
9614975600
9538113936
9331437348
73700912
72270839
73904815
73004071
74406685
73133718
77385819
73062465
73470129
72842735
9599817849
10887683899
9831031744
9531556760
9323798769
77267129
72909445
75407091
74593098
73101268
73041003
77750599
73880633
73686544
73920792
77474737
9611152818
9820833723
10551576334
9756038828
9546722811
77317959
74138183
73320112
73980147
73689096
73586991
78104823
74607026
73442609
73209763
72119926
9542941986
10842184306
9620096293
9338747487
9696981674
73780959
71972571
113301673
73048173
141410036
72457533
129601131
109919228
73152645
88064673
10844119284
9624314933
9833131966
9356883456
9563144271
73391279
78955181
72795535
73858046
71989666
73889492
71559369
74117013
73327606
77966358
9841187591
9569014939
9649099175
9361931436
9785955226
78329907
75539005
72328488
73776672
74967487
73422871
72898777
73803533
72849460
73660112
10908206028
9574203898
9863865716
9377481980
9648725328
76151032
77945437
72659135
78094256
73256490
73367512
72876897
73554693
73089848
77937543
9659897695
9869398822
10842903942
72452143
9599956852
9389611955
72797206
73347446
74145977
73179302
73294597
72922672
73995523
73287389
72153834
72789102
9534996849
9886629794
9675218110
9818233184
9608397346
72168131
77585238
77210196
73087136
71985340
71558437
72538518
72353416
74406734
71957607
10867724830
9546744487
9341319013
9691054954
9621163939
78335386
73151418
72794177
72807089
72283151
73466838
73735840
72448003
73077888
72434383
73132654
9564545274
10888798314
9846384745
9353973988
9637370013
73128142
73245801
71717512
73710789
73927307
74458398
73602672
73194827
81331405
73187334
9781986741
9572765677
12652412397
9642501213
9857431117
73148768
73037887
72998678
72792200
73250848
75608823
73222580
77818532
74532126
72940164
10902658022
9366655385
9719129959
9577196342
9650890136
73085190
73130523
73918068
74153819
74551374
73027762
74316514
73885075
74445939
73287615
9597296565
10856274557
9874013971
78299685
9669097725
9395594730
72958038
75922049
77956054
76653387
73079890
73126423
73230759
74972992
74236163
74453859
9829330038
10596208630
9626568124
9901366136
9696389635
77044307
73157550
74348568
74523908
72749566
76439396
81373672
78081628
74252058
73381286
9563203254
9701323408
9918096194
9636887411
9363698085
79689381
74622026
73168863
73769313
73171018
73906281
72741923
74782096
74258135
73090685
74071080
9654570193
10899461127
9590953840
9861611645
9388032343
73975525
74845811
74976888
75612971
75142079
73305391
73786148
73175784
73195174
73547833
9883145073
12666507987
9682911285
9616126972
9407735403
73254515
73559215
73675815
78885964
77300224
76941054
74033000
73391108
74382988
73953871
9697523719
9627641908
10179766598
10933854913
9566536454
73285704
72548887
74733471
72738656
73660204
73307812
73213575
73534702
74405538
73780390
73952890
10888865043
9588714225
9661917708
74852915
9737143623
9389266247
77669374
75680752
76203230
73003329
74109940
73003533
73582442
72758056
73989276
77225973
9679129666
12714570295
10651779524
9896058146
9622021719
73519970
75841267
73327450
73344609
74945521
73156384
73203082
72966096
73477818
72530581
74210841
10188997214
9704929997
9778673379
9636587543
9426165793
72661421
74868750
73867626
95668000
74184501
85288063
73038805
76509146
72651903
77695531
72869733
10966974681
9649531649
9926385715
9448877210
9723945615
73336569
72764425
73046158
73426127
73834140
72824687
76548035
76616391
76194850
73271383
9933320560
9738712479
10637623413
12699201455
9876983899
73351861
73087212
73978244
72982514
72684540
73541147
77081030
76934613
73204554
72587430
73419441
10589913478
9626736753
9409247277
9694601532
9761685685
74100112
77471969
73241957
73833853
74203295
77940397
72815389
73466303
72807457
73399987
9632957946
9913282599
9705719780
77527910
9428912271
9568863058
73553296
75326397
73073503
72861230
74523600
77402530
75398348
75869033
73773075
74100501
10757883964
12763976871
9717655832
9653310368
10692096782
73938616
74062769
73930500
73937203
75366591
73239709
73660062
73511704
73148208
73193812
9816836310
9749490342
9612563133
12725550353
10224722748
75705774
74833106
76666497
77692536
77351867
72795928
73633813
73464777
9762593772
9695869046
9625997430
10039875468
9416632344
12741055204
9633499434
10670831811
9920808243
9712332420
9788779145
9728502478
9658084761
10208097508
9451069381
9947332805
10982476601
9672508237
9745466981
9456830993
9749055499
9482541036
12806646361
12740904814
9976370844
9761135553
10253727198
10049170840
12747528916
9699607800
9996488233
9781339979
9711559089
9638953168
9433944141
12788718255
9938036972
10711445554
9665216245
9734057861
12737821393
9673740413
9741850869
9809616614
10236236602
9818465707
12481300837
11014556420
9759602934
9692521961
9838007684
9989532927
9772380866
12783179473
9707340833
10263123088
12795235740
9852541972
9790223763
9447175021
9727440990
10080751944
12460853616
9663755560
11066278593
9812998821
9956574630
9748844366
10722555965
9675116605
9740957481
9809226134
12758903711
10737708631
9673945527
9686149343
9755372324
9620113653
9829402519
9487615937
10978130489
12795829149
10690881000
9785824663
9921723981
9714473849
12809390051
9654640265
10698278815
9791313398
9735917458
9603825694
9814453454
12475680838
9676828345
10722815261
9891841544
9754596728
9818831803
9420367446
10942352500
9709082666
12776781773
9644592198
10670280170
9726797392
10400839019
9796527468
9453729369
9664036127
9743308093
10695095812
9951625316
12782060493
12428380422
10650979144
9757646635
10239969079
10036227341
9694968270
9990055628
9782248432
9716490140
12458773522
9649302077
9930626413
9861591973
9723760530
12957939992
9793143614
10628597620
9669544703
12757765433
9739972258
9603500976
11406665335
10379913218
10310257472
12367331149
12434800554
10595013541
12383774907
10531500430
11698546388
15725703126
11870558180
11525507518
17433166696
