74070485
73593439
73720749
73622020
161634242
73550710
73203955
77840159
73548611
219409127
72783943
73487152
236490119
73003350
73674880
74513473
251402266
73224693
73107641
73598177
273140587
73056921
75036827
276675163
73764242
73915509
288654545
73501470
76529209
75157318
311844940
76312876
73956759
315182704
74309592
75587772
323149122
74206601
72637107
74853068
366809848
73786057
73534890
76633293
390673921
75966372
74460435
339944483
76210872
412909002
73792393
73056290
380893588
72790526
74079621
76493810
407493012
74720045
73688684
73647372
430019775
358209996
75448231
74034423
72544722
401761163
73872895
73005419
74250950
430496649
76078567
73894466
380374256
452384916
72506247
77442727
74332904
401042549
74472022
73736319
75228570
72895104
454888088
74039354
76230022
76942725
514306643
443922684
76371634
73174429
73540195
471775486
73126956
408534335
74282072
72853288
72888704
471449854
75214502
74868069
73535943
73116831
530171251
458574615
72668282
73029874
74121107
490623085
423774690
74673904
73830260
73296543
73088136
486461360
73166328
76549610
73539795
74722221
543963891
475284575
73274455
73237831
508426727
437888269
72860295
73620983
73978036
73622511
510255083
80993289
73341782
73518630
562675003
492565604
72311615
74162261
75495051
464817848
532630763
73346170
73228835
73308744
73200695
527683747
73022095
73027396
73762304
76160842
627702405
559473663
74059514
73401008
522562494
595190428
75901019
73258917
75027744
80808161
72882676
592540642
74385638
74304892
73243908
640469830
584951650
72923021
73641514
74841770
539385179
73274156
618836487
76889862
73757921
74629905
607345410
73503015
74114673
73502924
655334464
592414426
73227331
72704735
74272531
73027601
631522391
563847676
74230641
73989047
73427371
76109834
630264891
73674391
76171834
74207803
680843453
607835392
73603478
72748014
77159228
641704871
565463791
73476599
74259789
72238570
74040211
643153437
73237258
73591031
74520067
684067874
613381902
73722718
79054198
72593864
652108907
579610418
72333342
72916434
73004683
74254547
650337611
73037788
73652745
73311252
72814221
630451314
701477000
105930173
651002420
75941371
586122641
135180667
114100577
73731423
93387815
73219981
663071466
76368266
78217845
75479740
703338263
636651134
74613260
107343164
671819354
603735231
88518266
75342309
74238010
74759586
73407277
677304802
74116986
73574313
76997883
718440497
653429137
73444588
73744678
74160381
684550093
73977319
616959932
76466035
75152501
73121750
73822675
702909203
74002166
74488065
751011667
681861093
84213493
74173018
90609482
73877380
699522998
630846859
77552243
74060703
78703626
74127075
711551264
77986464
74638699
73698057
685443646
754857932
76976812
73251193
87278179
637643883
711488093
91857471
73301039
79664084
73742277
723778026
74455559
74285839
74936884
73978965
686570809
759554503
73888702
75985404
717340183
646944315
74445184
73909568
74863319
73541885
75270240
741788519
72997007
75144031
73217901
702854201
779553052
74013349
74189912
74090419
730550410
664842107
74741688
73928543
78398902
74030333
756431404
76096881
73485713
76074677
788975501
722882642
73626915
73114852
73911468
747904782
678344587
73431751
75921869
73992971
76638569
77152805
770227082
74106743
74081966
729627888
797106844
73019342
78423008
74859811
686145158
758673535
73679167
74522296
74086556
74938502
76583409
782968915
73507968
75160711
807805333
730188783
73400173
73556973
74089218
688505210
760817003
77317760
73485450
73428592
74344934
73355052
793306436
74035116
73809309
73155383
808718730
741158691
72514357
77187201
72882082
682611977
763330034
73486918
73773087
73598936
76506933
784122502
77557048
73609594
72943914
804499076
742530071
73529373
72688736
74509053
710443923
779165256
73432540
77825214
73917331
73663443
77065029
810143348
74293708
73042898
753245362
824062213
78136109
74452648
72757626
794921861
720346399
72608701
73668576
75049218
73340804
74037910
817854600
73164752
87500626
757963346
830222561
74893966
87633907
75782860
94323244
811533714
750852120
73680489
79129943
73746282
73615023
72817628
853776839
74506862
73457997
73515392
860149783
792942291
74040595
75463199
819794293
758662195
73667437
72546704
73529479
73175346
77893588
74218305
857443175
72934261
72587014
861311335
769035215
73337290
72616494
73147488
805285978
728735644
73019749
73141268
77138817
73323266
73725097
842047607
73813365
74851923
846950854
780704871
76227577
72531962
74370573
823327649
78496522
755885710
73364224
74200247
75214629
73496391
875815244
75933096
73754856
877918130
74746282
811321748
72614399
73380724
72624156
773715845
844272269
78540142
72788376
73870829
71967204
73344964
886012035
71851669
74686967
886006266
822153179
71927680
72489260
75827147
856810747
787466187
72843631
72186725
73909640
72224252
73630848
73083251
907793292
74763872
76332026
900820148
842745097
74059334
72803673
803419351
872000042
73422610
76108607
76149160
72800547
73587942
72368477
925857621
73566117
72239850
918390838
851982294
78727685
73539034
881200958
808720962
75190472
76109484
74116415
73540420
72841308
72824989
940500418
72311710
77595604
928466007
864259281
74810375
72995148
72572780
899791884
821248582
72143298
73601268
74030560
72790094
73312955
73856340
948778186
73429710
927445485
859428865
72479144
73623173
72794336
892513044
75320279
834148126
73670155
74094796
72611835
74074455
81410560
959332919
75475299
75448017
939840499
873088423
72852828
72674980
73517175
830703017
902286456
72982607
75436414
73909498
74875220
74139893
77457896
970350924
73104413
952677333
884745426
73579990
73165595
72670973
849299600
916656071
72958825
74004814
74078418
74050958
72854347
76131398
988179329
73676260
72757641
971521490
904468783
73700068
76432503
940619296
870443306
73843916
73691758
73075416
73680604
76640546
78683878
1004314328
73536907
74011765
990673777
923054502
73808259
76433577
875300294
950870766
73077454
81808005
76084014
79161777
76627737
74705322
1014399907
73781516
75687924
989606277
925325825
77901005
72957589
965601530
897681200
76626058
74733787
75113736
73614957
72872068
73788968
73349099
1038484549
73440522
1012423053
943331278
76643131
73612217
76972504
974802183
902940367
76994398
74275218
77478630
72413125
73129426
73564927
1042673464
73592724
925661219
1015312281
73174286
73113186
73680009
900601797
973011648
77373445
74837191
73627942
76549775
76218818
73427084
73109530
1048205379
978913524
944481013
77185630
76764024
76056018
75960385
978163894
915221104
74233830
74607593
74041181
76007138
74442608
73254214
1058043575
990569186
73404076
945119274
72761582
73751265
73406651
987482955
922132868
77560534
74976231
72519744
73780757
73973673
73803175
1064624131
998674686
73318795
949978365
77144886
73441413
74545869
1004280679
931457894
73454398
73484092
73416134
74149933
72381598
73669122
1015985764
1088816303
74227783
963413216
74548770
71932789
74234557
938145794
1012056397
75729150
73726598
73723294
76934965
73334126
73943500
1096062202
77222278
1029117612
75090210
980156461
74773096
73582061
72666086
1022617204
956124496
73839697
72954005
73928428
72768774
77198810
73152529
1029092471
1102066235
72746724
982603148
75157036
74379986
73405371
952643862
1022648464
74373616
73014295
73689093
72784873
73952070
72772386
72239301
1046552750
1115680309
1002705055
73026047
75485750
77357730
1037909406
73278354
983958075
73525280
72245746
77910672
73906694
73030452
73131043
1051167415
1121710523
1012800898
72769958
74866686
73609454
1054220227
995690971
75665265
74165251
77936019
73188807
73329759
73147907
73602354
1144463889
1066364158
995962854
72840241
74965291
76497846
1055725465
994502185
74319095
95803407
73997883
101677243
73256143
97568696
74204331
1138525095
1002400509
1080737547
84780290
73655182
72736066
73950314
1062786975
996834833
76743219
75407893
74100544
73448173
72853739
73432423
1146330827
1103846930
1035141636
84159014
74229651
73865848
80134586
1102374862
1041904176
73119424
74100218
73292289
73776838
72982553
73031325
1035832094
1114167745
1183626633
75637226
73957704
72471034
73390238
1114816318
74190838
1047577378
74587536
72165913
73328238
73429441
72845709
75029237
1121180085
1189779450
1050857393
74895914
77016041
72422904
71585824
1047234112
1125774644
75816340
72209406
74078467
75734220
73218993
72163372
1133081163
1204987137
1061177761
77291050
72613644
73227879
71401097
1117361566
1045300595
73519935
76086272
73293337
72751426
73242923
72417709
1065647454
1205295469
1138120789
73869667
73296407
72625779
77040531
1127650932
1060372544
73945000
74030280
74497297
73367369
72918994
77318243
1151552204
1221131681
1080388084
76436128
73278597
74109301
73021620
1068923276
1146078248
74157914
73502014
73396414
74205733
77754999
73417887
1225020722
1155043964
75409096
1086686660
73193993
75330247
73015016
1148984109
1080435696
74755977
73249564
74420537
72441057
73732460
73240972
73515559
1091373379
1235051778
1161958341
72586267
73349731
72863967
73088913
1153508596
1082338297
73080588
72872332
80139163
73749567
72065151
74370588
1094996977
1237107624
1166118634
72561878
72999218
72311239
73681614
1164002071
1098070483
73300706
79691887
74829804
73340589
73223919
72338609
72536021
1244321270
1108460106
1177260779
72294197
72331366
74539755
76942283
1177556097
1111197717
73947716
73767492
73253810
73168170
73293615
72982144
1119216227
1187367781
1263306412
74705504
74720813
73253244
71261286
1114308745
1187639467
73983864
73928484
73811269
73858049
73346081
72422929
1263334349
1126825667
1197400992
76535157
74030845
73954273
73466615
1131390695
1198649372
80728777
72472864
73677433
72131670
74099684
73043409
1283992983
1211832635
1142515684
76510816
73662384
73361423
71715377
1214614706
1149729830
73939984
72400042
73195819
72936234
73302021
74440255
1292339455
1224998280
1155376468
73609433
72304479
74534449
76490162
74885236
1226166149
1153687335
71937977
75983084
71910467
73690416
74366492
1228523310
75311964
1299340707
1163803218
75255081
78337963
73645606
72968443
1170020008
1242333832
76677328
74619431
77153239
74060214
72775247
73017285
1311218165
1244947690
1185097102
73178717
74854514
73025696
73126029
1179963845
1258974017
74198824
76063669
73956863
75781615
73213216
73713845
1178215189
1250729227
1323394730
77592226
73426176
73361020
73254782
73025659
1257942697
1189199657
73997921
73748273
73664556
73137494
78007205
75014467
1252027574
1183540129
1330004956
72684547
73169845
73304191
72123392
1191786214
1266496696
74670441
73358267
73106375
74563612
73861379
73022490
1178361104
1254605457
1337197231
72987586
73140608
74640462
73331824
1282574121
1210663372
73798763
73726543
75573803
77958371
74018817
73617446
1329284248
1265615020
1195803783
75655546
75395220
77186946
73691925
1223246756
1292575228
73601091
72817688
76902114
72980363
72558410
72414992
1271358772
1348141575
1212775266
73144480
75871957
73841962
73842114
74287190
1242737155
1312225238
73447544
75728733
73136135
73502104
71958793
1344842357
1292672484
1223475735
74610983
73989361
77409931
73382221
73531663
1249458919
1321057485
76656321
74198423
72765822
73796648
74872723
1361330378
1227413412
1301330270
73911717
72857251
74720957
73754899
79045498
74989900
1257657977
1333812495
76278997
73911733
74143504
74613908
1216456739
1361546801
72379866
1294767017
72474183
73721991
75476401
74755686
73094757
1340420750
1273709986
74561770
73973317
73924760
73064043
73810872
1301707584
1375795852
1236713511
72155468
76243632
77633060
74807492
72890268
1341638028
1285476275
74232974
76395839
74794620
72118913
73132589
1314307292
1244356485
1383401801
72647942
77553974
73095590
73843913
72826657
1355081747
1284767694
74303523
71733703
72872374
72381843
74366231
73033658
1326371886
1400052083
1256846063
74100263
72470752
74183405
73527333
73182860
1299903383
1372318562
73716915
75256429
79609302
74256722
77355299
1410219305
1344500755
1273727123
73594598
74042540
74887422
72594859
76771742
1383291945
1311485054
76719918
74642175
78876487
80517378
73519636
1276659551
1350397100
1421030840
78801900
75978248
73566608
73994601
1389757829
74251676
1323629970
71921594
72982217
73491097
73637420
71497542
1357913712
1429932842
1287185196
75963135
70067543
73736434
74934774
73888659
1400403736
73487177
1335204549
73895389
72564649
73307623
72508811
1433674748
1367692816
1297745508
73049980
73606818
74062918
72651526
73993527
72336719
1336692125
1412590896
73786834
73288296
73910191
74276918
1368125677
1439968634
1300493415
74817161
79495764
73728352
72811863
73935624
73170218
1415788847
1344446180
75112974
73591228
75153481
74276564
1361762940
1294951571
1431714350
76349831
74684057
75679856
74884705
73648927
72673728
1342987308
1413312632
72924946
74566850
74159186
73378381
73663867
1381381823
1315717529
1451218854
73437839
73542069
73603819
73624510
73783912
1440368577
1368903210
73589812
72227959
73840318
73053613
73027443
73635437
1396911104
1473866302
1331758491
73760210
76305888
74164597
73654470
72769070
1452533567
1380524567
72790818
112459686
73743570
138426478
1483804295
1401791551
1334424390
72962381
121524369
104244742
80281162
87458657
73419270
1453165121
77227200
1388020617
71931522
76808726
76788387
74490195
1354069213
1494182084
1423574051
73445232
78028002
73579732
78230219
72620258
72361657
1403092596
1474320441
73379107
74571119
77561619
74240372
73609514
1444610139
1519010052
1374083654
73278607
72743993
74163259
72904472
75382705
1485288951
1421393050
73872506
73990827
73550205
75438025
77946031
1520999690
1456804001
1389018245
73664265
72869813
72865197
77179441
73391307
1441325041
74592235
1530213967
74111858
75489436
74839728
75140321
1472407201
1544597719
91084453
1414485337
72672499
74188544
73906903
76999832
73083259
1535458216
1461921497
73696541
75442214
73542483
74082731
1541954892
74780085
1480185018
74849490
1463271103
74195754
78659761
74827302
73074711
73418226
1577212670
1508226430
78356457
75359095
73693684
73792430
1552080389
1509778246
73782634
1475540918
73052103
73348941
77221874
80474952
77755872
1519255341
1592827117
73054063
74134481
72295847
73662143
1576002135
72937934
1544247986
73130361
1526215444
74680576
77754766
77035560
74246421
72146730
1622368819
74468503
1562681415
73904153
73695039
74230268
1606739849
1541472846
72703333
73003655
1541778307
74919849
77135670
76212232
73715678
73103186
1626211502
1557813493
73134513
72344296
73192274
72387384
1608769886
1540533734
72175984
72013546
1549053884
73813602
76656008
74794407
72048524
1563387064
1633521822
73200681
71947167
73161982
73125099
1619296649
1561212818
74161705
72748162
1564664774
74731217
74136903
73155926
74388675
73613884
1583548378
1660553628
72749563
75840832
74560871
1631232946
1553832831
73384579
74021238
74180761
1580826371
72786965
72187501
74449191
73296861
1663323546
1595316403
75969803
74090900
76198932
75408097
1649030780
1584329556
78282220
73397441
1595724921
73280854
73163175
76429313
73954756
74137691
1685573628
1617035924
73683647
73402529
74955986
1671787893
74054215
1610384265
73297225
75632307
1615225412
74165587
74920177
73745933
75664960
1711302787
1638406580
73396110
73149895
79862523
75058283
1617972209
1686081192
72983205
1620631173
76538329
76846780
73241896
72674457
73856638
1650059365
1719680896
73457066
77254796
72656944
73747385
1694935339
1625065390
73263263
74425673
1630562793
72954280
74115850
73266574
73568598
1721817314
1655280867
73238378
73393386
74308856
73343081
1632338938
1704494359
73535999
74309269
1632834209
75251668
73824035
74685731
72156159
1728675604
1657665162
74920042
74441591
73853681
73595131
1641802128
1712199789
73184314
75505677
1646519602
83425142
72935414
89527109
77962624
79359837
1748099798
1676608051
73651575
73238670
73948934
74026491
1716244267
1649406151
73247468
73916859
1657051983
73036857
73757426
74456452
73031881
73588554
1749606690
1673325009
74546136
75571460
73710457
1640151656
1711243598
74138543
74930877
1647747583
74400788
77585676
73063448
74157121
1753438028
1681246338
76864855
72970557
74583403
73666696
1724521801
1656587310
73641015
84233545
1657373960
77947762
74865093
74061148
73164530
1753550793
1685373978
75125915
72925060
77453948
72442576
1664718834
1739741950
74903000
72042915
1668988665
73441954
72508965
73649689
72651559
1758078414
73878513
1690402731
72983917
74623850
73217674
1713246751
1646300188
73005405
77433033
1646160080
73937479
72938143
74462879
72691180
74829761
1752048039
1686846085
73421527
73834547
73304366
1730874643
1659756487
78223939
73504432
1661954151
74147187
72787187
77386301
73955620
73114869
1756952182
1686965540
73169432
74488569
73637019
1721140843
1651140261
74250672
73240787
75343411
1660097618
77679486
75185312
76578842
75427381
75023551
1687730882
1755958079
75702478
82548483
1720430896
1659012687
73974221
73560113
73488392
1670674843
73536520
74293519
73390415
76343029
73725300
1766362307
1694255654
78614885
72725821
75407920
1730919547
1660846082
72770630
74440356
1671821027
74076483
74770269
72962576
74025786
73367722
1708369890
1780643455
73729304
77493813
73185947
1740880769
1677441094
72935356
74444835
73495969
1686857069
74199751
72972946
73176430
77467821
1782345728
1711923860
76268707
73644651
73820907
72810534
1754659530
1683923329
73977092
74150487
1698491752
74023065
72797151
80902253
73682141
1788387401
74469143
1723738153
73936268
75209006
73072417
1750457544
1681058789
73740868
72708055
1705279932
73097654
73022397
73623407
73856992
73515213
71304478
1805509029
1734646023
73581848
76731787
1691837316
1768336690
74532337
71688857
74135317
1710375856
72777494
73917990
73566006
73678002
71569778
1810433134
1741487460
73613055
72187978
1770658629
1699714456
72803052
73280781
1714640261
77408125
72721149
74190006
71673575
73051478
73092578
1750496807
1825980584
75044269
73023601
1779763772
1710181924
73634641
72736510
73731921
1740056688
73369195
74793702
73170076
73591456
73800821
1763064093
1841355212
74772999
73616419
1789157105
1721716838
73814605
77083683
75903573
1752627991
72703444
74293589
68471313
74084414
71829514
1839029476
1772205251
73392730
72248156
1805096190
1738572009
78372425
75169172
73172554
72983720
1766786533
74882111
72764532
74816869
70751517
1796507192
1864863987
74005586
71821621
74576377
1826287637
1758400539
75088065
72929701
72929103
1779808857
75784219
73608071
74140442
73316142
74730416
1806432227
1874736106
72497380
74815248
1748880441
77339004
1831571245
74237057
73142077
1785722300
73914730
72664893
73673044
73747638
73656398
1881015404
1809337767
72819815
75109487
75799853
1756342424
1834934174
73494149
73277719
1777388681
73871955
75704659
73894439
73441168
75605628
1875044896
1805738685
72226764
74118284
72787762
1826424381
1753449318
73591567
74630997
1783106992
75437904
73308087
74211844
73100775
74382074
1817231143
79342323
1888480109
75005586
72830849
1825190002
1770514274
75089714
72924893
73477872
1807183389
72372179
73076887
74127325
79422119
72893247
1900460384
1830839380
73572560
73891191
1835491931
1783021694
73315846
73567835
74169155
1816006529
73912778
74281733
73487780
74027217
73057160
1846024065
1919512599
72949585
73006709
1858533269
1786824075
77531989
73318753
75173409
73669190
1835524555
74115046
77590176
73247183
73137146
74517467
1933456232
1860833296
73086657
1854078816
73554203
1794975372
72139417
74360666
75159660
1848455086
79165495
72661166
74678871
73185803
73494998
1942660105
1871572446
73327286
1787237219
1867512561
76578399
76086244
74105677
73008118
73888881
1874153009
72808215
74422138
72957943
76329201
1889714940
1959029325
79213660
75658282
1869263301
1804363492
73596305
73528963
77381461
75165125
73459265
1892334690
73532448
74843107
75150815
73982516
1973046913
1905709953
1863797072
74470336
74564988
1825306219
78914927
73756174
73141318
72963850
1915271017
74678177
74622357
73732320
72450156
1921683325
1991474110
1866673829
74863576
1846939163
72531262
74037203
71517525
72827461
72721634
1935576389
74654863
76073096
77766576
72312626
1937946388
2012960322
1873226483
72985372
1855226406
77740191
73366761
72759720
73710226
73983350
1944703639
76115828
74684148
73866474
75439703
76938032
2005100215
1938297840
1869465307
73736418
1869810736
84123265
89887987
74069884
78350193
73302630
1954524791
77825390
72890063
73121388
1954755553
2022861211
73458704
1889973801
73499802
1878476393
72822930
73097713
73307614
74051945
72949045
1962116991
73056637
77006277
72816786
73170796
1964981134
2034791814
1897383626
73896336
72804747
1886974398
73040345
73100709
73095881
76936915
1965157028
73029221
75411006
77249860
72714952
1965206772
2037127039
1891890021
72673036
74382589
1914192797
73168598
73514230
73841475
72875970
73993146
1998135068
105466944
73862087
128919598
2070394257
1930411207
2007744779
75206030
102843685
1932876767
81437311
74387585
72608075
72932418
2011809605
77266496
73420295
72564183
72912603
72612659
2081204708
2013766024
1951004777
73504116
1946804357
77251397
76564568
74711451
77057895
73240292
2035036246
77512793
72711572
73253905
2047195029
75191870
2122793422
1983538983
73604149
74321460
1993078460
73519675
74916925
73454116
72253317
2068340395
73151060
77181526
73281195
73820476
2001714890
2143059911
2073223356
78348948
73680801
2002783142
74686365
77831697
73997293
72875842
74512838
2084673904
73011215
74655639
74222835
2148099092
2082046825
2009268144
77817920
74497615
2003039440
77934187
73804844
73400568
77420800
73758305
2090647057
73377214
77430265
72429507
2088460860
2157950842
2019725028
77525403
72233361
76039365
2002095463
71883459
74592050
72553459
74160829
2081488808
72433598
75907187
72531569
2130456826
1992547993
74721184
2062029289
76045272
73089848
2008848240
71404279
74811569
72308804
73497638
2091726733
72552968
73562031
70950775
77366759
2067790071
1996185394
2142313203
71868516
73765277
2009679415
73270942
73873299
72854155
74452161
2091868510
72123901
73785559
71994218
73253414
2156139547
2081341378
2013235478
71644241
75711713
2023370734
76738700
73879502
92496132
74326544
80897844
2108500397
74181061
78050759
73966977
2072349478
2002599347
73175713
2163169803
74329075
74859667
2036353353
74917897
73995656
73702026
71532924
80492336
2111717426
75188740
74370566
2072152916
2140014804
76298096
2008473334
73651169
74093210
75957053
2032687220
75151884
73848507
72429978
73528565
2124588778
71312247
76177543
71529953
2079678010
2152330200
2010853639
73470674
72602398
73862836
2037910511
73025716
74849488
77147685
74309235
2135754038
72229800
74541366
71444626
2155444270
2082613753
2014212805
72995371
72876976
77346715
2047479612
71650452
78078955
72320647
74915535
2140171974
72334624
77117335
74075995
2164208816
2029063158
2097705636
77015527
71733929
76524732
2078032464
72626126
74794202
75489931
73776063
72603582
2162994004
73962195
73571800
2180941424
2107739738
73732770
2053286632
72048581
73451075
2083954666
77121285
72896561
72522282
73347160
2178241836
73427811
73855023
73040214
2064679122
2204640044
75719590
2141202960
73086407
79674331
2100190950
72925592
74106328
76969960
73462337
72497699
2188691230
73761071
72082834
73781724
2215060831
2145049948
2075579219
70987771
76505055
70365547
2124107677
74068213
70731238
73834723
75607910
73666411
2207538718
72891371
74675554
2076967444
2222716994
2150352763
75329537
74699333
71168458
2116820559
74185333
70855401
75175629
72248151
73502386
2204491925
70933977
72837754
2216360186
2150040418
74977861
2081457435
77960574
73044528
73334692
2131395627
72188058
90868999
74555146
79538458
72488937
2219960527
73109360
72657921
2223864425
2153304671
2077016915
73326633
73910741
73341505
2132739741
76498164
74417272
74367397
73673602
77020498
2218179572
75261688
72649869
2147541086
2220690965
73761389
2085253841
72913113
73600609
72346828
2141941903
74111786
72683928
72913051
72478066
2224530383
75712316
74184050
74969870
2091948884
2231009859
2164106401
73611561
74574065
76486281
2151589090
73029401
76090824
73794426
73051618
73384586
2251108096
73953021
74463512
2246266916
2179067024
2109712554
73520704
73265612
72756137
73497476
2172148741
73399983
72459156
73856075
73168422
2263580293
73953752
73484577
2193231702
2126831880
2270201834
73563355
74692381
73571733
73525553
2195310073
72739378
76719934
73905476
74218034
2277889565
74434996
73389612
2291074998
73038667
2164018167
2239890666
74816745
73043290
73153169
74417092
2248525574
72794559
74275421
73267133
75218373
2327329359
75305142
2313104137
74104539
2173976990
2255143446
72819283
81996040
74742979
73286099
2258697553
72351524
76047440
72438159
74040393
2339315513
72979442
2297674604
74042365
2176697909
2256952203
74827787
76639826
75284443
73710116
2265460981
73494880
74843678
75997804
76181856
76468526
2354210643
2295964838
72787444
2252429004
2187717320
72211514
73692774
72649888
72747841
72519616
2291136095
73468712
72880835
72961757
73639912
2369489122
2306439044
76726171
2254671226
72785020
2205550505
77258846
75621839
74533547
73837310
2313562912
74234666
72963160
75805734
72959565
2391968653
2321690405
73228761
2275126912
71706752
2219407791
73303038
73556682
74017197
74351938
2324222194
76110795
72949374
76347229
72568364
74555491
2412470323
2335669366
2273280666
72904341
2216046959
75109788
73970657
73886818
73913786
73149501
2337713224
74242982
78013397
73138863
74505630
2411372197
2341112791
2269695498
72913715
2198690405
73671408
73340362
73261059
73466694
74562555
2332351744
76203749
76692169
72867417
73565832
2413275759
2204081413
2344361017
75159144
2276119990
73036818
73398989
73531068
73749719
72940135
73231715
2363527732
74970753
73773292
73785281
72916317
2425565101
2353662666
2221341564
2293266165
74045926
77955468
72893137
74175978
76759634
73313397
2371832792
75385278
72806119
73120959
2286907324
2359347905
2438007921
2229777411
81029582
76209779
73528597
73537423
76382500
74018406
73113599
2384123374
73324549
72954632
73708425
72876431
2366361521
2441540269
2290755685
2224705317
73932599
73545179
75652069
73923065
73332026
72518939
2401808054
73427343
72947472
73969262
2431350318
2228373909
76062585
2374088688
2314401891
73643532
73644467
78519977
73444812
73610465
74595598
72866595
2427155114
73828520
74090381
75621002
2378637337
2457180292
2315147599
2256922711
75068131
76261704
73621003
75330516
75174076
74277278
76869259
73866009
2442746995
74458605
75145762
2452041189
2313721845
2392381926
72704280
2269938811
73690879
75015867
73163038
73069922
73182829
73392699
73795804
2468808743
76668755
73165827
2387026475
2470463642
2261766324
77341729
2336550939
74432872
73023651
73767873
73770358
75091353
73547113
73350872
73798442
2488343467
77038851
2461889750
74173684
2392717414
2324464850
2254095401
73545504
74147268
73203588
76405392
73200220
76587806
73186940
74186749
74041014
2492368712
73740757
2472295518
2265493823
75692294
2340205170
2413711667
73377462
75868555
74048990
73059403
72792745
73432921
78679233
72566618
2515896107
74162584
72710060
2339010020
2489084290
2409418411
2267488396
74280228
73451135
108418301
75925109
138124613
78574295
116485894
91089498
77161277
2513996026
77230258
72899701
2284241143
2423755106
2355298825
2499887687
73153191
73552052
75474765
72645211
73865658
73059503
74354677
73158135
72991012
2523247186
75838929
2294663089
2441599759
2513730877
2369706240
73189319
74813206
73665542
73377323
77891188
73592806
73109575
73438464
75078797
2522532683
74122412
2524786657
80767293
2461205928
2318531814
2395603010
72857668
72969841
77874608
74395643
73998014
74962517
74247524
76458016
2536555008
74811289
73938410
2392957668
2470076974
2546989442
2334179047
73459041
75734962
74889299
75721163
74741797
74710040
73067831
73316242
2564806718
73882762
72756787
2549690936
2482607694
2342503776
2416093857
72257384
77191524
73682800
76296632
72644709
74417562
73157404
74502094
74112752
2576416823
73355612
2562210657
78263646
2495405708
2440663806
2374501596
76669808
73826952
73949570
73567949
73422971
73487077
74959971
73586333
73893671
2615975689
73754811
2435800821
2509321778
2363836146
2603488495
78695504
72651243
73349407
73843096
74102313
75204377
73608821
74405227
78474080
2597270374
74069069
2369498738
2512308571
2442370237
2587961450
75068791
74136993
72690918
73595220
73429493
74351318
73855332
76529235
73650006
2619544138
73076537
72910443
2602886090
2391629704
2536979288
2465255281
73244190
73801501
76255863
74068101
75333512
73369280
73194113
75214326
73881920
2641925558
73312386
2500064568
2618759591
2549098703
2429989381
73042073
74397493
73232703
72466817
73415561
77085787
74255979
77549202
74612180
72963115
2674488030
73532592
2445250938
2517476798
2657485605
2585244532
75513662
75006801
72744604
76930564
73329866
73700129
72691085
72931108
72854562
2699194107
2661411255
73576480
2600284844
2535843629
2465593152
72987922
73016609
72296783
73090562
73367370
74324752
73653267
75047394
73542040
2727178891
2596337353
73551930
2673622618
74242304
2556953979
2485049097
74231944
79192800
73575308
74077434
73499954
72995367
74768250
73554538
2733527507
2595212378
73326389
2674060726
2464900542
73724204
2554143974
77835374
74012607
73571106
73374112
74561543
73005281
74391773
72957345
73722863
2742644349
2674296461
75147350
2613017006
2545264277
2479594726
75241296
72595753
74269172
72640360
73370155
72628539
75807192
73188821
74089162
75373854
2748570865
2680564781
2614332153
2550517146
2489004954
76966101
72026771
74029105
71813537
74408863
71602220
75039215
73943026
77584225
72776586
2761986271
2692056677
2625775642
2558689280
73400956
2503644875
71818538
73715825
73014270
73346908
72932154
75272584
72781170
73901927
76744385
2773620891
2702813080
2566791736
2643216796
2503763180
75698454
72654819
73805446
76002537
74777561
72247149
74798607
74121802
74388099
73461967
2704999305
73771973
2640051278
2569510131
2787851082
2493442293
73100866
74304649
73232967
74022475
73254787
74415661
75887543
74017023
73056440
74021434
2778005152
2641733682
2503166342
2712108395
2573262706
74092231
75583081
76989275
74240749
73727067
73941587
73074511
77867284
73133563
72680212
2787540254
2716737056
2645736074
2507764449
2579567149
73315846
74383367
76337446
73808798
73132104
73359924
73884003
74000074
73001484
74179173
2587446449
2797999437
2519465486
2662956588
2732879841
72187103
74039025
72628713
75333792
71886290
74317730
72678748
73722529
74246713
73846583
2799901860
2527377655
75972995
2601585972
2744501477
2676587130
74039024
74863471
75766295
72226536
74878276
72647456
74914625
73419265
74332814
73642885
2822192923
2754753511
2550399220
2619107157
2693786628
74279000
74335312
73740375
77813373
73565841
74559000
73975754
76127069
74195467
73044311
2833213695
2761919775
2697298997
2626265607
2550521075
77776591
76364322
77763920
73039098
73432845
73638190
73654147
73189502
73379442
72784558
2553548723
2701337421
2771327859
2842721090
2633176431
73874129
74570005
74520057
73093482
73952432
73821385
73320752
73390185
72830509
72891862
2844709582
2703928286
2565126391
2636914532
2777431226
72387236
81335524
71847268
73033475
73175327
73235653
72948348
72871768
72387602
73153160
2851420778
2566384281
2641477964
2709746648
2782940108
75921740
72580267
72139763
74457029
72659513
74919185
72164247
74173982
72889517
73723290
2773906737
2635064721
2858574657
2713545031
2574177957
76438043
73637046
72389679
74157269
74334860
73355894
74643503
73516330
73488961
77981769
78351920
2858856914
2722940705
2790853574
2655555000
2588042720
76330778
76868295
73042409
76962667
73398473
73729336
73753989
77315330
74160079
2868827974
73040558
2589895364
2805506626
2734877658
2668053728
73850490
79126484
73925367
74067911
73243792
74359679
72771118
73534610
73603783
77660696
2820162894
75878357
2609087229
2890777207
2752697892
2683575918
74072521
92219332
74817250
78213056
74797138
77611678
74501241
73832825
74005538
2676751190
2884645446
2821150456
2614955017
2753378971
77301067
74612742
73186622
74637658
73725597
77893978
76173154
74298006
73410248
74207308
2687057988
2900421750
2616962108
73674754
2838212368
2768360905
73981994
74690903
78808566
73042271
74776421
73369712
73185872
74489041
74364817
2900478064
2753273241
79119974
2690863824
2617045340
2835118096
73885313
75196303
77918381
81476233
73570757
74014451
74864543
73641593
73675584
2896079711
74013844
2831220927
2622093985
2761252344
2695770653
78443113
73955207
77173664
73464060
73395819
74080954
73704078
74394932
72767750
72432844
2901129402
2766721598
2635971690
2847655708
2707275289
74519137
75603544
74433855
73520780
73469940
73462317
74719952
73677759
73201261
73380171
2838303919
2922245041
2772215255
2705072239
2634952476
73526860
77832891
75087308
74091819
73132108
72941990
74022693
72897491
72635918
72792665
2849591151
2708721384
2921824965
2780562810
2645792167
80457928
74667975
73126156
74663380
72455643
73751896
73399636
74653055
73921741
75367235
73298081
2930761289
2714069862
2644034109
2858054536
2785670214
72839849
77367006
73065195
73742400
73788846
74480530
77577174
73321411
76649958
72434707
2850638522
2783380626
2712617128
2932289365
2652721102
73271372
74398153
73985642
73824720
73077275
73793321
74347730
73602502
73420659
74217087
75753082
2935367834
2864373164
2725873290
2653000154
2798422298
74582370
77142118
74640100
73581905
74083267
73718168
75591324
74640801
73249611
73429639
2946162701
2734290148
2803893568
2664019993
2882453266
78132609
73128455
77504327
73364297
74318056
73207959
74072664
78422810
73289465
73235865
2877388470
2951617481
2809204973
2740917116
2672496581
77555902
73809838
92322798
75784503
76043117
73345700
77966051
73428832
74362060
74003338
2674631682
2745952827
2820183729
2961299957
2890747018
74483586
74003247
76070879
73769617
76537119
73538855
74812754
74527055
73592070
73119321
2688238069
2972834650
2907133106
2761277947
2832800736
74629818
74186204
75138698
73035835
73290142
77451303
74110032
72965447
75942764
73564757
74176942
2985040886
2914180292
2703595043
2846848881
2777875071
73298472
73921507
73050721
78233553
72851752
76975500
72762586
76299109
73193973
73984072
2994641239
73536377
2928633409
2789912161
2864114059
2721434499
73790239
73630028
73223173
72724999
73423363
73327456
74717619
75325967
73005584
74263338
3008586749
2805731873
2944174512
2744061699
2886955280
72039433
78412084
73977032
74028251
73896798
73892794
76302918
74023043
73680218
74868714
3042339547
2901227635
2980768999
2767324875
2840323334
81608100
73202490
74082629
72696213
73789454
74319540
72738549
72660150
75568281
73787329
74691481
2864870615
74401984
3014988160
3084996751
2945792513
2808270014
73699283
76288697
74096349
73992486
74888368
72598703
74060618
76639830
73577141
77393521
3099214407
3029510044
2954330673
2891482302
2825362608
73722720
72978805
76285897
73692826
74073139
73551963
77552030
73654938
76364304
73724549
3042510444
2968165250
3121582627
2833848422
2908576894
73970482
73916036
74438433
73992456
74642975
74556205
73917924
73011115
73823670
73208201
74214340
3137520116
2933541998
3072844189
3008302703
2871235400
73073117
72775099
72976167
72181245
76955317
72804949
73400094
72978825
72623398
72399307
3157391790
3090262271
3029027059
2893904930
2961355083
76690028
72468479
72367626
76484068
73675334
72567361
71698306
72160969
73424672
72263883
2961327468
73149070
3035996310
3177476888
3105908932
2896391144
73225134
73911528
72518140
72698483
73254705
73762252
74095683
76392251
74010223
2958729377
3108729438
3181935858
3037221048
2899323273
72776941
74681721
78107657
77777023
73735152
76635888
72091932
74176067
73297377
73698972
3181026908
3109820462
3039025904
2902621981
2972810128
72019497
77270786
74072369
74332452
72803005
74515470
75275754
73611810
73025972
73601579
3127376847
76620457
2917883394
2986095869
3058953679
3197458587
76600281
75570497
74588490
74162644
73818665
73314631
74420345
76838684
74171902
3129247342
3058619466
3200275901
2984050435
2911903115
78778192
73788715
72812206
73304976
72479631
73527041
73385509
73929538
76379102
78261959
3204318300
76246688
3133278771
3067818205
2924990489
2992893445
79968328
90211753
75494450
77877447
76097612
73951644
73342668
78688485
72006794
3141163015
2930185644
3002490390
3073501848
3219548894
76548439
73810815
76804291
74274929
74119298
74135436
73330408
73860460
74680181
78187083
2987733324
76310777
3201167039
3064909530
3137210556
2929064299
74114848
75765622
73241691
76238587
73294595
74887086
73525433
77326917
71993562
3057807743
75257758
2929199355
3212162669
3000274454
3146411164
72911647
76319142
74962406
73334678
73069667
73440826
73927305
75128882
75541793
75890395
3227559557
2976630644
3092279792
3047936101
3167958342
74311691
74038684
74910080
74835724
77453577
72857026
77566329
77544323
71793033
73477617
3032807457
2967606622
3110606434
3188950593
3264915541
73356574
74727584
110009588
77069664
137480989
73448979
121683548
99457995
74891080
78839746
3260902657
3117129210
2979430676
3195329479
3051869331
73739288
72887981
75853140
74147186
74767686
72838411
73293960
73741933
74016337
74054915
3189205335
3267851879
3053931003
3125587393
2982380535
72909008
73255290
72736769
78049812
73661623
73225847
73451412
73036613
73386467
74567812
74397759
3273528118
3200339406
3062253166
3130356182
2989816316
72575307
77678323
73726454
74229831
72710538
73533961
73108549
73409189
73235870
72859116
3192092235
2983315240
3276199230
3132022476
3059661978
72693702
74400938
74695110
73411432
73818934
75003250
73199686
73499557
71267343
74152708
3266331381
3135665249
3205064065
3071210203
3001984090
75180211
75032125
74307884
73747868
71224688
76628920
75186973
73490606
71885926
77453165
74614005
2999950670
3141881658
3217186634
3290382584
3073470621
73846637
83044985
73946664
77184828
73909638
72471243
73515288
73018911
73657512
3210899559
73744028
3145266082
3289046185
3078121245
3009683523
73854237
73992677
73278929
72581604
72921377
75519683
72406857
78739177
73211828
73921936
3219546661
3292055976
3078296855
3150497435
3009352837
72328866
75071710
72248751
72865975
72555837
73599749
75350787
73391657
72612602
72889172
3123546953
3284165758
3194356730
3054215078
2981713229
72044711
75101355
74358774
72879373
73754554
73387019
72868018
74044567
72607064
73280256
2977263817
3047511291
3120158333
3269906061
3199338721
73360565
74461890
73972822
73104773
75848877
73080576
73710818
76735438
73672169
72969757
3270454662
2988534153
3198032231
3131324527
3060762029
75335267
72000146
73793198
72000903
73576138
72979166
78344532
75163887
72654613
73180066
2989331570
3059925312
3203951740
3276514250
75096534
3133472383
71982833
81354070
72996627
75334489
71719862
75309325
74193936
75140589
72422929
73612766
3068771967
3280706069
3213585547
3145531558
3005369448
74936594
73339841
73574229
73228224
78404917
73951703
72820365
73530199
77897970
73589083
3291284032
3226756287
3157142911
3085559778
3015070679
72920630
74956880
72822787
77458945
72322560
72754930
73141955
75360191
73038351
73610022
3297022672
3076410014
3012902187
3162797555
3231028671
75428599
73942016
72688856
73350290
72381994
76720462
72907505
74078856
72243018
74345286
3222675919
3010681839
3161681684
3302693286
74919682
3090678727
73998903
80134064
75911124
76370599
73648988
73315169
72875348
73255189
73714578
73417385
3170352216
3312171969
3242369559
3099378779
3030595346
77700593
76610266
77402988
73865794
73162169
73299054
73591259
77604947
75053576
72867020
3044427012
3183883723
3328148428
3119073958
3256284357
75898613
77812265
73489344
73508585
73497191
73669850
74670318
74048742
73284756
77093963
3208532472
75401360
3283769912
3147033261
3357014326
3074461365
72437449
77525520
72628144
72070813
72347886
73168883
72648544
77600534
72532311
73067820
3362110239
3295147204
3227392533
3160597441
3092512990
71909117
74072457
73329836
73128069
72634415
74399925
72716382
72632336
74342925
73970420
72863243
3334334681
3125329129
3401431440
3268095000
3200692120
75139987
73905115
74713468
73096331
74080476
77516857
73691759
72960185
74002112
72360553
3271754446
3201891664
3347782527
3419626791
3133510636
75178288
73832671
74259051
72626121
77475107
73242682
74480883
72885977
72275799
73141644
3261589493
3424389668
3195425963
3343509206
3133064899
74087594
73076298
72896011
72664474
73297059
73055448
73336208
72625009
72879003
74128818
73855273
3354253424
3210542397
3420512798
3286194165
3145834753
73672590
74438936
80476577
76306829
72911455
75402015
72666984
74118704
73461410
73686444
3438850629
3298830608
3370346197
3231078846
3160252437
81796712
87325470
80540858
77433061
74212576
72396604
72891105
73933879
73487559
71959493
3376808149
3447957229
3318193607
3244762116
75126104
3181165493
72386741
72534703
73873866
78365882
72066881
73968811
70962011
74234507
73272079
3460439541
3390040937
77552711
3186782891
3318497026
3254881013
77634439
77084754
70514802
72742819
71621502
73798249
73710283
72594565
72364364
77202996
3408014287
3198491886
3481171481
3343791110
3270606663
75167468
73725811
72505362
72921205
72671902
73697748
73724789
72846973
73425260
72620737
73273350
3490344282
3417297353
3347575268
3210846753
3279656389
73142872
77272043
73464981
74640368
76146873
76228718
73497694
77675362
75738350
73513504
3491069244
3357146878
3283059962
3428467026
3215576496
73355508
73477437
73201388
73763502
73500371
72881832
77659251
73375271
73274252
73562701
3503714169
3437894543
3290320819
3367274797
3236832094
73640918
73718508
74093688
72946851
73122889
74962186
73074910
73481182
74279535
76868357
3448938037
3311795995
3522986514
3381376984
3246986100
77465774
95549148
74504817
81855031
73607032
77354112
73333266
74424507
73236724
73539651
3392692561
3326418826
3532335759
3466225076
3255284050
73822025
74449272
73733885
73013434
76695033
74490576
72888621
73849830
73409376
74160993
3450206059
3394594303
3545018213
3287280135
3337139785
77094641
76186983
74316265
75452030
73585395
73585450
73184573
73943996
74081323
76500771
74785876
3438645808
3580536678
3512961651
3372679383
3301260292
73167573
77742546
77508513
73825232
72432183
73617424
76450940
74217930
73460488
74181257
3580559674
3441075152
3514927747
3380454254
72892102
3320229451
76771647
73235490
73897204
72420018
73817033
73367943
74563158
73425071
74510659
73743763
3532217927
3604517747
3397492800
3465709760
3330345933
75314939
74579483
73950735
73736462
73233284
73674646
73580339
75793083
73029758
77935343
3554044830
3624992621
3416980619
3486852858
3350215768
74329358
73460471
74349391
72659878
74511363
75547721
77793207
76361641
78889485
73772176
3566332711
3499644296
3644266679
3428898163
3355184607
81090448
76987938
73769727
73387729
73541868
72775892
75899321
73537432
74726102
73024765
3642014964
3359476350
3507443220
3577800831
76884162
3434687801
77745263
75900705
73186733
73998140
73271821
73657944
77203025
73900292
73112053
75211293
3646476800
3443123869
3586322430
3515519313
3377554763
72970300
74678600
73478137
72649817
73673328
78324857
73165736
73697077
74337852
73237281
74128294
3657361969
3368749758
3596195485
3446423561
3522810674
73901589
76119706
75489062
73651247
75437207
73907914
73611086
74104291
74384359
73421988
3529658367
3462179646
3601676534
3667600567
3395181409
74350482
72612609
73539514
77718237
77221589
73591526
73737135
72968487
73508128
76788841
3605590067
3469461715
3400653123
3692384072
3548071235
74915985
72913171
78284779
74432392
74674681
73184624
75362144
72920287
91143514
72792292
3686260943
3548668822
3478306336
3618722410
3409822025
79582649
73632660
75115779
73177608
74295055
73211929
74213260
73363354
73228987
72463777
3565338067
3703038738
3494928807
3422554093
3644419472
76017926
72911434
74625572
73533306
73658954
76746437
73990331
73590917
74579435
72679471
75292504
3647729017
3577050692
3438335455
3723070484
3510738212
74016233
76147358
73959223
74205886
75454837
73786813
73030720
74054082
73470317
75704484
3726214088
3657054393
3523197539
3593024438
3456574883
73696082
73338284
74749086
74235962
74569982
74175905
73591471
73278487
72906366
74570286
3737759277
3675989171
3603005711
3533972185
3464698531
77731363
74601883
72704468
73554332
73948582
74595250
73550686
77467879
74838516
74172489
3736770263
3597761721
3458200034
3669762916
3529538507
76579492
73145601
73716797
74245205
72981664
73045715
74379166
73159067
73930481
73156515
74667255
3677722858
3537370815
3609831439
3756844935
3468533209
73869469
73164711
74093785
73187712
74431319
73958803
73856642
78283883
74214690
73657765
74480831
3712513875
3780408279
3646035185
3502410161
3576394176
73591699
74249518
74012343
74361327
73023264
78117427
73013992
74539360
74010170
73683730
3637037963
3568415258
3786577114
3723118165
73958572
3505610042
73596115
73114977
74015193
73497611
76542969
72690222
73169855
73415563
76021746
74147624
3718920193
3793663524
3645126005
3511154487
3579812066
77532353
73276249
74873715
78020598
75583688
73746326
73363500
72712039
74183146
73328405
3585629880
3657735813
3799151241
3733264716
3513414388
73928035
73943430
77019788
72870712
73499620
73943969
78210310
84660555
74771818
3588137290
3810205173
3526387896
3673805904
3746187880
80082052
73158977
76574757
75573863
73197065
75205386
75021827
74793620
73870511
76149480
3609506832
3753687996
3542541667
3688133428
75732356
3825777373
78724365
73746018
73099776
74201086
72775155
74073731
77329965
73772458
73921563
77388921
3770649302
3622072174
3843712368
3695747015
3554897871
82613432
72981522
84999473
72949885
77614361
73225025
73042649
72641456
72395087
73682519
3842975461
3776634430
3705609335
3631491744
3560007574
73110521
73280464
72863850
73636242
73264662
74746897
77202862
77565147
77570636
72996460
3568950102
3777411194
3710421077
3850809139
3641814879
73796536
74150925
72759463
74013820
75630907
75536954
73325139
79308279
75416193
74679829
3860554043
3724081383
3797139009
3592867974
3657171373
77342415
73881411
73893071
73590810
73005524
74368224
73293063
74101068
73933976
73680294
3604432299
3884486995
3816797850
3748596186
3675455830
81607938
75718168
77881842
73383407
73789954
74112210
78452503
75415236
74221331
73091645
73249922
3822408912
3891939309
3619152597
3688529042
3757600722
77925515
73594027
73507721
74337382
77191200
73602401
77986220
73607026
74067042
73927390
3621902985
3764189762
3834233565
3907348760
3699705787
76154413
73496516
76084644
72845681
74773479
74144260
73852373
73788401
78129394
73381303
3765860504
3625136611
3694484403
3844577834
3921921077
72966332
73389770
75503227
79076367
73216504
73641471
75373529
75712653
73296296
73195944
3917742680
3847146215
3731207932
3663557883
3806267943
73034764
73421745
77815742
73471129
76059046
73530518
73496829
73295053
73485040
73804202
3873757179
3951151433
3742256373
3814607842
3674300777
73390419
73331317
73549398
73830407
74121907
74155638
74041085
75930672
76006795
73493646
3878937886
3764002101
3698414560
3811469759
80713876
3952803287
77455897
74211538
73550867
73098237
73617195
73964747
73102671
76194362
73981316
3883147522
3956456547
82122420
3739118316
3808341168
3672326900
74496919
79875448
72782839
73868040
73965874
74510546
74373843
74486427
74639316
74327388
3737558159
3882213172
3666426052
3957114478
3813951880
73423866
76495729
73208959
74685219
73791945
74445291
73069804
74306092
77404858
75920509
3876231643
3947333506
3666953305
3738955050
3812156900
72725126
73627237
73611524
73967622
73246558
73244125
73404240
73631574
73593229
73698426
3947112747
3813042094
3884863110
3743799099
77814720
3673434288
74274995
75596417
74136590
73579847
72155507
73355343
73960798
73872694
73636585
74204643
3884241436
3957174622
3679160505
3822106023
3748280274
73447085
75246327
74101748
74113899
73752109
72881699
73614409
77557589
73081453
73342377
3955155992
3819943411
3747003851
3893118803
3681591374
73314394
75023694
75135431
73506088
73372632
73499529
77905571
73196687
73830178
74923348
3966330436
3827898371
3897842923
3687906370
3759986253
74303492
73451749
73101430
76174413
74220702
72935100
74286668
73584839
73937167
76007247
3974535364
3831723770
3764705865
3906515685
3695283817
73396447
73704437
75822438
73418680
73577968
81120347
74451778
72961364
73996798
75197863
3979763405
3688405977
3759203960
3836649846
3907818700
78425074
73822263
73057223
74348930
77308089
77813968
85243729
76898317
74089912
77095380
3837375243
3978134216
3772408942
3706051138
3915149731
74498693
73375822
73307184
75807835
73322526
74087663
73983382
74259843
80125408
75300392
4003657692
3866772700
3934452736
3727112195
3798311632
75152845
77089783
78750570
74604453
75856702
75234281
73556037
72802215
74258614
73440113
3860751555
4010079645
3937220808
76840865
3728681594
3800528681
80808496
79561137
73563395
76769377
73487841
74368682
76069368
74749190
75201772
73382407
3820821574
3893575460
3756550955
76682708
3967648513
4037659812
76314131
72896157
73976604
74660021
75357257
81888617
77407713
75707416
3960149253
78901294
3898053750
4041709127
3769848838
72504166
3845687942
73960193
72706504
74368239
73693041
74425788
72778328
73654997
77196938
73535742
4061177353
3992047279
72980120
3929200205
3791296799
3863673061
74075531
73759184
74477565
72824941
73327681
72442668
73941929
74001843
76448701
73655750
3933642174
4075995299
4005416860
3799362847
3875106061
74756180
74444542
73470453
74533757
73531465
74054163
78189327
74067339
74129423
76119311
4101835757
3819532417
4037327153
3894599581
3967063639
73365737
105461058
73743378
134837824
74413799
123137164
73081187
97399206
85740591
73377387
3821289495
4111808825
4035222700
3892580762
3970922578
81024566
74595989
75443540
73254962
72656387
73781911
73624372
73369916
73335429
73933967
74434448
3905427018
3978522067
3836819996
4127297036
74385060
4050623224
74146000
73574376
74661207
73917758
74912318
73178960
73330898
73335948
72632341
4053067388
4128845258
3914169753
3987189520
3846179969
73928163
78219505
74031100
73279481
74451574
74039573
74286634
74599185
75907358
74210328
73699480
3913960949
3851641429
3991398725
4064297514
4139027493
73755366
76651460
73589656
73687736
74471033
73855493
73602583
73425489
73514833
74085558
4153051554
3862909605
4016508421
3943906599
4087871335
76404165
75253667
73426410
73408933
73835860
73357915
74303541
74141555
73595117
74233156
4088947728
4161177437
3876606492
4022596776
3949506554
74753680
73077518
73730116
74562916
73043503
73258782
73224433
73998188
74069000
73382936
73452720
4173401524
4103121928
3954717180
3882356938
4027154363
76213951
73625427
74296259
72854003
73120819
74373253
78361605
73284151
74045463
73179677
4096141138
4177133143
4031809856
3963534349
3890272601
73943704
72850893
73467322
73880435
74432244
73173694
72960926
77281066
74116756
73690682
4108517686
4037481918
4180624271
3901594807
3971216697
77756373
78753504
87390916
73175849
80795385
73738635
73312071
75270019
72856997
75978368
4048209288
4126886907
78922952
4201014834
3979074218
3917065188
74702356
75683014
79108783
73501937
77773761
73667940
73384016
73946740
73442188
74020778
4121591923
3923004346
3996804209
3857335256
4201775909
91284290
73383515
75581519
79623131
72787790
73557851
73190397
74355080
73806654
73424848
4143491119
3937025281
4079515987
4010212667
3871397634
73408024
79491357
74815274
75749822
73375949
73113511
73358295
77607871
73946457
73750558
4153404232
4005128106
4088146741
3929405150
3859994159
75554245
73691297
78208285
73151220
73491862
72655480
72992323
74819053
72959223
73961466
75702589
4142516525
4076038498
3867493246
3938547036
4006481211
77682392
77466241
74116896
73216116
72950885
73421072
72682194
72909308
72847269
73650174
3932957954
4018846079
4161906749
4092426094
3874515566
73841178
73328547
73130341
76184247
75697776
74003159
73870352
73996724
73782842
79245313
4094948754
3883101151
3956886675
4165733138
4023914305
73177788
74184951
73514103
73721564
73890487
73731983
74028285
74411052
77450736
75307615
4105051619
4034502785
4175543188
3897807928
3967878208
74445641
75439667
73773955
73789766
73780409
73456971
76244333
74068798
73150439
73826143
4052614067
4002563882
4195888011
4127381385
80061009
3933694762
74752315
75079765
73901788
73594589
76855780
73426710
77905866
73726181
73822992
73685863
4214705176
4150125031
4013611969
3941858946
4085201415
73739243
76014498
73345975
77216195
73457602
77702911
74918964
75879517
73626584
73744335
73837721
4241742042
4173614424
3963157777
4033202974
4103985030
73903366
74922489
74323067
72623066
73741579
73920854
74809404
72790490
73851064
72501740
4252920585
4183599322
3969737474
4114962795
4046202514
78174926
73057648
73901311
77713088
73219298
73904313
73449290
73781459
73522107
73865055
4258008454
3976859578
4051946355
4126080426
4204394981
73053537
73491396
77076244
73027371
73399201
73423946
73850927
73952195
73273600
72880143
4124759612
4274031609
4059792431
4205587181
3987870082
73242117
74826062
74268846
73033225
74087651
72449400
76067425
78470919
74058924
73297018
4276863745
73348329
4213263009
4142203321
4073619336
4000528597
76501886
74171042
73424522
75040413
73260141
77012646
72221884
73231093
72803731
73267425
4154699810
4293831442
4226173725
4092126111
77354417
4019700301
73431791
72091190
73796404
72156009
73426523
73805937
74403379
73051065
75074848
72612115
4314564797
4247578438
4111796938
4179150802
4040221624
75804536
72909609
75878377
76062920
77012672
72322043
73078345
73468360
73486504
77198829
4329964373
4262369161
4124256057
4055315088
4194261719
73074613
73666421
74249059
72827953
73898157
73313437
73079312
72812953
78281229
72892784
4272543522
4345240891
4138998161
4065619238
4209765282
73717827
74774023
75885053
72909192
74182541
72930343
73972918
74708131
74848353
72517259
74801612
4356048980
4148609780
4291614906
4219843814
4084223227
74777130
76568738
73654674
75890551
76080984
74826478
77286146
74302218
73100789
74392875
4373237621
4301758474
4231881885
4167830272
4103761289
73039356
91315891
76987458
78590722
73928670
73675317
71795952
73904130
71201830
73407148
4260586581
4405239950
77096417
4332625441
4192931496
4125236586
74660660
79254973
74310666
72989407
74018946
75053855
74015773
73019104
74086283
72415787
4413550753
4273222437
4206541944
4348675954
4135941670
74534303
75948126
74287953
76850150
72851005
73674967
73114579
73269202
74308375
72686392
4417026522
4124444471
4335298226
4272493250
4200698007
74313566
73258242
73910894
70859023
74060150
73064547
75624280
70717046
75452019
71677490
4139500875
4209167202
4351693193
4421637601
4279361869
72617315
72894314
73828613
74525748
73543779
73376345
74172304
72519016
75244041
75964291
4428900570
4297392252
4368143876
4153347956
4233120622
75434270
72285711
74824240
73222273
73531055
73710806
75526339
72863987
77916534
72659748
4312041731
4452910475
4382705401
4243495620
4172989047
79409368
73578784
79380910
74326867
74502903
72683567
74265660
73093875
76540108
73326885
77778659
4468460711
4331021587
4264996195
4403023244
4196849087
72192209
75404350
72557863
74403583
73292514
74628932
78107435
74437969
73456770
74508755
4477968473
4404646202
4338981075
4198549084
4268829604
72661079
75027647
73238546
74665368
72845594
77619774
73242225
73771158
72954204
74590093
4261907037
4414605936
4488779504
4340185779
4200817400
72328926
74353774
73753352
74472444
72284929
75046936
72299802
74674145
72094760
74040017
4489401357
4208015503
4348861083
4276693061
4428290292
77386875
73671361
72543751
74964935
72709264
74975860
72835872
75400550
72930280
76415323
4491026727
4425629136
4355712521
4287449518
4217765733
73449370
73891850
73138920
111375043
73352805
139119248
115479421
74241885
90027941
78138442
4496821330
4272680238
4354419621
4432222110
4210367683
79425668
72743227
74076306
73209579
73534132
74908571
73725072
74114879
74218439
73959748
4496509050
75769907
4287924444
4358820519
4211096770
4430668117
73297276
75238269
80937484
73449603
74194969
74617324
74099360
73523814
73597298
73661110
4288676511
4504811602
4365279753
4222019881
4435681440
73070273
78315922
73130245
73593439
72988586
73226128
74125838
74087105
74669138
73248054
4502782537
4433519183
4218761396
4359527882
4294678855
75118937
73359203
73760865
73968457
74427997
76503348
73741172
72845868
73707499
72371557
4429976354
4506386071
4353359092
4288957694
4221905033
77421636
73174280
73627610
75566070
73091278
72892485
73295173
72659364
73825132
79241065
4502850204
4434351128
4366787277
4298636887
4229870485
73681127
73355945
73222749
72638501
73565208
73137114
76556180
72123989
73522883
72031019
4523031810
4234495465
4305552427
4453331947
4382738419
74130260
76159719
73944456
74445410
74396899
72852349
73525260
74552554
77152539
74009908
4313918462
74901142
4460084416
4532165989
4245569964
4389818823
74409538
74122993
74513994
75413527
76621301
73068355
78792551
73730105
79064514
4243810996
79104524
4320284705
4390385489
4533059629
4462890514
74687186
74496520
73677660
72918431
76392011
73699588
73700117
73291341
73368810
73719768
4463889750
4390692173
4536864916
4251909261
4325957989
73601971
75840709
73540100
72613853
72730003
78870783
73132733
74038621
72309137
73167238
4544209884
4405170469
4261202943
4474182066
73966849
4337353270
73101078
79233783
76491859
78327024
73386262
74017273
73492719
73223845
73241692
4545746451
4481352933
4333924605
4264031904
4406881868
75669079
73125153
73456065
76976524
74256934
73254555
72930189
73325243
74501382
73106916
73608670
4480432757
4552866554
4261438305
4331381970
4407267190
76436444
75470777
77658787
74259275
74229779
74672239
73388593
74219377
73900317
72716371
4333503172
4550476299
4482218195
4410548801
4268172483
73421837
77656281
73441715
72957637
73240561
74034670
74515664
72956430
73560830
73550250
4287324920
4430759565
4499151103
4565577937
73482795
4361934140
73614638
73172426
75704379
88423604
74150542
87910631
74444022
76981983
74117956
77222534
4504526728
4576225468
4428142770
4283549375
4353407928
73137493
73254755
73821055
73247110
73868512
73348410
73995440
72893363
76740731
73175202
4573005828
4507031589
4291792790
4441402344
4368327086
75184322
73897192
73142534
74069932
73503054
73086441
72428407
73286523
73481916
73112016
4291980310
4513466786
4586043415
4444419185
4375786423
73703203
71992147
74842614
73616162
76883380
73042976
76769223
77642298
73215862
74355449
4590710445
4311352228
4523815583
4452913242
4386267696
74133533
76260856
75827302
72921028
74709177
72957498
78085580
73577329
73214108
72189912
76076164
4522176006
4593386062
4384539648
4313625294
4456631135
74348180
75698021
73289673
75490405
73268112
74393312
74532056
73441453
75034629
73244343
4534293789
4610510811
4391546771
75739898
4476847708
4320663473
74365669
74729191
73786146
74154808
72595213
74624931
73245267
73179578
72954575
4606794776
4466815675
73026882
4535498038
4326411718
4401520277
74333885
73812943
77945136
73028995
77019910
74646131
72493027
74272009
73733508
4545730057
4407109462
4475689604
77122515
4619245003
4328653140
74671620
75977535
75155158
72783569
73293174
73637105
75041078
73707462
72752655
75996237
4329790618
4607013957
4470740275
4404586153
4541643323
74105500
73423686
74494863
75771462
73432654
73799230
73824341
73296975
73953507
74495975
4623245965
4412420895
4556828780
4345607488
4490637937
73164125
76286469
77191247
73491577
73817027
77250182
74763336
77370754
74059279
73472156
4494279576
4634847348
4428567232
4566251013
4358588886
74354126
73968247
74937986
72780278
74367201
74033734
74032563
73200409
74973619
74059527
4572820654
4437120299
4646706567
4508220920
4372824415
73647924
77369514
73631790
73276404
77914315
74710869
86485882
73417100
75971170
73222729
4349690427
80105092
4574088130
4426702703
4669105243
4500737932
71948410
81684882
73408336
74228775
75555567
75191564
72697363
73486953
73346846
4563670392
4493374184
4349122266
4637578503
4419822186
74078026
72520184
73588593
76342831
74477507
73608689
74431233
73432750
73642943
77077697
4574624457
4364276589
4504555634
80740457
4647240950
4436264670
78922179
82788014
74873620
75016607
76695709
73844804
77920983
72680534
73696337
4438559046
4509430710
76567356
4584319812
4658835706
4376132971
73384867
72969252
76200969
72878885
74539566
73494414
74098526
75747166
74973747
74922970
4518354787
4591879715
4661826249
4456317925
4393368607
72961350
73827477
73102066
73438438
73265168
78059322
73000261
74156388
72397826
72821693
4667497491
4532083941
4601347830
4392025855
4467200000
72950598
73346997
72362094
73413706
75869423
73616506
72490035
74231548
73261798
73185323
4673581155
4603574521
4461592563
4536124847
4395569980
73299911
73637805
72578302
73798576
76737204
73328627
72561248
73410119
73398936
75234161
4676824205
4536588166
4610535768
4408043608
74217381
4479791994
73656682
73559211
81871950
72576865
73476099
74850608
73168404
77580925
73526552
4490718565
4630391919
4561387611
4700715868
4415442911
73403399
72541099
77258596
73506852
73662667
72847772
73991430
73170812
74027569
72606553
4569435680
4501552128
4639274786
4436062386
74526618
4714954674
72520774
73477595
72666895
73114328
78333984
74106913
116804885
91290231
76526438
4651232154
4508306869
4440543431
4722194561
4583757845
80011340
73419229
76214016
73050306
74427037
72301420
72931854
74145262
73098322
74170523
4437065032
4730139962
4514390829
4655195144
4586292102
73624913
74716199
72879608
76189577
75207549
74895511
73397566
74873608
73074897
74917142
4734957825
4666910529
4525829942
4599582032
74535943
4459399954
73286704
73831821
75653285
73758832
73832386
74089389
73452311
78624560
75746149
75317639
4657313063
4747171062
4587361208
4521159616
4452964346
73318393
76071035
74321754
73210064
74853054
76043206
73848716
74537429
73996458
76243543
4672414037
4747198585
4463723242
4538822114
4613318945
80782313
73957887
73867972
73136473
74562740
72760299
73716240
72798328
73805610
72905666
4696794125
4747893894
4550550289
4483087660
4638712051
76150070
73445075
74584040
75933629
73640920
77510564
73754943
74359013
73685448
73228970
4769146109
4699522584
4561342968
4489562485
4632131533
73405619
74426802
73687522
73883658
78505747
73295086
74246277
73666351
74691856
72226343
4775617610
4569155014
4709553399
4640711536
4503868584
73668507
71814673
73795034
72840473
73328034
71720804
74698119
72492695
75658743
73317721
4515089596
4798762761
4724403664
4590267166
4665751643
79496460
76975481
75461585
76387219
73584492
72452698
74809482
71510390
73381351
72632332
4739623397
4672075854
4604555195
4528295112
4812923773
78256804
72981237
77058735
75026283
74402398
72701511
77083375
73462104
74475881
72115775
4726488594
4570870742
4509160283
4818359513
73404686
4671722944
72064111
74106281
74172908
73568418
73307432
74824739
73483305
76351426
72460952
4804377957
76296279
4662249361
4731432024
4594529282
4538509192
76062755
73828870
72124820
73213367
71161072
74687955
71815897
74233449
75446601
4737065346
4808637926
4669268280
4528181105
4600291014
77890457
74042023
73939315
72927042
74310347
72264892
74291431
73228912
75517915
74910637
4662377363
76291229
4750700648
4820833485
4604917709
4536064338
73239323
73692770
75031055
73145428
73414722
72616678
72396640
73475584
72370889
4807271792
75987452
4744248638
4521880764
4667756451
4595980889
79529248
76638486
73214660
73353695
72204915
72319778
76112672
76066475
73316871
75693392
4593450450
4733419715
4805126692
4667171572
4526669875
73389582
77350662
76519238
72824544
74729001
75414487
72494821
76048866
73385358
72572914
4613427170
4682230428
4824005238
4753225693
4548332952
74482807
93255022
71835014
76657386
73627273
74501175
79818043
73659849
75180995
75162601
4609683028
4831720052
4688123131
4542192617
4762715128
72965032
73935870
73450015
76883001
73471950
78132546
72828134
74385808
77169887
73295173
4822859181
4680927666
4610413148
4755610083
4540904677
72136494
74309282
73079583
73955613
74670731
74765193
73713359
74085174
73504861
76157649
4608086857
4827360397
4683661091
4543117363
4759061004
72747501
73279980
73912642
74203864
73106978
77311407
72379990
73409783
74220553
74723757
4679422279
4830832434
4610151796
4758175926
4545857761
73335966
73721125
72921903
81548325
72842990
73929325
77253004
73769892
73939178
74100123
73245555
4781177417
4632501609
4564174074
4713974239
4859160560
74199588
74796665
75846891
76804528
78158933
73364539
74353518
74195254
74861203
77260077
4703896290
4555005860
4776574065
4847597884
4637877690
73736650
73537073
74170199
73027925
74330770
72419221
75075473
72151530
74223640
73030147
4772910090
4846976492
4706321020
4634392658
4565826210
77988732
72967814
74024816
72982677
74830327
72015569
74138122
73829461
74315122
74001745
4850414272
4624038725
4787289364
78230524
4707808483
4555907298
76126837
78074425
72183505
74504949
73063832
73659331
72857071
76944973
72828416
4766101508
4835082173
77322800
4626821395
4700517348
4558656829
74269987
74443226
73121804
74514074
73026065
72891020
76029543
77702696
73980352
77297118
4697105331
4774534211
4849299157
4564410146
4634374764
73308711
74238173
72195645
74584124
72652201
74225733
72974809
73547662
76375671
73075563
4860805123
4644587418
4717698120
4578020682
4799548498
72944652
73549416
74753605
75741275
78971810
75637350
74330179
75069993
72510489
74004224
4714372738
4788590783
4858788808
4650130088
4583588728
73200219
74315903
73927746
73659137
72638370
78874383
74476356
74178326
74166224
74746937
4870683399
4803592342
4592127387
4727376674
4662603825
74536427
74330256
73585104
74093969
72813163
74900373
75199187
73728858
74000341
78214823
4738490563
75183188
4672271216
4820726491
4595470218
4889233599
76926380
76770965
75925107
73396614
74828794
72328984
74289099
73204044
74804165
4728207276
4661169647
4882691375
74824537
4596719011
4809560569
77831310
73511102
78890850
73033561
78429658
74543692
73867766
76658405
76939916
74630435
4675008161
4815996308
4748344490
4885618891
4609713992
73730190
73622798
74201906
73650639
73671857
72942865
74254267
73747785
73659588
76722490
4613116181
4828841078
4757959447
4899787574
4688358622
73020934
75534532
77535552
73764549
74105820
73292952
74827847
73648951
73670757
73275498
4823106201
4894490631
4755257769
4605954265
4685118966
79990756
73828637
73947191
75241739
74865989
72973911
77593499
72428306
74033148
73013219
4754399820
4830891993
4693147140
76694057
4902713190
4624262436
75437685
77183971
73178831
77638437
72768293
76350726
78046631
73694915
74951233
4761868389
4907143461
4624466739
4845333374
4696170862
80804150
73651286
75295931
73892091
74247808
73009776
76935491
77612590
74560958
73792506
74729640
4769255745
4911710377
4848182017
4636600828
4708697495
73577923
78729778
77830699
72907735
73283850
75430408
72343042
73258450
74602036
73985203
4849657461
4921250746
4778682442
4639626323
4710813078
73570672
86370512
73364051
75082671
77968439
76275915
73191727
73711317
73615833
73512837
4926874648
4712132071
4790279488
4862637272
4642103185
73900477
73749422
73353919
74034318
73575488
78069898
73896683
74547240
76466215
77212793
4782097493
4639726198
4712442331
4862004742
4937153161
74388826
73924659
73587556
73456197
73261035
73699382
72363385
72755461
74310146
75945783
4656637323
4731496286
4940303629
4806325000
4875174911
74438737
72499090
72995597
72188950
76334867
71987516
72889592
72974409
73088022
72450091
4735912234
4808214730
4950681498
4668342330
4884855169
72853973
73037962
77643431
75884119
72904326
101139536
75521339
123420188
94786083
72998259
76344319
4957304377
4818474815
4748196943
4896495534
4673358272
72835262
72377648
73711888
73294162
72886065
73931590
72879959
73084025
72753206
74808728
4812097946
4745053324
4957061695
4888811603
4676272215
76295818
75118404
72835288
73716206
71886780
74341694
73481464
74200986
73662199
77576471
4892476655
4827438502
4758415687
4968561914
4686456156
74061228
73453752
72995184
73764857
73277664
73695719
72227866
73560406
71989200
74417779
4969248008
4900783696
4759013597
4828991983
4692150972
75613829
77065945
75572358
74245819
77356855
76224998
70909097
74370598
77505602
72453726
4977595445
4912080607
4769328040
4843829920
4703679579
71949543
73065338
69789494
74208480
73225096
75386020
73550914
77244309
72801449
73275046
4920034185
4851226267
4993912761
4706751356
4777891564
74166236
74255316
72171326
73955175
80876741
73435720
84822429
73089267
73524600
76110717
4781018934
4994886586
4923424913
4716232034
4858288587
75988620
79324909
73853949
74069174
71918824
74761920
77309308
73962229
74450106
73830493
4927083343
73795184
4788960280
4715172949
4858803810
5002885571
74446692
73846737
73610048
70539830
78099858
71299435
73192537
73497234
76687021
73272842
4856535224
4792942112
4932727772
5004069851
4720998622
77576081
74220020
73880794
72917711
73559598
76308726
73718227
73709308
74425626
73811461
5011111752
4798471566
4944786068
4728590312
4872930130
73267759
76164538
75573947
77344149
72934239
74969982
72745063
77112471
74009596
73241857
5014969428
4945983014
4874801083
4728448140
4804700412
72802999
74000329
75695704
72704701
73631843
74279807
77408503
71831557
77516248
72667070
4958704160
4818330419
5033861594
4895275161
4757444376
75322412
73824571
78510224
76605281
74556483
73781953
74131356
74914988
72951470
72872637
5040775865
4971038271
4898813514
4759695802
4830115168
73868147
79144087
74722724
75087145
73905751
73756143
75716123
72975443
74778771
73446773
4798488352
5046315139
4950168303
4882106073
4732075709
75401983
72924281
73868295
75669798
74722020
73538815
73659862
73384723
74250416
72219768
4941103662
5022958731
4802658274
4736461928
4881367734
74315436
72996530
74774389
74544777
78312497
70372244
74596697
71160382
77174122
71290348
4938943630
4729076193
5013466331
4872075395
4803737847
76222512
71744244
74294479
72162454
73959285
72656826
77893448
73742151
74125976
73256985
4797717766
4727340741
4946580887
5025481072
4876416096
74277374
72804564
74060492
72398920
73766286
72405667
73764386
72727773
74561233
73237515
4878309492
5022716594
4955261699
4815871693
75346059
4739137348
74092285
74607885
73526966
72697283
76635738
73569175
72797582
72228802
72575658
76443994
4953439802
5022992394
4881243770
4741008627
4812086180
72764331
73189782
73494612
77319391
75712929
75998557
74026537
73948544
73791227
72666826
4849003929
4929869830
5023256814
4708356436
4788298029
73054543
73118078
73084437
75936502
72948468
73156305
73182697
73490096
74952614
74376800
4990402174
4855891418
4723437730
73936161
4795313112
4938897300
78859025
78632129
73848728
74187480
77492413
74024703
73422780
74506518
73829550
5012673963
4947411490
75795107
4880871229
4738048991
4814393047
77476024
79370131
74454939
73490994
78031650
76372473
74433652
72653477
73992064
72014705
5032823003
4813362562
4738102692
4895307102
4968650803
82872112
76494917
86818676
82736560
75425146
73165299
73719039
75258658
73491367
77212795
4949361689
4810185142
5027428409
4882447460
4738197429
74138316
73634287
76289445
73328677
74128480
73493666
73890037
74131789
73752021
72911211
5025035496
4743338041
4813084591
4889844139
4958846407
73972809
73171728
73285878
73803329
73768994
73047530
78461912
73012539
75915482
73418339
76032206
4825124030
5041922777
4972558939
4897426197
4759741008
74079290
77845192
73317749
73764077
72443106
77621882
73665578
74202379
82435786
74926976
4979471599
4905630226
4763310471
5053672264
4838017276
78013015
74173724
78032592
74039531
73951993
73110393
72899514
73476983
72929978
73872894
4906780336
4979918652
4838233418
5053632026
74971752
4765787190
74636647
92815689
74199512
98638783
84467992
76707896
72967341
74160654
73385621
74200785
5048901462
4909804523
4839722271
4983478870
4770845588
74320925
75035063
73457433
73882480
77631362
78112798
73796568
76476249
73836728
75716443
4762674218
4904316290
5049793565
4978627242
4836767063
73932283
73445936
72940722
80585973
73928565
73292319
74236908
74552064
73291559
75989292
5044468899
4908033496
4979567420
4837724169
4769501053
72421716
73228623
73787734
77097963
72711617
73715828
73716459
74638117
73362758
73196583
4981043939
5058696417
4915493718
4780411479
4851443809
72839991
74145184
76686194
74033802
73112571
73448740
73072777
74072816
72802817
76590021
4916012206
4846805628
4997152261
4784527977
5072956635
74144119
77895345
73235930
73795984
73339851
73674245
74040747
73615431
72574439
73518000
4919313507
5065927425
4849411262
4781150790
4997517134
73904714
74258263
72978637
73355962
75151915
74478566
76600645
73545730
74125135
73336646
4917311222
5066500769
4852361883
4997601796
4781406298
77957019
73668128
73630418
73401311
74557671
75759487
73589127
72706007
73000360
77500510
4919346357
5065242103
4994887680
4781426618
4854957302
76101883
73144606
74043876
73829466
73115938
72781969
75813915
72933043
74109713
72827693
5020615764
4947032098
4797685955
4869316980
4735594738
76928080
72675405
73554707
76308530
73436394
73050255
73564830
73048531
77206423
73757985
5016212667
4947563090
4812925993
4742908496
4883857720
75265679
73726086
74292028
73708968
73441060
73374743
74610651
76682281
73660105
73166782
4891755709
4969269153
5039644621
4821589979
73849273
4754577760
73090980
73421161
73267672
73978979
75542123
73144326
73566038
72679943
73521130
72886664
5040225032
4973401220
4908045293
4834434988
4769603856
75923123
75598005
75079762
73456950
73976844
77691974
73711440
73335701
73472735
72657186
5040316372
4832284075
4902615414
4765376216
4977514765
74715370
74244513
75706711
73477431
77478496
73883637
73778637
73614206
74064082
75437187
5057510011
4917910605
4779481128
73080968
4990834683
4853158905
76081626
74425232
73227934
72957978
74355346
73087673
76118383
73510034
74041383
4914809032
4988111553
4844413248
4774344135
5068454735
72505925
73939723
74155547
73466584
73300925
77556114
72679699
73455794
90349789
74504468
4995666433
4930649922
4862418112
4791517077
5075453694
78928232
75434684
76706913
73512287
74090259
76503568
74654519
73288210
75275232
73641903
76979310
5077780859
4939396570
4868117311
5015199698
4793353817
73166663
73389673
73746765
73574838
74193171
77203908
78657280
73759677
82566829
72503687
5011535651
5088154678
78372203
4953599574
4877081429
4808985413
73153594
76597647
74024573
74218385
73182994
73320501
74302939
73237363
76943086
76508524
5018193250
5091888881
4885784076
4954881416
4814528305
72730030
73772325
72962125
73948512
73059061
73420703
74312975
77058739
73436090
73992843
4846972613
5131882792
76933027
4924590522
5065432198
4996669645
73836450
77056784
73464062
73036628
73343355
74021280
77342098
72776835
76383559
74197498
5074863182
4933985108
4862588543
5148459174
5006296180
78238319
74342440
74079151
73932485
72952509
78325952
74489314
73802861
73217331
73623247
5002627338
4933979354
4866761345
5076763482
82116476
5158802814
73511511
74639051
73752833
74270864
74788573
74249769
74243704
73904235
74058739
74335730
5165580568
5085440929
5014690239
4947487654
4874201120
73484413
74702121
74551410
78685425
73686336
74696882
74303548
76311067
74917024
72983957
5159072601
5089101124
4945316368
4876454113
5017285625
72879548
75296209
77015604
73827478
72385620
77959619
73254570
73995449
72510199
73440348
5168513457
75459901
4963082387
4890854436
5036689581
5111514830
73578259
73774596
74223657
73377158
75453226
73412906
76061968
72824383
73202817
73352305
4962465954
5174822085
5033100668
5107533078
4898953937
78464077
75381760
78065626
73571401
74226390
73913831
73664829
72592381
73588784
73123814
5038944520
4966726503
4898441925
5190596866
5118586727
73762947
76114812
73696361
74026545
75320829
74144310
74040285
74437328
73524068
73875160
5182652375
5033066332
5106263633
4891427786
4964080690
73542666
73068470
73988693
74584710
75253771
73242097
73583153
72806205
77100703
72784444
5021328870
5172026835
5096719610
4954781658
4888315994
73814063
73706404
73227874
73509738
73830131
73317154
73928010
73668242
83225009
76564670
5030683474
5175355077
4964684644
5108056893
4896488201
100558402
72171135
74709348
72347184
74896705
73082462
75847071
73974753
73537126
73077872
73461788
5183046062
4880102279
5117976811
5050396202
4984221541
75902045
72897894
73169898
76066956
73840574
73925760
74569582
77288433
73475441
73620248
73388268
5179801957
5039243446
4898160873
5109065979
4966765364
73913620
78680283
72961436
74398145
73502830
77684539
74047314
74420182
73465158
74741132
4900287811
5111531997
5188298089
4973909272
5048470563
73227637
74368992
72640164
74917613
73613553
73115254
73242333
75649282
74419564
74618620
5191717186
73479226
4991398699
5131807596
5064322974
4933831373
74386340
72542244
73660785
77556463
73545230
74011665
74289982
73451147
74759254
72917138
5222633833
5010537056
5152603562
4941796996
5092151162
77371411
73016888
78367518
73153400
72765266
73186670
72599784
73635027
73664456
73524773
5016492816
5165106777
4955970081
5237444936
5096588063
73892941
72744916
73484337
73525198
73378837
73720958
73077918
73358926
73162990
73091352
5240119386
5172876919
5035142062
5100130481
4966904550
73736889
77884273
73901247
74449731
73332433
73893170
73543679
73490277
77643892
74030962
5173996276
5248090466
5106984846
5066883339
4997950456
77357931
73193946
72701416
73956030
73284919
73614541
72615732
73272964
76147930
73815333
5220344063
5008977924
5152019659
77679479
5082759038
5298612018
74660652
78145152
72710382
73498249
72825031
73816383
73356634
77703963
73858240
75640693
5157853148
5301405668
5022259635
5232137345
5091548922
73375354
75409894
73485857
74108655
73489842
74423631
72270173
74128203
76672537
73964139
5167046144
5241179219
72489807
5098403471
5315138603
5034235430
76270988
73005021
73466346
72964440
73452181
74710489
76077706
73053066
73487714
5116268492
5048056983
5262167847
5194565833
75931880
5334437764
75346122
79383470
72616513
73306205
77877609
74776407
74258441
73575102
73526113
5049923679
77994138
5267985679
5195375802
5340682605
5128795161
73046078
73853994
73852456
74181509
73771671
77090823
73059733
73060008
74378090
72722915
5336827474
5100766280
5181674643
5030726000
5274548486
73336442
73658942
72969472
73284056
76189826
73251356
73083322
73267086
72977965
73417284
5317555208
5257849446
5122897986
5054074433
5191555369
73865478
72805561
78104968
73095858
73347713
76442137
73751526
73450003
73784194
73603989
5337326599
5202311667
5059300075
5131270864
5277398002
73612166
73048391
73027785
76551126
72907994
72486336
73782462
72898785
72991299
73114955
5343724508
5214552729
5145055287
73825002
5075054834
5284197868
73624094
74854683
73794122
73790058
72197565
75478934
73014564
73898050
72818401
73781072
5292959428
5150582888
5361836071
5221323979
5080084988
74017095
93870242
72370577
94817615
72655291
80203234
73026535
72682202
73269551
72789221
5294337632
5224249983
5369209800
5077987097
5156776238
77656037
74280323
73734439
75234972
72507986
73593948
75189005
72901282
73088981
73460621
5151405230
5368030806
5295387413
5081238393
5227476602
73847783
74473410
73662258
73155822
73039969
73836446
72718281
72969983
73072010
81476335
5297629834
5376318590
5232199396
72616533
5089171114
5166787215
75086518
72831332
73133071
72668572
73287140
73072114
72649083
77902681
73462877
72303905
5301881708
5381497543
5239636738
5098963320
5168229215
72921346
73204158
73427357
75168411
73080122
72462002
73994601
73064869
72508242
73976445
5316358651
5103241757
5387258817
5251800424
5179851401
73686805
78013627
74880829
72932387
73070222
72822777
78218590
72219015
76084607
72658195
5117791296
5396133554
5258559893
5329473878
5192998298
72817914
73516313
73222091
73093796
72651087
79824907
73330553
73793296
74194517
74457454
5397903270
5197069164
75884110
5338278544
5268728992
5131368681
73777758
73780643
72999906
72431787
73637213
73442156
73252805
73318446
76473349
73961737
5411227059
5342369015
5268568027
5129288073
5201630359
73288852
72581312
75802822
76595002
73544190
75207005
72196360
71695879
72351826
72750518
5416328749
5348526747
5210926203
5286136330
5138689878
73062761
74327818
76307686
73002892
72324603
73401171
76413833
72846729
72695479
71316832
5143071920
5431392166
5216973175
5362625792
5291282187
72785721
73328719
72665931
72227191
74478099
72222672
74673723
72704952
75522325
73469043
5224965568
5368647655
5438653250
5298500958
5159036522
73773905
76221850
75662712
72782420
73501130
71796207
73499629
72909489
73241018
71976991
5229894849
5439159571
5374416147
5167753073
5308886983
78597029
73030329
73034938
72516424
73839462
74254375
74127663
71871164
73792185
71556391
5176842419
5250798262
5390034549
5458299873
5322361971
75347664
72871572
77124813
73454553
77164195
96076230
75012201
82801088
77384337
78233066
5248624930
5321253587
5464481010
5185215143
74644187
5399155730
74358806
77969766
73445122
73846015
73478850
73925201
77408905
78622749
75938588
74443863
5311272276
5243540182
5477311877
5383318082
5173040188
74938482
74755970
73575552
72693762
73825537
74078944
73224198
73612495
77207037
72829123
5463222048
5245776659
5318212838
5388347330
5178222067
73249262
74109313
74016484
72974827
73812887
73157729
77530853
72357904
74553691
74427434
5301485641
5380205037
5168085692
5463320434
5240184740
72824467
73391919
73586148
72949258
73189172
76752157
73968000
77116848
73656834
76343006
5461405983
5317206868
5178725418
5390677768
5254659426
74189813
74217705
72096787
72907609
72418800
73316417
71778426
72934203
73902123
74377287
5250042767
5399315118
5471776089
5323416575
5185163911
73951805
76404461
73973736
73896385
78753775
74473444
88093115
89922003
74099774
81080961
5183182651
5474625565
5400068564
5328870254
5263292625
77547623
73882088
73334292
79798547
75059583
75580785
74623899
72655169
73487522
74686337
5470756860
5262483982
5336082644
5402603531
5194710137
72835050
74016860
74046953
71941847
73706002
73231868
73963423
74326412
73527478
73694507
5417215505
5206097217
5350923416
5281756387
75729505
5492161104
78622318
75045556
73390889
73935353
74153396
73612971
73106773
76341241
73578226
5419264433
5490965436
78331743
5354543088
5218558199
5286865574
88245151
77124628
91416329
72957403
77432736
77183687
73966359
73976911
73225171
75710038
5210898432
5502091875
5353384550
5283932970
5425666421
73240641
73797445
72661085
73858377
73634518
73777148
74113924
73092905
72167177
74081422
5286822342
5359509734
5503435574
5220654607
78512200
5426358753
73439958
74572647
74110368
73552392
73768395
72715771
73415384
73196187
78140081
73606156
5506966469
5294312997
5361963789
5436159758
5226177249
73841249
74027630
74679250
75090641
77069875
73841235
73761514
76019312
73599272
72238088
5444308320
5301214414
5515942724
5369871344
5235610874
76410130
80361957
72759465
74265391
72521677
73522467
73137555
78056199
73408488
74223615
5509617125
5229720545
5303775035
5374485702
5450344422
72347287
73631275
73499108
74371908
73217186
73726052
77919407
73961064
76620026
73887175
5445708070
5516481235
5407027893
5334776218
5265416292
75675225
74303011
72730126
74408111
73173951
73280655
72774635
76368400
73336436
72782212
5552930676
5486348914
5348246228
5282171055
5419141668
73384904
73990244
73452412
72593711
73440403
76951652
78067153
72921315
73976111
72142261
5496872585
5569532386
5424291811
5349514620
5281114762
78977902
72658166
72745023
73092457
78286854
75395053
73806628
73162742
90054313
73414961
5423714072
5349078165
5281552814
5568576499
5502048724
77346826
72926173
73658449
75154846
73990666
73771748
73208514
76321723
76522583
74286083
5505156332
5427089926
5576715900
77212705
5355964471
5287099307
79358561
75219152
102490235
84597680
74800510
74496960
73766031
73600538
73644188
5433029252
5508037339
5576788854
76863267
5295887341
5368190220
73181321
79561868
73165152
72526853
75800287
73974104
73916628
73334922
73705715
75847566
5598232657
5385992786
5468285385
5535925155
5323393777
73324247
78886998
74096732
73193327
75836988
73662722
75005181
72865810
73940959
5597579666
5456977262
5532610271
78827539
5316348415
5391302587
72581394
76222063
73138368
74437406
73136328
74465187
73162530
74092470
72609989
74214861
5530425494
5322223805
5462353810
5395341152
5608340261
74665291
73787826
74396802
77538712
72517062
75997157
73806176
74130335
74016312
73445202
72332991
5481218643
5554056613
5625056778
5320129535
5391040977
77124977
73046756
73504827
73133362
73815518
72682853
77934301
73041378
73677398
72805080
5603513630
5539635903
5466444507
5399815562
5336023558
76523763
74821047
73217669
75311564
73716385
72546641
74492593
77504770
75193506
73893620
5342666226
5623460098
5558708775
5422711397
5492713241
75709348
74369733
73360076
74261544
73435522
73855468
73842355
74191101
75256974
74821542
73301251
5511506376
5584539778
74463389
5377941188
5662199005
5452460889
77114308
77137270
76456526
74778592
75499970
74162092
75807321
73313941
73279502
5655232606
5365606905
5594760761
75071553
5446222568
5525495433
73299564
74456167
73767496
77943984
74199626
74529935
75168172
74197601
73273962
73367847
5666596719
5602614098
5461012390
5531569414
5396186696
73597844
74350764
73772241
73443070
73765220
74101063
73742104
73782996
75212740
77623703
5687395899
5403654570
5618379116
5553908722
5479525929
73363151
74855945
77391333
73714094
73705148
74247397
74310149
74074663
73489246
73610370
5697846087
5625744776
5486498061
5561676737
5423386723
74641830
77803555
73908041
73516313
73646647
74099978
74641399
73286665
77307922
74485613
76284509
5714138566
5570969093
5648712441
5502091307
5431127281
78254043
76684190
77587803
74455057
73140644
73700721
72943130
73639928
73617075
78104340
5655113167
5427943426
5728022835
5582651897
5512299686
73452384
75662408
72205514
74389294
72779507
74294455
72176471
73701244
77019005
73693170
72909667
5451408732
5660768116
5734550952
5591927974
5524858875
73627548
72565378
73971882
73568312
74046661
76254601
73815848
73061023
73301596
73447882
5676822408
5466429886
5536375831
5606063448
5755211025
78024830
74413153
73388364
73527984
73850920
73179587
78306917
73520603
74302539
73563457
5686419249
5476634750
5619698922
5548372614
5765787125
73767904
77630472
76412588
72922754
73247762
77469144
74111743
73622839
74267536
73193456
5559054383
78453555
5700817710
5487706307
5772016885
5631977558
75377133
72883121
73554055
73577351
74234316
73340974
74002477
74166407
74635961
74115965
5634092960
5569519684
5784326873
75509467
5503068116
5714812704
73296183
80365789
78013612
74000761
73730160
73631329
73096048
74625604
72639661
74877645
5799247122
5512897465
5584833264
5661806532
5732444173
74168234
77624752
73867531
74016612
72792028
73730503
73666366
77874829
72241045
73889876
5806362529
5742231533
5601408923
5677637785
5530528558
75188673
73263240
72840516
74465417
72904701
73060216
74648962
78679489
72268141
74205023
5617817777
5759985212
5547397861
5827347749
5694701876
80262627
74026923
74406920
73653392
73622400
73456991
73321826
73323639
72948502
77399597
73424987
5769745299
5563685568
5633807428
5842168208
5703591687
73458522
73361242
74449776
73991173
73761844
73770025
73340575
74289312
73780274
73355713
5713091401
74605389
5573800369
5861362067
5650592966
5794281478
75643966
72827711
74959760
74564041
73652983
76494883
78215057
74319054
72753907
88910027
5585514960
5869205927
5798126794
5727105721
5660064310
88942807
77248894
75699605
74207856
73102045
73849299
80017646
73906459
73260482
73183019
5805522669
5880078471
5737143965
5668822135
5600987409
72754496
77396150
77045466
72753753
73998878
74397389
74124149
73193422
73927324
74065921
74903417
5894987517
5755976334
5686402701
5831426848
5619560721
73621488
75799764
73443795
73161438
78648150
72644388
74380563
73224847
73551515
73569574
5630824878
5773778502
5843444418
5917021116
5709499486
75103662
73182173
73542969
77393071
74233755
73503571
74266346
73261403
74995879
73051027
5644047054
5933458451
5785169319
5715432673
5861651844
75028773
73922465
73839865
74316598
73592431
73535089
73028200
75203492
74505218
74319873
74606303
5866841348
5797462888
5943471673
5660826951
5733362186
74654533
75607662
73490997
73516146
73775604
74134835
74259038
73912659
73417422
5950651669
5875682217
5667151010
5737158469
5808835476
79607151
73155183
77864860
75766406
73710988
73917993
73926758
73676152
74633547
74116126
74084588
5967337645
5755884304
5686122740
5893497136
5829319313
75517712
73935329
73466698
73326575
73927948
75023503
73385140
73232586
73621643
73242498
73330643
5757402862
5694580330
5977236359
5908725738
5837712525
73055178
78561540
76436494
73453882
72968014
75325700
73829747
73258297
73138844
73590925
5993801536
5928476295
5858494980
5721113585
5790691566
72691480
73465693
72947212
73554485
72829570
73297247
74875600
77174818
72778428
77222399
5941877325
5807136941
5739842551
5876454698
6017620284
73084572
73656712
73833203
74369764
73500869
78451753
73880865
73808806
73512891
73864956
5881809885
5743267328
6031879065
5817310466
5967637925
78322990
73340128
73939312
76483660
73716075
73334660
78346606
74386382
76386911
73823562
74586823
5964235769
6033207371
5831035145
5760608354
5901123126
77580858
77910261
74457340
74029721
73121652
73988694
73836793
73974214
73641351
74365664
5752795624
6056575992
5979948131
5833446726
5910041782
74636439
73788277
78154478
74296789
73470422
74011430
74801689
73902438
73332762
73898377
5918463349
6054762792
5991133056
5781861282
5856702981
74340189
75584265
73253251
77651794
74208448
74014645
74237570
72870395
74831363
73134209
5946841810
6015456460
5878133126
6089547229
79359985
5810336368
73985457
76943601
73337022
73635687
72827500
74009804
73118716
73611913
72537463
73486071
5963965704
5850351364
6110902103
5926573435
77620355
6041625929
76292517
76726046
74224140
75697267
73465712
73540714
79388376
72707472
74140598
6144657689
5929729206
5857919365
6075416960
6002690341
81295428
73785439
76672895
73430308
73456960
76885042
74775121
73470723
72658554
73222044
76614343
6150156565
6082066722
6016030321
5878778562
5949995914
74015106
73645517
73391621
74869370
75825869
72989434
77937062
73301039
73144643
73412581
6101601206
5959018163
6176263359
6033021466
5895292286
91255286
72811317
79685856
73635051
73539970
73782925
73433768
76745075
77019965
73174721
6041660357
6187488990
6114077164
5973725653
5907378508
73774367
72506537
74352000
72850513
75897812
74685700
76141264
73104216
73660698
72783553
5981519071
6206066936
6062889107
5925254343
76887886
6135425139
74820267
73800322
75611682
75734400
73410329
74492340
77463517
74384859
77614318
6185932588
5982191064
77698362
6261659869
6055828732
6133283379
72819231
75003502
75665788
73305711
76771978
73191433
75700936
74163944
72716092
73875553
6064918094
6274985629
6211222622
72169492
6002606346
6148470061
73059751
75557746
73165979
72497621
72850058
73363980
73639581
73427450
73524627
6204878514
6280795875
75975572
6074032971
6004903459
6150023083
73623405
74741231
73760744
74128522
74426213
74174069
74183543
75286653
73560013
6213878800
76935191
6012700266
6087907893
6164710250
6307505467
73957618
76834755
72105869
74242655
73564069
73103936
75124219
73543479
72622940
75835192
6095794413
6310911659
6038238219
6183879740
6248543375
73007007
74589950
76270634
74545409
72944618
74355291
76636974
73925994
72799870
6320773015
73730967
6199534439
6132916114
6261389648
6072985911
75294058
74651742
75770490
74498358
73706231
75530803
78957657
76481807
73730825
74085594
6210436123
6287661421
6358969004
6086605722
6163576526
74820741
75555544
76279642
73555794
77122798
75707207
72857939
74817259
73798800
75419624
73960043
6230600986
6376887592
6310614244
6175152427
6105351717
73217773
74410115
74013957
72601601
74307458
71939082
74111690
74437617
75575400
73962767
6235810926
6383904344
6313587767
6104815299
6174548014
74631228
74021737
75074991
73987303
74207156
73719923
74891810
74654826
73886831
74105205
6250767101
6390427273
6327348002
6116141242
75074789
6207860408
73645677
77122328
73324303
76341105
76657123
75104869
75790558
77008254
73485098
6412063006
6274582169
6347708979
75075241
6137555424
6209869162
73758517
73164407
74113650
75374748
73639930
72802352
76552449
72545175
72962625
75528423
6436772648
6300081059
6367600004
6226927489
6160656072
78146642
74130110
76273659
73788089
73463216
76544452
73845815
74034472
72773463
74414918
6305157173
6454004168
6167889074
6382452754
74586920
6242358242
74736364
73597142
74190990
72740862
74293360
75416147
74581603
73048949
74358692
72632101
6462333028
6392171191
6249130399
6326824529
6180011683
74590958
75581148
74105523
72967033
72683364
71558040
73366917
72623014
72913029
72884417
6245499908
6391719350
6181004232
6322521895
6463997369
76896631
72681847
72921814
72728601
73295110
72145765
73917480
72365385
73633164
71775153
6388817652
6323752710
6182525991
6256339554
6468442882
73623359
71480008
74915007
72396133
74315701
76575001
73716376
73693214
75339378
77571685
6174630032
6250340472
6470249415
6326341361
6404283377
73666830
73518329
76711970
73181797
77576425
74252687
73883359
73652172
79564704
73606059
6314711819
6462424419
6173468664
6392106835
6248790642
74409835
73468885
90422911
73070642
78298910
73423364
74408037
77009362
74044276
74088987
6309290903
6174445064
6388500694
6458609855
6255559453
73739931
72717741
73740140
72716823
73836121
74265062
74012068
77647001
87865767
86018513
6467062485
6405882056
6265500885
6193453448
6338776499
97837612
87338285
92162368
74981226
89918780
73684271
78110599
73752390
77856205
73147020
73669685
6403323319
6474954694
6271942764
6342451959
6197986474
76826127
74365573
73353846
74301237
73526673
73858366
74096283
74716504
73645705
75256292
6413340452
75588946
6274105416
6495097201
6351661266
6204756961
73934386
75610603
74018298
77952666
76015653
73176875
74000846
73673325
74441194
72820394
6420944906
6234035786
6499672124
6360521812
73480201
6314927345
74079766
79814994
74877753
73735204
73165252
73359959
74047237
73812455
73237632
6457394103
74816710
6243862611
6532240965
6397373611
6320330988
73797161
74721756
73630974
73783352
74009361
78238343
73553187
74380005
73964119
74582429
6530279345
6403913153
6336225359
6476381366
6270980514
77242734
74670598
72681931
73816055
72908886
73480315
73310674
73933653
73072463
74416877
6475269280
6409681274
6552328596
6343951145
6271679752
73047445
73631144
75136280
74967729
73581203
74880771
75474172
74388834
74023588
149586977
6515219220
6585277394
6447574546
6378911139
77523677
6313552701
128639095
76668095
110251849
88613722
74612077
74027118
73787317
77501692
74571411
73296635
74562214
6599381143
6528140585
6387326671
6319064930
6460653948
73202165
74742397
72433177
74697370
73209486
74291131
73058965
77472363
73897571
74700989
6320172977
6392030350
6463920590
6535467167
6614924066
73956730
74109419
72304174
73795382
73027078
74259106
73345857
75162276
72657895
73774466
6615480040
6404853837
6549629795
6334661246
6482528462
78446066
76115814
73670399
74501829
81899121
74525420
73614072
74336517
73849030
73515277
6628477643
6489393865
6419840450
6560581427
6351570764
76298879
74905393
73168064
73584465
72862478
77063797
73463336
75110819
74418059
73238524
74550844
6422583117
6501406324
6569878738
6359433462
6643785786
75012515
76819357
74421883
76942085
73764629
75382456
73675265
77250757
74648427
74185143
6568785377
6503039933
6651312463
6447238459
78373184
6381269290
81841369
73476004
74081138
75188845
74186436
73017846
78790198
73569812
77446730
6655928295
73627762
6457342474
6595728674
6527652279
6392001919
77974341
78298200
74903266
72151606
74211200
73162944
73544989
76116059
73224633
72597026
6675439772
6539258636
6465415409
6615099035
6406750748
73590013
72301314
73817430
72292515
74410844
74355482
73545456
73291378
73295795
74749954
6690535766
6555462114
6486505770
6622523085
6417883842
76031014
74235933
73055824
73668165
73417742
74378416
74371428
73193206
74895751
78847675
71262971
6634813916
6705953788
6566547193
6497578000
6431322843
75812520
73578994
74527798
76653095
73983802
71245062
78021487
76017106
74290910
72219045
6572561457
6673733463
6357288352
6499607591
6432186253
78350076
75661052
74884296
75651122
73274075
73349047
77907645
72022025
74827969
72844575
6648683830
6440965953
6586222269
6371078309
6518237043
74220108
73063126
6664109063
6454294147
6595403849
6386592530
6528706341
6598785134
6461146678
6683215003
6536513181
6399182885
6413102237
6694452591
6624558034
6484184771
6556890723
6417152457
6557836455
6707575759
6635815010
6497987977
6713728479
6508204540
6648890286
6581580998
6443874710
6659118266
6731004017
6523389559
6591814079
6448546677
6734766307
6668339348
6522814314
6457297269
6603357072
6533379862
6606769390
6682898509
6468739097
6753606212
6621769038
6696549695
6478335205
6551098669
6768052955
6694893265
6766746266
6628953592
6557690691
6488296497
6770847071
6706074034
6637685694
6567588156
6497410522
6630680751
6489756914
6711134571
6568829158
6785624027
6717972973
6575274691
6648557715
6793392377
6507652919
6794396509
6726698188
6656865431
6517768620
6583143753
6676994914
6746275862
6611526249
6540824246
6821397971
6696879342
6625358738
6768102672
6836408087
6561440599
6700670026
6776872127
6634660370
6852363332
6553370412
6741694930
6786976863
6674648051
6603382309
