72376566
74447990
75378285
73438961
73611896
168662149
78211152
74382392
73630173
221107912
76300106
74037525
74509810
238612403
76949788
73058126
256050768
73730256
72899163
74318406
264981890
72842207
73582541
287016049
76939275
74579033
73625574
73208953
323512014
73517714
76258407
352071346
78469382
74371154
342641029
73542087
315204978
75055369
73754958
73915089
347280556
72907289
74062162
72871890
379874262
77833111
361503668
73613330
73677327
343450502
72755156
73082259
372165946
73468093
74322255
73823124
73015116
400136215
73238346
74401758
394433018
75542946
372961526
73362705
72718482
73736707
398409524
77104917
73944977
75163012
73802123
467976548
75301313
73589720
467383046
76962007
455485796
74376070
72996306
444854641
73374014
430463636
73942220
73567322
73085087
74353663
483217311
74005044
77132005
491484381
71760086
73277929
475209083
439552166
72749191
73003180
447851122
72848658
73623165
72266003
73366929
507431883
72562400
74530315
508742899
73988126
73036360
493620132
73802856
455367839
73017682
73420810
461968488
73940913
73899141
75023202
514679093
78129985
73429482
72939052
523536316
74525730
499247882
73552377
78453478
467077866
73412141
74516405
476312349
75294440
77774023
74160843
529179000
73419324
74220439
532819607
74200612
507279456
73472569
74252171
483873714
73791496
73603289
492964765
73737861
73899371
72960139
540431754
74138982
74773678
74795682
542257968
509312213
73905266
75649227
499685573
74886650
75069823
502956667
78249019
73728555
72947972
73707080
555367906
73489631
74081539
554857936
510891294
75066819
73512788
513962825
74155667
74057684
73124626
526678331
73343018
74904801
73255664
569681411
73456648
74663239
566818659
506962125
76265212
72725146
74618981
525782113
73780981
76689249
539213022
74101856
74713627
73810079
73611666
591255951
72943857
514090256
582174823
73660312
77074538
77766591
546266325
72772213
72727550
75486478
561072793
74081833
73095349
82117019
606975107
74459265
73221772
522946843
600704679
76012733
74274656
77204170
561354403
73578304
73434171
572075352
73852544
73904773
74191826
608442307
73618224
73400923
607144576
538821005
75694565
76781189
73884999
578370550
73229623
73913250
583971101
74140762
73267865
74022533
76917211
628350813
77034713
543910464
610931713
74413883
73180191
74942346
587801464
73644847
74277726
592148677
73152910
73338737
73554305
72674880
638122210
73679811
77591311
616706068
547445862
76633767
72747509
73934188
591422370
73548900
76448162
598561034
72300096
75284584
73090668
650542412
73923002
72667488
635215966
563796333
72914863
74323994
74675919
73832246
611937730
68901268
72833152
612765256
73610895
72873025
77415218
671275187
75337867
648431708
577422779
74080297
74134944
75447354
73314637
624630206
73365590
73879340
634023841
72632721
77961103
79390407
73072778
684213609
74043692
664146628
599481550
74821779
73783830
73294921
649547318
73344140
73416163
73194383
658643637
76285609
73448185
73425032
706050718
75549279
73897290
672246371
609266709
73447649
74359081
73601781
73863449
676911883
78014150
74257026
680801261
72358557
72645224
73467334
736357277
74834358
686500312
624497409
73940289
73951334
74106267
74108549
702417420
73180250
75806279
709812994
75210044
75303929
74182690
73702731
760208081
701336227
640729881
72709667
73053304
72700646
72950305
73543653
739268623
72920161
73242578
745052559
72735953
73324709
73217519
799259203
730808034
76313472
668541412
72599440
76510249
75260317
75653746
73966777
754271219
74145477
73036961
765270887
73680248
72851892
74086381
801030080
738139275
72842720
683300421
73339438
76498996
73037793
72959214
768567385
73206126
72423349
781167332
72922260
72725211
73584745
72343355
835026562
768254861
712994915
73998974
73064275
74017581
72219360
75103711
796160436
72885215
73728883
73197155
821888561
73942086
73049282
82753895
865880421
798069607
732518780
75539242
73434824
73100889
73731806
73200016
830173864
77289261
74596615
842989473
73535239
77204314
76130426
822204456
891838877
753409264
75969653
74423413
74676147
73432769
72724816
859533633
74393456
72285665
865604741
73747668
72811881
73670094
72664589
913245134
847725733
774316448
72199546
72657494
75908793
98756580
876107796
84406325
76786982
878850142
77572947
72753371
76013392
77803645
850653823
918210587
778861011
83631992
74351918
73179011
72962617
74060159
881519025
72824201
77318094
879650602
74480597
75710847
73343172
923918793
854037948
785880470
73782509
72793818
73120938
72668191
73188213
73073719
898650857
73015704
72843308
903344012
74882648
72867423
934315395
75115687
799309114
867936388
74049507
73452825
77178659
73036395
78617784
905431315
72360044
72460585
902546746
72561255
73655085
73320675
873597066
944294622
807151541
72878835
72556560
72995567
80433010
72721380
915104521
72248781
72706487
918627099
71995242
72793095
73582670
71853528
816882169
890444550
956422740
72229733
71971034
73891384
73073457
72355796
940626111
72461169
73453825
948928353
73476025
73270283
78424661
905907355
976488327
841087125
72586819
77401901
72365278
72931584
72976154
952882855
74834268
73106754
956861427
73214403
72639609
74515469
989364871
923306674
856763230
80066920
73303147
80861999
73966264
73163501
973258583
74309946
74981994
74029963
987906096
74325479
74696946
1002689432
931191141
875927937
74722686
74480161
73155833
73038658
74015333
73795929
984133890
72961591
72848779
996199884
73371381
73435213
73366861
933955517
1002762072
865379260
77119441
75214147
73483059
76229658
73393377
992367986
73287548
73820960
76010898
1012621318
72676950
77113230
1014486312
944299573
873818641
72752872
72628051
73615508
72372803
73651393
996600719
73057850
73487534
73352163
73430210
1033635847
72442820
73815531
1031032689
899192120
967189865
72929130
76850235
72685934
73699997
73356423
1025192037
73593333
72636531
77364942
1047185642
73208075
73991690
976277903
909641062
1048162213
73276792
72650273
73617369
73761453
75120010
74469527
1037036653
76934037
73368315
1054108548
74886525
74088571
1053989884
916015204
982755862
73512173
74132885
72575239
73435127
73550212
72941515
1050834327
72927161
73248183
1071881589
73997872
72842032
1066297415
1006366524
940626600
77407632
73574664
73401789
73405013
76686335
78152912
1068453275
74985874
73114855
73051280
1086585293
73360154
73763796
958714288
1096484070
1025984999
73332454
72611399
73464854
76706643
72992566
74170418
1082772556
75252866
74438838
73371887
1102808931
72925075
960136124
1099879991
75313489
1034349574
72636358
72570915
74030200
72951993
72170158
1084509121
73635158
74058521
72717178
1121159356
76747632
76839630
974583340
1110228466
1047442674
72579753
73813426
74739521
77677314
76803735
73150822
1106990858
72514822
73476732
1131332824
73887466
73386897
1050218703
985077501
1127479266
73582505
73825862
78032465
74356622
73219573
72957392
1119128640
73401198
75086985
73806275
1139686133
73382123
72796281
1003785847
1139848990
1073507535
72617928
72625338
73014944
73585697
73240921
73335655
1149267832
75324866
73086679
75106755
1173816229
73348400
77195603
1166453904
1096565860
1028296804
73405016
75219962
73662007
73417575
74034134
73149283
1154822771
73183999
72793631
1173471036
77467913
74457714
1026734999
1096397880
1163706011
111943887
74432574
144258377
74105141
121545856
74149499
98770957
1176470613
82537670
74704825
1198301151
74416890
73027043
1122334169
1055779941
1193910974
73371868
73880007
75844941
74818375
72182042
73861156
1195818169
74119292
77624752
73315928
1228170247
73477640
1209731386
1076836582
1148964035
71887683
72827632
73151200
73361314
72700836
75934165
1220108913
77573355
72902655
72233255
1244134117
73060943
1230071947
1163112043
1073008176
77062754
74245809
74506104
73524443
75496351
73369333
72708567
1222671533
72645499
72338326
73155450
1239034325
74097497
1156414392
1228103162
1083887915
75626254
76460237
74623432
73717963
73143070
73486166
1229974080
76623301
73414519
73704472
1258675692
73711394
1229390093
74664631
1171923584
1106175014
74345947
74571199
74657218
76557940
78400595
74199614
1247151362
75522938
73029598
1278010032
74948894
74881898
1098929306
1247371118
1184023101
72498901
77005564
72652665
72741135
72674924
73181902
1275565957
73228330
73184030
73235925
1303721355
74334867
1192205841
1264613031
1132921596
73024943
74011569
73717272
78090323
73003860
72911497
1297014057
72407330
73870674
73638653
1323394648
73644833
1258874138
1203145579
1137345957
73054891
73753468
76709691
76266585
73955232
73406225
73370071
1303057704
74071809
72873853
72843736
1332230855
1278783027
1141098394
1212706859
73586149
72660847
72839007
73340182
73623731
73118219
73515619
73522303
1326331456
72947194
73143549
1347236418
1215948814
1286140615
77430514
1156209672
79158948
73034561
72414384
73074629
76394478
73180749
73273554
1318794360
73757525
73211890
1348108528
1281782902
1204577112
77885113
1148113432
73172948
74715745
73193782
73432961
73340017
73746246
73737573
1327519640
76168619
73192766
77594717
1363904104
1296664379
1228131849
1163060696
74101509
73410538
74154928
76689324
74249651
74356058
72814553
1349574653
74542750
76869476
74187826
1377335976
1310830643
1245217099
1180298529
72310579
76804643
74542014
76044669
73542114
73784739
74298277
1372397583
76393137
72072028
73326637
1396533318
1331016973
1261527571
1194414907
76008995
72770940
74171051
73523094
71636147
72542645
73876745
73012508
1382759361
72599644
72767292
74068284
1323741669
1397554743
1258357341
1195734238
76780992
72676438
73838452
77627697
72897338
73390835
73387806
1384022167
73736399
73330591
73305241
1399017628
1330342928
1260266147
1199368243
73028116
73332603
73154978
73129410
72386144
74769028
73221598
72712897
1391281858
74784584
73581624
1399599092
1197019459
1267461936
1336497611
73269603
72481729
76193808
72496208
72968230
72422866
73174402
72184570
1408978890
85679486
73367465
1346399895
1214462596
1418524372
1282661613
88883319
73333151
77141322
73327231
72668015
75470492
74546154
73524820
73641222
1434691952
74385106
73742876
1432876866
1224857280
1297451137
1375389579
104958108
81815275
130709250
107666041
76689445
89150505
73064729
79116151
1438677010
73138411
73174995
1371623821
1307977312
1442907442
1235871739
74780069
74599460
73228978
73807782
73075791
72936851
72474780
73708668
1452845132
72517621
73510656
1445700905
1377972478
1237595600
1308272242
72464948
82632536
92222939
73382459
79371849
72462281
73037255
72787832
74036487
1443252854
72351374
1221245575
74599430
1434951602
1296524604
1366923098
76133602
75794958
72268180
73231834
73499159
73957117
72753576
73626425
1459070609
72727415
73385005
1234466445
1443183726
1372678911
1303734670
72289430
73661362
73169368
74280405
73789341
73909202
73157828
73619191
73443481
1469284254
77490743
1443363084
1377455903
1243880127
1312016234
73962899
73035019
73187627
72470436
73140026
73027808
73356382
73299040
76548273
1475290742
72662900
72839172
1462766249
1420555585
1275361065
1347060831
74364887
75458683
73802998
73100801
73448555
72713155
73242719
72493366
73308361
1504258271
73897237
1298288010
77965616
1502984887
1435327828
1368071661
73939985
73495449
73110868
74139358
73868479
73718181
73742695
77321847
1538230039
72593634
76197793
1384632036
1452514034
1524635233
1322164615
72829423
73435359
72933481
75820591
72862215
76787442
76178996
73230253
1547494368
72279625
74333518
1466036176
1327598512
1542024365
1399732140
75853255
73305834
73020615
72880786
72327330
73104167
73268712
72633064
73491399
1572249889
73274509
1468603916
1335874432
1421187170
1557352382
75864209
75957471
72619785
74088243
73290796
77419774
73787992
73325025
72691630
72738009
1601610963
1568809721
1493867924
79178582
1357879117
1430174679
72932106
75300058
73154875
76648858
74017516
73943120
72988307
72781643
73770047
1606975387
1553676572
73044181
1421847053
1498412816
1364920509
72880447
73325478
73410665
72957076
73720930
72992096
72940041
73128857
73260857
72963354
1631102157
1425572475
1570191467
73654550
1504268589
1374381772
72442515
83618855
72733976
76173981
72633577
73096340
106379089
74724751
136789626
1519293829
1656416288
1447936452
1595977506
1384616343
120701155
74259389
112754768
73155945
89574729
73431073
72278253
76645324
72533520
73662263
72551603
1600395374
1671754929
1395732340
1534902449
1467151170
73832582
72329789
72871452
72740366
73739212
73756595
74330504
73815527
75499186
72853230
1478920391
81091748
1692334699
1620861939
1415699386
1555684843
72352604
73767004
73415339
73464795
73474398
73189380
73839569
73986642
72807169
73127348
80672499
1639340857
1707308444
1576456574
1440163177
1508253949
73137197
73315677
73136377
73676270
73548380
75459197
74002931
73729177
73963950
73117751
1735675288
1533134279
1673560504
1605789422
1466638887
73738593
73481104
74149328
73486611
73425321
72621035
75437338
73405940
78542183
72941858
75742721
1616788973
1692051132
1488413288
1765320462
1555581645
73403742
75303317
74452858
72640932
73370146
72869180
77410962
73420740
73527159
73257269
1777261716
1711426872
1503925924
1575974683
1645578605
75599065
73448425
73537675
72946017
73020370
73236174
69976073
74067174
74144007
73139547
74318604
1736278781
1602192943
1804963833
1542050738
1676827950
73008871
74333145
73286322
75066873
78394712
76409530
75524792
73131489
73475036
73285892
1757999568
1552721810
1690128623
1830004533
1623621381
72748706
72816065
76749806
77866562
75229096
73635063
73402058
72208758
76431261
76292809
1695810869
1766945628
1628521289
1840536222
1557385094
72646647
73120370
76214864
72873791
73266896
73042647
72232628
72989267
74081032
76267088
1840570605
74563586
1637327923
1571649073
1708472537
1779447087
74677111
77405662
74334366
72800731
73231690
72897672
74391355
72996085
74621238
73182735
1848545543
1642236490
1568845232
1784921570
1712948462
74631958
73373438
76068039
73818433
73446852
81736103
73906102
86815770
72480636
77464332
1721595093
1862678172
1793783994
1585178976
1657548668
75187290
74141432
73557147
72386313
73186642
73726096
74594039
73820276
74096314
77697092
1868925088
1732340053
1599823278
1810076214
74989150
1669735316
73786340
76001485
73971461
74075281
74803180
75294336
73823046
73603386
74161224
1742507312
1892021268
1821939396
1681933032
1616839624
80850890
73892075
75310382
72993045
73945504
72905905
72784412
73168093
73515888
74032270
74702479
1932549098
1647141610
1789551293
1864266623
1719582573
74560607
73549310
75561393
77211951
73445039
73482460
73373097
74272292
76918359
74757059
73078279
1803764066
1945131062
1738073316
1876260041
1663431843
76716421
76672691
74415732
73441038
73706047
73016907
77186358
74337936
73319418
73475496
1947677898
1874471176
1738806090
1669335285
1808034441
76700768
72824989
77316076
72809098
73919236
73762672
73734530
73396047
73201591
73104271
74217260
1963516538
1752688880
1825292125
1895535191
1686668279
74437139
73371923
70419631
73594326
78759166
73466778
74014300
73507096
77244295
75219825
1966558153
1697247559
75840926
1766250735
1903610598
1837877644
89197418
75451237
83820565
73085243
75729414
73888296
72920343
75285124
74203666
73139383
1992381930
1925627925
73888476
1706292762
1855914056
1781879874
72708662
75034235
73939764
72499093
72882637
73831361
73469887
73353357
74371863
1785962749
1999805561
1722135034
1934040369
1863851983
73134368
73124718
72621049
73425966
72794462
72672538
76356295
76986521
73777294
72919918
73392805
1948732393
1747754854
1816490892
1883598397
2024114065
72609710
86263728
72919826
89303974
73080278
77680490
73144338
72637621
72628117
73053252
73174255
2045996694
1774669863
1845347412
1981299966
1915057837
72476577
76578485
72816884
73202587
74081398
73846687
72813265
75632335
73615418
78071942
1994653343
1930172083
2071513971
1791656536
1860583522
73433320
72885292
73063012
72783567
73185363
73518292
72892736
73013429
77569677
73512940
74229340
1807139588
2083969704
2016575494
1879001662
1949055736
75571434
72960869
73903777
73850650
76194732
74339189
73091548
72673838
76936527
74836007
1992667489
2040671377
1853877528
1926816902
2115731343
72796602
73689906
73515046
73682178
74018401
74828910
77769122
73951301
73821900
73272518
2146411807
1871129932
74750029
2012284204
2083180612
1942124441
73101654
74736516
72618477
74579118
76697931
73799469
77172378
75436144
73033100
73658367
2144275506
2007447606
1866070898
2076707746
1941412260
73105659
73254395
73552382
72967146
73161825
72977768
73316295
72688969
74002648
73108444
74556801
2164675826
1885860271
2095547578
2024962658
1958544755
72685095
72613709
76207005
73645015
72392990
73465539
72544928
73494007
74223137
74345943
2181430129
2045377662
1911516716
2113593184
1979203800
76423888
73495449
76907668
78329383
73673069
77399220
73828140
74349095
73007705
73714252
72370446
2121465442
2194897724
1981657756
1913747329
2059731738
73276453
73566082
73451790
72744497
73064375
74494433
74024225
72995176
73285214
74027800
73128135
2198452025
2064656612
2133874529
1931318926
1999538887
77840175
73650455
72862833
74215598
73684807
73582889
73634445
73267595
72848410
73108096
2142012224
2220439130
2014480982
2082751590
1947053899
76524334
74334343
72916754
74686451
73893666
75917598
73357468
74706610
73016311
73020663
2226784947
74185931
1962016688
2167399083
2101618972
2034236543
72885341
73277609
73177521
73525690
73772547
77225700
73290302
77210279
77399348
74136304
2256538538
2186579228
2052615825
2121004502
1987124817
72336397
73428379
75515640
74210008
74781066
73966561
73523469
73233223
72941393
73022799
2279262808
2217648987
2082490336
2149528919
2013514799
80775856
73891358
73003026
73365009
72938435
72760472
72522212
73720542
72786876
74634051
73483962
2300990929
2169014934
2236749429
2100569670
2033234540
73528861
77328040
77467582
72404237
77413288
72440298
73110520
73818326
72698263
73534982
2050761349
2189207305
2258215410
2330638944
2121448069
77406685
73991156
72739326
76313709
73275541
73540862
73503108
74530285
73765066
73130676
2206893527
2070552769
2346660641
2142367318
2283505004
72481172
73506802
72931769
76745498
75611331
73337928
72663176
75241026
75800542
73508301
2224312261
2157339972
2298711826
2090136935
2371582744
73398007
74382748
78086270
73805690
72829316
76241073
73358745
74168516
73146187
73273278
2227517803
2305728048
2381434248
76113141
2160745513
2092135032
74655395
75149783
74721614
75232914
80459821
73670482
72822140
72420665
73229143
74233697
2372403519
2303141466
2089807632
2233547826
2164470142
73627161
73421009
73349288
72700123
73967799
72985444
72953706
72954547
74720502
75119905
2383085989
2239776719
79212173
2173071123
2318441936
2103019241
77415474
75648419
74114817
73219064
73607118
75935884
72821939
73242891
72791930
77125425
2391077891
2179717713
2324611702
2100666732
2256004551
73696912
72687517
73747370
73038983
75010433
73244246
72849461
73109956
72922241
73562102
2112098832
2328777136
2397638736
2186147764
2264497142
72913754
73823241
75088805
74476985
73167461
72936020
73660084
73459800
77632660
73199698
2407979544
2340275364
2201392657
2272451549
72762291
2141055549
75178796
73065175
111897658
75771397
139880816
72722203
121171095
100863917
72706552
81702226
2143240866
2291988751
2359539993
2222793833
2430555574
73687925
73063200
73369549
73411380
73754824
73822766
72625289
73852332
73783991
74018349
72291489
2443391953
2375825339
2308193946
2168045327
2243365709
73694223
73668306
73595289
73376436
73717288
78024795
74091712
73377166
73601767
75936686
2459985737
2329294408
2263309299
2402797374
2197678548
78933444
72999457
76528840
73514408
77575917
72580392
73229445
73963857
73835948
73012647
73506755
2488393293
2204332640
2417773851
2347097728
2274228395
72903412
73364610
72812145
75791237
73028338
72581446
72032836
74195895
73075327
73330303
74264080
2359782985
2288952236
2434009668
2506817273
2223326880
74168389
82852379
73725120
73352440
75070283
72706291
73112545
73236617
74528036
72836275
2506470208
2370108571
79737172
2445605668
2306614736
2236319691
73940383
77020813
73386072
76176059
74129128
74060444
73301544
73090249
72952801
74252266
2430465339
2501170980
2292922271
2364959616
2226965046
72630311
73985784
72547610
75262267
75456081
73291924
72532369
72043505
73899011
73265029
2385057383
75229439
2252422908
2523442840
2459327994
2319799572
72361545
74911272
72749872
72883144
72877759
72892411
72314344
74455881
79388565
76367341
2538848410
2330293821
2259632549
2403526970
2480433644
72802373
80193559
79656530
75134085
72725923
73459021
72658007
73280000
72421264
73697921
74046690
2354179755
2560461363
2426518668
2494537733
2290894440
73090675
74615111
74392240
74041797
73429208
73787283
77412092
76192934
73092343
73292246
2439442724
2580262196
2514826292
2314466552
2382596714
73225062
73568726
74048429
73397227
73240491
77926319
72850777
74010812
73197998
74055434
2603031414
2327233473
75682382
2538342926
2470317091
2404387620
74032357
75974433
73836941
75642764
75330407
73032456
73315578
73345785
76631190
77343050
2556645994
2490966116
2630902731
2355465654
2426149845
73801834
73959547
74766079
78446338
73177442
73017741
74019849
74202998
73872935
73980731
73969790
2648802734
2578965700
2375511222
2517384347
2445186149
76040644
74251899
74475471
73893196
72935873
73806271
74061807
74255106
72780011
74007059
2653370913
2522335208
2597161758
2458640724
2395204414
73055910
77080399
72670881
74061415
74593196
73751685
71925092
74383845
73851875
73178437
2535954693
2685215755
2618453640
77431666
2401121222
2472485770
74521330
73623237
73735063
74646207
73903904
73000494
73757179
74329396
73888428
73286117
2694991323
2490715507
2561933670
2635043407
79179100
2429086372
73802056
74580465
72869227
73676303
73904577
73048259
73103423
73430483
73753386
73428215
2501190981
2441039886
2581800515
2730087172
2656861124
75478161
73796850
76191830
73768823
74768411
86171368
92652558
73302344
77216020
73758997
2734551116
2665746632
2606035995
73745388
2469383849
2541694369
74583939
72905816
72893855
73437767
73843956
78849081
72790279
72807555
75761117
2542369674
76483290
2692085526
2759945596
2622458974
2484206457
75566618
76851759
73138215
73803151
76155388
73687848
73786689
73650361
72159273
75078246
2771598031
2705943402
2637997948
2565968534
2500071314
77467478
77026783
74583815
73330520
72849113
73394237
79481453
75553128
74430260
73904867
73264765
2727152732
2796250246
2585284590
2659607665
2511580323
72795122
72766270
76672390
72704434
77526076
73873893
73631699
73214469
75243842
77015283
2531534543
2808305891
2673787206
2741426231
2606735415
72926001
73703834
73050940
73662035
73151597
74934424
74753412
73223293
73272052
73944409
2836384837
2631492973
2565479594
77140493
2773041079
2703047944
73802385
78449919
77769940
72607468
74064982
73793708
72554555
73120327
76375954
73535395
2723063964
2589647539
2862555742
2656508880
2791086198
73375865
77090876
73116728
73400561
72954327
72745452
73329943
73422852
72476965
73530896
72725808
2884672067
2742946900
2814322956
2672475300
2603682185
74510261
73141231
73908856
73081847
74705651
73501729
73302881
73364694
73653784
76985290
2751992493
2822130840
2610177481
2892641789
2685065969
78934994
72767772
73972654
73275632
72527736
72912091
74836946
73190628
77143804
75291487
73039134
2691591167
2762752490
2904946789
2626076555
2836734377
73628044
72343393
73097429
73604028
74916122
73275859
72892130
72993001
72979528
72730742
72553278
2917434934
2851941061
2709535941
2781165185
2643315491
74718649
74971960
73218996
73411279
74069593
73669770
73470041
77880897
72764510
76732933
2859906437
2788434881
2651870346
2932951552
2724600703
75750814
73513178
73076824
72686220
72647443
73098017
77325869
73460703
73518862
74063460
2946642246
2660913241
2734806331
2804188836
2876124619
76054050
73648534
75626012
72805124
75301752
73136256
73580492
75065881
74233768
75980634
73590766
2954865197
2681379566
2753407165
2823920607
2893193279
95050113
72975365
82005740
73596143
77468594
73253037
72848280
73972749
73055930
73949802
2690398443
2974409708
2838840167
2911109360
2768084668
78863720
74211940
73618937
77385241
73407253
74880216
72906877
73982428
73068906
73684429
73861226
2986008858
2914780881
2714292954
2851700629
2784173265
74602480
75989993
74026948
73003973
76372742
74942454
73404004
77443782
72849169
2790252904
2864614522
74967807
3005640478
2726071729
2935323345
75821777
81800548
73841458
78618526
73389013
75564307
74136297
75910225
73940892
73993351
3040257131
2826506767
2898910505
2759125586
2974598748
77124005
73329304
75207430
73525218
73446770
79292282
73988281
80486482
72886187
72873579
71951980
2924193612
2789638695
3066561226
2999499652
2862568458
72922649
73134330
76914382
73997437
74085090
74998930
72865515
73920158
80208554
73756071
74304911
2875535872
2947986490
2808645678
3020293238
3087877231
73796480
73202987
80404095
73033436
79477452
75187728
78695726
73048752
76212638
69539171
3100807644
2966969816
2823642965
2896194150
3042043772
74288531
74064072
73677678
72799283
75082341
74151840
75515777
72935322
73948949
73581183
3042518323
3111414638
2977056844
2909452749
2840129263
74232978
73361507
73924413
73458535
74226700
77904498
73969190
73398256
73621677
73420248
2912803498
3057870558
3135075705
2842781860
2988633425
75688097
75899942
74708775
73872569
77668967
73603411
73979936
73955488
74225318
73721494
2994488400
3133829273
3066610894
74180053
2862806108
2935029916
73812986
73461002
73898657
73601736
87782371
90867625
74424849
77341068
74703678
73990059
3081171378
3153074039
2871662026
3013616884
2945771556
73250989
75269055
73816855
78196236
73439688
73776755
73773994
73578209
73931094
72807120
73319085
3094121296
2954840270
3169474859
3028065045
2886266569
75788412
77764068
75286783
72783018
73350323
74247702
73280610
73316113
73099304
74216919
3193688112
2912700359
2985406144
76205475
3056295116
3128271074
72953542
79098026
73078854
74773490
75222250
75268661
73990908
74969588
73671574
78215378
3133725021
3065096128
2997700685
3202480153
2930081048
74242095
73261202
74232277
73098354
74077524
73865822
74038793
74966301
73697249
74247991
2925381953
3144260790
75589165
3006873465
3079375066
3222110596
73597586
74154356
74847680
75082332
73764767
73951494
74121113
76510721
74210004
73132701
3140328247
2934278779
3215931535
3077896526
3011797245
73435161
73587679
74299929
74515070
73829502
73952847
76451495
73596086
77445907
73530822
3013404055
3227968101
3092660327
3161646121
2952878655
72425214
74125565
73423268
74726914
74223602
73512044
73061440
77695711
73789329
73525345
3227191089
3019237341
3156733635
74813167
3090064081
2950768126
74141300
75212806
73519302
73765834
76728944
72866821
73897364
73970649
74110568
73749107
3101574015
3172286351
3028496670
3243914546
2960914289
77881541
73632741
73885852
74880035
73314553
78295157
74345857
75906941
74060666
73422390
2967229293
3180483466
3253067251
3114258983
75336859
3048125560
73679840
74506149
77078834
78126031
73428237
73969255
73296496
73678978
73563548
74275122
3127335101
3197407190
3267764075
3068185235
3010318941
75946610
75955716
73235071
73770573
73756100
73005557
74052923
73161205
73018675
72503416
3229035215
3094749902
3301655411
3167453069
3033522252
75428744
72859751
78416640
78048419
72152101
73795240
72684996
72936878
76995642
73100477
72717659
3257157700
3118528221
3331235474
3186203486
3047968365
76994408
76471425
74066364
72810973
73298708
73651557
73348033
73066454
73416750
73053657
73367672
3270487485
3130457119
3342537092
3205757967
3069101410
72539286
73825663
72700600
73512814
73713611
74015305
73303913
73987901
73648728
88462801
3286847838
3217002371
3149492491
3360207059
3087313884
76966619
76004734
72892827
73895194
73118994
74279772
73619144
73615111
77181192
73348809
3374344659
3307145800
3238894660
3172858290
3108929823
77409750
73969795
72791099
73312183
73187680
72539292
73502868
73776989
73022132
73527810
3401107067
3333140008
3134026428
3202841383
3277680606
73832085
73140515
77282640
73962652
73051400
74322760
73335801
78439051
73418355
72979122
73158291
3210503433
3361861782
3432209160
3284760982
3146085530
74460962
74388767
75827269
73835188
76176833
81311292
73898916
77044305
73933993
73341853
3297618940
3151342182
3367842196
3228636306
3440210337
74160857
74213000
76508761
73622129
73495711
74268326
73393702
73332012
72723706
73411174
73035784
3376268406
3306997832
3168419977
3239197231
3455490115
73249661
73014185
72928113
77902819
73017320
73163371
76237027
73178213
73245616
73139790
3184610307
3252091826
3465947439
3398593508
3328034617
74613696
73284949
80263298
73615453
72751343
76813095
74833947
73194947
73249887
73229078
3327349426
74494402
3402524378
3261083981
3193309121
3483045731
73216282
73537876
73292769
73552747
73230788
73640190
75690854
74859892
74141087
3471185984
3408231982
3341685129
76716626
3278696719
3205868858
73550150
76135269
77179639
73661704
73065815
73996214
73093895
73509929
73829031
74073170
3476722186
3408410174
3342859254
3274755362
3199680310
74648606
78543193
76032979
73974372
73576240
73616237
73829632
73774172
72985524
76424647
3478485539
3411553398
3340124903
3263543313
3203674884
72978609
73579573
73837303
73942500
73037076
74855329
73063503
75068099
73887639
73686880
3273595210
3490232022
3419095712
3351392586
3205514564
77165860
73916545
73421921
73988376
73765689
73990821
73209093
72465834
72819341
77360710
3410764862
3277513513
3486334182
3348057230
3212460410
75834918
73677855
73033643
73858388
76407714
73638595
72856867
74512395
73567674
73131660
3425666187
3500895552
3217989792
79083764
3361936180
3290190518
74455979
74627473
74469077
73208543
73267336
73541720
75193850
77870998
73629221
75168492
3299349064
3497819518
3232014497
3433626506
3367206333
73150803
73191572
78574255
73011524
73545975
73243358
77181394
76082777
73681019
76593955
3375572216
3242259951
3310245882
3518451002
3450337834
73360435
76906050
73160122
73635388
76235211
72718476
73281656
73085442
73546992
73464680
3459517822
3253877883
3323798277
3394578070
3537720206
72853360
72410095
72775454
74142575
72665289
77240915
73161272
72901519
72305709
73348451
72495575
3404723258
3479362181
3266224013
3338066047
3555115626
76229868
72225538
73007682
76803570
73493474
72354745
74186619
72576801
73134768
72740206
3281229832
3427937501
3358432490
3568593953
3498065772
73258998
73231751
72761955
73371362
77289849
72428283
73532153
73499308
72819014
74420490
73168214
3370550090
3590083577
3297028186
3514612843
3446800092
74234873
74772673
73484191
72570960
73977891
74401488
74159863
74431719
73310511
73373880
3434904066
3512288847
3586948890
3309196835
3379195991
76777327
73390080
73301233
73646393
74059367
77008480
73866949
73847362
77312507
74526736
3534247039
3394248161
3609122228
74465912
3467227489
3327580481
73172664
77219518
74180726
73883085
73184624
73246659
73147902
73046617
74016929
73473391
3470328022
3540657556
3405201035
3614193942
3348123048
78527985
75282724
75185995
74632179
73206912
73592671
73248236
73538495
73373928
77632244
3361929078
3567017236
3432293927
3501101624
3637769588
78258969
73287104
73673972
73708844
76234928
74311369
73132308
73147687
72839538
73655031
72732250
3653899148
3447268422
3377276315
3518165401
3590397565
73233748
73588023
73793248
76546920
73124121
73818618
76302054
77489574
73169287
73190774
3666078258
3387213064
3597091005
3526369284
3456923898
72333205
73283701
73648791
73778342
72503142
74718812
77598382
74411184
73071125
73502061
75127051
3481311269
3552417828
3684254630
3417574445
3620328718
73569011
73145435
73300071
73139365
74486370
72711513
73675217
72787585
72865565
74941826
3499014058
3644362406
74988123
3718351805
3432443594
3578894437
72627234
74487958
73393555
78563457
72918302
73549569
73537835
73521271
74770268
73604813
3719770846
3584308700
3515732703
3448631612
3656078518
72166303
73480156
76947569
73371038
72475105
73403794
76264887
77372929
72627266
74393978
3733991944
3525036460
3666986829
3597331394
3460126833
72046144
72878648
72114187
73409231
71954482
75218178
72696289
73597457
72622005
73008945
72539036
3747541595
3673838740
3608857379
3540258911
3473713888
73244166
72998575
74288281
73338952
75268934
75423841
73050081
73601969
74059397
72229837
3474708376
3758824848
76529634
3619724617
3693417304
3549722960
76984263
77009220
73619139
76498572
73197000
73565688
72674137
73371679
73443095
72734558
3629357241
3705850144
3779311300
3492863177
3562876692
73691534
73225461
72799819
73191194
74469462
74089094
73726985
73837285
74566990
77526674
3787159976
3721454802
3651397940
3576527131
3510152637
73030492
74575208
73150584
72968062
73224342
72919778
76917079
73164507
77774590
73617173
3732357579
3800866918
75622590
3587809903
3519932811
3660957138
75157015
76952668
74231440
73073321
73229070
74942369
74328178
73286715
73155688
74168746
3679672998
3540371500
3747662633
3609846068
73810400
3818778869
73166937
74384316
73082481
73328028
72425713
78706927
72250632
73420654
72158505
74616236
3619062572
3757189352
3689449449
3548883403
3832146579
72587050
74584167
72302632
74173837
76574803
73725985
72395117
73652912
74668075
3766529988
76925255
3706082076
3637394627
3845660634
3570871370
72505606
79347455
72468779
74662430
75492845
73411312
72675431
74082040
74306526
74856609
3723568247
3861425910
3794033478
3587813319
76743057
3653249208
73318595
77475749
78473946
73290234
73855529
73600229
73220884
76454130
73586505
73326461
3876382852
3670288231
3597967535
3738374336
3809828392
74496128
76868100
73728573
75550513
73146654
74751148
73676459
76314056
73923707
73548955
3891910583
3621501582
3691724973
3761058831
3829807165
73450769
74664751
73808727
73513953
72879882
74007211
95336581
74113782
80593911
73746439
73888579
3641646222
3920391523
3853619251
3715592405
3783586633
74232467
74932662
73688104
73484261
74284565
74481149
73368049
73588439
76277772
73262371
3662428269
3874651127
3734900769
79394016
3804892262
3945352366
88509905
75656519
89657419
74017104
74787906
73512536
73774371
74293031
76551439
75658399
3893258579
3755220511
3684590816
3829396052
3972819164
90297885
95031956
74869501
83871581
77052184
73328558
73832201
77845984
76142906
73362751
77306965
3757723501
3690336260
3974314756
3903839427
3844184879
74865698
73937655
73361196
73943640
73757182
73505194
73885212
79718607
73099887
73813623
3782463589
3715094491
3857863090
3993911943
3926229395
74710810
74315041
73492098
73726872
74029426
73640214
74819408
73943388
73303536
72951903
4011255417
3735643034
3876734063
3942694869
3810152493
74021918
74744496
76250418
73595855
78325691
73763332
73244768
73017786
73967677
73954517
72636691
3855391437
74260546
3905082096
3794733968
3980866295
4049751651
73429642
74144625
73557114
78393377
73272919
74055994
73886650
73809191
75725243
72945648
4087704072
3813347641
3951493363
3881242783
4023106535
72638916
73626221
69680549
74321792
72743445
73765628
73804289
73548840
75266515
74454762
76866748
3973184339
4044844708
3905135267
3834573062
4118787326
74592479
78454393
74636422
72626520
74495660
72879033
74059621
74652151
73669199
75158505
4054672457
3850347307
3991168472
3922547587
4133025125
78113012
73912583
75933043
72969341
74462130
75830635
89414196
73071992
76670317
73507351
73755185
4008992669
4147852274
3876512187
3945126797
4081480322
73277191
74596138
74182752
74636553
73519902
77435170
74067774
73794668
80815869
72563935
3894023974
4032058101
3962576846
4103526996
4170832305
73493432
78589674
72818567
73501022
73199141
72722971
72746783
78255095
73836025
74202343
4121252171
4026823254
4190705595
3955452035
3886761025
72557345
79217121
73223152
73714930
73398022
73665653
74626261
74322379
72713473
75905790
4107772297
3901727295
4040101871
4185722128
3974270416
75295844
74953158
75894218
77143299
76432310
77495056
78599019
72722294
73493479
73434267
4201313678
4057563842
3979509824
4131689163
77002027
3915685952
75173249
72817525
73697420
74204439
77918551
72840228
73587663
72809617
73673682
73787134
4004038546
4144531037
4074460852
4215979075
3936633113
75055790
73058074
77092818
73133575
74488171
73391774
72819743
73009814
75017225
73547431
74117760
4228954329
4008919947
3942579664
4161054524
4090187749
73847195
74244221
77640341
73090090
73426642
73926741
72889936
72698885
73120432
73373006
4100905079
4239774088
4033061660
3969045161
4175337235
74225392
73109102
73200740
81112051
72872568
72962058
72835597
75957518
76837570
73342552
73683817
4122678626
4191538282
4059727115
4268870230
3993160520
73486907
77765644
73398060
74677263
73843768
73579846
73336115
74005626
73107837
73127040
4079923202
4012770864
4155470681
4226213111
77757094
4294451216
83374717
74593143
73563145
72940969
73032342
74240888
74256516
73327831
74208681
76976262
4242242285
4097796410
4167574202
4313122988
4029853892
74090553
73435531
73636792
74144617
74151827
73108325
73314286
73531796
76863895
74822895
4248176090
4035370602
4111224124
4322573869
4183578625
73705880
73181992
72651217
74091535
76053387
74117825
74088873
73651379
76756351
72508192
72726470
4119569549
4200708881
4271662201
4343369265
4050931631
73932489
73780972
73572701
73696480
73882716
72658057
76833980
74123710
73119747
73690149
4342707701
77489513
4271609696
4202654598
4053985436
4133675104
74575849
78025312
74452240
73894030
74818030
74354150
72949204
74092799
73285014
74030911
4056429383
4133796513
4341234151
4207966299
4281537737
73772905
74488066
73808376
73698640
78130111
75460248
75751789
74158853
73327318
73979386
4293646483
4221132809
4083764700
4156019509
4367654303
76817510
73345315
73808948
76983041
72832561
74058138
72569650
72633016
74039738
73800170
73270065
4304511651
4171374992
4099714352
4237707893
4374924696
73686861
73425159
76852873
72716657
73231070
72180056
73964098
74002865
73608284
72613215
72184371
4252773127
4322577007
4187745995
4122518372
4403293698
78064111
73843631
76729359
72816813
73096007
74555234
73189482
72916025
73242649
73691183
4421914870
4226503694
4361244716
4297307895
4162443037
76405288
76786597
73034241
72921276
74261101
74019843
75509070
73154232
72947969
73932077
73327489
4457445731
4323751992
4391877959
4186223938
4259256308
77139443
73249913
74549182
73028654
74132477
76948791
72881732
73703021
72889396
78546254
72988849
4196964172
4409381576
4478740294
4265745030
4345045842
74176695
72979954
73359512
73777146
73163059
76445185
73704865
77580388
73923321
73715970
4416999870
4348728595
4282040128
4214641103
4503429024
74119010
73649034
73247380
72519287
73378073
73454491
73889814
73461524
73368758
74195736
73620056
4518849338
4236650832
4449506539
4381051673
4312120886
73630425
73382434
73297578
73284065
73168668
78058462
72838351
73559304
74284069
74049241
73575617
4256514901
4467696499
4535407713
4401873006
4327759281
73147496
73442196
72903386
78783325
75670776
74091161
74541213
73136250
74026007
72734390
4287866316
4565693682
4497443416
4359369377
4428261536
73511061
75869237
73543360
73093432
74922321
73753735
72978118
74009557
74384002
73980889
73415550
4590307500
4521009501
4453327388
4383134616
4310921169
72932160
78508462
74509611
74089404
73107704
73462591
74183077
73204759
72737260
73014839
4388324496
4456542791
75087226
4540083621
4608826717
4331058171
73801267
75547341
73405181
72883816
73387115
73559187
73884084
74908910
72873105
73917899
4560484650
4417053158
4486543833
4348044428
4632873907
73278831
73803219
73338888
76857889
73802761
74151844
72977929
72501812
78260980
72798884
4647091085
4440978172
4584985681
4513649316
4373084375
73753323
73698649
72449309
74951422
73330013
77099683
72763340
77625789
73012826
74013658
4602435040
4471563717
4539322150
4403571845
4673966711
74293432
73278802
73371361
74254118
73067509
73336487
74695316
73978114
73606881
74211244
73113324
77375733
4637919006
4434658050
4575481483
4509060828
4716674267
76383173
74632660
75953551
73251360
78468490
73460159
73085361
74520529
73108063
73824960
4729264154
4663635022
4529240285
4462642148
4599766306
75083788
74526020
72826578
73507459
81763207
76891300
74855247
73975920
74884150
74013765
4680475190
4749192498
4542356473
4467002204
4617423807
72860062
75059497
73764807
72554868
73972484
73227124
73529780
72950929
74637782
74230278
73689182
4547847995
4475886172
4763550462
4621245503
4690421107
73058907
78073291
73945232
73944194
73501882
76595371
73563700
73986892
74535701
73489969
73652222
4713935714
4781677150
4508366094
4575674728
4644283775
82088659
92843465
87382215
92183706
76526012
79312511
76353128
73658346
76173947
74660721
4803645352
4741385908
4601182099
4673840392
77649623
4533023300
73732850
114052119
73661144
138870234
73820614
121137798
75888261
98890585
85070582
75496858
4539207376
4822484363
4757199764
4688017638
4617075400
77638326
73307532
74033350
73307491
71964741
74501937
72435634
74240666
73799884
77577599
73982908
4836824744
4768314424
4632105255
4703879255
4564800966
76271690
73029884
74115775
74584471
73710741
73364364
73750619
73801481
73898830
75013830
75121111
4576857746
4713732117
4645248760
4787693745
4860571002
73197477
73659917
74117521
74250260
73768263
73803022
77775386
74176530
73270691
73782494
4647998576
4793197852
4867317959
4720410346
4586186847
73605571
73925085
76525362
74576753
73371807
73012553
73941295
74829504
74324614
72983527
4865976623
4653150535
4793201687
72748112
4590425997
4730491141
73595926
73107301
73403916
73744136
73608698
73522855
74885196
73153550
74321635
4768515742
4919975248
74034785
4851374301
4710152442
4644422600
76442591
75204797
73687961
79423361
74170163
73741034
73584093
73069252
73358719
74022336
4933456975
4726003483
4867373071
4800816666
76107781
4664672758
75403336
74833659
74114660
77662543
73506461
74022693
73725240
74578022
73266276
73629813
4740859663
4881457570
4814962659
4672197160
4958908535
73324816
74454894
74309944
74226300
73267665
73396269
73163694
73896248
76803136
77995692
4895446315
4693446690
4970451160
4756621346
4829691097
73446648
72954347
78113717
74131100
73231246
73183290
73483592
75362348
73771398
74519083
4776401595
4917079358
4989599851
4850128102
73898258
4708694540
81934400
72735053
73726722
74710848
73843815
74116249
73898770
73742022
73772099
76152182
4794180964
4726543101
5007292836
4939577569
4869250844
73829185
76977334
75546663
74266357
74302550
74452441
74496600
74236337
73702273
77947229
4952931799
4881918429
5025253848
4703960154
4822904646
73579990
75517124
77939802
73359435
74744730
74115741
73541334
73335278
77328748
72748820
74358706
4920199725
4992431493
4782491567
4853198229
4695536925
72918632
73655776
73755539
72538149
72566161
74526610
72958498
73591229
72605213
76218266
4780667951
4990216436
4922642585
4850878919
4718456148
73110395
76090968
73036273
73222980
76168720
72445636
78054464
73045900
76720856
72361389
4932148077
4793602270
5003901107
4863942805
4727238635
72594374
72440251
73233810
73119728
72607276
76515076
75673524
73091450
73719308
73165254
4946202118
4805613137
5013727589
4737656021
4877838066
73043533
76968695
74193469
72278295
72865518
72255019
74221932
74362666
88129624
72706972
5025265230
4820606071
4958149745
4890836194
4753014319
81866835
73416648
73735439
72761837
77345385
72554486
75005507
72743931
76869658
72598591
73640599
5032578486
4967317168
4832523149
4901416340
4763905385
73318036
72716092
73551919
88816219
76414031
89128627
73129368
73491194
73644606
72883558
5039372955
4971331525
4836284440
4903968852
4771820447
73956334
75649724
73359265
72945003
73181188
72673859
73796095
73303174
73293489
72870615
5053050494
4984564094
4781982019
4919998376
4854754822
73262380
73360940
73252228
80073068
76985356
96083196
72443067
75809494
75815619
72368731
76549020
4930474127
4795802523
4862773138
5075503489
4999272568
72458066
76996100
72290107
73310938
73110930
73367836
72633131
119056765
101336863
76941851
5085978105
4878585629
4804606203
4944787137
5019864437
83080403
72932960
72399591
73445050
73803121
73294312
95296648
72978514
83796287
73470945
5090485509
4883769084
4952420878
5021077574
4816342804
79809931
72854148
73616043
73778155
73425338
73865499
73542097
73863048
73601527
80234977
5094531920
4874419754
74075158
4954336088
5024001905
4811409561
73339103
72845313
76800485
76847285
73166922
72720876
74272675
72631110
73100035
72291828
4951411023
5097030488
4813461846
5026577153
4887328311
73532265
76220295
73791448
73893231
73896471
73806284
73767275
79058645
73012023
72625762
5101985453
4886537472
4960631076
4820584184
5033589124
74016932
72527326
73367339
72909504
73363930
72863011
76662930
74035668
72938229
73716811
5114562090
5043091542
4981198923
4900882593
4841446683
75753451
73759457
73440310
73035623
73419044
73263267
74209773
72945403
74088808
72773122
75864128
5074380829
4934365167
5147948646
4867339283
5013430894
76019953
73623083
73607238
73193639
77162017
73743359
75952388
74702527
73213771
5153203585
4951791913
5091752344
5024072418
92153516
4886225033
72888810
77824762
72913161
76928723
73085983
74190492
73035007
77370006
74877636
74010081
5182342877
76372929
4899448126
5038310731
5115674366
4971558957
83993085
73264859
89167404
70804306
90291424
73243408
80626295
75329488
73995541
74007664
4926485541
5131411048
74893011
5065727373
5207322167
4999726259
77249259
77037961
73607132
73777989
73099943
73800497
72543520
73817272
73279056
5141048501
78649165
5212835341
5076432629
4908667711
4985656202
73104183
73612430
73439575
73846747
73922571
73071105
73113622
73702307
74248973
73483189
5201271508
4915858874
4989098087
5062161979
5139615885
73358959
73425785
75448935
74001536
73440774
73926325
74227374
73902002
78061414
76254507
4928405791
5077639821
5214796050
5006767856
5147468310
73772242
73926245
78347176
73194304
72879762
77946089
74841221
73854357
73347202
73408421
5229175318
5021138430
5095236867
5162608421
4956952305
76454283
74158603
74188537
73442479
72946157
73842485
72951793
73991572
73034658
73353957
73560858
5175196487
5107317832
5252700412
4962406823
73878058
5033533136
74090425
74543459
74296934
73617620
77060211
73326137
72664009
73740813
72877392
5178980138
74587540
4968361188
5113447722
5254868512
5044395997
73352079
78065005
73457592
77618885
73501174
73614996
72930129
74893620
73875164
5254834683
76121634
5186455630
5120619496
4979177675
5051423867
72512624
73411334
74351461
74033738
72862594
76380658
73770890
74357500
78200874
76119108
5281901741
5213217925
5000338770
5140386275
5069270347
78385511
73706275
79350725
74454584
72865477
73242543
75928494
72918016
73452457
76192837
5229192621
5160578823
5096768237
5027463880
5305980534
74146437
78129039
74947114
76188237
75890460
73736265
75290410
77059576
72826631
74041084
5091416210
5172542765
5250352879
5319009775
5031793149
73760497
75286666
72586189
73024836
74048841
74081106
74903872
74710820
73717463
72853316
5251873904
5326522387
5183725243
5107695006
5038411242
82965380
73250718
74110669
75488266
76275136
73353786
75948487
74818421
74319628
74008569
74793922
80872808
5050631901
5358809388
5281154162
5213632800
5150535533
74729797
120221876
75140693
100506844
73925348
86744911
77554711
74148865
75095941
120541360
5374934600
76227867
5321458788
5094354928
103084676
5259517909
5175806611
90480696
76534059
74367801
134247676
76503120
141800996
76005119
121665148
91327981
5387917240
73877420
5257130172
5329127600
5120790143
5198485710
74842107
77573496
95288783
76362527
76353135
73134659
72750516
73666377
73601591
5389935054
74757661
5326147160
5261080980
5122015455
5199034497
73720025
76984099
76993696
74341209
73054425
73592902
73600994
74050621
73423231
73730684
5415313861
5350563437
5281855115
5214742540
5147806474
74220672
73810552
78014136
75027660
73373726
74738294
72878553
74054293
72981768
77362638
5422031425
5144017062
5223424623
5292618199
5364719729
73251902
78209693
73164453
74263979
76395064
73722376
73365669
73235293
80328920
73907330
5444653356
5365488225
5293100392
5155669528
5225462310
76559846
74146660
72536023
73208924
75543613
77394599
74019358
73834783
73367621
74178610
5449792178
5239605002
5310384828
5169667752
5384935229
80352182
76533684
74235137
74347474
72888694
73465502
73968141
121234405
98724577
78526337
5464125529
5395663069
5324802311
5179286674
5255234854
80445215
73275759
75712220
126456281
73442745
109084012
87922007
74014025
76112565
73142560
73689502
5397211835
5468557989
5330015708
5195805404
5265742955
73467468
72777886
74909340
79396637
73377083
75522290
73722894
78653198
73303483
73804451
5261547547
5418004782
5192228472
5353796086
5497176096
76260525
75190026
75588755
75183560
73179184
73894153
77432879
77053655
118215384
5330193283
5482681454
5188257569
5261026556
5409928206
77462993
101869836
78790678
73480536
84231183
72450861
73555814
72987435
77691764
73030209
73214834
73000000
5279608703
5209358935
5354326526
5420841781
5493710537
73567390
74087790
73467115
75524632
77529466
73015593
73871819
73386538
72732897
72921404
5433552692
5369129348
5295241039
5506762729
5228789277
73458185
74266395
74488014
76973389
74897838
73077917
73774163
73700980
74124488
73223515
5441956207
5373506507
5308563536
5241304498
5522349117
72666930
73167555
75551974
74505815
76177204
72837028
73925740
74223742
73471253
73466234
5537212057
5474788192
5404478151
5331447355
5257801762
73543766
73858127
77629683
72793476
73061084
73097682
72602037
73573609
73769571
73183774
5257844893
5482443640
5417649215
5341851383
5558149069
74223011
76727124
74665378
73073135
73145501
74215535
73430057
73766779
75066062
76102057
5320175911
5396350786
72463209
5479952969
5552692883
5266607111
72960856
73534383
76353373
73671930
73379100
75922251
77229970
74044991
73565494
5547995949
5340820437
5484962636
79347288
5419371524
5274862810
72770189
72785764
72782996
73839695
73268177
72925267
73231208
72937922
76509079
73508407
5492802650
5422315906
5568389369
75185592
5282086036
5355069232
73060040
79079267
77292488
73806293
73232873
73443930
72867385
72665560
72853454
72945378
5356949323
5286501486
5583543086
5510749246
5435152551
73066700
73237907
73264802
73233348
74908031
73891699
77459111
73461786
73017778
74591283
5433196124
5498341358
5576964733
5295560180
5367247326
73399941
72714689
73876756
72673221
75131125
76335994
74390008
73282459
72472296
74238702
5581798322
5307485585
5517199867
5444526053
5375001285
74134170
72812966
72603747
73703716
72748912
73240336
73537962
74142745
74905864
74193438
74665597
5320719738
5607081386
5397131928
5469221672
5538829497
77879579
72727995
73695129
78833857
72744139
73028349
73879138
73309043
74459374
76522028
73442518
5400323060
5614836920
5326433649
5548399361
5478339247
74987212
73646948
72878426
76450748
75657504
74528542
72885357
73967851
73288692
73205322
5618549157
5408096270
5553749633
5484939357
5343779877
72692116
74141249
73050686
74637523
73529452
74598097
73433562
73655977
73424886
73771819
74017891
5559929321
5634006344
5489811799
5419291475
5354134343
76185734
77834263
75280259
72775408
74559929
73012369
73805646
73757623
74540843
73576782
5500642297
5576295463
5647755107
5433159830
5364113004
82243951
75749993
79184192
73333646
73065366
73402396
75828627
72893363
73845718
73222611
73269116
5515332162
5660872837
5443981449
5585926105
5374639870
73186293
74538641
74534305
75979679
73832633
75708417
72738101
73475117
81405646
74690784
5668909628
5599262262
5385127725
5456161279
5530244185
72578740
75485020
73516468
73989679
78453529
72409596
76686534
76703169
74944913
73569098
73077198
5616954033
5689932823
5471737463
5550777866
5396144649
72531314
75120809
72860158
76315476
73493280
73472192
73702605
77484058
74112692
74812398
74900813
5466219981
5545046949
5689457475
5618879258
5401023685
73768879
74829603
74003885
72864478
78192810
73535901
72596181
73111537
73455634
74535356
5412426622
5491147560
5703713084
5634929270
5561891103
73861088
76272107
77941533
80161966
72820691
73665074
74025573
74547857
73427734
73701324
5710264598
5568120219
5640125678
5500992874
5435878505
72810349
76615322
73325882
72618248
73710654
77330930
73415622
76911774
73482907
73778581
72845970
5731192000
5522834549
5664242159
5595494621
5457953563
72897286
80874308
73215905
73631545
73597322
78120349
72942702
73154602
75089054
74027446
5525837969
5742419258
5676696992
5608758455
5467702742
73821760
73163653
73017764
72975268
73649429
75129626
74058804
72868203
73643360
73534928
72756370
5619010098
5691646955
5764803166
5552090096
5480893277
73339287
73860631
77993426
74205537
75776158
76965847
86119972
74086971
93465977
74642522
5495447550
5700355559
5773068929
5569143576
5638943007
81286304
75801502
78793233
73172339
73351617
77886358
73368809
73256189
73099044
73280956
74264676
5719806134
5789795722
5513281141
5653768518
5585776485
74284938
75218073
74366635
73221413
73660421
74384689
74370267
73484206
73642886
74222527
5742345156
5673838083
5815735388
5535462491
5610188775
74028128
74655025
76767454
73876354
73512329
75032597
73840212
77126659
73945373
75271229
5748525127
5683573200
5549328775
5824371382
5620748814
72690395
74808534
72899937
76217129
76595524
73022066
76847435
73159622
73779004
73149067
5834235372
5703286927
5772794502
5565077016
5635248705
74253474
73975138
73585136
74676097
73356048
74127834
72918819
77223198
73565970
74889277
5647995185
5791169777
5863546670
5723611680
5581722941
80090762
73959000
73465277
73699588
72601009
78209510
77494437
77039044
76149095
74200431
75538202
5738582105
5806864688
5662542241
5878758397
5599111062
75508279
74955692
75569376
77464854
73325148
74432736
73146855
76513396
73594732
76665494
5808571749
5676528151
5747314120
76662746
5888950024
5614485143
76761687
73567763
73625817
73016502
75220444
74259867
74325149
92735776
73368400
81922894
5901185385
5835239340
5768359650
5696581204
5636422570
76936061
78861443
75922269
74916417
75315250
73902120
73268834
75919971
73040888
73832573
5856269900
5717833967
5928579677
5791016428
5650590712
73245205
75836805
73161545
77643067
73475340
74155144
76030173
73530521
73668804
73788225
5942370689
5807257125
5738043913
5670552374
5882653687
74215473
75372781
73238534
74128986
73316025
73373298
73922136
73463960
73998307
72969027
5882186863
5957609052
5739589110
5812620350
5671442276
73672648
74085701
73279721
73705396
73412628
76417416
73635288
73576778
72842205
73784994
5956020984
5891190124
5753845103
5681843290
5826860162
80719846
73778327
76908039
73691859
73495903
74280942
73799017
73620848
73430668
74015430
73655559
5909405152
73600437
5982570903
5700425746
5772678091
5842152768
74529788
78788260
75806040
75085203
73141888
78933842
74011736
73307487
73689521
73388411
5710592697
5994021159
5782284713
5850922832
5926658307
73457783
74296223
73296886
77315813
76263489
74815481
72900617
74570308
89644179
73657693
6019915737
5739207467
5879493502
5814717180
5954110846
78869399
77096184
72932798
73143724
73096906
74055579
72576929
76498650
74051435
74168729
5998589833
5930782807
5790721576
5718203253
5863543645
73786635
73387076
73659614
78016320
75519628
74456386
73971986
73053398
74323873
73131235
73233247
6014349233
5941566372
5869267293
5798823512
5730609682
73002940
84395399
76565243
74832527
73305325
74592872
73365493
73720396
73219382
78409834
5743090089
5886597377
5960353041
73321805
5818009350
6040829099
82942071
73486004
79509638
72772081
73917359
76618128
72477040
77519041
72974277
6041029870
5888700688
5816782600
81102371
5973134575
5749554074
72574394
73895037
73259870
73738523
77306103
75694449
72636286
73513536
76988665
77126555
5902895086
6047266119
5978732499
5769979812
5839491912
72491497
74215138
73109484
74082747
72449311
73498993
72894790
74371252
72838478
73732227
5983847643
5849657831
5780886748
6063978025
5926269394
73972921
76632696
73752024
73736620
73886202
76935763
72969120
77873986
73105876
73605126
74009098
6075614430
6005918638
5786884843
5939063933
5859799067
74923596
73451001
74243436
73994411
73750882
79069998
73419478
74276967
73164213
6060806316
73904185
5787065042
6001906622
5860378524
5934189614
73392044
74009471
73270465
75747793
74616146
74469064
74207965
73762282
73314119
73804134
6072336013
6006791028
5937737286
5789255376
5868982818
75378653
73018881
73544325
73799988
78530994
73170392
76736205
73771871
73223983
74476778
5784299907
6079689501
6006401491
5936317103
5859780067
80219784
77921579
75916060
77597070
73827699
75248020
74002903
73141872
75068830
73896203
73656431
6000968942
6071952110
5933641345
5791300495
5865345997
73912507
77122814
76437822
73724895
73136270
74508625
74118511
109642560
73429353
6006978704
6079027082
5939443943
5873210990
5801834496
136500920
76222019
102371389
75519720
73225642
73573072
72993952
74690197
74847887
74351239
73561007
6091120315
6021765837
5887024498
5955594051
5819216249
81111671
73354704
76807991
76756410
73443677
73984083
73913670
73592575
73445111
73648700
5834317072
6048648986
76705797
6117915517
5978758747
5911438442
73130995
74593662
74070279
73172655
73008522
74112048
73865502
73881489
73785914
73454300
6121698106
5990651073
6059808916
5926115577
78321460
5858160734
73673051
74757615
74187701
73022781
76512913
76900002
74346837
73414958
77890743
76679761
6136005509
5858827735
6002064198
6075694898
5934843009
74017828
74369371
75252007
73555859
73864206
76860880
76681696
73227261
74676061
73481195
6080186445
6149705218
5939239460
6018380729
5876933078
77083394
72916530
76475192
74296069
76832173
72958646
73777497
78103736
73830384
73306324
6090723118
5944159177
74354056
5882658014
6169068204
6023129698
73896439
73700867
76707339
75949054
73443482
78317801
74517193
73536324
73241961
73722598
5886257117
6176099746
6101403185
77464798
6040253936
5965409852
74789606
75096565
73213526
73574153
73726007
73650905
73492534
76122221
74296391
74239383
6192727476
6124389589
5980077218
5911701013
6058091984
73307247
73454222
76728924
79559399
73386537
74146885
74041252
73680637
73378749
72496134
6204196262
6060366134
6137558095
5990002408
5922994180
73751610
73548295
77885180
74217397
74116266
74489233
72704546
74042387
73603436
73207349
6068426881
6006550146
6147763670
5947620109
90512258
6220495928
73152563
87864483
73538582
76162833
72937499
73961811
74261477
73219461
73562064
73219630
6239644757
6163243760
6025068493
6096980287
5960715727
81023525
72880813
75053216
72888817
73779156
72511561
74250504
73732475
73375896
72708427
6170379233
76612619
6039389885
6250432360
6118672668
5977865160
76848585
74205653
73426381
74048936
73890857
73789949
72829481
73072097
73652900
73348476
73442321
6262503360
6194789103
6123883701
6055003020
5990831084
74662674
74818497
74498976
73902290
73230704
73265588
73289229
73004879
73514278
73511510
6286153730
6149889419
6074216250
6219497546
6007644296
73559224
75697715
73982198
73496101
74163230
73485556
73194179
76832677
73268553
73813253
6228601943
6301166007
73568819
6021117160
6164519053
6090998675
74613986
74467906
73336038
73581589
73338187
72894555
74752473
72840320
73539574
75132530
5985601623
75972525
6323951848
6251623614
6109587984
6181903290
72988064
75115617
77228832
73323617
76713473
73476719
73121153
73065170
74062612
6274958060
6251734801
6117483680
75066845
6050996843
6187697825
74414199
73998251
74291899
78230720
73578997
74493045
72998110
73165372
74127901
74036454
6338511632
6133632975
6207174738
6279091318
6067812305
74139318
74943902
73628810
74106746
76019557
75577682
74598912
77324478
74889907
74239132
6359978545
6293478476
6164186450
6233036316
6103314067
74150105
74673862
78179121
76303134
77847304
73398714
72800663
74363242
74236737
73419341
6383825044
6317570507
6110812938
6185088303
6254346215
74408198
80476586
73725416
74979813
74948515
72990163
72959920
73453350
72878772
73275355
6399427297
6259028074
6190084798
6335226692
6123749017
73658647
72860451
72435377
75254587
77020560
73741476
74003255
73529736
73058210
73132668
6343347176
6411436937
77609490
6138225959
6280161041
6210520344
78014644
74915272
73783310
76827590
77593903
76199929
73541094
73836873
77521057
73656145
6431219115
6289675569
6358300257
6222081237
6152832810
76972121
73469646
73195454
75255216
73655413
73647413
73594989
73219378
77422288
73203341
6241044020
6173540613
6311138736
6381101747
6453872737
75064449
77698063
73686056
73290852
73065215
75247836
73781984
78251629
73178886
73308753
6459441586
6389226791
73754557
6244747040
6326461785
6182963148
74654869
73799070
73853426
73630187
73491849
77362397
73173634
73982937
74006556
6318610542
6263859481
6471379449
6402743984
76050410
6203956399
73632733
75514389
72663086
74105089
73482415
74257961
73106641
76723883
74314350
6484550713
6419341267
6263623168
6358429528
6199583273
76802697
74479680
78242110
73974909
74537859
77594364
73496461
73720133
74609122
76234237
74505488
6489447180
6414066421
6276763148
6351289186
6214536952
74422018
76334473
78241251
73634712
74246359
73813733
73258142
73603398
73793168
73260347
6497120227
73729580
6436297423
6225316900
6365564074
6298449715
73884706
76605592
73020848
73748367
72218949
74028701
73252927
73580462
72026939
6300564848
74496404
6377806294
6447119891
6515976060
6240863638
72437673
76935345
72763314
76763640
72616837
73552585
73064602
73971632
73349408
74371928
6524900728
6246066828
6454740664
6384915600
6317425020
76599028
77122146
73340604
73823103
73982896
74762085
72869532
73212398
73048540
73212185
6540330814
6408086530
6342259977
6483941937
6273989818
78666399
75236239
77005001
73631874
74323093
74255439
72825183
74600736
73740115
78091972
73450242
6359222504
77025916
6291843910
6430594000
6497782264
6565924425
72382203
75311781
73825568
74611499
73538457
73933580
77308473
72936676
73657615
73076377
6571296223
6359088846
6290195093
6429094488
6500833770
75167405
72869061
73746505
73822516
73640176
73232802
73942198
73363203
73936442
73910404
6575766262
6432695465
6516969311
6303530516
6376541786
74831729
74857756
74874794
74251666
73214770
77862716
73724349
73170547
73725557
74174917
6589270033
6522284381
6458393711
6384251341
6315599583
75577894
73441193
74747826
76436872
79116004
74524031
73455879
73700687
74587336
73901449
6309706343
6383211014
6451638400
6525611666
6594725972
74318243
73085571
75530065
73169698
73674120
74044098
74099147
72802005
74701639
75538533
73323158
6527488595
6393613853
6324735840
6605854061
6465392577
74763999
72831504
79835873
73828931
74622132
75278422
73940586
73310990
73045918
73204325
6536371557
6608603121
75343535
6329622914
6400265965
6469411008
77780420
74671129
74032780
73735466
75406930
74255727
74218798
73774135
73624770
6545211890
6614582852
6405616369
6477054999
6344262392
74769539
73666426
73707640
73616105
75452891
73751628
73446550
74101839
79323982
74398399
6556748416
6626900039
6414712290
6343342227
6493536490
83860333
73405048
73471507
73297991
74072767
86851691
73957831
75356448
73459220
72844364
6480380777
6412976954
6553305659
6633907067
6348561991
74148616
72796005
73878096
73412541
73463269
73648407
73747277
73185671
73855854
73201723
6548028253
73676310
6645143615
6411014581
6628335064
6486340131
73128358
73952421
72900206
74976097
73384020
73465683
73678080
74805965
77887509
6634259257
6567781414
77023779
6706157572
6525066931
6460219024
74057223
74643461
73319670
74031235
73960729
72905425
74415423
78165768
74085840
75237094
6679740090
6755655763
6618400040
6543255301
6475616283
79210022
84630377
90639921
73430233
79508918
73909871
74722233
73232003
73836228
74587247
6485465835
76040967
6708588906
6561388105
6777851189
6639865638
74154411
73488499
73768873
73452279
78150877
74588693
73649762
73915282
73543405
74559999
6713351987
6574466861
6788065301
6500106956
6650180655
98153811
73443423
81895993
78346189
75583002
73649222
74010559
76598308
73103114
74195878
6510688478
73707235
6793849360
6656193308
6588971697
6726102392
74581874
73914390
73427543
73393090
73989849
73009330
73820836
74158095
73242093
73584927
6539605707
6679415505
6818611625
6746837702
6609356884
73816729
77847511
73930052
73752032
73370435
72543502
74225961
73913728
72966378
73165599
6620778624
6550276809
6693048934
6832670920
6760334728
75983438
74057420
73643053
74526518
73701461
73438876
74030727
76256798
73371969
73671327
75670016
6845588437
6638279890
6707292884
6774358318
6568821803
73165054
77653294
73271300
74309045
73352154
73407676
73727203
74321916
73391174
74492701
6779335292
6850675810
6646033140
6571006448
6720571683
77163346
76565195
77090404
74362081
73875017
75093323
73785315
73683571
73077347
77170459
6786675154
6854142898
6653135684
6582686053
77664910
6728730281
74065792
85488787
72700283
77514100
73047223
73136256
73287777
74856039
73826185
73143318
6873800541
6733322084
6664887096
6597131999
6809753075
74535175
73911766
74114848
74146397
73694426
75297787
74601191
78839921
73424208
72960904
6662955882
6877675971
6738571803
6808307390
6600960805
74005701
72762926
95462726
75515394
81016737
75388588
77846556
74100454
74921538
74494842
6681459351
6887206961
6824191839
6755559985
76748742
6631830131
74143037
73204944
73128678
74091028
73678008
72982167
73410571
75517737
73655885
73356593
78652508
6863916941
6933934895
6717962272
6796192974
6654823452
72555387
75970361
73002009
83238644
72258913
75984194
72904882
73303057
72406963
74432101
6937284688
6867482413
6798201655
6722133600
6648508343
72550506
73353202
76518686
74023535
72453471
73375751
72565007
74155949
72624204
73106966
6725903091
74263148
6662935529
6804657826
6872101251
6944463132
73551499
73829478
73077813
73908169
73327124
74543521
72809552
73653855
73981362
72911794
6949547472
76297406
6690316539
6836460325
6884670748
6765880731
74204418
74858124
73678681
73747199
74115932
74082653
74095628
74566903
75787029
6697502513
6984565924
6843940943
6918037179
79962434
6775365352
73637485
77184948
75131928
73605606
73342032
73218580
74787498
74058615
73387228
73423848
6779286850
6853661597
7001275396
6929420727
6716257100
73757562
73095500
74585483
74281846
74980881
73999762
73494667
73990943
73990346
79367210
6872587049
7013994937
6736305657
6947875922
6811684826
80146721
73376411
74560443
74483338
74330184
73507996
73749674
76869216
78390023
73360616
78181889
6846485273
6989764212
6922667359
6779307963
7037098448
76575675
74022909
77161317
75944941
73076071
74546781
73959882
76617566
73228603
73839337
6790109627
7007088181
7081525140
78607729
6938006004
6866853120
75003265
75292876
73597107
86674966
74063564
83219831
73632931
74864705
74240222
74485924
6943164085
6877854322
7016721479
7087938636
6808151021
74473275
76345259
74150922
73496536
78764406
73732757
74457186
76410136
74531784
73066175
78053113
6956200983
7100350797
6890557031
6821795054
7032482425
73540959
75155799
73732462
74036828
73293991
77400871
74611908
76733536
73222252
73732111
7117996357
6913368273
77541769
6978969670
6847935026
7055280633
74342434
85912438
73626759
78915437
73153325
73520163
75680737
73504896
73675877
73001385
7137192074
6863384873
6932641944
7076293820
7006359499
77173259
74352008
74794586
73269814
74407008
75201097
74375259
73129061
73380629
73977318
7025623704
6957793378
7095243607
6888125178
7165835321
73351766
73827720
75777219
73723196
74842982
79355486
74592753
73868680
73172401
78190505
6902428698
6971151237
7185533229
7045476947
7116896371
74568296
73314153
73668262
73488072
74340124
73736057
73676910
72981097
77752554
73432301
7194290206
74975533
7062166940
6994260246
7131959351
6927134171
76627220
76870147
73639473
73355601
72764938
74318954
73390310
73339055
73080361
72821664
7145760547
7075122174
6940368422
7010622628
7229189082
74386459
74015131
74979459
76857560
73826260
76184621
78160860
72995846
75906303
72663101
7162968317
7235850005
74585499
6959792566
7027336773
7098043037
73493106
73243620
73435880
73595697
80307518
72938445
75508272
73628150
73536865
74838502
7035062326
6964980582
7183557896
7114528841
7259085660
73257861
73822971
76913494
74060533
72621059
73327301
74482203
73796325
73334178
7267003285
116023916
7064248781
7137080213
7206328696
6998784394
75420702
139015148
74664839
123394447
110579453
74067858
95483146
73564185
82441173
73950825
73954612
7085788275
7293862845
7157021911
7230239161
7025577066
76120931
73719266
79403984
73533603
74241552
76357377
74239126
73665664
74833721
78039251
7308466081
7241684795
75529628
7037978917
7178073880
7113421854
77971062
74905134
74494325
75542351
73335409
74772601
78009670
73139971
73805982
72910596
7324635584
7053779253
7262942716
7125971568
7194966590
78805369
78234238
75386245
73264745
73798213
76657516
74571892
76697639
74318204
78288577
7340634975
7198078612
7270071769
7059328455
7131599815
73839751
74084008
73668420
74452729
73720980
74473066
74180267
74684086
77285381
73810521
7153723129
7292169215
7223831052
7362204275
7087483383
78996497
77385011
73099276
73976534
73354302
74254844
73110324
74674920
78568918
74341409
74629048
7377797027
7103007610
7317964944
7178475148
7250991167
75311968
75674756
73980057
75200362
74282276
73606003
78550822
74496568
74984422
73556244
7324670899
7189067623
7400824288
7255793219
7118002520
74815352
75095973
74277747
73564224
70508393
75389774
76025364
73378312
75249531
73568128
76669379
7334705010
7197768239
7267369050
7130990020
7415681391
73266159
73496529
73800963
72768887
74205888
72981784
73354309
72037754
74586276
72199911
7282808776
7418548877
7353559321
7217410534
7152658600
73502862
77216748
74172052
73243446
72954680
72267852
73850807
73132259
79743568
72429783
74487648
7237954356
7444436579
7307135315
7377092667
7171295652
72636394
73560344
73051283
73302586
73532877
73612956
76108093
77761952
74874348
74687212
7251922677
7460703291
7392565740
7330785742
7192358517
73392553
77119052
73392709
78002587
73088217
76670847
73410520
73430389
78166982
73552413
7473897962
7402465388
7333651116
7265913828
7198115298
73084795
75024684
77115979
73478699
73323098
74605233
73437641
74245623
72931704
73513060
7336262831
7266315288
7485558119
7417445726
7199379227
72220627
74054962
74828730
73148355
79886864
73313641
87894121
81643713
78281932
77694834
72691547
7197448197
7413347907
7484077079
7333974579
7268123970
79002169
73614485
77956816
74498772
73407877
72807572
73235283
77162839
73711304
77350052
7413287388
7343862439
7204058285
7272422996
7492221900
73762332
72929644
74196219
73032606
73968427
74090581
74338864
74197700
74401608
72890161
7428914899
7501716515
7365285423
7229245258
7296745982
74982048
72971295
75178482
74152978
73848761
74040278
78011470
75021709
78705180
74596603
74481359
7235397941
7526643802
7382600407
7310525833
7458509191
76734339
74051419
76352221
73861689
73816033
73062961
77186253
73946712
73429646
73336508
73495293
7455633670
7246304231
7528666962
7318762539
7390342982
106409918
73899846
143955727
111607137
73009015
88053044
72251433
77330776
73846425
73344335
7405150135
7276930298
7488638712
7346139904
7556595169
74135416
76158115
73969425
73328448
74252066
77260862
76061366
73209229
76961862
74175898
7495821220
7405530080
7333255038
7570293257
7268043671
73310228
73332289
73302494
74596263
78361611
73574078
74678126
73886986
73334573
73682791
7501946456
77182857
7571653988
7288496116
7365148969
7433585097
72719208
76991410
76066128
72773049
76708844
73250060
81499659
73966385
73337391
72728316
7503530459
7579660575
7436572823
7365255172
7296181674
72895049
74201198
81876134
73284725
74432762
77082108
73796923
74793707
75701134
73942483
7507669134
75696909
7298677443
7373949563
7443857124
7583211277
77815106
74393021
74248216
74063539
73966007
73927091
73812307
73644250
73466184
73333741
7444774749
7593461275
7376387904
7524300071
7303047883
73378386
73086340
78458206
74032510
77294383
74407066
75110285
73502576
73360911
79158062
7517931069
7594787374
7451695815
7379594016
7305191298
73755187
78116375
73665057
72948013
75367998
73129844
73268640
73660787
78709502
75850214
7527798852
7598594873
7395704109
7323396545
7467562359
77208359
76507878
74013673
74163214
74505892
75884806
73935362
73165806
74207699
75620632
7612493869
7409017570
7552670505
74209488
7489965375
7351819068
77103820
77299533
73584136
73666908
73865803
73492953
78417920
88542869
73247882
88727445
7626379954
7414806966
7559800128
7487958899
7350709606
74267656
77911954
72987144
74428782
73831177
78183764
75043956
72989117
76500610
74329949
7558473252
7490566753
7640363878
7359039877
7425411073
74027110
73380130
73981291
73362976
73825729
72886447
73795434
73395153
73770438
74173770
77294509
7586925900
7655354857
7446483824
7518453726
7381211487
74738051
75909296
76478954
78056340
76543022
73408910
76821190
73585624
76098638
77687063
7669883536
7462762819
7536353009
7607180488
7399095611
73901651
72976889
77126602
73087426
74482637
73077931
73554273
73561433
73890873
72701027
72793887
7624516570
7694987976
7556702293
7410679836
7488769436
73897872
74151451
72921145
73868620
73733315
73774004
75908769
73744226
72969769
73456853
7420522285
7496687081
7640806657
7706866906
7571319419
77791211
74072936
76048330
74114981
73938101
73815759
73011732
73764022
75021162
73994630
79714854
7415944189
7488078268
7657431890
7728829625
7559658650
78241529
75811607
75055316
73222969
73512205
77518582
74896125
76867318
73171484
73497207
7568909697
7497162091
7638224337
7710181888
7427189028
73593188
73575409
72479990
73747033
74055137
73242876
73259378
77546747
74436321
72644469
7511702992
7585674346
7721615411
7450600722
7660970238
74092718
74154835
73880437
73063108
74776116
73156123
74162599
75838768
73590219
73811701
7672002292
7747259392
74503583
7608417028
7468867617
7537546316
74369087
75974695
73831030
77012681
74124223
74102074
76976284
73185065
73729061
72839229
7772432659
7630132432
7562727449
7700545001
7495726281
74554671
97532702
82472335
73058483
73977287
72859676
73083464
72831698
74526951
73483421
7791554387
7721253378
7506353678
7657396320
76562885
7580825174
76450152
77958956
77014671
73518991
72734125
73529329
74202374
73980298
73449987
73867666
7517492588
7728712529
7802282429
7589487231
7665845238
77313402
73246763
72768463
73939636
81007150
73280210
76139488
77289166
76951723
74006065
7805302574
7524067999
7604779444
7670919075
7743713251
73579569
74353838
72887139
78183284
72745072
73872701
73233080
73061526
73660221
76687237
77967086
7684303087
7828389280
7545745821
7613352663
7757676639
73128148
77350827
76019206
72941806
76177717
73016008
73865700
72858150
76827938
72529496
7708611022
7852252405
7786467318
74294058
7649386522
7581405962
73263293
74171986
72769546
73440875
73977709
73183559
74007082
73716031
72871790
77339727
7869686027
7667679641
7737412156
7806709281
7603416989
72728916
73570119
73135670
73150106
95129437
75842201
81767134
75135558
77562436
75991241
7823576726
7751559582
7898743911
7609447711
7682939140
73826663
74001116
74045553
73771477
73464750
74241318
75820385
74184952
73938708
73757273
7907736343
79763151
7697993805
7770881625
7841408088
7628243915
74450302
77356324
73898178
73432140
75821165
73495625
89882087
73861277
82455835
73281345
7848642283
7777514702
7629671894
7927336383
7705286990
80162476
73101884
73368620
74027138
72994815
77411340
73379849
73908975
72881932
77393362
75490929
7775347133
7705387946
7630967180
7923126488
7848466512
73615926
73122123
73819943
73117551
74799826
76716090
76578917
75291142
73804324
74088584
7696998883
7766782820
7931060692
7838664004
7628937608
74537950
74160767
74436290
77945689
73274928
73467990
74052819
73427416
73880254
74995086
7769210010
7634027332
7703516981
7922651904
7848973750
73596248
73186512
80921762
74137536
74297543
73367514
73538516
73380174
75100616
73041793
7699160420
7922857099
7782547833
7854301168
7645314602
74105916
76921009
73591821
73346439
73942980
73791651
74298078
73713961
75607747
72704569
7855833246
7928866466
7790994420
7648867499
7719644368
76550008
78390838
76723755
72544146
74455624
72582052
73783478
72449935
73601723
73498957
77748369
7655675485
7937420685
7803898883
7877008098
73116661
7736415756
77568980
73311661
76459570
73580660
73727298
73635493
74115603
73234617
74741281
72781846
7960036359
7748916290
7819689457
7892800984
7681206418
73463393
73546442
74970980
74532446
74311038
73448652
74395035
74541286
74003838
74163034
7886565324
7965147187
7690887178
7761931299
7837601947
73929749
78087783
74159902
73056231
74557974
73371704
74146337
73560505
74177756
73655449
7963936701
7892601930
7814006092
7672144220
7750196395
74146715
74640137
74651716
74143262
74805342
73730060
73968019
72952219
73983707
73123394
7889747757
7959566100
7755242367
7683278161
7825725889
73268980
77670060
74479098
74140225
73673165
76219731
74205073
78766337
73673402
75627999
7890762101
7967670324
7750787084
7824894358
7686843319
73920014
79810982
86683969
74791287
77364460
78367699
73526012
73980560
73488411
73372252
7973358969
7899986882
7762507342
7832717599
7696190369
78269413
74625681
75914037
73882987
77523608
77165246
76193844
74253349
73283642
73894361
7986236653
7914023805
7846590795
7778577770
7710759810
75223430
74514022
73970523
76015463
77445154
75112502
73670924
73863948
73531637
73649107
75169885
8023528460
7746365819
7955628059
7888201048
7814739581
74321593
75067976
77874473
73554177
74400485
73681710
74599614
73863495
73417983
73530755
7957109849
8030223833
7896428976
7828352339
7760902010
74192778
77463757
74181255
73324378
76583010
72742410
76480032
73283677
74083932
74382973
8043003863
7836076769
7908433872
7765585857
7977828573
77512320
78417724
73353955
73333513
74199511
72688918
75203156
73773642
73148806
73099744
78883088
7974173996
8052422701
7905260044
7841419575
7774841002
75612447
74194919
73842440
73809685
73566431
73976046
74214985
76909093
74090865
74968023
8061167208
7993815437
7853747201
7930058267
7789749810
74215242
73856989
73078372
74231635
74026973
78204238
73536746
73821168
77866891
73416908
73066091
7936741633
8081674359
8008978974
7869936765
7806367838
73612566
77372018
74890093
73046702
75214787
74063247
74230342
73428435
83918688
74533651
8023224772
7893536523
7962239733
7825226825
8099222860
80742503
73678882
76439995
73598584
74709286
74602841
73715692
73323242
75120151
73651111
75011626
7911389130
8120124772
7985000430
8054063366
7844542816
74502072
75795679
73813632
73994739
78593925
75016517
76703476
74142554
77039492
73997742
7992745619
8068207682
7857836577
8148742136
7935362318
73479318
73822159
73586059
78111128
74394045
74524832
73965874
73953414
74147185
77530081
7936916930
8152044989
8080416015
8012214313
7875867735
73836985
74410201
73877456
73662918
73846428
75378696
73918727
74793565
74837409
74683179
8171915848
8100128593
7963630844
8028442548
7897792084
75855941
74084916
81060541
73254121
79768694
74122430
73429335
73662986
74234553
74264984
73076815
8181187601
8109700602
7966495085
73889701
7892269204
8038065091
74648439
78923001
74401179
79046468
75831757
77690228
73669794
74304192
73757812
73172793
7967242929
8110988269
8188442844
7909694611
8056025504
73264228
73773409
73252627
73442602
75070468
73662138
74375347
74566341
73653470
74409858
8195151372
8127030174
8059503222
7990957805
7929967804
79244156
73104737
73287806
73802881
73986887
74227965
75075666
76518953
73168969
78041005
8144076877
8005369381
8216902622
7937590797
79085937
8086264566
73540143
77260538
74271581
73278584
74695045
75148291
73873578
76032162
73709075
73286371
8168333047
8239115400
8032336446
8103331801
7966190760
73147238
73204768
74407267
76482782
74500853
74042123
73132886
77814130
73055709
74002705
8197202605
8266683375
8058270079
78317267
8130729790
7987192853
81256276
83956520
73112176
71957159
74517669
77840417
73693054
75000887
73248518
73599765
7993148402
8280413058
8064714352
8206549937
8138522194
73462689
73268498
73047190
73597647
76593810
74406063
74746030
74002111
73314611
74250133
8085467831
8225678959
8013620801
8156686915
8301959250
77171893
74597686
76471987
83318593
89911577
77328262
80931370
73442353
73370122
72973506
8233093444
8312250767
8023169324
8092718463
8167576290
76059265
76442255
75603167
73224781
77929829
73335596
75334376
73486148
73825480
76826806
73342827
8161964899
8096188801
8315210484
8017272385
8246157706
73011111
74137382
72984701
74652101
72872074
74660654
74234460
74513428
75200688
73208392
8239132247
8098588726
8316268494
8028376248
8169829987
77815140
74184098
72774494
74694902
74408740
74220000
72692900
75166602
76137957
76736838
8249006558
8322135350
8110571481
8184353769
8042501841
76864719
77359399
73065187
74060314
73063393
73474208
74038526
73801305
72485637
74572568
8333846067
8268414978
8058599881
8133301594
8204414389
76386459
73376858
84184996
73037051
77969368
73829830
73195022
73930615
73429758
73451297
74175415
8337629223
8199279334
8273296924
8132267155
8061823271
74295321
73462261
74053934
73329526
76064736
73736097
74152902
72609322
77463503
73751444
8354278827
8081382040
8287734788
8154438468
8224008378
76022717
75514158
74122538
72872967
76834061
73497221
74243369
73681317
73725152
8382060417
8107458578
8314401766
8174239995
8245947436
82005725
72601631
74712965
79537488
85507237
74423510
79926578
73809959
72964726
74511446
74013710
8398304536
8260009219
8330329811
8194679140
8120481231
74205074
74151222
74081973
74195113
77569953
73542849
73517116
73244484
77240906
74389688
8125201039
8412443649
8346063423
8203477849
8273987577
73015549
72938408
73474140
73402562
73545566
72978429
75704079
72357530
73959827
74306885
8356347812
8430114524
8288152933
8144543731
8215196340
73833600
73969721
73498687
78157476
74194751
73043155
75172700
73835283
74766839
74975241
8424639092
8210057073
8358833800
8285932804
73787130
8148885631
72464945
77856839
72812322
73651419
73862250
74311466
73823364
74164228
73275625
74431122
8146982166
8432252640
8293328464
8365282497
8222109640
73092215
74175761
73661874
72944455
72651685
74307778
74276784
73415436
73412736
73915360
8226649734
8430198742
8302556054
8372983250
80524501
8169891061
73911491
74553449
73688207
73217753
73145138
73538540
72635315
73365955
77284846
73224115
8388729742
8470056247
8266143115
8198418965
8332971623
74204516
72270173
76351187
73127136
74512083
74760782
72887851
74283729
72530418
75557261
8490588852
8427766686
8279919899
8356062811
8212899295
74303283
77307478
72823044
74081259
73405417
73015650
73708725
73159858
74240752
76425969
76755200
8301404956
8439206806
8373431220
8509403533
8236384247
72149725
73048986
73201486
74752127
73723381
72563849
74074365
77092978
73790080
75513849
74795386
8459360404
8251426087
8391738370
8533989576
8325561233
72326508
76881659
73246984
73179527
72543056
73490771
73491656
73899468
73653409
73826536
8477365161
8337504811
8264422085
8409183644
8552085332
73972026
73169075
74036519
78427900
72722086
82235494
73087531
74215737
75848176
73169996
8549315396
8410986977
8343051694
8271696065
8486356789
74638391
77878792
72650996
73680516
77747454
73139667
73382904
73265832
73573412
73951525
8274322890
8553078206
8484476964
8413922789
8347510026
76089691
73957781
73263753
73292482
73641835
74098877
74149834
73960127
77965863
74143870
8416584621
8572828241
8350113920
8278317862
79168116
8498296414
78745641
73906648
124478630
73299523
112587923
73872809
96042732
83152581
74457134
73721770
8433077180
74550704
8296791636
8572703482
8363106573
8509808937
73682312
86602114
72723736
74827494
76603817
72696255
74257856
73360386
73162685
73846554
8583034538
8517093111
8445437912
8306304897
8382275001
75590416
73469557
73104147
72667647
72931736
73543863
73776676
77694165
74664580
73085676
8596032768
8454357515
8525269211
8342001313
8408354813
76375788
72865849
73316819
76105285
73327400
73177056
73343571
73528543
74522541
78739432
8624192021
8413462889
8557012699
8490620684
8351433769
73096451
73666359
73136082
71755846
74819543
73155360
74023822
73201439
72719914
73452266
8559747347
8343961748
8494453933
8423884881
8639596668
72407121
75589186
73718466
74322575
73473621
73996325
76477315
73520086
77677774
72654808
8634053475
8568222529
8496937673
8358038700
73649714
8433170318
72917524
76621780
73587412
72818105
73039143
75545349
77627091
74017698
73218026
73554334
8573288397
8645175658
8371041675
8512940678
8442883523
72533932
74552539
73478749
74375556
72824059
75874050
73762252
72951372
74585136
74293644
8657398405
8452939498
8592509969
8374085958
8527049193
77507286
74510385
75149490
74296735
74861672
78493771
73875134
76638712
74112352
72304044
8662254030
8498088826
8569627325
8592731464
8431733574
80350598
82910053
75340744
74652176
73009768
73877268
75363843
72536025
72037663
72357878
72599049
8714594216
8528285872
8670360083
8602522510
8461667176
74939993
73574272
73419126
72283697
73366065
73119489
121837223
74037719
161063373
8618092528
8770846272
73791916
8487018726
8704271048
8560135961
154674666
77479528
141544629
118503262
74480277
102278228
74368806
87082585
78095337
80957464
73521456
8621209789
8766905756
8483230468
8695362231
8553087109
73376093
73358615
74560142
73431025
73182544
73858476
74276365
73693998
75023115
73316962
8701648499
8564831549
8634628486
8499149261
8777679705
74075014
73264913
74882045
73394173
72229730
75143916
74730091
73708802
74000346
78439278
8788673921
75599732
8645619798
8579798563
8510098972
8714424384
72609067
75067680
73893690
73490730
73077467
73993915
73213328
73789677
72871804
77980025
8790693638
8654602067
8724412132
8522295489
8592948324
73199224
77461256
74743177
73962726
73451365
73079148
74477548
74055314
73156692
75706592
8806922276
8666169308
8603322342
8533482394
8744051588
72906867
73885706
73433632
74687778
72648618
74520738
73792057
73955202
72593438
73540563
8679216216
8745367536
8613659725
8826167188
8548771968
75831182
73345561
73505141
73702464
73818961
75196238
73564752
77830140
71593223
74276370
8618409848
8693506613
8767966044
78181061
8558526326
8839171521
73034272
91124523
75464808
81022659
75451234
73008970
74489701
72667568
73578172
73910127
8845993761
8783193438
8709310270
8643495294
8575294705
74561038
74404967
73937539
72338949
74002153
77293323
74154223
73533248
73466101
73220347
8793984627
8724592219
73527256
8653373030
8586770263
8868708069
72693571
77377601
73067158
77754358
73006412
73478814
72619719
74278847
71437333
73892606
8863602046
8730771267
8800620452
8591439861
8663140891
72459092
72814591
74488511
73075333
73638823
74578687
71857228
74152037
72953710
77548357
8741262688
8602335579
8885876015
8672568847
8820251127
74199173
74384230
77191136
74169818
74203702
74439116
73970460
75607384
73423519
76469382
8665663547
8888866506
8600527685
8744876724
8820910705
72919134
77499020
71779473
74528721
77578635
73492429
73843501
77090925
76505955
74505856
8813486263
8747995432
8890229415
8610623763
8680425197
71222423
108769860
73644975
141096253
72959658
122334680
73334440
101789639
85252890
71112433
8693316493
8766754100
8836374554
8628896262
8903811396
77392890
76607924
74109303
72050620
74127170
72277300
74589430
73571230
74593910
73132341
8837135330
8698083927
8626659658
8915863529
8773419636
78336874
72035872
75309680
70999949
74194594
72812324
75988335
73177447
74253202
71741677
74112592
8614861461
8918761684
8702049501
8849047569
8780055683
75264262
74751899
73620935
74106453
73468964
76346142
73847178
73389953
77695332
74112669
8624368158
8904626407
8706006649
8847214069
72369441
8788333080
74767558
72130483
74195435
72402799
73389553
72839203
77884546
72757356
72950969
8920530101
75128578
8790858052
8859100042
8723707025
8655829629
76236297
74553306
73622513
72881066
74265895
72670706
73128339
73070208
74352362
8935291748
74666480
8731657500
8870644831
8800023779
8667194287
80972623
74975586
87135209
75438410
74132306
77390201
73961490
104081861
74559469
8952240826
128692778
8882794566
8815798857
8748496484
8675354669
113185879
74124268
88418563
73989562
85633585
84579903
74217433
73577813
73386456
72890393
8957470049
8888893746
8820020045
8745331086
8675036996
74482321
72570007
74433757
77417289
76506103
74272730
74148967
73114087
74283621
74075431
8962737093
8900249491
8826266417
76413189
8755513378
8685113040
72455514
81875657
77173678
73587279
72986921
73871006
72482685
74766882
72861031
73891617
8971860727
8905955597
8766723388
8838982822
8696968957
72459978
73537034
73796167
76150449
73275454
74699970
74136935
74540610
73465033
73610480
8995501588
8793020203
8930815716
8727755612
8868248628
77762129
74388209
78222301
73135043
71058043
73623378
73876203
73694741
73419456
73771155
9001554159
8868828068
8799473511
8944161335
8729369152
81000998
74517788
73274144
73908940
72646551
74014083
73951786
74599988
81992264
78480933
9008911023
8871101515
8942473853
8729405857
86983521
8808071049
75503451
77002395
73851445
72961563
74099157
72784661
73703017
73192702
74189621
72049221
9014788343
8812766037
8952308170
8749359278
8891335438
73882097
73466237
72952845
74556423
74497678
72624147
73060957
73604802
72905388
71709804
9035950065
8901552476
8970787012
8761426134
8833370996
72078325
72703473
72206523
72721475
72873697
73325718
72846964
74137827
72619049
72368487
8914947591
8777131081
8847584937
8990283685
9056838323
75836141
73802254
74999591
73050475
72758188
72669497
73267581
72396256
72376655
71752646
8852217205
74945092
9002839543
9069855908
8794224080
8938126565
73950292
76141481
73592918
74349162
73316749
77440094
76765435
73807586
74596603
78502823
9024058314
8887628398
9098326597
75023008
8819756064
8960761461
76963658
78309806
73715266
72296725
73836365
72729930
73586206
72788325
73664164
72663298
9037096282
9106751868
8897547574
8970165609
8829452986
73458929
74336068
72939630
73050629
74473609
72318052
72682387
72570774
74290738
77732863
9053098630
9122207689
8910053207
8991892814
8844746177
73339201
72123901
73603400
77019958
75980960
72364003
73622900
73158422
73501201
71599716
8992547315
9066341945
9141186772
8864796690
8932655987
73478249
72935076
74158755
73548419
73394204
72124545
74326509
72731891
72653235
71477810
74442053
9164496766
9028666242
9100225752
8889952788
8966855811
72816517
72778587
72150699
72395252
72235653
74707603
75481783
74104579
73137643
73686539
8889443428
79719584
9107528411
9183743136
9033185752
8967124544
72852892
73904373
73289813
73516126
75058492
74205199
73511948
73197485
79153236
9187361250
8968045757
9110402462
76835120
8896571662
9039409719
73117791
72666742
73055253
73437963
73576549
73330593
73271774
73629323
74562994
9175502407
8923242579
9062036688
8995459936
8853480468
73587284
73456355
73412596
73643165
73357009
73348601
73586304
74262739
72827962
72971940
9135223739
9061654381
8854416874
8998427442
8929139688
74752910
73122714
72736948
74175689
72865996
74378171
76499834
80233563
73052907
72799642
9137160545
9070831252
9002923472
8862716472
8934618024
79215842
72998812
72161153
74737826
79986675
72159150
73297701
73121450
73306730
72643744
9148400655
9076929191
9008402449
8937223838
8870104928
73701995
73332214
76420814
73051479
73383974
77669906
73384147
73275282
73149425
73754522
9155903099
9085156529
8945801603
8878160806
9021971961
75596671
72814339
74953701
73104939
80879053
78194247
73140733
73138003
72755088
73163077
73948479
9165061501
9027362421
9101620324
8956602990
8888498041
72698280
72892160
73527345
73364593
72672584
76238215
73535235
74512075
73550749
74506177
8942229408
78032723
9089217993
9183083886
8872952041
9017171275
73395864
77776656
76082935
71243282
72841182
71649283
73353563
70135557
72934532
71891009
9158383485
9086198169
9018641496
8942117275
8871971528
77823333
72430913
75051364
72318685
74719471
74109664
74389905
73843769
73898714
72981739
9161416251
8951829812
9094980476
9023624140
8885844937
77090708
76283208
73605832
71627663
73489632
72320305
74449873
73664707
76937747
73815690
9022030512
9100386575
9171424934
8888597517
8960696843
74390037
76965216
72718680
76567070
73930455
73205344
76653570
74210989
73530414
73329019
9106571986
9038392250
9179951265
8897262744
8965885068
78012835
73095029
74965889
73489642
74055097
71284259
76323232
75000471
74806287
72834313
9184953528
78227343
9047701114
8906336582
9122682653
8982249530
73278597
73523169
73462831
75004986
72580050
73345853
76820758
73730523
78005587
72829756
9103706317
9182835967
8967705172
9040171441
8899076353
72581152
73804008
72609921
72813159
72126127
72837680
72985317
79013901
73685143
73426948
9162277889
9016850086
8877349641
8949452180
9092993257
82986885
74237011
73961480
78620163
73332895
73541516
73501515
74167176
73639940
74449307
73221613
9019869773
8883288832
9097052438
8955834266
9171550715
73944385
72202892
75004374
72454383
73923273
76621264
74462414
73138564
74865578
75307088
9170822559
9099168137
8967418716
9036150868
8897343718
76326256
72082760
73339228
71320750
78049519
74770397
73094311
72872481
73728798
73006224
9185895529
8896850172
8972302807
9044106810
9124564026
73519632
70768422
72927229
70787424
73751952
72323303
72780967
73929027
73199737
94172262
9045145672
9187414216
8977723140
9119010731
8911569799
74664457
80484526
73213279
78646531
76745526
74918973
72847668
77568462
104852816
9050381675
8909105608
8976619888
9194796434
9127160609
123771929
76964511
102097351
77573697
82756039
77061413
73669914
74747974
76019221
74152784
74146282
8920156970
9061860020
8994084747
9136194178
9209233942
73707571
73813570
72823571
76810650
73898397
74314502
74846751
74693599
72503643
75412055
8924737418
8995946762
9215630594
9067576755
9143568869
76156463
74330329
73469042
74797556
72444481
74588981
72184083
74434367
73694623
75046782
9213663612
9144718868
9004472212
8938801087
9080108308
76494407
75846159
72646590
74722593
73017932
73312231
73058394
75261431
72174989
74137500
76207593
9089714994
9225819584
9157623144
8951107376
9023019135
73812552
76069701
73632671
73416421
75195517
73723604
73952775
77810495
74057945
75778729
9227368292
9045332285
8979526164
9167067183
9096488333
76913468
74433089
75453110
106393925
74619652
134574227
109413982
78903242
87971108
74118205
9268308078
9066709580
9207253340
9137656442
8991386507
78618917
75402857
73788123
74158307
73498792
74186995
73191280
73620176
73974544
74343682
73638653
9273847969
8989323769
9139762632
9065676128
9211840107
76793054
75590401
74471811
73587027
74272199
77109140
75777722
73086507
75708342
73208111
9208960483
9002558369
9282875023
9072928000
9142079212
74741035
74094556
74278856
72652255
79502755
73728811
75142573
72469805
73237489
73698671
9289847416
8984438631
9148190859
9074943878
9221734572
74427041
72787214
74899675
75066408
73612910
73696991
74600606
72834517
74661255
73494653
9277358635
9205210852
9139599969
9068545651
8995740766
73841390
73793846
72917661
76973263
74550639
73082543
73459463
73093027
74605584
72919612
9149412672
9289292559
9221215098
9085530984
9017400206
74843000
73759051
77783395
73642797
78647173
73260655
72757793
76734920
75053461
74928059
9332131310
9266216122
9193762380
9124715636
81067652
9053998227
77230115
85518214
74115344
73445155
85706880
82716246
89354050
85655603
75132796
72107750
9194093600
9124276744
9333700363
9268466960
9057125045
73335759
73240822
73442140
73106701
75517502
71895623
79620150
72440715
76829641
72829056
9347512638
9135172269
9065288988
9282915205
9209158514
75321600
72556227
76938804
73136518
73415435
73193464
73451455
73552022
72396422
71075489
9287480771
9359687201
9085072447
9220350754
9152933882
73317522
72078365
74203239
75689992
74522396
73003397
77118813
78124131
73588966
73427592
9232583853
9372556468
9303381783
9097945590
9166365211
76255200
73746194
73259595
73809102
73680222
73401244
77712710
74247194
73425237
73324953
9250682321
9112737121
9392152699
75964201
9326503116
9186495728
78398573
74488098
73282248
73504832
73831491
73822940
73102576
74656131
73805290
73102738
9403120865
9119638906
9259380497
9333435035
9192190479
74427646
80868974
72553781
73092782
72847860
74932251
75549027
9264456144
9407177984
9337759973
9132725056
9201413185
9355153030
9423484770
9220548515
9290890704
9149520165
9376726328
9304623226
9234905042
9164855775
9451722411
9384461977
9175738432
9457137789
9310195717
9244621056
9249973923
9458354178
9391969571
9183853356
9324415916
9392858528
9465588641
9325912017
9253444343
9187933038
9471526573
9264113667
9407491323
9335247555
9187749505
9406171314
9185213308
9475265976
9258688840
9337460513
9463974332
9254366136
9328542414
9407441590
9194562940
9405149612
9266746340
9477551381
9203428148
9342912983
9283824582
9423298294
9496103545
9356941662
9214909134
9358443178
9431134194
9294241418
9503051790
9223809203
9367395886
9508495884
9225022738
9440479898
9302295897
9375281713
9520771258
9447248626
9311294728
9245474205
9441014385
9527538156
9385405813
9242612435
9316701196
9527814135
9249560578
9467917739
9401345915
9331698797
9389145833
9469008481
9538786490
9254723385
9325543339
9396439008
9543400914
9470052354
9331057034
9262398590
9547112780
9404455395
9337523258
9474531332
9265705786
9431941072
9550654786
9480723096
9361410164
9242151646
9295142208
9224513179
9518915262
9443265704
9369778686
9361084263
9440795401
9301776967
9516004877
9238112643
9513774940
9440462173
9309592854
9238082715
9382445224
9517504438
9450118703
9246452977
9316257742
9383742695
9535458194
9323145405
9253250077
9397363209
9473700018
9323589441
9541405075
9256899944
9397142126
9475831262
